[ 2018-05-15T08:43:59+08:00 ] 127.0.0.1 /
INFO: [ app_init ] --START--
INFO: Run Behavior\BuildLiteBehavior [ RunTime:0.000014s ]
INFO: Run Common\Behavior\InitHookBehavior [ RunTime:0.002844s ]
INFO: [ app_init ] --END-- [ RunTime:0.003193s ]
SQL: SHOW COLUMNS FROM `sys_config` [ RunTime:0.0473s ]
SQL: SELECT `type`,`name`,`value` FROM `sys_config` WHERE `status` = 1  [ RunTime:0.0011s ]
INFO: [ app_begin ] --START--
INFO: Run Behavior\ReadHtmlCacheBehavior [ RunTime:0.000915s ]
INFO: [ app_begin ] --END-- [ RunTime:0.001015s ]
SQL: SHOW COLUMNS FROM `tab_apply_union` [ RunTime:0.0156s ]
SQL: SELECT `union_id`,`union_account`,`status`,`apply_domain_type`,`domain_url`,`union_set` FROM `tab_apply_union` WHERE `domain_url` IN ('www.local.uuhuyv.com','http://www.local.uuhuyv.com','https://www.local.uuhuyv.com') LIMIT 1   [ RunTime:0.0005s ]
SQL: SELECT `type`,`name`,`value` FROM `sys_config` WHERE `status` = 1  [ RunTime:0.0009s ]
SQL: SHOW COLUMNS FROM `tab_game` [ RunTime:0.0165s ]
SQL: SELECT * FROM `tab_game` WHERE `game_status` = 1 AND `recommend_status` = 1 ORDER BY sort desc,id DESC  [ RunTime:0.0008s ]
SQL: SHOW COLUMNS FROM `sys_category` [ RunTime:0.0241s ]
SQL: SELECT * FROM `sys_category` WHERE `name` IN ('tui_gg') AND `status` = 1  [ RunTime:0.0008s ]
SQL: SHOW COLUMNS FROM `sys_document` [ RunTime:0.0182s ]
SQL: SELECT * FROM `sys_document` WHERE `category_id` IN ('83') AND `status` = 1 AND `create_time` <= 1526345039 AND `deadline` NOT BETWEEN 1 AND 1526345039 ORDER BY update_time desc  [ RunTime:0.0138s ]
SQL: SELECT * FROM `sys_category` WHERE `name` IN ('tui_zx') AND `status` = 1  [ RunTime:0.0006s ]
SQL: SELECT * FROM `sys_document` WHERE `category_id` IN ('82') AND `status` = 1 AND `create_time` <= 1526345039 AND `deadline` NOT BETWEEN 1 AND 1526345039 ORDER BY update_time desc  [ RunTime:0.0013s ]
SQL: SHOW COLUMNS FROM `tab_adv` [ RunTime:0.0134s ]
SQL: SELECT tab_adv.*,tab_adv_pos.name FROM `tab_adv` INNER JOIN tab_adv_pos on tab_adv.pos_id = tab_adv_pos.id  WHERE tab_adv.status = 1 AND tab_adv_pos.name = 'index_gg' AND ( `start_time` < 1526345039 OR `start_time` = 0 ) AND ( `end_time` > 1526345039 OR `end_time` = 0 )  [ RunTime:0.0074s ]
SQL: SELECT tab_adv.*,tab_adv_pos.name FROM `tab_adv` INNER JOIN tab_adv_pos on tab_adv.pos_id = tab_adv_pos.id  WHERE tab_adv.status = 1 AND tab_adv_pos.name = 'index_zx' AND ( `start_time` < 1526345039 OR `start_time` = 0 ) AND ( `end_time` > 1526345039 OR `end_time` = 0 )  [ RunTime:0.0007s ]
INFO: [ view_parse ] --START--
INFO: [ template_filter ] --START--
INFO: Run Behavior\ContentReplaceBehavior [ RunTime:0.000395s ]
INFO: [ template_filter ] --END-- [ RunTime:0.000480s ]
NOTIC: [8] Use of undefined constant index - assumed 'index' D:\phpStudy\PHPTutorial\WWW\UUhuyv\Runtime\Cache\Home\769e70f2e46f34ceb60619bbda5e4691.php 第 11 行.
NOTIC: [8] Use of undefined constant Index - assumed 'Index' D:\phpStudy\PHPTutorial\WWW\UUhuyv\Runtime\Cache\Home\769e70f2e46f34ceb60619bbda5e4691.php 第 11 行.
NOTIC: [2] Illegal string offset 'game_name' D:\phpStudy\PHPTutorial\WWW\UUhuyv\Application\Common\Common\extend.php 第 208 行.
NOTIC: [8] Uninitialized string offset: 0 D:\phpStudy\PHPTutorial\WWW\UUhuyv\Application\Common\Common\extend.php 第 208 行.
NOTIC: [2] Illegal string offset 'title' D:\phpStudy\PHPTutorial\WWW\UUhuyv\Application\Common\Common\extend.php 第 208 行.
NOTIC: [8] Uninitialized string offset: 0 D:\phpStudy\PHPTutorial\WWW\UUhuyv\Application\Common\Common\extend.php 第 208 行.
NOTIC: [2] Illegal string offset 'giftbag_name' D:\phpStudy\PHPTutorial\WWW\UUhuyv\Application\Common\Common\extend.php 第 208 行.
NOTIC: [8] Uninitialized string offset: 0 D:\phpStudy\PHPTutorial\WWW\UUhuyv\Application\Common\Common\extend.php 第 208 行.
NOTIC: [2] Illegal string offset 'game_type_name' D:\phpStudy\PHPTutorial\WWW\UUhuyv\Application\Common\Common\extend.php 第 208 行.
NOTIC: [8] Uninitialized string offset: 0 D:\phpStudy\PHPTutorial\WWW\UUhuyv\Application\Common\Common\extend.php 第 208 行.
NOTIC: [2] Illegal string offset 'good_name' D:\phpStudy\PHPTutorial\WWW\UUhuyv\Application\Common\Common\extend.php 第 208 行.
NOTIC: [8] Uninitialized string offset: 0 D:\phpStudy\PHPTutorial\WWW\UUhuyv\Application\Common\Common\extend.php 第 208 行.
SQL: SHOW COLUMNS FROM `sys_picture` [ RunTime:0.1163s ]
SQL: SELECT * FROM `sys_picture` WHERE `status` = 1 AND `id` = 61 LIMIT 1   [ RunTime:0.0008s ]
SQL: SHOW COLUMNS FROM `tab_tool` [ RunTime:0.1180s ]
SQL: SELECT * FROM `tab_tool` WHERE `name` = 'oss_storage' LIMIT 1   [ RunTime:0.0010s ]
SQL: SELECT * FROM `tab_tool` WHERE `name` = 'qiniu_storage' LIMIT 1   [ RunTime:0.0010s ]
SQL: SELECT * FROM `sys_picture` WHERE `status` = 1 AND `id` = 377 LIMIT 1   [ RunTime:0.0009s ]
SQL: SELECT * FROM `tab_tool` WHERE `name` = 'oss_storage' LIMIT 1   [ RunTime:0.0009s ]
SQL: SELECT * FROM `tab_tool` WHERE `name` = 'qiniu_storage' LIMIT 1   [ RunTime:0.0008s ]
SQL: SHOW COLUMNS FROM `sys_channel` [ RunTime:0.0549s ]
SQL: SELECT `id`,`pid`,`title`,`url`,`sort`,`create_time`,`update_time`,`status`,`target` FROM `sys_channel` WHERE ( status=1 ) ORDER BY sort asc  [ RunTime:0.0014s ]
NOTIC: [8] Undefined index: home_account D:\phpStudy\PHPTutorial\WWW\UUhuyv\Runtime\Cache\Home\769e70f2e46f34ceb60619bbda5e4691.php 第 72 行.
NOTIC: [8] Undefined index: home_pas D:\phpStudy\PHPTutorial\WWW\UUhuyv\Runtime\Cache\Home\769e70f2e46f34ceb60619bbda5e4691.php 第 80 行.
INFO: Run Behavior\ParseTemplateBehavior [ RunTime:0.335358s ]
INFO: [ view_parse ] --END-- [ RunTime:0.335477s ]
INFO: [ view_filter ] --START--
INFO: Run Behavior\WriteHtmlCacheBehavior [ RunTime:0.001281s ]
INFO: [ view_filter ] --END-- [ RunTime:0.001396s ]
INFO: [ app_end ] --START--
INFO: Run Behavior\ShowPageTraceBehavior [ RunTime:0.002059s ]
INFO: [ app_end ] --END-- [ RunTime:0.002228s ]

[ 2018-05-15T08:44:00+08:00 ] 127.0.0.1 /index.php?s=/Home/Index/verify
INFO: [ app_init ] --START--
INFO: Run Behavior\BuildLiteBehavior [ RunTime:0.000014s ]
INFO: Run Common\Behavior\InitHookBehavior [ RunTime:0.002140s ]
INFO: [ app_init ] --END-- [ RunTime:0.002243s ]
SQL: SHOW COLUMNS FROM `sys_config` [ RunTime:0.0036s ]
SQL: SELECT `type`,`name`,`value` FROM `sys_config` WHERE `status` = 1  [ RunTime:0.0006s ]
INFO: [ app_begin ] --START--
INFO: Run Behavior\ReadHtmlCacheBehavior [ RunTime:0.000504s ]
INFO: [ app_begin ] --END-- [ RunTime:0.000555s ]
SQL: SHOW COLUMNS FROM `tab_apply_union` [ RunTime:0.0039s ]
SQL: SELECT `union_id`,`union_account`,`status`,`apply_domain_type`,`domain_url`,`union_set` FROM `tab_apply_union` WHERE `domain_url` IN ('www.local.uuhuyv.com','http://www.local.uuhuyv.com','https://www.local.uuhuyv.com') LIMIT 1   [ RunTime:0.0003s ]
SQL: SELECT `type`,`name`,`value` FROM `sys_config` WHERE `status` = 1  [ RunTime:0.0005s ]
INFO: [ app_end ] --START--
INFO: Run Behavior\ShowPageTraceBehavior [ RunTime:0.001270s ]
INFO: [ app_end ] --END-- [ RunTime:0.001404s ]

[ 2018-05-15T08:44:11+08:00 ] 127.0.0.1 /index.php?s=/Home/Index/verify
INFO: [ app_init ] --START--
INFO: Run Behavior\BuildLiteBehavior [ RunTime:0.000011s ]
INFO: Run Common\Behavior\InitHookBehavior [ RunTime:0.001371s ]
INFO: [ app_init ] --END-- [ RunTime:0.001442s ]
SQL: SHOW COLUMNS FROM `sys_config` [ RunTime:0.0041s ]
SQL: SELECT `type`,`name`,`value` FROM `sys_config` WHERE `status` = 1  [ RunTime:0.0007s ]
INFO: [ app_begin ] --START--
INFO: Run Behavior\ReadHtmlCacheBehavior [ RunTime:0.000481s ]
INFO: [ app_begin ] --END-- [ RunTime:0.000547s ]
SQL: SHOW COLUMNS FROM `tab_apply_union` [ RunTime:0.0040s ]
SQL: SELECT `union_id`,`union_account`,`status`,`apply_domain_type`,`domain_url`,`union_set` FROM `tab_apply_union` WHERE `domain_url` IN ('www.local.uuhuyv.com','http://www.local.uuhuyv.com','https://www.local.uuhuyv.com') LIMIT 1   [ RunTime:0.0003s ]
SQL: SELECT `type`,`name`,`value` FROM `sys_config` WHERE `status` = 1  [ RunTime:0.0006s ]
INFO: [ app_end ] --START--
INFO: Run Behavior\ShowPageTraceBehavior [ RunTime:0.000490s ]
INFO: [ app_end ] --END-- [ RunTime:0.000543s ]

[ 2018-05-15T09:59:09+08:00 ] 127.0.0.1 /
INFO: [ app_init ] --START--
INFO: Run Behavior\BuildLiteBehavior [ RunTime:0.000009s ]
INFO: Run Common\Behavior\InitHookBehavior [ RunTime:0.001042s ]
INFO: [ app_init ] --END-- [ RunTime:0.001110s ]
SQL: SHOW COLUMNS FROM `sys_config` [ RunTime:0.0301s ]
SQL: SELECT `type`,`name`,`value` FROM `sys_config` WHERE `status` = 1  [ RunTime:0.0008s ]
INFO: [ app_begin ] --START--
INFO: Run Behavior\ReadHtmlCacheBehavior [ RunTime:0.000340s ]
INFO: [ app_begin ] --END-- [ RunTime:0.000394s ]
SQL: SHOW COLUMNS FROM `tab_apply_union` [ RunTime:0.0052s ]
SQL: SELECT `union_id`,`union_account`,`status`,`apply_domain_type`,`domain_url`,`union_set` FROM `tab_apply_union` WHERE `domain_url` IN ('www.local.uuhuyv.com','http://www.local.uuhuyv.com','https://www.local.uuhuyv.com') LIMIT 1   [ RunTime:0.0004s ]
SQL: SELECT `type`,`name`,`value` FROM `sys_config` WHERE `status` = 1  [ RunTime:0.0008s ]
SQL: SHOW COLUMNS FROM `tab_game` [ RunTime:0.0054s ]
SQL: SELECT * FROM `tab_game` WHERE `game_status` = 1 AND `recommend_status` = 1 ORDER BY sort desc,id DESC  [ RunTime:0.0008s ]
SQL: SHOW COLUMNS FROM `sys_category` [ RunTime:0.0057s ]
SQL: SELECT * FROM `sys_category` WHERE `name` IN ('tui_gg') AND `status` = 1  [ RunTime:0.0006s ]
SQL: SHOW COLUMNS FROM `sys_document` [ RunTime:0.0043s ]
SQL: SELECT * FROM `sys_document` WHERE `category_id` IN ('83') AND `status` = 1 AND `create_time` <= 1526349548 AND `deadline` NOT BETWEEN 1 AND 1526349548 ORDER BY update_time desc  [ RunTime:0.0007s ]
SQL: SELECT * FROM `sys_category` WHERE `name` IN ('tui_zx') AND `status` = 1  [ RunTime:0.0003s ]
SQL: SELECT * FROM `sys_document` WHERE `category_id` IN ('82') AND `status` = 1 AND `create_time` <= 1526349548 AND `deadline` NOT BETWEEN 1 AND 1526349548 ORDER BY update_time desc  [ RunTime:0.0005s ]
SQL: SHOW COLUMNS FROM `tab_adv` [ RunTime:0.0061s ]
SQL: SELECT tab_adv.*,tab_adv_pos.name FROM `tab_adv` INNER JOIN tab_adv_pos on tab_adv.pos_id = tab_adv_pos.id  WHERE tab_adv.status = 1 AND tab_adv_pos.name = 'index_gg' AND ( `start_time` < 1526349549 OR `start_time` = 0 ) AND ( `end_time` > 1526349549 OR `end_time` = 0 )  [ RunTime:0.0012s ]
SQL: SELECT tab_adv.*,tab_adv_pos.name FROM `tab_adv` INNER JOIN tab_adv_pos on tab_adv.pos_id = tab_adv_pos.id  WHERE tab_adv.status = 1 AND tab_adv_pos.name = 'index_zx' AND ( `start_time` < 1526349549 OR `start_time` = 0 ) AND ( `end_time` > 1526349549 OR `end_time` = 0 )  [ RunTime:0.0004s ]
INFO: [ view_parse ] --START--
INFO: [ template_filter ] --START--
INFO: Run Behavior\ContentReplaceBehavior [ RunTime:0.000212s ]
INFO: [ template_filter ] --END-- [ RunTime:0.000299s ]
NOTIC: [8] Use of undefined constant index - assumed 'index' D:\phpStudy\PHPTutorial\WWW\UUhuyv\Runtime\Cache\Home\769e70f2e46f34ceb60619bbda5e4691.php 第 11 行.
NOTIC: [8] Use of undefined constant Index - assumed 'Index' D:\phpStudy\PHPTutorial\WWW\UUhuyv\Runtime\Cache\Home\769e70f2e46f34ceb60619bbda5e4691.php 第 11 行.
NOTIC: [2] Illegal string offset 'game_name' D:\phpStudy\PHPTutorial\WWW\UUhuyv\Application\Common\Common\extend.php 第 208 行.
NOTIC: [8] Uninitialized string offset: 0 D:\phpStudy\PHPTutorial\WWW\UUhuyv\Application\Common\Common\extend.php 第 208 行.
NOTIC: [2] Illegal string offset 'title' D:\phpStudy\PHPTutorial\WWW\UUhuyv\Application\Common\Common\extend.php 第 208 行.
NOTIC: [8] Uninitialized string offset: 0 D:\phpStudy\PHPTutorial\WWW\UUhuyv\Application\Common\Common\extend.php 第 208 行.
NOTIC: [2] Illegal string offset 'giftbag_name' D:\phpStudy\PHPTutorial\WWW\UUhuyv\Application\Common\Common\extend.php 第 208 行.
NOTIC: [8] Uninitialized string offset: 0 D:\phpStudy\PHPTutorial\WWW\UUhuyv\Application\Common\Common\extend.php 第 208 行.
NOTIC: [2] Illegal string offset 'game_type_name' D:\phpStudy\PHPTutorial\WWW\UUhuyv\Application\Common\Common\extend.php 第 208 行.
NOTIC: [8] Uninitialized string offset: 0 D:\phpStudy\PHPTutorial\WWW\UUhuyv\Application\Common\Common\extend.php 第 208 行.
NOTIC: [2] Illegal string offset 'good_name' D:\phpStudy\PHPTutorial\WWW\UUhuyv\Application\Common\Common\extend.php 第 208 行.
NOTIC: [8] Uninitialized string offset: 0 D:\phpStudy\PHPTutorial\WWW\UUhuyv\Application\Common\Common\extend.php 第 208 行.
SQL: SHOW COLUMNS FROM `sys_picture` [ RunTime:0.0049s ]
SQL: SELECT * FROM `sys_picture` WHERE `status` = 1 AND `id` = 61 LIMIT 1   [ RunTime:0.0004s ]
SQL: SHOW COLUMNS FROM `tab_tool` [ RunTime:0.0038s ]
SQL: SELECT * FROM `tab_tool` WHERE `name` = 'oss_storage' LIMIT 1   [ RunTime:0.0003s ]
SQL: SELECT * FROM `tab_tool` WHERE `name` = 'qiniu_storage' LIMIT 1   [ RunTime:0.0002s ]
SQL: SELECT * FROM `sys_picture` WHERE `status` = 1 AND `id` = 377 LIMIT 1   [ RunTime:0.0002s ]
SQL: SELECT * FROM `tab_tool` WHERE `name` = 'oss_storage' LIMIT 1   [ RunTime:0.0002s ]
SQL: SELECT * FROM `tab_tool` WHERE `name` = 'qiniu_storage' LIMIT 1   [ RunTime:0.0002s ]
SQL: SHOW COLUMNS FROM `sys_channel` [ RunTime:0.0050s ]
SQL: SELECT `id`,`pid`,`title`,`url`,`sort`,`create_time`,`update_time`,`status`,`target` FROM `sys_channel` WHERE ( status=1 ) ORDER BY sort asc  [ RunTime:0.0005s ]
NOTIC: [8] Undefined index: home_account D:\phpStudy\PHPTutorial\WWW\UUhuyv\Runtime\Cache\Home\769e70f2e46f34ceb60619bbda5e4691.php 第 72 行.
NOTIC: [8] Undefined index: home_pas D:\phpStudy\PHPTutorial\WWW\UUhuyv\Runtime\Cache\Home\769e70f2e46f34ceb60619bbda5e4691.php 第 80 行.
INFO: Run Behavior\ParseTemplateBehavior [ RunTime:0.033546s ]
INFO: [ view_parse ] --END-- [ RunTime:0.033581s ]
INFO: [ view_filter ] --START--
INFO: Run Behavior\WriteHtmlCacheBehavior [ RunTime:0.000471s ]
INFO: [ view_filter ] --END-- [ RunTime:0.000512s ]
INFO: [ app_end ] --START--
INFO: Run Behavior\ShowPageTraceBehavior [ RunTime:0.000713s ]
INFO: [ app_end ] --END-- [ RunTime:0.000779s ]

[ 2018-05-15T09:59:09+08:00 ] 127.0.0.1 /index.php?s=/Home/Index/verify
INFO: [ app_init ] --START--
INFO: Run Behavior\BuildLiteBehavior [ RunTime:0.000013s ]
INFO: Run Common\Behavior\InitHookBehavior [ RunTime:0.001144s ]
INFO: [ app_init ] --END-- [ RunTime:0.001235s ]
SQL: SHOW COLUMNS FROM `sys_config` [ RunTime:0.0130s ]
SQL: SELECT `type`,`name`,`value` FROM `sys_config` WHERE `status` = 1  [ RunTime:0.0005s ]
INFO: [ app_begin ] --START--
INFO: Run Behavior\ReadHtmlCacheBehavior [ RunTime:0.000440s ]
INFO: [ app_begin ] --END-- [ RunTime:0.000496s ]
SQL: SHOW COLUMNS FROM `tab_apply_union` [ RunTime:0.0039s ]
SQL: SELECT `union_id`,`union_account`,`status`,`apply_domain_type`,`domain_url`,`union_set` FROM `tab_apply_union` WHERE `domain_url` IN ('www.local.uuhuyv.com','http://www.local.uuhuyv.com','https://www.local.uuhuyv.com') LIMIT 1   [ RunTime:0.0003s ]
SQL: SELECT `type`,`name`,`value` FROM `sys_config` WHERE `status` = 1  [ RunTime:0.0007s ]
INFO: [ app_end ] --START--
INFO: Run Behavior\ShowPageTraceBehavior [ RunTime:0.000628s ]
INFO: [ app_end ] --END-- [ RunTime:0.000697s ]

[ 2018-05-15T15:30:15+08:00 ] 127.0.0.1 /
INFO: [ app_init ] --START--
INFO: Run Behavior\BuildLiteBehavior [ RunTime:0.000012s ]
INFO: Run Common\Behavior\InitHookBehavior [ RunTime:0.003015s ]
INFO: [ app_init ] --END-- [ RunTime:0.003199s ]
SQL: SHOW COLUMNS FROM `sys_config` [ RunTime:0.0100s ]
SQL: SELECT `type`,`name`,`value` FROM `sys_config` WHERE `status` = 1  [ RunTime:0.0009s ]
INFO: [ app_begin ] --START--
INFO: Run Behavior\ReadHtmlCacheBehavior [ RunTime:0.000399s ]
INFO: [ app_begin ] --END-- [ RunTime:0.000444s ]
SQL: SHOW COLUMNS FROM `tab_apply_union` [ RunTime:0.0046s ]
SQL: SELECT `union_id`,`union_account`,`status`,`apply_domain_type`,`domain_url`,`union_set` FROM `tab_apply_union` WHERE `domain_url` IN ('www.local.uuhuyv.com','http://www.local.uuhuyv.com','https://www.local.uuhuyv.com') LIMIT 1   [ RunTime:0.0006s ]
SQL: SELECT `type`,`name`,`value` FROM `sys_config` WHERE `status` = 1  [ RunTime:0.0007s ]
SQL: SHOW COLUMNS FROM `tab_game` [ RunTime:0.0046s ]
SQL: SELECT * FROM `tab_game` WHERE `game_status` = 1 AND `recommend_status` = 1 ORDER BY sort desc,id DESC  [ RunTime:0.0006s ]
SQL: SHOW COLUMNS FROM `sys_category` [ RunTime:0.0044s ]
SQL: SELECT * FROM `sys_category` WHERE `name` IN ('tui_gg') AND `status` = 1  [ RunTime:0.0004s ]
SQL: SHOW COLUMNS FROM `sys_document` [ RunTime:0.0055s ]
SQL: SELECT * FROM `sys_document` WHERE `category_id` IN ('83') AND `status` = 1 AND `create_time` <= 1526369415 AND `deadline` NOT BETWEEN 1 AND 1526369415 ORDER BY update_time desc  [ RunTime:0.0009s ]
SQL: SELECT * FROM `sys_category` WHERE `name` IN ('tui_zx') AND `status` = 1  [ RunTime:0.0003s ]
SQL: SELECT * FROM `sys_document` WHERE `category_id` IN ('82') AND `status` = 1 AND `create_time` <= 1526369415 AND `deadline` NOT BETWEEN 1 AND 1526369415 ORDER BY update_time desc  [ RunTime:0.0005s ]
SQL: SHOW COLUMNS FROM `tab_adv` [ RunTime:0.0039s ]
SQL: SELECT tab_adv.*,tab_adv_pos.name FROM `tab_adv` INNER JOIN tab_adv_pos on tab_adv.pos_id = tab_adv_pos.id  WHERE tab_adv.status = 1 AND tab_adv_pos.name = 'index_gg' AND ( `start_time` < 1526369415 OR `start_time` = 0 ) AND ( `end_time` > 1526369415 OR `end_time` = 0 )  [ RunTime:0.0010s ]
SQL: SELECT tab_adv.*,tab_adv_pos.name FROM `tab_adv` INNER JOIN tab_adv_pos on tab_adv.pos_id = tab_adv_pos.id  WHERE tab_adv.status = 1 AND tab_adv_pos.name = 'index_zx' AND ( `start_time` < 1526369415 OR `start_time` = 0 ) AND ( `end_time` > 1526369415 OR `end_time` = 0 )  [ RunTime:0.0004s ]
INFO: [ view_parse ] --START--
INFO: [ template_filter ] --START--
INFO: Run Behavior\ContentReplaceBehavior [ RunTime:0.000196s ]
INFO: [ template_filter ] --END-- [ RunTime:0.000237s ]
NOTIC: [8] Use of undefined constant index - assumed 'index' D:\phpStudy\PHPTutorial\WWW\UUhuyv\Runtime\Cache\Home\769e70f2e46f34ceb60619bbda5e4691.php 第 11 行.
NOTIC: [8] Use of undefined constant Index - assumed 'Index' D:\phpStudy\PHPTutorial\WWW\UUhuyv\Runtime\Cache\Home\769e70f2e46f34ceb60619bbda5e4691.php 第 11 行.
NOTIC: [2] Illegal string offset 'game_name' D:\phpStudy\PHPTutorial\WWW\UUhuyv\Application\Common\Common\extend.php 第 208 行.
NOTIC: [8] Uninitialized string offset: 0 D:\phpStudy\PHPTutorial\WWW\UUhuyv\Application\Common\Common\extend.php 第 208 行.
NOTIC: [2] Illegal string offset 'title' D:\phpStudy\PHPTutorial\WWW\UUhuyv\Application\Common\Common\extend.php 第 208 行.
NOTIC: [8] Uninitialized string offset: 0 D:\phpStudy\PHPTutorial\WWW\UUhuyv\Application\Common\Common\extend.php 第 208 行.
NOTIC: [2] Illegal string offset 'giftbag_name' D:\phpStudy\PHPTutorial\WWW\UUhuyv\Application\Common\Common\extend.php 第 208 行.
NOTIC: [8] Uninitialized string offset: 0 D:\phpStudy\PHPTutorial\WWW\UUhuyv\Application\Common\Common\extend.php 第 208 行.
NOTIC: [2] Illegal string offset 'game_type_name' D:\phpStudy\PHPTutorial\WWW\UUhuyv\Application\Common\Common\extend.php 第 208 行.
NOTIC: [8] Uninitialized string offset: 0 D:\phpStudy\PHPTutorial\WWW\UUhuyv\Application\Common\Common\extend.php 第 208 行.
NOTIC: [2] Illegal string offset 'good_name' D:\phpStudy\PHPTutorial\WWW\UUhuyv\Application\Common\Common\extend.php 第 208 行.
NOTIC: [8] Uninitialized string offset: 0 D:\phpStudy\PHPTutorial\WWW\UUhuyv\Application\Common\Common\extend.php 第 208 行.
SQL: SHOW COLUMNS FROM `sys_picture` [ RunTime:0.0039s ]
SQL: SELECT * FROM `sys_picture` WHERE `status` = 1 AND `id` = 61 LIMIT 1   [ RunTime:0.0005s ]
SQL: SHOW COLUMNS FROM `tab_tool` [ RunTime:0.0037s ]
SQL: SELECT * FROM `tab_tool` WHERE `name` = 'oss_storage' LIMIT 1   [ RunTime:0.0002s ]
SQL: SELECT * FROM `tab_tool` WHERE `name` = 'qiniu_storage' LIMIT 1   [ RunTime:0.0002s ]
SQL: SELECT * FROM `sys_picture` WHERE `status` = 1 AND `id` = 377 LIMIT 1   [ RunTime:0.0002s ]
SQL: SELECT * FROM `tab_tool` WHERE `name` = 'oss_storage' LIMIT 1   [ RunTime:0.0002s ]
SQL: SELECT * FROM `tab_tool` WHERE `name` = 'qiniu_storage' LIMIT 1   [ RunTime:0.0002s ]
SQL: SHOW COLUMNS FROM `sys_channel` [ RunTime:0.0035s ]
SQL: SELECT `id`,`pid`,`title`,`url`,`sort`,`create_time`,`update_time`,`status`,`target` FROM `sys_channel` WHERE ( status=1 ) ORDER BY sort asc  [ RunTime:0.0003s ]
NOTIC: [8] Undefined index: home_account D:\phpStudy\PHPTutorial\WWW\UUhuyv\Runtime\Cache\Home\769e70f2e46f34ceb60619bbda5e4691.php 第 72 行.
NOTIC: [8] Undefined index: home_pas D:\phpStudy\PHPTutorial\WWW\UUhuyv\Runtime\Cache\Home\769e70f2e46f34ceb60619bbda5e4691.php 第 80 行.
INFO: Run Behavior\ParseTemplateBehavior [ RunTime:0.031308s ]
INFO: [ view_parse ] --END-- [ RunTime:0.031415s ]
INFO: [ view_filter ] --START--
INFO: Run Behavior\WriteHtmlCacheBehavior [ RunTime:0.000336s ]
INFO: [ view_filter ] --END-- [ RunTime:0.000366s ]
INFO: [ app_end ] --START--
INFO: Run Behavior\ShowPageTraceBehavior [ RunTime:0.000535s ]
INFO: [ app_end ] --END-- [ RunTime:0.000584s ]

[ 2018-05-15T15:30:15+08:00 ] 127.0.0.1 /index.php?s=/Home/Index/verify
INFO: [ app_init ] --START--
INFO: Run Behavior\BuildLiteBehavior [ RunTime:0.000009s ]
INFO: Run Common\Behavior\InitHookBehavior [ RunTime:0.001383s ]
INFO: [ app_init ] --END-- [ RunTime:0.001456s ]
SQL: SHOW COLUMNS FROM `sys_config` [ RunTime:0.0035s ]
SQL: SELECT `type`,`name`,`value` FROM `sys_config` WHERE `status` = 1  [ RunTime:0.0005s ]
INFO: [ app_begin ] --START--
INFO: Run Behavior\ReadHtmlCacheBehavior [ RunTime:0.000415s ]
INFO: [ app_begin ] --END-- [ RunTime:0.000460s ]
SQL: SHOW COLUMNS FROM `tab_apply_union` [ RunTime:0.0031s ]
SQL: SELECT `union_id`,`union_account`,`status`,`apply_domain_type`,`domain_url`,`union_set` FROM `tab_apply_union` WHERE `domain_url` IN ('www.local.uuhuyv.com','http://www.local.uuhuyv.com','https://www.local.uuhuyv.com') LIMIT 1   [ RunTime:0.0002s ]
SQL: SELECT `type`,`name`,`value` FROM `sys_config` WHERE `status` = 1  [ RunTime:0.0004s ]
INFO: [ app_end ] --START--
INFO: Run Behavior\ShowPageTraceBehavior [ RunTime:0.000619s ]
INFO: [ app_end ] --END-- [ RunTime:0.000685s ]

[ 2018-05-15T15:31:43+08:00 ] 127.0.0.1 /
INFO: [ app_init ] --START--
INFO: Run Behavior\BuildLiteBehavior [ RunTime:0.000009s ]
INFO: Run Common\Behavior\InitHookBehavior [ RunTime:0.000990s ]
INFO: [ app_init ] --END-- [ RunTime:0.001058s ]
SQL: SHOW COLUMNS FROM `sys_config` [ RunTime:0.0057s ]
SQL: SELECT `type`,`name`,`value` FROM `sys_config` WHERE `status` = 1  [ RunTime:0.0008s ]
INFO: [ app_begin ] --START--
INFO: Run Behavior\ReadHtmlCacheBehavior [ RunTime:0.000370s ]
INFO: [ app_begin ] --END-- [ RunTime:0.000425s ]
SQL: SHOW COLUMNS FROM `tab_apply_union` [ RunTime:0.0039s ]
SQL: SELECT `union_id`,`union_account`,`status`,`apply_domain_type`,`domain_url`,`union_set` FROM `tab_apply_union` WHERE `domain_url` IN ('www.local.uuhuyv.com','http://www.local.uuhuyv.com','https://www.local.uuhuyv.com') LIMIT 1   [ RunTime:0.0003s ]
SQL: SELECT `type`,`name`,`value` FROM `sys_config` WHERE `status` = 1  [ RunTime:0.0005s ]
SQL: SHOW COLUMNS FROM `tab_game` [ RunTime:0.0050s ]
SQL: SELECT * FROM `tab_game` WHERE `game_status` = 1 AND `recommend_status` = 1 ORDER BY sort desc,id DESC  [ RunTime:0.0005s ]
SQL: SHOW COLUMNS FROM `sys_category` [ RunTime:0.0042s ]
SQL: SELECT * FROM `sys_category` WHERE `name` IN ('tui_gg') AND `status` = 1  [ RunTime:0.0004s ]
SQL: SHOW COLUMNS FROM `sys_document` [ RunTime:0.0044s ]
SQL: SELECT * FROM `sys_document` WHERE `category_id` IN ('83') AND `status` = 1 AND `create_time` <= 1526369502 AND `deadline` NOT BETWEEN 1 AND 1526369502 ORDER BY update_time desc  [ RunTime:0.0008s ]
SQL: SELECT * FROM `sys_category` WHERE `name` IN ('tui_zx') AND `status` = 1  [ RunTime:0.0008s ]
SQL: SELECT * FROM `sys_document` WHERE `category_id` IN ('82') AND `status` = 1 AND `create_time` <= 1526369502 AND `deadline` NOT BETWEEN 1 AND 1526369502 ORDER BY update_time desc  [ RunTime:0.0007s ]
SQL: SHOW COLUMNS FROM `tab_adv` [ RunTime:0.0041s ]
SQL: SELECT tab_adv.*,tab_adv_pos.name FROM `tab_adv` INNER JOIN tab_adv_pos on tab_adv.pos_id = tab_adv_pos.id  WHERE tab_adv.status = 1 AND tab_adv_pos.name = 'index_gg' AND ( `start_time` < 1526369502 OR `start_time` = 0 ) AND ( `end_time` > 1526369502 OR `end_time` = 0 )  [ RunTime:0.0005s ]
SQL: SELECT tab_adv.*,tab_adv_pos.name FROM `tab_adv` INNER JOIN tab_adv_pos on tab_adv.pos_id = tab_adv_pos.id  WHERE tab_adv.status = 1 AND tab_adv_pos.name = 'index_zx' AND ( `start_time` < 1526369502 OR `start_time` = 0 ) AND ( `end_time` > 1526369502 OR `end_time` = 0 )  [ RunTime:0.0003s ]
INFO: [ view_parse ] --START--
INFO: [ template_filter ] --START--
INFO: Run Behavior\ContentReplaceBehavior [ RunTime:0.000209s ]
INFO: [ template_filter ] --END-- [ RunTime:0.000270s ]
NOTIC: [8] Use of undefined constant index - assumed 'index' D:\phpStudy\PHPTutorial\WWW\UUhuyv\Runtime\Cache\Home\769e70f2e46f34ceb60619bbda5e4691.php 第 11 行.
NOTIC: [8] Use of undefined constant Index - assumed 'Index' D:\phpStudy\PHPTutorial\WWW\UUhuyv\Runtime\Cache\Home\769e70f2e46f34ceb60619bbda5e4691.php 第 11 行.
NOTIC: [2] Illegal string offset 'game_name' D:\phpStudy\PHPTutorial\WWW\UUhuyv\Application\Common\Common\extend.php 第 208 行.
NOTIC: [8] Uninitialized string offset: 0 D:\phpStudy\PHPTutorial\WWW\UUhuyv\Application\Common\Common\extend.php 第 208 行.
NOTIC: [2] Illegal string offset 'title' D:\phpStudy\PHPTutorial\WWW\UUhuyv\Application\Common\Common\extend.php 第 208 行.
NOTIC: [8] Uninitialized string offset: 0 D:\phpStudy\PHPTutorial\WWW\UUhuyv\Application\Common\Common\extend.php 第 208 行.
NOTIC: [2] Illegal string offset 'giftbag_name' D:\phpStudy\PHPTutorial\WWW\UUhuyv\Application\Common\Common\extend.php 第 208 行.
NOTIC: [8] Uninitialized string offset: 0 D:\phpStudy\PHPTutorial\WWW\UUhuyv\Application\Common\Common\extend.php 第 208 行.
NOTIC: [2] Illegal string offset 'game_type_name' D:\phpStudy\PHPTutorial\WWW\UUhuyv\Application\Common\Common\extend.php 第 208 行.
NOTIC: [8] Uninitialized string offset: 0 D:\phpStudy\PHPTutorial\WWW\UUhuyv\Application\Common\Common\extend.php 第 208 行.
NOTIC: [2] Illegal string offset 'good_name' D:\phpStudy\PHPTutorial\WWW\UUhuyv\Application\Common\Common\extend.php 第 208 行.
NOTIC: [8] Uninitialized string offset: 0 D:\phpStudy\PHPTutorial\WWW\UUhuyv\Application\Common\Common\extend.php 第 208 行.
SQL: SHOW COLUMNS FROM `sys_picture` [ RunTime:0.0040s ]
SQL: SELECT * FROM `sys_picture` WHERE `status` = 1 AND `id` = 61 LIMIT 1   [ RunTime:0.0004s ]
SQL: SHOW COLUMNS FROM `tab_tool` [ RunTime:0.0034s ]
SQL: SELECT * FROM `tab_tool` WHERE `name` = 'oss_storage' LIMIT 1   [ RunTime:0.0003s ]
SQL: SELECT * FROM `tab_tool` WHERE `name` = 'qiniu_storage' LIMIT 1   [ RunTime:0.0002s ]
SQL: SELECT * FROM `sys_picture` WHERE `status` = 1 AND `id` = 377 LIMIT 1   [ RunTime:0.0002s ]
SQL: SELECT * FROM `tab_tool` WHERE `name` = 'oss_storage' LIMIT 1   [ RunTime:0.0002s ]
SQL: SELECT * FROM `tab_tool` WHERE `name` = 'qiniu_storage' LIMIT 1   [ RunTime:0.0002s ]
SQL: SHOW COLUMNS FROM `sys_channel` [ RunTime:0.0041s ]
SQL: SELECT `id`,`pid`,`title`,`url`,`sort`,`create_time`,`update_time`,`status`,`target` FROM `sys_channel` WHERE ( status=1 ) ORDER BY sort asc  [ RunTime:0.0003s ]
NOTIC: [8] Undefined index: home_account D:\phpStudy\PHPTutorial\WWW\UUhuyv\Runtime\Cache\Home\769e70f2e46f34ceb60619bbda5e4691.php 第 72 行.
NOTIC: [8] Undefined index: home_pas D:\phpStudy\PHPTutorial\WWW\UUhuyv\Runtime\Cache\Home\769e70f2e46f34ceb60619bbda5e4691.php 第 80 行.
INFO: Run Behavior\ParseTemplateBehavior [ RunTime:0.030261s ]
INFO: [ view_parse ] --END-- [ RunTime:0.030298s ]
INFO: [ view_filter ] --START--
INFO: Run Behavior\WriteHtmlCacheBehavior [ RunTime:0.000355s ]
INFO: [ view_filter ] --END-- [ RunTime:0.000384s ]
INFO: [ app_end ] --START--
INFO: Run Behavior\ShowPageTraceBehavior [ RunTime:0.000520s ]
INFO: [ app_end ] --END-- [ RunTime:0.000568s ]

[ 2018-05-15T15:31:43+08:00 ] 127.0.0.1 /index.php?s=/Home/Index/verify
INFO: [ app_init ] --START--
INFO: Run Behavior\BuildLiteBehavior [ RunTime:0.000010s ]
INFO: Run Common\Behavior\InitHookBehavior [ RunTime:0.001077s ]
INFO: [ app_init ] --END-- [ RunTime:0.001165s ]
SQL: SHOW COLUMNS FROM `sys_config` [ RunTime:0.0041s ]
SQL: SELECT `type`,`name`,`value` FROM `sys_config` WHERE `status` = 1  [ RunTime:0.0006s ]
INFO: [ app_begin ] --START--
INFO: Run Behavior\ReadHtmlCacheBehavior [ RunTime:0.000338s ]
INFO: [ app_begin ] --END-- [ RunTime:0.000385s ]
SQL: SHOW COLUMNS FROM `tab_apply_union` [ RunTime:0.0039s ]
SQL: SELECT `union_id`,`union_account`,`status`,`apply_domain_type`,`domain_url`,`union_set` FROM `tab_apply_union` WHERE `domain_url` IN ('www.local.uuhuyv.com','http://www.local.uuhuyv.com','https://www.local.uuhuyv.com') LIMIT 1   [ RunTime:0.0003s ]
SQL: SELECT `type`,`name`,`value` FROM `sys_config` WHERE `status` = 1  [ RunTime:0.0005s ]
INFO: [ app_end ] --START--
INFO: Run Behavior\ShowPageTraceBehavior [ RunTime:0.000632s ]
INFO: [ app_end ] --END-- [ RunTime:0.000716s ]

[ 2018-05-15T17:01:51+08:00 ] 127.0.0.1 /
INFO: [ app_init ] --START--
INFO: Run Behavior\BuildLiteBehavior [ RunTime:0.000010s ]
INFO: Run Common\Behavior\InitHookBehavior [ RunTime:0.001107s ]
INFO: [ app_init ] --END-- [ RunTime:0.001183s ]
SQL: SHOW COLUMNS FROM `sys_config` [ RunTime:0.0049s ]
SQL: SELECT `type`,`name`,`value` FROM `sys_config` WHERE `status` = 1  [ RunTime:0.0006s ]
INFO: [ app_begin ] --START--
INFO: Run Behavior\ReadHtmlCacheBehavior [ RunTime:0.000909s ]
INFO: [ app_begin ] --END-- [ RunTime:0.001003s ]
SQL: SHOW COLUMNS FROM `tab_apply_union` [ RunTime:0.0048s ]
SQL: SELECT `union_id`,`union_account`,`status`,`apply_domain_type`,`domain_url`,`union_set` FROM `tab_apply_union` WHERE `domain_url` IN ('www.local.uuhuyv.com','http://www.local.uuhuyv.com','https://www.local.uuhuyv.com') LIMIT 1   [ RunTime:0.0004s ]
SQL: SELECT `type`,`name`,`value` FROM `sys_config` WHERE `status` = 1  [ RunTime:0.0006s ]
SQL: SHOW COLUMNS FROM `tab_game` [ RunTime:0.0044s ]
SQL: SELECT * FROM `tab_game` WHERE `game_status` = 1 AND `recommend_status` = 1 ORDER BY sort desc,id DESC  [ RunTime:0.0006s ]
SQL: SHOW COLUMNS FROM `sys_category` [ RunTime:0.0059s ]
SQL: SELECT * FROM `sys_category` WHERE `name` IN ('tui_gg') AND `status` = 1  [ RunTime:0.0004s ]
SQL: SHOW COLUMNS FROM `sys_document` [ RunTime:0.0046s ]
SQL: SELECT * FROM `sys_document` WHERE `category_id` IN ('83') AND `status` = 1 AND `create_time` <= 1526374911 AND `deadline` NOT BETWEEN 1 AND 1526374911 ORDER BY update_time desc  [ RunTime:0.0006s ]
SQL: SELECT * FROM `sys_category` WHERE `name` IN ('tui_zx') AND `status` = 1  [ RunTime:0.0003s ]
SQL: SELECT * FROM `sys_document` WHERE `category_id` IN ('82') AND `status` = 1 AND `create_time` <= 1526374911 AND `deadline` NOT BETWEEN 1 AND 1526374911 ORDER BY update_time desc  [ RunTime:0.0004s ]
SQL: SHOW COLUMNS FROM `tab_adv` [ RunTime:0.0049s ]
SQL: SELECT tab_adv.*,tab_adv_pos.name FROM `tab_adv` INNER JOIN tab_adv_pos on tab_adv.pos_id = tab_adv_pos.id  WHERE tab_adv.status = 1 AND tab_adv_pos.name = 'index_gg' AND ( `start_time` < 1526374911 OR `start_time` = 0 ) AND ( `end_time` > 1526374911 OR `end_time` = 0 )  [ RunTime:0.0008s ]
SQL: SELECT tab_adv.*,tab_adv_pos.name FROM `tab_adv` INNER JOIN tab_adv_pos on tab_adv.pos_id = tab_adv_pos.id  WHERE tab_adv.status = 1 AND tab_adv_pos.name = 'index_zx' AND ( `start_time` < 1526374911 OR `start_time` = 0 ) AND ( `end_time` > 1526374911 OR `end_time` = 0 )  [ RunTime:0.0004s ]
INFO: [ view_parse ] --START--
INFO: [ template_filter ] --START--
INFO: Run Behavior\ContentReplaceBehavior [ RunTime:0.000197s ]
INFO: [ template_filter ] --END-- [ RunTime:0.000242s ]
NOTIC: [8] Use of undefined constant index - assumed 'index' D:\phpStudy\PHPTutorial\WWW\UUhuyv\Runtime\Cache\Home\769e70f2e46f34ceb60619bbda5e4691.php 第 11 行.
NOTIC: [8] Use of undefined constant Index - assumed 'Index' D:\phpStudy\PHPTutorial\WWW\UUhuyv\Runtime\Cache\Home\769e70f2e46f34ceb60619bbda5e4691.php 第 11 行.
NOTIC: [2] Illegal string offset 'game_name' D:\phpStudy\PHPTutorial\WWW\UUhuyv\Application\Common\Common\extend.php 第 208 行.
NOTIC: [8] Uninitialized string offset: 0 D:\phpStudy\PHPTutorial\WWW\UUhuyv\Application\Common\Common\extend.php 第 208 行.
NOTIC: [2] Illegal string offset 'title' D:\phpStudy\PHPTutorial\WWW\UUhuyv\Application\Common\Common\extend.php 第 208 行.
NOTIC: [8] Uninitialized string offset: 0 D:\phpStudy\PHPTutorial\WWW\UUhuyv\Application\Common\Common\extend.php 第 208 行.
NOTIC: [2] Illegal string offset 'giftbag_name' D:\phpStudy\PHPTutorial\WWW\UUhuyv\Application\Common\Common\extend.php 第 208 行.
NOTIC: [8] Uninitialized string offset: 0 D:\phpStudy\PHPTutorial\WWW\UUhuyv\Application\Common\Common\extend.php 第 208 行.
NOTIC: [2] Illegal string offset 'game_type_name' D:\phpStudy\PHPTutorial\WWW\UUhuyv\Application\Common\Common\extend.php 第 208 行.
NOTIC: [8] Uninitialized string offset: 0 D:\phpStudy\PHPTutorial\WWW\UUhuyv\Application\Common\Common\extend.php 第 208 行.
NOTIC: [2] Illegal string offset 'good_name' D:\phpStudy\PHPTutorial\WWW\UUhuyv\Application\Common\Common\extend.php 第 208 行.
NOTIC: [8] Uninitialized string offset: 0 D:\phpStudy\PHPTutorial\WWW\UUhuyv\Application\Common\Common\extend.php 第 208 行.
SQL: SHOW COLUMNS FROM `sys_picture` [ RunTime:0.0035s ]
SQL: SELECT * FROM `sys_picture` WHERE `status` = 1 AND `id` = 61 LIMIT 1   [ RunTime:0.0002s ]
SQL: SHOW COLUMNS FROM `tab_tool` [ RunTime:0.0034s ]
SQL: SELECT * FROM `tab_tool` WHERE `name` = 'oss_storage' LIMIT 1   [ RunTime:0.0003s ]
SQL: SELECT * FROM `tab_tool` WHERE `name` = 'qiniu_storage' LIMIT 1   [ RunTime:0.0002s ]
SQL: SELECT * FROM `sys_picture` WHERE `status` = 1 AND `id` = 377 LIMIT 1   [ RunTime:0.0003s ]
SQL: SELECT * FROM `tab_tool` WHERE `name` = 'oss_storage' LIMIT 1   [ RunTime:0.0003s ]
SQL: SELECT * FROM `tab_tool` WHERE `name` = 'qiniu_storage' LIMIT 1   [ RunTime:0.0003s ]
SQL: SHOW COLUMNS FROM `sys_channel` [ RunTime:0.0039s ]
SQL: SELECT `id`,`pid`,`title`,`url`,`sort`,`create_time`,`update_time`,`status`,`target` FROM `sys_channel` WHERE ( status=1 ) ORDER BY sort asc  [ RunTime:0.0004s ]
NOTIC: [8] Undefined index: home_account D:\phpStudy\PHPTutorial\WWW\UUhuyv\Runtime\Cache\Home\769e70f2e46f34ceb60619bbda5e4691.php 第 72 行.
NOTIC: [8] Undefined index: home_pas D:\phpStudy\PHPTutorial\WWW\UUhuyv\Runtime\Cache\Home\769e70f2e46f34ceb60619bbda5e4691.php 第 80 行.
INFO: Run Behavior\ParseTemplateBehavior [ RunTime:0.030054s ]
INFO: [ view_parse ] --END-- [ RunTime:0.030093s ]
INFO: [ view_filter ] --START--
INFO: Run Behavior\WriteHtmlCacheBehavior [ RunTime:0.000435s ]
INFO: [ view_filter ] --END-- [ RunTime:0.000467s ]
INFO: [ app_end ] --START--
INFO: Run Behavior\ShowPageTraceBehavior [ RunTime:0.000502s ]
INFO: [ app_end ] --END-- [ RunTime:0.000543s ]

[ 2018-05-15T17:01:51+08:00 ] 127.0.0.1 /index.php?s=/Home/Index/verify
INFO: [ app_init ] --START--
INFO: Run Behavior\BuildLiteBehavior [ RunTime:0.000008s ]
INFO: Run Common\Behavior\InitHookBehavior [ RunTime:0.000981s ]
INFO: [ app_init ] --END-- [ RunTime:0.001048s ]
SQL: SHOW COLUMNS FROM `sys_config` [ RunTime:0.0041s ]
SQL: SELECT `type`,`name`,`value` FROM `sys_config` WHERE `status` = 1  [ RunTime:0.0006s ]
INFO: [ app_begin ] --START--
INFO: Run Behavior\ReadHtmlCacheBehavior [ RunTime:0.000325s ]
INFO: [ app_begin ] --END-- [ RunTime:0.000373s ]
SQL: SHOW COLUMNS FROM `tab_apply_union` [ RunTime:0.0037s ]
SQL: SELECT `union_id`,`union_account`,`status`,`apply_domain_type`,`domain_url`,`union_set` FROM `tab_apply_union` WHERE `domain_url` IN ('www.local.uuhuyv.com','http://www.local.uuhuyv.com','https://www.local.uuhuyv.com') LIMIT 1   [ RunTime:0.0002s ]
SQL: SELECT `type`,`name`,`value` FROM `sys_config` WHERE `status` = 1  [ RunTime:0.0005s ]
INFO: [ app_end ] --START--
INFO: Run Behavior\ShowPageTraceBehavior [ RunTime:0.000459s ]
INFO: [ app_end ] --END-- [ RunTime:0.000503s ]

[ 2018-05-15T17:01:52+08:00 ] 127.0.0.1 /index.php?s=/Home/Index/verify
INFO: [ app_init ] --START--
INFO: Run Behavior\BuildLiteBehavior [ RunTime:0.000011s ]
INFO: Run Common\Behavior\InitHookBehavior [ RunTime:0.001724s ]
INFO: [ app_init ] --END-- [ RunTime:0.001821s ]
SQL: SHOW COLUMNS FROM `sys_config` [ RunTime:0.0044s ]
SQL: SELECT `type`,`name`,`value` FROM `sys_config` WHERE `status` = 1  [ RunTime:0.0006s ]
INFO: [ app_begin ] --START--
INFO: Run Behavior\ReadHtmlCacheBehavior [ RunTime:0.000414s ]
INFO: [ app_begin ] --END-- [ RunTime:0.000469s ]
SQL: SHOW COLUMNS FROM `tab_apply_union` [ RunTime:0.0045s ]
SQL: SELECT `union_id`,`union_account`,`status`,`apply_domain_type`,`domain_url`,`union_set` FROM `tab_apply_union` WHERE `domain_url` IN ('www.local.uuhuyv.com','http://www.local.uuhuyv.com','https://www.local.uuhuyv.com') LIMIT 1   [ RunTime:0.0003s ]
SQL: SELECT `type`,`name`,`value` FROM `sys_config` WHERE `status` = 1  [ RunTime:0.0006s ]
INFO: [ app_end ] --START--
INFO: Run Behavior\ShowPageTraceBehavior [ RunTime:0.000911s ]
INFO: [ app_end ] --END-- [ RunTime:0.000973s ]

