[ 2018-05-25T08:46:08+08:00 ] 127.0.0.1 /
INFO: [ app_init ] --START--
INFO: Run Behavior\BuildLiteBehavior [ RunTime:0.000011s ]
INFO: Run Common\Behavior\InitHookBehavior [ RunTime:0.002588s ]
INFO: [ app_init ] --END-- [ RunTime:0.002709s ]
SQL: SHOW COLUMNS FROM `sys_config` [ RunTime:0.0095s ]
SQL: SELECT `type`,`name`,`value` FROM `sys_config` WHERE `status` = 1  [ RunTime:0.0005s ]
INFO: [ app_begin ] --START--
INFO: Run Behavior\ReadHtmlCacheBehavior [ RunTime:0.000465s ]
INFO: [ app_begin ] --END-- [ RunTime:0.000507s ]
SQL: SHOW COLUMNS FROM `tab_apply_union` [ RunTime:0.0096s ]
SQL: SELECT `union_id`,`union_account`,`status`,`apply_domain_type`,`domain_url`,`union_set` FROM `tab_apply_union` WHERE `domain_url` IN ('www.local.uuhuyv.com','http://www.local.uuhuyv.com','https://www.local.uuhuyv.com') LIMIT 1   [ RunTime:0.0003s ]
SQL: SELECT `type`,`name`,`value` FROM `sys_config` WHERE `status` = 1  [ RunTime:0.0005s ]
SQL: SHOW COLUMNS FROM `tab_game` [ RunTime:0.0084s ]
SQL: SELECT * FROM `tab_game` WHERE `game_status` = 1 AND `recommend_status` = 1 ORDER BY sort desc,id DESC  [ RunTime:0.0009s ]
SQL: SHOW COLUMNS FROM `sys_category` [ RunTime:0.0132s ]
SQL: SELECT * FROM `sys_category` WHERE `name` IN ('tui_gg') AND `status` = 1  [ RunTime:0.0004s ]
SQL: SHOW COLUMNS FROM `sys_document` [ RunTime:0.0075s ]
SQL: SELECT * FROM `sys_document` WHERE `category_id` IN ('83') AND `status` = 1 AND `create_time` <= 1527209168 AND `deadline` NOT BETWEEN 1 AND 1527209168 ORDER BY update_time desc  [ RunTime:0.0005s ]
SQL: SELECT * FROM `sys_category` WHERE `name` IN ('tui_zx') AND `status` = 1  [ RunTime:0.0004s ]
SQL: SELECT * FROM `sys_document` WHERE `category_id` IN ('82') AND `status` = 1 AND `create_time` <= 1527209168 AND `deadline` NOT BETWEEN 1 AND 1527209168 ORDER BY update_time desc  [ RunTime:0.0004s ]
SQL: SHOW COLUMNS FROM `tab_adv` [ RunTime:0.0125s ]
SQL: SELECT tab_adv.*,tab_adv_pos.name FROM `tab_adv` INNER JOIN tab_adv_pos on tab_adv.pos_id = tab_adv_pos.id  WHERE tab_adv.status = 1 AND tab_adv_pos.name = 'index_gg' AND ( `start_time` < 1527209168 OR `start_time` = 0 ) AND ( `end_time` > 1527209168 OR `end_time` = 0 )  [ RunTime:0.0053s ]
SQL: SELECT tab_adv.*,tab_adv_pos.name FROM `tab_adv` INNER JOIN tab_adv_pos on tab_adv.pos_id = tab_adv_pos.id  WHERE tab_adv.status = 1 AND tab_adv_pos.name = 'index_zx' AND ( `start_time` < 1527209168 OR `start_time` = 0 ) AND ( `end_time` > 1527209168 OR `end_time` = 0 )  [ RunTime:0.0003s ]
INFO: [ view_parse ] --START--
INFO: [ template_filter ] --START--
INFO: Run Behavior\ContentReplaceBehavior [ RunTime:0.000189s ]
INFO: [ template_filter ] --END-- [ RunTime:0.000230s ]
NOTIC: [8] Use of undefined constant index - assumed 'index' D:\phpStudy\PHPTutorial\WWW\UUhuyv\Runtime\Cache\Home\769e70f2e46f34ceb60619bbda5e4691.php 第 11 行.
NOTIC: [8] Use of undefined constant Index - assumed 'Index' D:\phpStudy\PHPTutorial\WWW\UUhuyv\Runtime\Cache\Home\769e70f2e46f34ceb60619bbda5e4691.php 第 11 行.
NOTIC: [2] Illegal string offset 'game_name' D:\phpStudy\PHPTutorial\WWW\UUhuyv\Application\Common\Common\extend.php 第 208 行.
NOTIC: [8] Uninitialized string offset: 0 D:\phpStudy\PHPTutorial\WWW\UUhuyv\Application\Common\Common\extend.php 第 208 行.
NOTIC: [2] Illegal string offset 'title' D:\phpStudy\PHPTutorial\WWW\UUhuyv\Application\Common\Common\extend.php 第 208 行.
NOTIC: [8] Uninitialized string offset: 0 D:\phpStudy\PHPTutorial\WWW\UUhuyv\Application\Common\Common\extend.php 第 208 行.
NOTIC: [2] Illegal string offset 'giftbag_name' D:\phpStudy\PHPTutorial\WWW\UUhuyv\Application\Common\Common\extend.php 第 208 行.
NOTIC: [8] Uninitialized string offset: 0 D:\phpStudy\PHPTutorial\WWW\UUhuyv\Application\Common\Common\extend.php 第 208 行.
NOTIC: [2] Illegal string offset 'game_type_name' D:\phpStudy\PHPTutorial\WWW\UUhuyv\Application\Common\Common\extend.php 第 208 行.
NOTIC: [8] Uninitialized string offset: 0 D:\phpStudy\PHPTutorial\WWW\UUhuyv\Application\Common\Common\extend.php 第 208 行.
NOTIC: [2] Illegal string offset 'good_name' D:\phpStudy\PHPTutorial\WWW\UUhuyv\Application\Common\Common\extend.php 第 208 行.
NOTIC: [8] Uninitialized string offset: 0 D:\phpStudy\PHPTutorial\WWW\UUhuyv\Application\Common\Common\extend.php 第 208 行.
SQL: SHOW COLUMNS FROM `sys_picture` [ RunTime:0.0141s ]
SQL: SELECT * FROM `sys_picture` WHERE `status` = 1 AND `id` = 61 LIMIT 1   [ RunTime:0.0004s ]
SQL: SHOW COLUMNS FROM `tab_tool` [ RunTime:0.0168s ]
SQL: SELECT * FROM `tab_tool` WHERE `name` = 'oss_storage' LIMIT 1   [ RunTime:0.0004s ]
SQL: SELECT * FROM `tab_tool` WHERE `name` = 'qiniu_storage' LIMIT 1   [ RunTime:0.0003s ]
SQL: SELECT * FROM `sys_picture` WHERE `status` = 1 AND `id` = 377 LIMIT 1   [ RunTime:0.0003s ]
SQL: SELECT * FROM `tab_tool` WHERE `name` = 'oss_storage' LIMIT 1   [ RunTime:0.0003s ]
SQL: SELECT * FROM `tab_tool` WHERE `name` = 'qiniu_storage' LIMIT 1   [ RunTime:0.0002s ]
SQL: SHOW COLUMNS FROM `sys_channel` [ RunTime:0.0110s ]
SQL: SELECT `id`,`pid`,`title`,`url`,`sort`,`create_time`,`update_time`,`status`,`target` FROM `sys_channel` WHERE ( status=1 ) ORDER BY sort asc  [ RunTime:0.0004s ]
NOTIC: [8] Undefined index: home_account D:\phpStudy\PHPTutorial\WWW\UUhuyv\Runtime\Cache\Home\769e70f2e46f34ceb60619bbda5e4691.php 第 72 行.
NOTIC: [8] Undefined index: home_pas D:\phpStudy\PHPTutorial\WWW\UUhuyv\Runtime\Cache\Home\769e70f2e46f34ceb60619bbda5e4691.php 第 80 行.
INFO: Run Behavior\ParseTemplateBehavior [ RunTime:0.063484s ]
INFO: [ view_parse ] --END-- [ RunTime:0.063519s ]
INFO: [ view_filter ] --START--
INFO: Run Behavior\WriteHtmlCacheBehavior [ RunTime:0.000341s ]
INFO: [ view_filter ] --END-- [ RunTime:0.000370s ]
INFO: [ app_end ] --START--
INFO: Run Behavior\ShowPageTraceBehavior [ RunTime:0.000600s ]
INFO: [ app_end ] --END-- [ RunTime:0.000638s ]

[ 2018-05-25T08:46:08+08:00 ] 127.0.0.1 /index.php?s=/Home/Index/verify
INFO: [ app_init ] --START--
INFO: Run Behavior\BuildLiteBehavior [ RunTime:0.000038s ]
INFO: Run Common\Behavior\InitHookBehavior [ RunTime:0.001950s ]
INFO: [ app_init ] --END-- [ RunTime:0.002068s ]
SQL: SHOW COLUMNS FROM `sys_config` [ RunTime:0.0050s ]
SQL: SELECT `type`,`name`,`value` FROM `sys_config` WHERE `status` = 1  [ RunTime:0.0006s ]
INFO: [ app_begin ] --START--
INFO: Run Behavior\ReadHtmlCacheBehavior [ RunTime:0.000530s ]
INFO: [ app_begin ] --END-- [ RunTime:0.000599s ]
SQL: SHOW COLUMNS FROM `tab_apply_union` [ RunTime:0.0040s ]
SQL: SELECT `union_id`,`union_account`,`status`,`apply_domain_type`,`domain_url`,`union_set` FROM `tab_apply_union` WHERE `domain_url` IN ('www.local.uuhuyv.com','http://www.local.uuhuyv.com','https://www.local.uuhuyv.com') LIMIT 1   [ RunTime:0.0003s ]
SQL: SELECT `type`,`name`,`value` FROM `sys_config` WHERE `status` = 1  [ RunTime:0.0005s ]
INFO: [ app_end ] --START--
INFO: Run Behavior\ShowPageTraceBehavior [ RunTime:0.001294s ]
INFO: [ app_end ] --END-- [ RunTime:0.001354s ]

[ 2018-05-25T09:00:31+08:00 ] 127.0.0.1 /
INFO: [ app_init ] --START--
INFO: Run Behavior\BuildLiteBehavior [ RunTime:0.000010s ]
INFO: Run Common\Behavior\InitHookBehavior [ RunTime:0.004452s ]
INFO: [ app_init ] --END-- [ RunTime:0.004553s ]
SQL: SHOW COLUMNS FROM `sys_config` [ RunTime:0.0046s ]
SQL: SELECT `type`,`name`,`value` FROM `sys_config` WHERE `status` = 1  [ RunTime:0.0007s ]
INFO: [ app_begin ] --START--
INFO: Run Behavior\ReadHtmlCacheBehavior [ RunTime:0.000495s ]
INFO: [ app_begin ] --END-- [ RunTime:0.000550s ]
SQL: SHOW COLUMNS FROM `tab_apply_union` [ RunTime:0.0041s ]
SQL: SELECT `union_id`,`union_account`,`status`,`apply_domain_type`,`domain_url`,`union_set` FROM `tab_apply_union` WHERE `domain_url` IN ('www.local.uuhuyv.com','http://www.local.uuhuyv.com','https://www.local.uuhuyv.com') LIMIT 1   [ RunTime:0.0003s ]
SQL: SELECT `type`,`name`,`value` FROM `sys_config` WHERE `status` = 1  [ RunTime:0.0006s ]
SQL: SHOW COLUMNS FROM `tab_game` [ RunTime:0.0043s ]
SQL: SELECT * FROM `tab_game` WHERE `game_status` = 1 AND `recommend_status` = 1 ORDER BY sort desc,id DESC  [ RunTime:0.0008s ]
SQL: SHOW COLUMNS FROM `sys_category` [ RunTime:0.0046s ]
SQL: SELECT * FROM `sys_category` WHERE `name` IN ('tui_gg') AND `status` = 1  [ RunTime:0.0005s ]
SQL: SHOW COLUMNS FROM `sys_document` [ RunTime:0.0046s ]
SQL: SELECT * FROM `sys_document` WHERE `category_id` IN ('83') AND `status` = 1 AND `create_time` <= 1527210031 AND `deadline` NOT BETWEEN 1 AND 1527210031 ORDER BY update_time desc  [ RunTime:0.0006s ]
SQL: SELECT * FROM `sys_category` WHERE `name` IN ('tui_zx') AND `status` = 1  [ RunTime:0.0003s ]
SQL: SELECT * FROM `sys_document` WHERE `category_id` IN ('82') AND `status` = 1 AND `create_time` <= 1527210031 AND `deadline` NOT BETWEEN 1 AND 1527210031 ORDER BY update_time desc  [ RunTime:0.0006s ]
SQL: SHOW COLUMNS FROM `tab_adv` [ RunTime:0.0042s ]
SQL: SELECT tab_adv.*,tab_adv_pos.name FROM `tab_adv` INNER JOIN tab_adv_pos on tab_adv.pos_id = tab_adv_pos.id  WHERE tab_adv.status = 1 AND tab_adv_pos.name = 'index_gg' AND ( `start_time` < 1527210031 OR `start_time` = 0 ) AND ( `end_time` > 1527210031 OR `end_time` = 0 )  [ RunTime:0.0004s ]
SQL: SELECT tab_adv.*,tab_adv_pos.name FROM `tab_adv` INNER JOIN tab_adv_pos on tab_adv.pos_id = tab_adv_pos.id  WHERE tab_adv.status = 1 AND tab_adv_pos.name = 'index_zx' AND ( `start_time` < 1527210031 OR `start_time` = 0 ) AND ( `end_time` > 1527210031 OR `end_time` = 0 )  [ RunTime:0.0003s ]
INFO: [ view_parse ] --START--
INFO: [ template_filter ] --START--
INFO: Run Behavior\ContentReplaceBehavior [ RunTime:0.000206s ]
INFO: [ template_filter ] --END-- [ RunTime:0.000252s ]
NOTIC: [8] Use of undefined constant index - assumed 'index' D:\phpStudy\PHPTutorial\WWW\UUhuyv\Runtime\Cache\Home\769e70f2e46f34ceb60619bbda5e4691.php 第 11 行.
NOTIC: [8] Use of undefined constant Index - assumed 'Index' D:\phpStudy\PHPTutorial\WWW\UUhuyv\Runtime\Cache\Home\769e70f2e46f34ceb60619bbda5e4691.php 第 11 行.
NOTIC: [2] Illegal string offset 'game_name' D:\phpStudy\PHPTutorial\WWW\UUhuyv\Application\Common\Common\extend.php 第 208 行.
NOTIC: [8] Uninitialized string offset: 0 D:\phpStudy\PHPTutorial\WWW\UUhuyv\Application\Common\Common\extend.php 第 208 行.
NOTIC: [2] Illegal string offset 'title' D:\phpStudy\PHPTutorial\WWW\UUhuyv\Application\Common\Common\extend.php 第 208 行.
NOTIC: [8] Uninitialized string offset: 0 D:\phpStudy\PHPTutorial\WWW\UUhuyv\Application\Common\Common\extend.php 第 208 行.
NOTIC: [2] Illegal string offset 'giftbag_name' D:\phpStudy\PHPTutorial\WWW\UUhuyv\Application\Common\Common\extend.php 第 208 行.
NOTIC: [8] Uninitialized string offset: 0 D:\phpStudy\PHPTutorial\WWW\UUhuyv\Application\Common\Common\extend.php 第 208 行.
NOTIC: [2] Illegal string offset 'game_type_name' D:\phpStudy\PHPTutorial\WWW\UUhuyv\Application\Common\Common\extend.php 第 208 行.
NOTIC: [8] Uninitialized string offset: 0 D:\phpStudy\PHPTutorial\WWW\UUhuyv\Application\Common\Common\extend.php 第 208 行.
NOTIC: [2] Illegal string offset 'good_name' D:\phpStudy\PHPTutorial\WWW\UUhuyv\Application\Common\Common\extend.php 第 208 行.
NOTIC: [8] Uninitialized string offset: 0 D:\phpStudy\PHPTutorial\WWW\UUhuyv\Application\Common\Common\extend.php 第 208 行.
SQL: SHOW COLUMNS FROM `sys_picture` [ RunTime:0.0039s ]
SQL: SELECT * FROM `sys_picture` WHERE `status` = 1 AND `id` = 61 LIMIT 1   [ RunTime:0.0002s ]
SQL: SHOW COLUMNS FROM `tab_tool` [ RunTime:0.0043s ]
SQL: SELECT * FROM `tab_tool` WHERE `name` = 'oss_storage' LIMIT 1   [ RunTime:0.0002s ]
SQL: SELECT * FROM `tab_tool` WHERE `name` = 'qiniu_storage' LIMIT 1   [ RunTime:0.0002s ]
SQL: SELECT * FROM `sys_picture` WHERE `status` = 1 AND `id` = 377 LIMIT 1   [ RunTime:0.0002s ]
SQL: SELECT * FROM `tab_tool` WHERE `name` = 'oss_storage' LIMIT 1   [ RunTime:0.0002s ]
SQL: SELECT * FROM `tab_tool` WHERE `name` = 'qiniu_storage' LIMIT 1   [ RunTime:0.0002s ]
SQL: SHOW COLUMNS FROM `sys_channel` [ RunTime:0.0037s ]
SQL: SELECT `id`,`pid`,`title`,`url`,`sort`,`create_time`,`update_time`,`status`,`target` FROM `sys_channel` WHERE ( status=1 ) ORDER BY sort asc  [ RunTime:0.0002s ]
NOTIC: [8] Undefined index: home_account D:\phpStudy\PHPTutorial\WWW\UUhuyv\Runtime\Cache\Home\769e70f2e46f34ceb60619bbda5e4691.php 第 72 行.
NOTIC: [8] Undefined index: home_pas D:\phpStudy\PHPTutorial\WWW\UUhuyv\Runtime\Cache\Home\769e70f2e46f34ceb60619bbda5e4691.php 第 80 行.
INFO: Run Behavior\ParseTemplateBehavior [ RunTime:0.031174s ]
INFO: [ view_parse ] --END-- [ RunTime:0.031208s ]
INFO: [ view_filter ] --START--
INFO: Run Behavior\WriteHtmlCacheBehavior [ RunTime:0.000396s ]
INFO: [ view_filter ] --END-- [ RunTime:0.000431s ]
INFO: [ app_end ] --START--
INFO: Run Behavior\ShowPageTraceBehavior [ RunTime:0.000495s ]
INFO: [ app_end ] --END-- [ RunTime:0.000538s ]

[ 2018-05-25T09:00:31+08:00 ] 127.0.0.1 /index.php?s=/Home/Index/verify
INFO: [ app_init ] --START--
INFO: Run Behavior\BuildLiteBehavior [ RunTime:0.000011s ]
INFO: Run Common\Behavior\InitHookBehavior [ RunTime:0.001208s ]
INFO: [ app_init ] --END-- [ RunTime:0.001303s ]
SQL: SHOW COLUMNS FROM `sys_config` [ RunTime:0.0047s ]
SQL: SELECT `type`,`name`,`value` FROM `sys_config` WHERE `status` = 1  [ RunTime:0.0006s ]
INFO: [ app_begin ] --START--
INFO: Run Behavior\ReadHtmlCacheBehavior [ RunTime:0.000350s ]
INFO: [ app_begin ] --END-- [ RunTime:0.000401s ]
SQL: SHOW COLUMNS FROM `tab_apply_union` [ RunTime:0.0038s ]
SQL: SELECT `union_id`,`union_account`,`status`,`apply_domain_type`,`domain_url`,`union_set` FROM `tab_apply_union` WHERE `domain_url` IN ('www.local.uuhuyv.com','http://www.local.uuhuyv.com','https://www.local.uuhuyv.com') LIMIT 1   [ RunTime:0.0004s ]
SQL: SELECT `type`,`name`,`value` FROM `sys_config` WHERE `status` = 1  [ RunTime:0.0006s ]
INFO: [ app_end ] --START--
INFO: Run Behavior\ShowPageTraceBehavior [ RunTime:0.000741s ]
INFO: [ app_end ] --END-- [ RunTime:0.000872s ]

[ 2018-05-25T12:08:06+08:00 ] 127.0.0.1 /
INFO: [ app_init ] --START--
INFO: Run Behavior\BuildLiteBehavior [ RunTime:0.000008s ]
INFO: Run Common\Behavior\InitHookBehavior [ RunTime:0.001399s ]
INFO: [ app_init ] --END-- [ RunTime:0.001487s ]
SQL: SHOW COLUMNS FROM `sys_config` [ RunTime:0.0089s ]
SQL: SELECT `type`,`name`,`value` FROM `sys_config` WHERE `status` = 1  [ RunTime:0.0007s ]
INFO: [ app_begin ] --START--
INFO: Run Behavior\ReadHtmlCacheBehavior [ RunTime:0.000389s ]
INFO: [ app_begin ] --END-- [ RunTime:0.000428s ]
SQL: SHOW COLUMNS FROM `tab_apply_union` [ RunTime:0.0113s ]
SQL: SELECT `union_id`,`union_account`,`status`,`apply_domain_type`,`domain_url`,`union_set` FROM `tab_apply_union` WHERE `domain_url` IN ('www.local.uuhuyv.com','http://www.local.uuhuyv.com','https://www.local.uuhuyv.com') LIMIT 1   [ RunTime:0.0003s ]
SQL: SELECT `type`,`name`,`value` FROM `sys_config` WHERE `status` = 1  [ RunTime:0.0005s ]
SQL: SHOW COLUMNS FROM `tab_game` [ RunTime:0.0094s ]
SQL: SELECT * FROM `tab_game` WHERE `game_status` = 1 AND `recommend_status` = 1 ORDER BY sort desc,id DESC  [ RunTime:0.0008s ]
SQL: SHOW COLUMNS FROM `sys_category` [ RunTime:0.0095s ]
SQL: SELECT * FROM `sys_category` WHERE `name` IN ('tui_gg') AND `status` = 1  [ RunTime:0.0007s ]
SQL: SHOW COLUMNS FROM `sys_document` [ RunTime:0.0085s ]
SQL: SELECT * FROM `sys_document` WHERE `category_id` IN ('83') AND `status` = 1 AND `create_time` <= 1527221286 AND `deadline` NOT BETWEEN 1 AND 1527221286 ORDER BY update_time desc  [ RunTime:0.0006s ]
SQL: SELECT * FROM `sys_category` WHERE `name` IN ('tui_zx') AND `status` = 1  [ RunTime:0.0003s ]
SQL: SELECT * FROM `sys_document` WHERE `category_id` IN ('82') AND `status` = 1 AND `create_time` <= 1527221286 AND `deadline` NOT BETWEEN 1 AND 1527221286 ORDER BY update_time desc  [ RunTime:0.0005s ]
SQL: SHOW COLUMNS FROM `tab_adv` [ RunTime:0.0095s ]
SQL: SELECT tab_adv.*,tab_adv_pos.name FROM `tab_adv` INNER JOIN tab_adv_pos on tab_adv.pos_id = tab_adv_pos.id  WHERE tab_adv.status = 1 AND tab_adv_pos.name = 'index_gg' AND ( `start_time` < 1527221286 OR `start_time` = 0 ) AND ( `end_time` > 1527221286 OR `end_time` = 0 )  [ RunTime:0.0008s ]
SQL: SELECT tab_adv.*,tab_adv_pos.name FROM `tab_adv` INNER JOIN tab_adv_pos on tab_adv.pos_id = tab_adv_pos.id  WHERE tab_adv.status = 1 AND tab_adv_pos.name = 'index_zx' AND ( `start_time` < 1527221286 OR `start_time` = 0 ) AND ( `end_time` > 1527221286 OR `end_time` = 0 )  [ RunTime:0.0004s ]
INFO: [ view_parse ] --START--
INFO: [ template_filter ] --START--
INFO: Run Behavior\ContentReplaceBehavior [ RunTime:0.000239s ]
INFO: [ template_filter ] --END-- [ RunTime:0.000278s ]
NOTIC: [8] Use of undefined constant index - assumed 'index' D:\phpStudy\PHPTutorial\WWW\UUhuyv\Runtime\Cache\Home\769e70f2e46f34ceb60619bbda5e4691.php 第 11 行.
NOTIC: [8] Use of undefined constant Index - assumed 'Index' D:\phpStudy\PHPTutorial\WWW\UUhuyv\Runtime\Cache\Home\769e70f2e46f34ceb60619bbda5e4691.php 第 11 行.
NOTIC: [2] Illegal string offset 'game_name' D:\phpStudy\PHPTutorial\WWW\UUhuyv\Application\Common\Common\extend.php 第 208 行.
NOTIC: [8] Uninitialized string offset: 0 D:\phpStudy\PHPTutorial\WWW\UUhuyv\Application\Common\Common\extend.php 第 208 行.
NOTIC: [2] Illegal string offset 'title' D:\phpStudy\PHPTutorial\WWW\UUhuyv\Application\Common\Common\extend.php 第 208 行.
NOTIC: [8] Uninitialized string offset: 0 D:\phpStudy\PHPTutorial\WWW\UUhuyv\Application\Common\Common\extend.php 第 208 行.
NOTIC: [2] Illegal string offset 'giftbag_name' D:\phpStudy\PHPTutorial\WWW\UUhuyv\Application\Common\Common\extend.php 第 208 行.
NOTIC: [8] Uninitialized string offset: 0 D:\phpStudy\PHPTutorial\WWW\UUhuyv\Application\Common\Common\extend.php 第 208 行.
NOTIC: [2] Illegal string offset 'game_type_name' D:\phpStudy\PHPTutorial\WWW\UUhuyv\Application\Common\Common\extend.php 第 208 行.
NOTIC: [8] Uninitialized string offset: 0 D:\phpStudy\PHPTutorial\WWW\UUhuyv\Application\Common\Common\extend.php 第 208 行.
NOTIC: [2] Illegal string offset 'good_name' D:\phpStudy\PHPTutorial\WWW\UUhuyv\Application\Common\Common\extend.php 第 208 行.
NOTIC: [8] Uninitialized string offset: 0 D:\phpStudy\PHPTutorial\WWW\UUhuyv\Application\Common\Common\extend.php 第 208 行.
SQL: SHOW COLUMNS FROM `sys_picture` [ RunTime:0.0085s ]
SQL: SELECT * FROM `sys_picture` WHERE `status` = 1 AND `id` = 61 LIMIT 1   [ RunTime:0.0003s ]
SQL: SHOW COLUMNS FROM `tab_tool` [ RunTime:0.0083s ]
SQL: SELECT * FROM `tab_tool` WHERE `name` = 'oss_storage' LIMIT 1   [ RunTime:0.0004s ]
SQL: SELECT * FROM `tab_tool` WHERE `name` = 'qiniu_storage' LIMIT 1   [ RunTime:0.0003s ]
SQL: SELECT * FROM `sys_picture` WHERE `status` = 1 AND `id` = 377 LIMIT 1   [ RunTime:0.0003s ]
SQL: SELECT * FROM `tab_tool` WHERE `name` = 'oss_storage' LIMIT 1   [ RunTime:0.0003s ]
SQL: SELECT * FROM `tab_tool` WHERE `name` = 'qiniu_storage' LIMIT 1   [ RunTime:0.0003s ]
SQL: SHOW COLUMNS FROM `sys_channel` [ RunTime:0.0156s ]
SQL: SELECT `id`,`pid`,`title`,`url`,`sort`,`create_time`,`update_time`,`status`,`target` FROM `sys_channel` WHERE ( status=1 ) ORDER BY sort asc  [ RunTime:0.0004s ]
NOTIC: [8] Undefined index: home_account D:\phpStudy\PHPTutorial\WWW\UUhuyv\Runtime\Cache\Home\769e70f2e46f34ceb60619bbda5e4691.php 第 72 行.
NOTIC: [8] Undefined index: home_pas D:\phpStudy\PHPTutorial\WWW\UUhuyv\Runtime\Cache\Home\769e70f2e46f34ceb60619bbda5e4691.php 第 80 行.
INFO: Run Behavior\ParseTemplateBehavior [ RunTime:0.053154s ]
INFO: [ view_parse ] --END-- [ RunTime:0.053187s ]
INFO: [ view_filter ] --START--
INFO: Run Behavior\WriteHtmlCacheBehavior [ RunTime:0.000374s ]
INFO: [ view_filter ] --END-- [ RunTime:0.000401s ]
INFO: [ app_end ] --START--
INFO: Run Behavior\ShowPageTraceBehavior [ RunTime:0.000477s ]
INFO: [ app_end ] --END-- [ RunTime:0.000526s ]

[ 2018-05-25T12:08:06+08:00 ] 127.0.0.1 /index.php?s=/Home/Index/verify
INFO: [ app_init ] --START--
INFO: Run Behavior\BuildLiteBehavior [ RunTime:0.000010s ]
INFO: Run Common\Behavior\InitHookBehavior [ RunTime:0.001472s ]
INFO: [ app_init ] --END-- [ RunTime:0.001547s ]
SQL: SHOW COLUMNS FROM `sys_config` [ RunTime:0.0096s ]
SQL: SELECT `type`,`name`,`value` FROM `sys_config` WHERE `status` = 1  [ RunTime:0.0008s ]
INFO: [ app_begin ] --START--
INFO: Run Behavior\ReadHtmlCacheBehavior [ RunTime:0.000478s ]
INFO: [ app_begin ] --END-- [ RunTime:0.000533s ]
SQL: SHOW COLUMNS FROM `tab_apply_union` [ RunTime:0.0092s ]
SQL: SELECT `union_id`,`union_account`,`status`,`apply_domain_type`,`domain_url`,`union_set` FROM `tab_apply_union` WHERE `domain_url` IN ('www.local.uuhuyv.com','http://www.local.uuhuyv.com','https://www.local.uuhuyv.com') LIMIT 1   [ RunTime:0.0003s ]
SQL: SELECT `type`,`name`,`value` FROM `sys_config` WHERE `status` = 1  [ RunTime:0.0005s ]
INFO: [ app_end ] --START--
INFO: Run Behavior\ShowPageTraceBehavior [ RunTime:0.000564s ]
INFO: [ app_end ] --END-- [ RunTime:0.000623s ]

[ 2018-05-25T15:29:41+08:00 ] 127.0.0.1 /
INFO: [ app_init ] --START--
INFO: Run Behavior\BuildLiteBehavior [ RunTime:0.000009s ]
INFO: Run Common\Behavior\InitHookBehavior [ RunTime:0.001524s ]
INFO: [ app_init ] --END-- [ RunTime:0.001603s ]
SQL: SHOW COLUMNS FROM `sys_config` [ RunTime:0.0145s ]
SQL: SELECT `type`,`name`,`value` FROM `sys_config` WHERE `status` = 1  [ RunTime:0.0009s ]
INFO: [ app_begin ] --START--
INFO: Run Behavior\ReadHtmlCacheBehavior [ RunTime:0.000878s ]
INFO: [ app_begin ] --END-- [ RunTime:0.000922s ]
SQL: SHOW COLUMNS FROM `tab_apply_union` [ RunTime:0.0118s ]
SQL: SELECT `union_id`,`union_account`,`status`,`apply_domain_type`,`domain_url`,`union_set` FROM `tab_apply_union` WHERE `domain_url` IN ('www.local.uuhuyv.com','http://www.local.uuhuyv.com','https://www.local.uuhuyv.com') LIMIT 1   [ RunTime:0.0005s ]
SQL: SELECT `type`,`name`,`value` FROM `sys_config` WHERE `status` = 1  [ RunTime:0.0007s ]
SQL: SHOW COLUMNS FROM `tab_game` [ RunTime:0.0109s ]
SQL: SELECT * FROM `tab_game` WHERE `game_status` = 1 AND `recommend_status` = 1 ORDER BY sort desc,id DESC  [ RunTime:0.0008s ]
SQL: SHOW COLUMNS FROM `sys_category` [ RunTime:0.0115s ]
SQL: SELECT * FROM `sys_category` WHERE `name` IN ('tui_gg') AND `status` = 1  [ RunTime:0.0005s ]
SQL: SHOW COLUMNS FROM `sys_document` [ RunTime:0.0115s ]
SQL: SELECT * FROM `sys_document` WHERE `category_id` IN ('83') AND `status` = 1 AND `create_time` <= 1527233381 AND `deadline` NOT BETWEEN 1 AND 1527233381 ORDER BY update_time desc  [ RunTime:0.0006s ]
SQL: SELECT * FROM `sys_category` WHERE `name` IN ('tui_zx') AND `status` = 1  [ RunTime:0.0003s ]
SQL: SELECT * FROM `sys_document` WHERE `category_id` IN ('82') AND `status` = 1 AND `create_time` <= 1527233381 AND `deadline` NOT BETWEEN 1 AND 1527233381 ORDER BY update_time desc  [ RunTime:0.0004s ]
SQL: SHOW COLUMNS FROM `tab_adv` [ RunTime:0.0103s ]
SQL: SELECT tab_adv.*,tab_adv_pos.name FROM `tab_adv` INNER JOIN tab_adv_pos on tab_adv.pos_id = tab_adv_pos.id  WHERE tab_adv.status = 1 AND tab_adv_pos.name = 'index_gg' AND ( `start_time` < 1527233381 OR `start_time` = 0 ) AND ( `end_time` > 1527233381 OR `end_time` = 0 )  [ RunTime:0.0008s ]
SQL: SELECT tab_adv.*,tab_adv_pos.name FROM `tab_adv` INNER JOIN tab_adv_pos on tab_adv.pos_id = tab_adv_pos.id  WHERE tab_adv.status = 1 AND tab_adv_pos.name = 'index_zx' AND ( `start_time` < 1527233381 OR `start_time` = 0 ) AND ( `end_time` > 1527233381 OR `end_time` = 0 )  [ RunTime:0.0003s ]
INFO: [ view_parse ] --START--
INFO: [ template_filter ] --START--
INFO: Run Behavior\ContentReplaceBehavior [ RunTime:0.000204s ]
INFO: [ template_filter ] --END-- [ RunTime:0.000260s ]
NOTIC: [8] Use of undefined constant index - assumed 'index' D:\phpStudy\PHPTutorial\WWW\UUhuyv\Runtime\Cache\Home\769e70f2e46f34ceb60619bbda5e4691.php 第 11 行.
NOTIC: [8] Use of undefined constant Index - assumed 'Index' D:\phpStudy\PHPTutorial\WWW\UUhuyv\Runtime\Cache\Home\769e70f2e46f34ceb60619bbda5e4691.php 第 11 行.
NOTIC: [2] Illegal string offset 'game_name' D:\phpStudy\PHPTutorial\WWW\UUhuyv\Application\Common\Common\extend.php 第 208 行.
NOTIC: [8] Uninitialized string offset: 0 D:\phpStudy\PHPTutorial\WWW\UUhuyv\Application\Common\Common\extend.php 第 208 行.
NOTIC: [2] Illegal string offset 'title' D:\phpStudy\PHPTutorial\WWW\UUhuyv\Application\Common\Common\extend.php 第 208 行.
NOTIC: [8] Uninitialized string offset: 0 D:\phpStudy\PHPTutorial\WWW\UUhuyv\Application\Common\Common\extend.php 第 208 行.
NOTIC: [2] Illegal string offset 'giftbag_name' D:\phpStudy\PHPTutorial\WWW\UUhuyv\Application\Common\Common\extend.php 第 208 行.
NOTIC: [8] Uninitialized string offset: 0 D:\phpStudy\PHPTutorial\WWW\UUhuyv\Application\Common\Common\extend.php 第 208 行.
NOTIC: [2] Illegal string offset 'game_type_name' D:\phpStudy\PHPTutorial\WWW\UUhuyv\Application\Common\Common\extend.php 第 208 行.
NOTIC: [8] Uninitialized string offset: 0 D:\phpStudy\PHPTutorial\WWW\UUhuyv\Application\Common\Common\extend.php 第 208 行.
NOTIC: [2] Illegal string offset 'good_name' D:\phpStudy\PHPTutorial\WWW\UUhuyv\Application\Common\Common\extend.php 第 208 行.
NOTIC: [8] Uninitialized string offset: 0 D:\phpStudy\PHPTutorial\WWW\UUhuyv\Application\Common\Common\extend.php 第 208 行.
SQL: SHOW COLUMNS FROM `sys_picture` [ RunTime:0.0101s ]
SQL: SELECT * FROM `sys_picture` WHERE `status` = 1 AND `id` = 61 LIMIT 1   [ RunTime:0.0007s ]
SQL: SHOW COLUMNS FROM `tab_tool` [ RunTime:0.0111s ]
SQL: SELECT * FROM `tab_tool` WHERE `name` = 'oss_storage' LIMIT 1   [ RunTime:0.0003s ]
SQL: SELECT * FROM `tab_tool` WHERE `name` = 'qiniu_storage' LIMIT 1   [ RunTime:0.0002s ]
SQL: SELECT * FROM `sys_picture` WHERE `status` = 1 AND `id` = 377 LIMIT 1   [ RunTime:0.0002s ]
SQL: SELECT * FROM `tab_tool` WHERE `name` = 'oss_storage' LIMIT 1   [ RunTime:0.0002s ]
SQL: SELECT * FROM `tab_tool` WHERE `name` = 'qiniu_storage' LIMIT 1   [ RunTime:0.0002s ]
SQL: SHOW COLUMNS FROM `sys_channel` [ RunTime:0.0101s ]
SQL: SELECT `id`,`pid`,`title`,`url`,`sort`,`create_time`,`update_time`,`status`,`target` FROM `sys_channel` WHERE ( status=1 ) ORDER BY sort asc  [ RunTime:0.0004s ]
NOTIC: [8] Undefined index: home_account D:\phpStudy\PHPTutorial\WWW\UUhuyv\Runtime\Cache\Home\769e70f2e46f34ceb60619bbda5e4691.php 第 72 行.
NOTIC: [8] Undefined index: home_pas D:\phpStudy\PHPTutorial\WWW\UUhuyv\Runtime\Cache\Home\769e70f2e46f34ceb60619bbda5e4691.php 第 80 行.
INFO: Run Behavior\ParseTemplateBehavior [ RunTime:0.052763s ]
INFO: [ view_parse ] --END-- [ RunTime:0.052803s ]
INFO: [ view_filter ] --START--
INFO: Run Behavior\WriteHtmlCacheBehavior [ RunTime:0.000447s ]
INFO: [ view_filter ] --END-- [ RunTime:0.000483s ]
INFO: [ app_end ] --START--
INFO: Run Behavior\ShowPageTraceBehavior [ RunTime:0.000707s ]
INFO: [ app_end ] --END-- [ RunTime:0.000785s ]

[ 2018-05-25T15:29:42+08:00 ] 127.0.0.1 /index.php?s=/Home/Index/verify
INFO: [ app_init ] --START--
INFO: Run Behavior\BuildLiteBehavior [ RunTime:0.000009s ]
INFO: Run Common\Behavior\InitHookBehavior [ RunTime:0.000994s ]
INFO: [ app_init ] --END-- [ RunTime:0.001064s ]
SQL: SHOW COLUMNS FROM `sys_config` [ RunTime:0.0106s ]
SQL: SELECT `type`,`name`,`value` FROM `sys_config` WHERE `status` = 1  [ RunTime:0.0007s ]
INFO: [ app_begin ] --START--
INFO: Run Behavior\ReadHtmlCacheBehavior [ RunTime:0.000445s ]
INFO: [ app_begin ] --END-- [ RunTime:0.000501s ]
SQL: SHOW COLUMNS FROM `tab_apply_union` [ RunTime:0.0100s ]
SQL: SELECT `union_id`,`union_account`,`status`,`apply_domain_type`,`domain_url`,`union_set` FROM `tab_apply_union` WHERE `domain_url` IN ('www.local.uuhuyv.com','http://www.local.uuhuyv.com','https://www.local.uuhuyv.com') LIMIT 1   [ RunTime:0.0003s ]
SQL: SELECT `type`,`name`,`value` FROM `sys_config` WHERE `status` = 1  [ RunTime:0.0005s ]
INFO: [ app_end ] --START--
INFO: Run Behavior\ShowPageTraceBehavior [ RunTime:0.000613s ]
INFO: [ app_end ] --END-- [ RunTime:0.000677s ]

