[ 2018-05-24T09:01:49+08:00 ] 127.0.0.1 /
INFO: [ app_init ] --START--
INFO: Run Behavior\BuildLiteBehavior [ RunTime:0.000012s ]
INFO: Run Common\Behavior\InitHookBehavior [ RunTime:0.003507s ]
INFO: [ app_init ] --END-- [ RunTime:0.003630s ]
SQL: SHOW COLUMNS FROM `sys_config` [ RunTime:0.0158s ]
SQL: SELECT `type`,`name`,`value` FROM `sys_config` WHERE `status` = 1  [ RunTime:0.0007s ]
INFO: [ app_begin ] --START--
INFO: Run Behavior\ReadHtmlCacheBehavior [ RunTime:0.000507s ]
INFO: [ app_begin ] --END-- [ RunTime:0.000572s ]
SQL: SHOW COLUMNS FROM `tab_apply_union` [ RunTime:0.0087s ]
SQL: SELECT `union_id`,`union_account`,`status`,`apply_domain_type`,`domain_url`,`union_set` FROM `tab_apply_union` WHERE `domain_url` IN ('www.local.uuhuyv.com','http://www.local.uuhuyv.com','https://www.local.uuhuyv.com') LIMIT 1   [ RunTime:0.0003s ]
SQL: SELECT `type`,`name`,`value` FROM `sys_config` WHERE `status` = 1  [ RunTime:0.0004s ]
SQL: SHOW COLUMNS FROM `tab_game` [ RunTime:0.0087s ]
SQL: SELECT * FROM `tab_game` WHERE `game_status` = 1 AND `recommend_status` = 1 ORDER BY sort desc,id DESC  [ RunTime:0.0006s ]
SQL: SHOW COLUMNS FROM `sys_category` [ RunTime:0.0138s ]
SQL: SELECT * FROM `sys_category` WHERE `name` IN ('tui_gg') AND `status` = 1  [ RunTime:0.0004s ]
SQL: SHOW COLUMNS FROM `sys_document` [ RunTime:0.0247s ]
SQL: SELECT * FROM `sys_document` WHERE `category_id` IN ('83') AND `status` = 1 AND `create_time` <= 1527123709 AND `deadline` NOT BETWEEN 1 AND 1527123709 ORDER BY update_time desc  [ RunTime:0.0005s ]
SQL: SELECT * FROM `sys_category` WHERE `name` IN ('tui_zx') AND `status` = 1  [ RunTime:0.0002s ]
SQL: SELECT * FROM `sys_document` WHERE `category_id` IN ('82') AND `status` = 1 AND `create_time` <= 1527123709 AND `deadline` NOT BETWEEN 1 AND 1527123709 ORDER BY update_time desc  [ RunTime:0.0003s ]
SQL: SHOW COLUMNS FROM `tab_adv` [ RunTime:0.0206s ]
SQL: SELECT tab_adv.*,tab_adv_pos.name FROM `tab_adv` INNER JOIN tab_adv_pos on tab_adv.pos_id = tab_adv_pos.id  WHERE tab_adv.status = 1 AND tab_adv_pos.name = 'index_gg' AND ( `start_time` < 1527123709 OR `start_time` = 0 ) AND ( `end_time` > 1527123709 OR `end_time` = 0 )  [ RunTime:0.0055s ]
SQL: SELECT tab_adv.*,tab_adv_pos.name FROM `tab_adv` INNER JOIN tab_adv_pos on tab_adv.pos_id = tab_adv_pos.id  WHERE tab_adv.status = 1 AND tab_adv_pos.name = 'index_zx' AND ( `start_time` < 1527123709 OR `start_time` = 0 ) AND ( `end_time` > 1527123709 OR `end_time` = 0 )  [ RunTime:0.0003s ]
INFO: [ view_parse ] --START--
INFO: [ template_filter ] --START--
INFO: Run Behavior\ContentReplaceBehavior [ RunTime:0.000182s ]
INFO: [ template_filter ] --END-- [ RunTime:0.000221s ]
NOTIC: [8] Use of undefined constant index - assumed 'index' D:\phpStudy\PHPTutorial\WWW\UUhuyv\Runtime\Cache\Home\769e70f2e46f34ceb60619bbda5e4691.php 第 11 行.
NOTIC: [8] Use of undefined constant Index - assumed 'Index' D:\phpStudy\PHPTutorial\WWW\UUhuyv\Runtime\Cache\Home\769e70f2e46f34ceb60619bbda5e4691.php 第 11 行.
NOTIC: [2] Illegal string offset 'game_name' D:\phpStudy\PHPTutorial\WWW\UUhuyv\Application\Common\Common\extend.php 第 208 行.
NOTIC: [8] Uninitialized string offset: 0 D:\phpStudy\PHPTutorial\WWW\UUhuyv\Application\Common\Common\extend.php 第 208 行.
NOTIC: [2] Illegal string offset 'title' D:\phpStudy\PHPTutorial\WWW\UUhuyv\Application\Common\Common\extend.php 第 208 行.
NOTIC: [8] Uninitialized string offset: 0 D:\phpStudy\PHPTutorial\WWW\UUhuyv\Application\Common\Common\extend.php 第 208 行.
NOTIC: [2] Illegal string offset 'giftbag_name' D:\phpStudy\PHPTutorial\WWW\UUhuyv\Application\Common\Common\extend.php 第 208 行.
NOTIC: [8] Uninitialized string offset: 0 D:\phpStudy\PHPTutorial\WWW\UUhuyv\Application\Common\Common\extend.php 第 208 行.
NOTIC: [2] Illegal string offset 'game_type_name' D:\phpStudy\PHPTutorial\WWW\UUhuyv\Application\Common\Common\extend.php 第 208 行.
NOTIC: [8] Uninitialized string offset: 0 D:\phpStudy\PHPTutorial\WWW\UUhuyv\Application\Common\Common\extend.php 第 208 行.
NOTIC: [2] Illegal string offset 'good_name' D:\phpStudy\PHPTutorial\WWW\UUhuyv\Application\Common\Common\extend.php 第 208 行.
NOTIC: [8] Uninitialized string offset: 0 D:\phpStudy\PHPTutorial\WWW\UUhuyv\Application\Common\Common\extend.php 第 208 行.
SQL: SHOW COLUMNS FROM `sys_picture` [ RunTime:0.0303s ]
SQL: SELECT * FROM `sys_picture` WHERE `status` = 1 AND `id` = 61 LIMIT 1   [ RunTime:0.0003s ]
SQL: SHOW COLUMNS FROM `tab_tool` [ RunTime:0.0231s ]
SQL: SELECT * FROM `tab_tool` WHERE `name` = 'oss_storage' LIMIT 1   [ RunTime:0.0002s ]
SQL: SELECT * FROM `tab_tool` WHERE `name` = 'qiniu_storage' LIMIT 1   [ RunTime:0.0002s ]
SQL: SELECT * FROM `sys_picture` WHERE `status` = 1 AND `id` = 377 LIMIT 1   [ RunTime:0.0001s ]
SQL: SELECT * FROM `tab_tool` WHERE `name` = 'oss_storage' LIMIT 1   [ RunTime:0.0001s ]
SQL: SELECT * FROM `tab_tool` WHERE `name` = 'qiniu_storage' LIMIT 1   [ RunTime:0.0002s ]
SQL: SHOW COLUMNS FROM `sys_channel` [ RunTime:0.0152s ]
SQL: SELECT `id`,`pid`,`title`,`url`,`sort`,`create_time`,`update_time`,`status`,`target` FROM `sys_channel` WHERE ( status=1 ) ORDER BY sort asc  [ RunTime:0.0003s ]
NOTIC: [8] Undefined index: home_account D:\phpStudy\PHPTutorial\WWW\UUhuyv\Runtime\Cache\Home\769e70f2e46f34ceb60619bbda5e4691.php 第 72 行.
NOTIC: [8] Undefined index: home_pas D:\phpStudy\PHPTutorial\WWW\UUhuyv\Runtime\Cache\Home\769e70f2e46f34ceb60619bbda5e4691.php 第 80 行.
INFO: Run Behavior\ParseTemplateBehavior [ RunTime:0.088035s ]
INFO: [ view_parse ] --END-- [ RunTime:0.088070s ]
INFO: [ view_filter ] --START--
INFO: Run Behavior\WriteHtmlCacheBehavior [ RunTime:0.000386s ]
INFO: [ view_filter ] --END-- [ RunTime:0.000415s ]
INFO: [ app_end ] --START--
INFO: Run Behavior\ShowPageTraceBehavior [ RunTime:0.000487s ]
INFO: [ app_end ] --END-- [ RunTime:0.000523s ]

[ 2018-05-24T09:01:49+08:00 ] 127.0.0.1 /index.php?s=/Home/Index/verify
INFO: [ app_init ] --START--
INFO: Run Behavior\BuildLiteBehavior [ RunTime:0.000014s ]
INFO: Run Common\Behavior\InitHookBehavior [ RunTime:0.001614s ]
INFO: [ app_init ] --END-- [ RunTime:0.001712s ]
SQL: SHOW COLUMNS FROM `sys_config` [ RunTime:0.0117s ]
SQL: SELECT `type`,`name`,`value` FROM `sys_config` WHERE `status` = 1  [ RunTime:0.0006s ]
INFO: [ app_begin ] --START--
INFO: Run Behavior\ReadHtmlCacheBehavior [ RunTime:0.000462s ]
INFO: [ app_begin ] --END-- [ RunTime:0.000516s ]
SQL: SHOW COLUMNS FROM `tab_apply_union` [ RunTime:0.1505s ]
SQL: SELECT `union_id`,`union_account`,`status`,`apply_domain_type`,`domain_url`,`union_set` FROM `tab_apply_union` WHERE `domain_url` IN ('www.local.uuhuyv.com','http://www.local.uuhuyv.com','https://www.local.uuhuyv.com') LIMIT 1   [ RunTime:0.0003s ]
SQL: SELECT `type`,`name`,`value` FROM `sys_config` WHERE `status` = 1  [ RunTime:0.0006s ]
INFO: [ app_end ] --START--
INFO: Run Behavior\ShowPageTraceBehavior [ RunTime:0.000663s ]
INFO: [ app_end ] --END-- [ RunTime:0.000731s ]

[ 2018-05-24T10:35:42+08:00 ] 127.0.0.1 /
INFO: [ app_init ] --START--
INFO: Run Behavior\BuildLiteBehavior [ RunTime:0.000013s ]
INFO: Run Common\Behavior\InitHookBehavior [ RunTime:0.001681s ]
INFO: [ app_init ] --END-- [ RunTime:0.001771s ]
SQL: SHOW COLUMNS FROM `sys_config` [ RunTime:0.0118s ]
SQL: SELECT `type`,`name`,`value` FROM `sys_config` WHERE `status` = 1  [ RunTime:0.0009s ]
INFO: [ app_begin ] --START--
INFO: Run Behavior\ReadHtmlCacheBehavior [ RunTime:0.001053s ]
INFO: [ app_begin ] --END-- [ RunTime:0.001131s ]
SQL: SHOW COLUMNS FROM `tab_apply_union` [ RunTime:0.0086s ]
SQL: SELECT `union_id`,`union_account`,`status`,`apply_domain_type`,`domain_url`,`union_set` FROM `tab_apply_union` WHERE `domain_url` IN ('www.local.uuhuyv.com','http://www.local.uuhuyv.com','https://www.local.uuhuyv.com') LIMIT 1   [ RunTime:0.0004s ]
SQL: SELECT `type`,`name`,`value` FROM `sys_config` WHERE `status` = 1  [ RunTime:0.0006s ]
SQL: SHOW COLUMNS FROM `tab_game` [ RunTime:0.0093s ]
SQL: SELECT * FROM `tab_game` WHERE `game_status` = 1 AND `recommend_status` = 1 ORDER BY sort desc,id DESC  [ RunTime:0.0008s ]
SQL: SHOW COLUMNS FROM `sys_category` [ RunTime:0.0146s ]
SQL: SELECT * FROM `sys_category` WHERE `name` IN ('tui_gg') AND `status` = 1  [ RunTime:0.0007s ]
SQL: SHOW COLUMNS FROM `sys_document` [ RunTime:0.0088s ]
SQL: SELECT * FROM `sys_document` WHERE `category_id` IN ('83') AND `status` = 1 AND `create_time` <= 1527129342 AND `deadline` NOT BETWEEN 1 AND 1527129342 ORDER BY update_time desc  [ RunTime:0.0009s ]
SQL: SELECT * FROM `sys_category` WHERE `name` IN ('tui_zx') AND `status` = 1  [ RunTime:0.0004s ]
SQL: SELECT * FROM `sys_document` WHERE `category_id` IN ('82') AND `status` = 1 AND `create_time` <= 1527129342 AND `deadline` NOT BETWEEN 1 AND 1527129342 ORDER BY update_time desc  [ RunTime:0.0005s ]
SQL: SHOW COLUMNS FROM `tab_adv` [ RunTime:0.0086s ]
SQL: SELECT tab_adv.*,tab_adv_pos.name FROM `tab_adv` INNER JOIN tab_adv_pos on tab_adv.pos_id = tab_adv_pos.id  WHERE tab_adv.status = 1 AND tab_adv_pos.name = 'index_gg' AND ( `start_time` < 1527129342 OR `start_time` = 0 ) AND ( `end_time` > 1527129342 OR `end_time` = 0 )  [ RunTime:0.0010s ]
SQL: SELECT tab_adv.*,tab_adv_pos.name FROM `tab_adv` INNER JOIN tab_adv_pos on tab_adv.pos_id = tab_adv_pos.id  WHERE tab_adv.status = 1 AND tab_adv_pos.name = 'index_zx' AND ( `start_time` < 1527129342 OR `start_time` = 0 ) AND ( `end_time` > 1527129342 OR `end_time` = 0 )  [ RunTime:0.0003s ]
INFO: [ view_parse ] --START--
INFO: [ template_filter ] --START--
INFO: Run Behavior\ContentReplaceBehavior [ RunTime:0.000230s ]
INFO: [ template_filter ] --END-- [ RunTime:0.000337s ]
NOTIC: [8] Use of undefined constant index - assumed 'index' D:\phpStudy\PHPTutorial\WWW\UUhuyv\Runtime\Cache\Home\769e70f2e46f34ceb60619bbda5e4691.php 第 11 行.
NOTIC: [8] Use of undefined constant Index - assumed 'Index' D:\phpStudy\PHPTutorial\WWW\UUhuyv\Runtime\Cache\Home\769e70f2e46f34ceb60619bbda5e4691.php 第 11 行.
NOTIC: [2] Illegal string offset 'game_name' D:\phpStudy\PHPTutorial\WWW\UUhuyv\Application\Common\Common\extend.php 第 208 行.
NOTIC: [8] Uninitialized string offset: 0 D:\phpStudy\PHPTutorial\WWW\UUhuyv\Application\Common\Common\extend.php 第 208 行.
NOTIC: [2] Illegal string offset 'title' D:\phpStudy\PHPTutorial\WWW\UUhuyv\Application\Common\Common\extend.php 第 208 行.
NOTIC: [8] Uninitialized string offset: 0 D:\phpStudy\PHPTutorial\WWW\UUhuyv\Application\Common\Common\extend.php 第 208 行.
NOTIC: [2] Illegal string offset 'giftbag_name' D:\phpStudy\PHPTutorial\WWW\UUhuyv\Application\Common\Common\extend.php 第 208 行.
NOTIC: [8] Uninitialized string offset: 0 D:\phpStudy\PHPTutorial\WWW\UUhuyv\Application\Common\Common\extend.php 第 208 行.
NOTIC: [2] Illegal string offset 'game_type_name' D:\phpStudy\PHPTutorial\WWW\UUhuyv\Application\Common\Common\extend.php 第 208 行.
NOTIC: [8] Uninitialized string offset: 0 D:\phpStudy\PHPTutorial\WWW\UUhuyv\Application\Common\Common\extend.php 第 208 行.
NOTIC: [2] Illegal string offset 'good_name' D:\phpStudy\PHPTutorial\WWW\UUhuyv\Application\Common\Common\extend.php 第 208 行.
NOTIC: [8] Uninitialized string offset: 0 D:\phpStudy\PHPTutorial\WWW\UUhuyv\Application\Common\Common\extend.php 第 208 行.
SQL: SHOW COLUMNS FROM `sys_picture` [ RunTime:0.0126s ]
SQL: SELECT * FROM `sys_picture` WHERE `status` = 1 AND `id` = 61 LIMIT 1   [ RunTime:0.0003s ]
SQL: SHOW COLUMNS FROM `tab_tool` [ RunTime:0.0114s ]
SQL: SELECT * FROM `tab_tool` WHERE `name` = 'oss_storage' LIMIT 1   [ RunTime:0.0003s ]
SQL: SELECT * FROM `tab_tool` WHERE `name` = 'qiniu_storage' LIMIT 1   [ RunTime:0.0003s ]
SQL: SELECT * FROM `sys_picture` WHERE `status` = 1 AND `id` = 377 LIMIT 1   [ RunTime:0.0003s ]
SQL: SELECT * FROM `tab_tool` WHERE `name` = 'oss_storage' LIMIT 1   [ RunTime:0.0003s ]
SQL: SELECT * FROM `tab_tool` WHERE `name` = 'qiniu_storage' LIMIT 1   [ RunTime:0.0002s ]
SQL: SHOW COLUMNS FROM `sys_channel` [ RunTime:0.0125s ]
SQL: SELECT `id`,`pid`,`title`,`url`,`sort`,`create_time`,`update_time`,`status`,`target` FROM `sys_channel` WHERE ( status=1 ) ORDER BY sort asc  [ RunTime:0.0004s ]
NOTIC: [8] Undefined index: home_account D:\phpStudy\PHPTutorial\WWW\UUhuyv\Runtime\Cache\Home\769e70f2e46f34ceb60619bbda5e4691.php 第 72 行.
NOTIC: [8] Undefined index: home_pas D:\phpStudy\PHPTutorial\WWW\UUhuyv\Runtime\Cache\Home\769e70f2e46f34ceb60619bbda5e4691.php 第 80 行.
INFO: Run Behavior\ParseTemplateBehavior [ RunTime:0.058474s ]
INFO: [ view_parse ] --END-- [ RunTime:0.058520s ]
INFO: [ view_filter ] --START--
INFO: Run Behavior\WriteHtmlCacheBehavior [ RunTime:0.000456s ]
INFO: [ view_filter ] --END-- [ RunTime:0.000491s ]
INFO: [ app_end ] --START--
INFO: Run Behavior\ShowPageTraceBehavior [ RunTime:0.000560s ]
INFO: [ app_end ] --END-- [ RunTime:0.000628s ]

[ 2018-05-24T10:35:43+08:00 ] 127.0.0.1 /index.php?s=/Home/Index/verify
INFO: [ app_init ] --START--
INFO: Run Behavior\BuildLiteBehavior [ RunTime:0.000014s ]
INFO: Run Common\Behavior\InitHookBehavior [ RunTime:0.001232s ]
INFO: [ app_init ] --END-- [ RunTime:0.001334s ]
SQL: SHOW COLUMNS FROM `sys_config` [ RunTime:0.0120s ]
SQL: SELECT `type`,`name`,`value` FROM `sys_config` WHERE `status` = 1  [ RunTime:0.0005s ]
INFO: [ app_begin ] --START--
INFO: Run Behavior\ReadHtmlCacheBehavior [ RunTime:0.000535s ]
INFO: [ app_begin ] --END-- [ RunTime:0.000602s ]
SQL: SHOW COLUMNS FROM `tab_apply_union` [ RunTime:0.0119s ]
SQL: SELECT `union_id`,`union_account`,`status`,`apply_domain_type`,`domain_url`,`union_set` FROM `tab_apply_union` WHERE `domain_url` IN ('www.local.uuhuyv.com','http://www.local.uuhuyv.com','https://www.local.uuhuyv.com') LIMIT 1   [ RunTime:0.0003s ]
SQL: SELECT `type`,`name`,`value` FROM `sys_config` WHERE `status` = 1  [ RunTime:0.0005s ]
INFO: [ app_end ] --START--
INFO: Run Behavior\ShowPageTraceBehavior [ RunTime:0.000580s ]
INFO: [ app_end ] --END-- [ RunTime:0.000645s ]

[ 2018-05-24T13:56:48+08:00 ] 127.0.0.1 /
INFO: [ app_init ] --START--
INFO: Run Behavior\BuildLiteBehavior [ RunTime:0.000010s ]
INFO: Run Common\Behavior\InitHookBehavior [ RunTime:0.001467s ]
INFO: [ app_init ] --END-- [ RunTime:0.001543s ]
SQL: SHOW COLUMNS FROM `sys_config` [ RunTime:0.0118s ]
SQL: SELECT `type`,`name`,`value` FROM `sys_config` WHERE `status` = 1  [ RunTime:0.0008s ]
INFO: [ app_begin ] --START--
INFO: Run Behavior\ReadHtmlCacheBehavior [ RunTime:0.000549s ]
INFO: [ app_begin ] --END-- [ RunTime:0.000638s ]
SQL: SHOW COLUMNS FROM `tab_apply_union` [ RunTime:0.0101s ]
SQL: SELECT `union_id`,`union_account`,`status`,`apply_domain_type`,`domain_url`,`union_set` FROM `tab_apply_union` WHERE `domain_url` IN ('www.local.uuhuyv.com','http://www.local.uuhuyv.com','https://www.local.uuhuyv.com') LIMIT 1   [ RunTime:0.0003s ]
SQL: SELECT `type`,`name`,`value` FROM `sys_config` WHERE `status` = 1  [ RunTime:0.0005s ]
SQL: SHOW COLUMNS FROM `tab_game` [ RunTime:0.0140s ]
SQL: SELECT * FROM `tab_game` WHERE `game_status` = 1 AND `recommend_status` = 1 ORDER BY sort desc,id DESC  [ RunTime:0.0008s ]
SQL: SHOW COLUMNS FROM `sys_category` [ RunTime:0.0114s ]
SQL: SELECT * FROM `sys_category` WHERE `name` IN ('tui_gg') AND `status` = 1  [ RunTime:0.0010s ]
SQL: SHOW COLUMNS FROM `sys_document` [ RunTime:0.0105s ]
SQL: SELECT * FROM `sys_document` WHERE `category_id` IN ('83') AND `status` = 1 AND `create_time` <= 1527141408 AND `deadline` NOT BETWEEN 1 AND 1527141408 ORDER BY update_time desc  [ RunTime:0.0005s ]
SQL: SELECT * FROM `sys_category` WHERE `name` IN ('tui_zx') AND `status` = 1  [ RunTime:0.0002s ]
SQL: SELECT * FROM `sys_document` WHERE `category_id` IN ('82') AND `status` = 1 AND `create_time` <= 1527141408 AND `deadline` NOT BETWEEN 1 AND 1527141408 ORDER BY update_time desc  [ RunTime:0.0004s ]
SQL: SHOW COLUMNS FROM `tab_adv` [ RunTime:0.0093s ]
SQL: SELECT tab_adv.*,tab_adv_pos.name FROM `tab_adv` INNER JOIN tab_adv_pos on tab_adv.pos_id = tab_adv_pos.id  WHERE tab_adv.status = 1 AND tab_adv_pos.name = 'index_gg' AND ( `start_time` < 1527141408 OR `start_time` = 0 ) AND ( `end_time` > 1527141408 OR `end_time` = 0 )  [ RunTime:0.0011s ]
SQL: SELECT tab_adv.*,tab_adv_pos.name FROM `tab_adv` INNER JOIN tab_adv_pos on tab_adv.pos_id = tab_adv_pos.id  WHERE tab_adv.status = 1 AND tab_adv_pos.name = 'index_zx' AND ( `start_time` < 1527141408 OR `start_time` = 0 ) AND ( `end_time` > 1527141408 OR `end_time` = 0 )  [ RunTime:0.0005s ]
INFO: [ view_parse ] --START--
INFO: [ template_filter ] --START--
INFO: Run Behavior\ContentReplaceBehavior [ RunTime:0.000323s ]
INFO: [ template_filter ] --END-- [ RunTime:0.000396s ]
NOTIC: [8] Use of undefined constant index - assumed 'index' D:\phpStudy\PHPTutorial\WWW\UUhuyv\Runtime\Cache\Home\769e70f2e46f34ceb60619bbda5e4691.php 第 11 行.
NOTIC: [8] Use of undefined constant Index - assumed 'Index' D:\phpStudy\PHPTutorial\WWW\UUhuyv\Runtime\Cache\Home\769e70f2e46f34ceb60619bbda5e4691.php 第 11 行.
NOTIC: [2] Illegal string offset 'game_name' D:\phpStudy\PHPTutorial\WWW\UUhuyv\Application\Common\Common\extend.php 第 208 行.
NOTIC: [8] Uninitialized string offset: 0 D:\phpStudy\PHPTutorial\WWW\UUhuyv\Application\Common\Common\extend.php 第 208 行.
NOTIC: [2] Illegal string offset 'title' D:\phpStudy\PHPTutorial\WWW\UUhuyv\Application\Common\Common\extend.php 第 208 行.
NOTIC: [8] Uninitialized string offset: 0 D:\phpStudy\PHPTutorial\WWW\UUhuyv\Application\Common\Common\extend.php 第 208 行.
NOTIC: [2] Illegal string offset 'giftbag_name' D:\phpStudy\PHPTutorial\WWW\UUhuyv\Application\Common\Common\extend.php 第 208 行.
NOTIC: [8] Uninitialized string offset: 0 D:\phpStudy\PHPTutorial\WWW\UUhuyv\Application\Common\Common\extend.php 第 208 行.
NOTIC: [2] Illegal string offset 'game_type_name' D:\phpStudy\PHPTutorial\WWW\UUhuyv\Application\Common\Common\extend.php 第 208 行.
NOTIC: [8] Uninitialized string offset: 0 D:\phpStudy\PHPTutorial\WWW\UUhuyv\Application\Common\Common\extend.php 第 208 行.
NOTIC: [2] Illegal string offset 'good_name' D:\phpStudy\PHPTutorial\WWW\UUhuyv\Application\Common\Common\extend.php 第 208 行.
NOTIC: [8] Uninitialized string offset: 0 D:\phpStudy\PHPTutorial\WWW\UUhuyv\Application\Common\Common\extend.php 第 208 行.
SQL: SHOW COLUMNS FROM `sys_picture` [ RunTime:0.0407s ]
SQL: SELECT * FROM `sys_picture` WHERE `status` = 1 AND `id` = 61 LIMIT 1   [ RunTime:0.0004s ]
SQL: SHOW COLUMNS FROM `tab_tool` [ RunTime:0.0102s ]
SQL: SELECT * FROM `tab_tool` WHERE `name` = 'oss_storage' LIMIT 1   [ RunTime:0.0003s ]
SQL: SELECT * FROM `tab_tool` WHERE `name` = 'qiniu_storage' LIMIT 1   [ RunTime:0.0003s ]
SQL: SELECT * FROM `sys_picture` WHERE `status` = 1 AND `id` = 377 LIMIT 1   [ RunTime:0.0003s ]
SQL: SELECT * FROM `tab_tool` WHERE `name` = 'oss_storage' LIMIT 1   [ RunTime:0.0002s ]
SQL: SELECT * FROM `tab_tool` WHERE `name` = 'qiniu_storage' LIMIT 1   [ RunTime:0.0002s ]
SQL: SHOW COLUMNS FROM `sys_channel` [ RunTime:0.0098s ]
SQL: SELECT `id`,`pid`,`title`,`url`,`sort`,`create_time`,`update_time`,`status`,`target` FROM `sys_channel` WHERE ( status=1 ) ORDER BY sort asc  [ RunTime:0.0003s ]
NOTIC: [8] Undefined index: home_account D:\phpStudy\PHPTutorial\WWW\UUhuyv\Runtime\Cache\Home\769e70f2e46f34ceb60619bbda5e4691.php 第 72 行.
NOTIC: [8] Undefined index: home_pas D:\phpStudy\PHPTutorial\WWW\UUhuyv\Runtime\Cache\Home\769e70f2e46f34ceb60619bbda5e4691.php 第 80 行.
INFO: Run Behavior\ParseTemplateBehavior [ RunTime:0.081673s ]
INFO: [ view_parse ] --END-- [ RunTime:0.081712s ]
INFO: [ view_filter ] --START--
INFO: Run Behavior\WriteHtmlCacheBehavior [ RunTime:0.000399s ]
INFO: [ view_filter ] --END-- [ RunTime:0.000433s ]
INFO: [ app_end ] --START--
INFO: Run Behavior\ShowPageTraceBehavior [ RunTime:0.000633s ]
INFO: [ app_end ] --END-- [ RunTime:0.000687s ]

[ 2018-05-24T13:56:48+08:00 ] 127.0.0.1 /index.php?s=/Home/Index/verify
INFO: [ app_init ] --START--
INFO: Run Behavior\BuildLiteBehavior [ RunTime:0.000011s ]
INFO: Run Common\Behavior\InitHookBehavior [ RunTime:0.001158s ]
INFO: [ app_init ] --END-- [ RunTime:0.001243s ]
SQL: SHOW COLUMNS FROM `sys_config` [ RunTime:0.0109s ]
SQL: SELECT `type`,`name`,`value` FROM `sys_config` WHERE `status` = 1  [ RunTime:0.0008s ]
INFO: [ app_begin ] --START--
INFO: Run Behavior\ReadHtmlCacheBehavior [ RunTime:0.000408s ]
INFO: [ app_begin ] --END-- [ RunTime:0.000469s ]
SQL: SHOW COLUMNS FROM `tab_apply_union` [ RunTime:0.0117s ]
SQL: SELECT `union_id`,`union_account`,`status`,`apply_domain_type`,`domain_url`,`union_set` FROM `tab_apply_union` WHERE `domain_url` IN ('www.local.uuhuyv.com','http://www.local.uuhuyv.com','https://www.local.uuhuyv.com') LIMIT 1   [ RunTime:0.0004s ]
SQL: SELECT `type`,`name`,`value` FROM `sys_config` WHERE `status` = 1  [ RunTime:0.0007s ]
INFO: [ app_end ] --START--
INFO: Run Behavior\ShowPageTraceBehavior [ RunTime:0.000583s ]
INFO: [ app_end ] --END-- [ RunTime:0.000650s ]

[ 2018-05-24T13:57:01+08:00 ] 127.0.0.1 /index.php?s=/Home/Article/more_lists/type/zx.html
INFO: [ app_init ] --START--
INFO: Run Behavior\BuildLiteBehavior [ RunTime:0.000010s ]
INFO: Run Common\Behavior\InitHookBehavior [ RunTime:0.001437s ]
INFO: [ app_init ] --END-- [ RunTime:0.001508s ]
SQL: SHOW COLUMNS FROM `sys_config` [ RunTime:0.0092s ]
SQL: SELECT `type`,`name`,`value` FROM `sys_config` WHERE `status` = 1  [ RunTime:0.0006s ]
INFO: [ app_begin ] --START--
INFO: Run Behavior\ReadHtmlCacheBehavior [ RunTime:0.000427s ]
INFO: [ app_begin ] --END-- [ RunTime:0.000469s ]
SQL: SHOW COLUMNS FROM `tab_apply_union` [ RunTime:0.0083s ]
SQL: SELECT `union_id`,`union_account`,`status`,`apply_domain_type`,`domain_url`,`union_set` FROM `tab_apply_union` WHERE `domain_url` IN ('www.local.uuhuyv.com','http://www.local.uuhuyv.com','https://www.local.uuhuyv.com') LIMIT 1   [ RunTime:0.0003s ]
SQL: SELECT `type`,`name`,`value` FROM `sys_config` WHERE `status` = 1  [ RunTime:0.0005s ]
SQL: SHOW COLUMNS FROM `sys_category` [ RunTime:0.0092s ]
SQL: SELECT `id`,`name`,`title`,`pid`,`sort`,`list_row`,`meta_title`,`keywords`,`description`,`template_index`,`template_lists`,`template_detail`,`template_edit`,`model`,`model_sub`,`type`,`link_id`,`allow_publish`,`display`,`reply`,`check`,`reply_model`,`extend`,`create_time`,`update_time`,`status`,`icon`,`groups` FROM `sys_category` WHERE `name` = 'tui_zx' LIMIT 1   [ RunTime:0.0004s ]
SQL: SHOW COLUMNS FROM `sys_document` [ RunTime:0.0089s ]
SQL: SELECT `id`,`uid`,`name`,`title`,`category_id`,`group_id`,`description`,`root`,`pid`,`model_id`,`type`,`position`,`link_id`,`cover_id`,`display`,`deadline`,`attach`,`view`,`comment`,`extend`,`level`,`create_time`,`update_time`,`status`,`belong_game` FROM `sys_document` WHERE `status` = 1 AND `pid` = 0 AND `display` = 1 AND `category_id` = 82 AND `create_time` < 1527141420 AND ( deadline = 0 OR deadline > 1527141420 ) ORDER BY level desc,id desc LIMIT 0,10   [ RunTime:0.0006s ]
SQL: SELECT COUNT(*) AS tp_count FROM `sys_document` WHERE `category_id` = 82 AND `status` = 1 LIMIT 1   [ RunTime:0.0003s ]
SQL: SELECT `id`,`uid`,`name`,`title`,`category_id`,`group_id`,`description`,`root`,`pid`,`model_id`,`type`,`position`,`link_id`,`cover_id`,`display`,`deadline`,`attach`,`view`,`comment`,`extend`,`level`,`create_time`,`update_time`,`status`,`belong_game` FROM `sys_document` WHERE `id` = 32 LIMIT 1   [ RunTime:0.0005s ]
SQL: SHOW COLUMNS FROM `sys_document_article` [ RunTime:0.0387s ]
SQL: SELECT `id`,`parse`,`content`,`template`,`belong_game`,`bookmark` FROM `sys_document_article` WHERE `id` = 32 LIMIT 1   [ RunTime:0.0049s ]
INFO: [ view_parse ] --START--
INFO: [ template_filter ] --START--
INFO: Run Behavior\ContentReplaceBehavior [ RunTime:0.000101s ]
INFO: [ template_filter ] --END-- [ RunTime:0.000142s ]
NOTIC: [8] Use of undefined constant index - assumed 'index' D:\phpStudy\PHPTutorial\WWW\UUhuyv\Runtime\Cache\Home\f2714c1c2508c6cce8f7ecf3706a6760.php 第 11 行.
NOTIC: [8] Use of undefined constant game_list - assumed 'game_list' D:\phpStudy\PHPTutorial\WWW\UUhuyv\Runtime\Cache\Home\f2714c1c2508c6cce8f7ecf3706a6760.php 第 14 行.
NOTIC: [8] Use of undefined constant detail - assumed 'detail' D:\phpStudy\PHPTutorial\WWW\UUhuyv\Runtime\Cache\Home\f2714c1c2508c6cce8f7ecf3706a6760.php 第 18 行.
NOTIC: [8] Use of undefined constant more_lists - assumed 'more_lists' D:\phpStudy\PHPTutorial\WWW\UUhuyv\Runtime\Cache\Home\f2714c1c2508c6cce8f7ecf3706a6760.php 第 22 行.
NOTIC: [8] Use of undefined constant Article - assumed 'Article' D:\phpStudy\PHPTutorial\WWW\UUhuyv\Runtime\Cache\Home\f2714c1c2508c6cce8f7ecf3706a6760.php 第 22 行.
NOTIC: [2] Illegal string offset 'game_name' D:\phpStudy\PHPTutorial\WWW\UUhuyv\Application\Common\Common\extend.php 第 208 行.
NOTIC: [8] Uninitialized string offset: 0 D:\phpStudy\PHPTutorial\WWW\UUhuyv\Application\Common\Common\extend.php 第 208 行.
NOTIC: [2] Illegal string offset 'title' D:\phpStudy\PHPTutorial\WWW\UUhuyv\Application\Common\Common\extend.php 第 208 行.
NOTIC: [8] Uninitialized string offset: 0 D:\phpStudy\PHPTutorial\WWW\UUhuyv\Application\Common\Common\extend.php 第 208 行.
NOTIC: [2] Illegal string offset 'giftbag_name' D:\phpStudy\PHPTutorial\WWW\UUhuyv\Application\Common\Common\extend.php 第 208 行.
NOTIC: [8] Uninitialized string offset: 0 D:\phpStudy\PHPTutorial\WWW\UUhuyv\Application\Common\Common\extend.php 第 208 行.
NOTIC: [2] Illegal string offset 'game_type_name' D:\phpStudy\PHPTutorial\WWW\UUhuyv\Application\Common\Common\extend.php 第 208 行.
NOTIC: [8] Uninitialized string offset: 0 D:\phpStudy\PHPTutorial\WWW\UUhuyv\Application\Common\Common\extend.php 第 208 行.
NOTIC: [2] Illegal string offset 'good_name' D:\phpStudy\PHPTutorial\WWW\UUhuyv\Application\Common\Common\extend.php 第 208 行.
NOTIC: [8] Uninitialized string offset: 0 D:\phpStudy\PHPTutorial\WWW\UUhuyv\Application\Common\Common\extend.php 第 208 行.
SQL: SHOW COLUMNS FROM `sys_picture` [ RunTime:0.0094s ]
SQL: SELECT * FROM `sys_picture` WHERE `status` = 1 AND `id` = 61 LIMIT 1   [ RunTime:0.0004s ]
SQL: SHOW COLUMNS FROM `tab_tool` [ RunTime:0.0082s ]
SQL: SELECT * FROM `tab_tool` WHERE `name` = 'oss_storage' LIMIT 1   [ RunTime:0.0003s ]
SQL: SELECT * FROM `tab_tool` WHERE `name` = 'qiniu_storage' LIMIT 1   [ RunTime:0.0003s ]
SQL: SELECT * FROM `sys_picture` WHERE `status` = 1 AND `id` = 377 LIMIT 1   [ RunTime:0.0002s ]
SQL: SELECT * FROM `tab_tool` WHERE `name` = 'oss_storage' LIMIT 1   [ RunTime:0.0003s ]
SQL: SELECT * FROM `tab_tool` WHERE `name` = 'qiniu_storage' LIMIT 1   [ RunTime:0.0003s ]
SQL: SHOW COLUMNS FROM `sys_channel` [ RunTime:0.0139s ]
SQL: SELECT `id`,`pid`,`title`,`url`,`sort`,`create_time`,`update_time`,`status`,`target` FROM `sys_channel` WHERE ( status=1 ) ORDER BY sort asc  [ RunTime:0.0004s ]
INFO: Run Behavior\ParseTemplateBehavior [ RunTime:0.052838s ]
INFO: [ view_parse ] --END-- [ RunTime:0.052885s ]
INFO: [ view_filter ] --START--
INFO: Run Behavior\WriteHtmlCacheBehavior [ RunTime:0.000381s ]
INFO: [ view_filter ] --END-- [ RunTime:0.000409s ]
INFO: [ app_end ] --START--
INFO: Run Behavior\ShowPageTraceBehavior [ RunTime:0.000412s ]
INFO: [ app_end ] --END-- [ RunTime:0.000441s ]

[ 2018-05-24T13:57:01+08:00 ] 127.0.0.1 /index.php?s=/Home/Article/game_list.html
INFO: [ app_init ] --START--
INFO: Run Behavior\BuildLiteBehavior [ RunTime:0.000009s ]
INFO: Run Common\Behavior\InitHookBehavior [ RunTime:0.001062s ]
INFO: [ app_init ] --END-- [ RunTime:0.001127s ]
SQL: SHOW COLUMNS FROM `sys_config` [ RunTime:0.0095s ]
SQL: SELECT `type`,`name`,`value` FROM `sys_config` WHERE `status` = 1  [ RunTime:0.0006s ]
INFO: [ app_begin ] --START--
INFO: Run Behavior\ReadHtmlCacheBehavior [ RunTime:0.000406s ]
INFO: [ app_begin ] --END-- [ RunTime:0.000454s ]
SQL: SHOW COLUMNS FROM `tab_apply_union` [ RunTime:0.0081s ]
SQL: SELECT `union_id`,`union_account`,`status`,`apply_domain_type`,`domain_url`,`union_set` FROM `tab_apply_union` WHERE `domain_url` IN ('www.local.uuhuyv.com','http://www.local.uuhuyv.com','https://www.local.uuhuyv.com') LIMIT 1   [ RunTime:0.0003s ]
SQL: SELECT `type`,`name`,`value` FROM `sys_config` WHERE `status` = 1  [ RunTime:0.0005s ]
SQL: SHOW COLUMNS FROM `tab_game` [ RunTime:0.0094s ]
NOTIC: [8] Undefined index: gt D:\phpStudy\PHPTutorial\WWW\UUhuyv\Application\Home\Controller\ArticleController.class.php 第 93 行.
NOTIC: [8] Undefined variable: map D:\phpStudy\PHPTutorial\WWW\UUhuyv\Application\Home\Controller\ArticleController.class.php 第 97 行.
SQL: SELECT * FROM `tab_game` WHERE `game_status` = 1 ORDER BY sort asc LIMIT 0,25   [ RunTime:0.0006s ]
NOTIC: [8] Undefined variable: map D:\phpStudy\PHPTutorial\WWW\UUhuyv\Application\Home\Controller\ArticleController.class.php 第 98 行.
NOTIC: [2] array_merge(): Argument #2 is not an array D:\phpStudy\PHPTutorial\WWW\UUhuyv\ThinkPHP\Library\Think\Model.class.php 第 1782 行.
SQL: SELECT COUNT(*) AS tp_count FROM `tab_game` LIMIT 1   [ RunTime:0.0002s ]
INFO: [ view_parse ] --START--
INFO: [ template_filter ] --START--
INFO: Run Behavior\ContentReplaceBehavior [ RunTime:0.000209s ]
INFO: [ template_filter ] --END-- [ RunTime:0.000425s ]
NOTIC: [8] Use of undefined constant index - assumed 'index' D:\phpStudy\PHPTutorial\WWW\UUhuyv\Runtime\Cache\Home\68977bc2c2154ea5245ac1900d8de047.php 第 11 行.
NOTIC: [8] Use of undefined constant game_list - assumed 'game_list' D:\phpStudy\PHPTutorial\WWW\UUhuyv\Runtime\Cache\Home\68977bc2c2154ea5245ac1900d8de047.php 第 14 行.
NOTIC: [8] Use of undefined constant Article - assumed 'Article' D:\phpStudy\PHPTutorial\WWW\UUhuyv\Runtime\Cache\Home\68977bc2c2154ea5245ac1900d8de047.php 第 14 行.
NOTIC: [2] Illegal string offset 'game_name' D:\phpStudy\PHPTutorial\WWW\UUhuyv\Application\Common\Common\extend.php 第 208 行.
NOTIC: [8] Uninitialized string offset: 0 D:\phpStudy\PHPTutorial\WWW\UUhuyv\Application\Common\Common\extend.php 第 208 行.
NOTIC: [2] Illegal string offset 'title' D:\phpStudy\PHPTutorial\WWW\UUhuyv\Application\Common\Common\extend.php 第 208 行.
NOTIC: [8] Uninitialized string offset: 0 D:\phpStudy\PHPTutorial\WWW\UUhuyv\Application\Common\Common\extend.php 第 208 行.
NOTIC: [2] Illegal string offset 'giftbag_name' D:\phpStudy\PHPTutorial\WWW\UUhuyv\Application\Common\Common\extend.php 第 208 行.
NOTIC: [8] Uninitialized string offset: 0 D:\phpStudy\PHPTutorial\WWW\UUhuyv\Application\Common\Common\extend.php 第 208 行.
NOTIC: [2] Illegal string offset 'game_type_name' D:\phpStudy\PHPTutorial\WWW\UUhuyv\Application\Common\Common\extend.php 第 208 行.
NOTIC: [8] Uninitialized string offset: 0 D:\phpStudy\PHPTutorial\WWW\UUhuyv\Application\Common\Common\extend.php 第 208 行.
NOTIC: [2] Illegal string offset 'good_name' D:\phpStudy\PHPTutorial\WWW\UUhuyv\Application\Common\Common\extend.php 第 208 行.
NOTIC: [8] Uninitialized string offset: 0 D:\phpStudy\PHPTutorial\WWW\UUhuyv\Application\Common\Common\extend.php 第 208 行.
SQL: SHOW COLUMNS FROM `sys_picture` [ RunTime:0.0090s ]
SQL: SELECT * FROM `sys_picture` WHERE `status` = 1 AND `id` = 61 LIMIT 1   [ RunTime:0.0003s ]
SQL: SHOW COLUMNS FROM `tab_tool` [ RunTime:0.0090s ]
SQL: SELECT * FROM `tab_tool` WHERE `name` = 'oss_storage' LIMIT 1   [ RunTime:0.0003s ]
SQL: SELECT * FROM `tab_tool` WHERE `name` = 'qiniu_storage' LIMIT 1   [ RunTime:0.0002s ]
SQL: SELECT * FROM `sys_picture` WHERE `status` = 1 AND `id` = 377 LIMIT 1   [ RunTime:0.0003s ]
SQL: SELECT * FROM `tab_tool` WHERE `name` = 'oss_storage' LIMIT 1   [ RunTime:0.0003s ]
SQL: SELECT * FROM `tab_tool` WHERE `name` = 'qiniu_storage' LIMIT 1   [ RunTime:0.0002s ]
SQL: SHOW COLUMNS FROM `sys_channel` [ RunTime:0.0104s ]
SQL: SELECT `id`,`pid`,`title`,`url`,`sort`,`create_time`,`update_time`,`status`,`target` FROM `sys_channel` WHERE ( status=1 ) ORDER BY sort asc  [ RunTime:0.0004s ]
SQL: SHOW COLUMNS FROM `tab_game_type` [ RunTime:0.0086s ]
SQL: SELECT * FROM `tab_game_type` WHERE ( status_show=1 )  [ RunTime:0.0004s ]
NOTIC: [8] Undefined index: gt D:\phpStudy\PHPTutorial\WWW\UUhuyv\Runtime\Cache\Home\68977bc2c2154ea5245ac1900d8de047.php 第 75 行.
NOTIC: [8] Undefined index: gt D:\phpStudy\PHPTutorial\WWW\UUhuyv\Runtime\Cache\Home\68977bc2c2154ea5245ac1900d8de047.php 第 75 行.
NOTIC: [8] Undefined index: gt D:\phpStudy\PHPTutorial\WWW\UUhuyv\Runtime\Cache\Home\68977bc2c2154ea5245ac1900d8de047.php 第 75 行.
NOTIC: [8] Undefined index: gt D:\phpStudy\PHPTutorial\WWW\UUhuyv\Runtime\Cache\Home\68977bc2c2154ea5245ac1900d8de047.php 第 75 行.
NOTIC: [8] Undefined index: gt D:\phpStudy\PHPTutorial\WWW\UUhuyv\Runtime\Cache\Home\68977bc2c2154ea5245ac1900d8de047.php 第 75 行.
NOTIC: [8] Undefined index: sdk_version D:\phpStudy\PHPTutorial\WWW\UUhuyv\Runtime\Cache\Home\68977bc2c2154ea5245ac1900d8de047.php 第 87 行.
NOTIC: [8] Undefined index: sdk_version D:\phpStudy\PHPTutorial\WWW\UUhuyv\Runtime\Cache\Home\68977bc2c2154ea5245ac1900d8de047.php 第 87 行.
NOTIC: [8] Undefined index: sdk_version D:\phpStudy\PHPTutorial\WWW\UUhuyv\Runtime\Cache\Home\68977bc2c2154ea5245ac1900d8de047.php 第 87 行.
NOTIC: [8] Undefined index: sdk_version D:\phpStudy\PHPTutorial\WWW\UUhuyv\Runtime\Cache\Home\68977bc2c2154ea5245ac1900d8de047.php 第 87 行.
NOTIC: [8] Undefined index: sdk_version D:\phpStudy\PHPTutorial\WWW\UUhuyv\Runtime\Cache\Home\68977bc2c2154ea5245ac1900d8de047.php 第 87 行.
NOTIC: [8] Undefined index: sdk_version D:\phpStudy\PHPTutorial\WWW\UUhuyv\Runtime\Cache\Home\68977bc2c2154ea5245ac1900d8de047.php 第 87 行.
NOTIC: [8] Undefined index: sdk_version D:\phpStudy\PHPTutorial\WWW\UUhuyv\Runtime\Cache\Home\68977bc2c2154ea5245ac1900d8de047.php 第 87 行.
NOTIC: [8] Undefined index: sdk_version D:\phpStudy\PHPTutorial\WWW\UUhuyv\Runtime\Cache\Home\68977bc2c2154ea5245ac1900d8de047.php 第 87 行.
NOTIC: [8] Undefined index: sdk_version D:\phpStudy\PHPTutorial\WWW\UUhuyv\Runtime\Cache\Home\68977bc2c2154ea5245ac1900d8de047.php 第 87 行.
NOTIC: [8] Undefined index: sdk_version D:\phpStudy\PHPTutorial\WWW\UUhuyv\Runtime\Cache\Home\68977bc2c2154ea5245ac1900d8de047.php 第 87 行.
NOTIC: [8] Undefined index: sdk_version D:\phpStudy\PHPTutorial\WWW\UUhuyv\Runtime\Cache\Home\68977bc2c2154ea5245ac1900d8de047.php 第 87 行.
NOTIC: [8] Undefined index: sdk_version D:\phpStudy\PHPTutorial\WWW\UUhuyv\Runtime\Cache\Home\68977bc2c2154ea5245ac1900d8de047.php 第 87 行.
NOTIC: [8] Undefined index: sdk_version D:\phpStudy\PHPTutorial\WWW\UUhuyv\Runtime\Cache\Home\68977bc2c2154ea5245ac1900d8de047.php 第 87 行.
NOTIC: [8] Undefined index: sdk_version D:\phpStudy\PHPTutorial\WWW\UUhuyv\Runtime\Cache\Home\68977bc2c2154ea5245ac1900d8de047.php 第 87 行.
NOTIC: [8] Undefined index: sdk_version D:\phpStudy\PHPTutorial\WWW\UUhuyv\Runtime\Cache\Home\68977bc2c2154ea5245ac1900d8de047.php 第 87 行.
NOTIC: [8] Undefined index: sdk_version D:\phpStudy\PHPTutorial\WWW\UUhuyv\Runtime\Cache\Home\68977bc2c2154ea5245ac1900d8de047.php 第 87 行.
NOTIC: [8] Undefined index: sdk_version D:\phpStudy\PHPTutorial\WWW\UUhuyv\Runtime\Cache\Home\68977bc2c2154ea5245ac1900d8de047.php 第 87 行.
NOTIC: [8] Undefined index: sdk_version D:\phpStudy\PHPTutorial\WWW\UUhuyv\Runtime\Cache\Home\68977bc2c2154ea5245ac1900d8de047.php 第 87 行.
NOTIC: [8] Undefined index: sdk_version D:\phpStudy\PHPTutorial\WWW\UUhuyv\Runtime\Cache\Home\68977bc2c2154ea5245ac1900d8de047.php 第 87 行.
NOTIC: [8] Undefined index: sdk_version D:\phpStudy\PHPTutorial\WWW\UUhuyv\Runtime\Cache\Home\68977bc2c2154ea5245ac1900d8de047.php 第 87 行.
NOTIC: [8] Undefined index: sdk_version D:\phpStudy\PHPTutorial\WWW\UUhuyv\Runtime\Cache\Home\68977bc2c2154ea5245ac1900d8de047.php 第 87 行.
NOTIC: [8] Undefined index: sdk_version D:\phpStudy\PHPTutorial\WWW\UUhuyv\Runtime\Cache\Home\68977bc2c2154ea5245ac1900d8de047.php 第 87 行.
NOTIC: [8] Undefined variable: _page D:\phpStudy\PHPTutorial\WWW\UUhuyv\Runtime\Cache\Home\68977bc2c2154ea5245ac1900d8de047.php 第 90 行.
INFO: Run Behavior\ParseTemplateBehavior [ RunTime:0.055161s ]
INFO: [ view_parse ] --END-- [ RunTime:0.055200s ]
INFO: [ view_filter ] --START--
INFO: Run Behavior\WriteHtmlCacheBehavior [ RunTime:0.000551s ]
INFO: [ view_filter ] --END-- [ RunTime:0.000603s ]
INFO: [ app_end ] --START--
INFO: Run Behavior\ShowPageTraceBehavior [ RunTime:0.000527s ]
INFO: [ app_end ] --END-- [ RunTime:0.000564s ]

[ 2018-05-24T13:57:02+08:00 ] 127.0.0.1 /index.php?s=/Home/Index/about.html
INFO: [ app_init ] --START--
INFO: Run Behavior\BuildLiteBehavior [ RunTime:0.000008s ]
INFO: Run Common\Behavior\InitHookBehavior [ RunTime:0.001314s ]
INFO: [ app_init ] --END-- [ RunTime:0.001383s ]
SQL: SHOW COLUMNS FROM `sys_config` [ RunTime:0.0097s ]
SQL: SELECT `type`,`name`,`value` FROM `sys_config` WHERE `status` = 1  [ RunTime:0.0006s ]
INFO: [ app_begin ] --START--
INFO: Run Behavior\ReadHtmlCacheBehavior [ RunTime:0.000393s ]
INFO: [ app_begin ] --END-- [ RunTime:0.000433s ]
SQL: SHOW COLUMNS FROM `tab_apply_union` [ RunTime:0.0087s ]
SQL: SELECT `union_id`,`union_account`,`status`,`apply_domain_type`,`domain_url`,`union_set` FROM `tab_apply_union` WHERE `domain_url` IN ('www.local.uuhuyv.com','http://www.local.uuhuyv.com','https://www.local.uuhuyv.com') LIMIT 1   [ RunTime:0.0003s ]
SQL: SELECT `type`,`name`,`value` FROM `sys_config` WHERE `status` = 1  [ RunTime:0.0005s ]
SQL: SHOW COLUMNS FROM `sys_category` [ RunTime:0.0088s ]
SQL: SELECT `id` FROM `sys_category` WHERE `name` = 'tui_about' LIMIT 1   [ RunTime:0.0003s ]
SQL: SHOW COLUMNS FROM `sys_document` [ RunTime:0.0095s ]
SQL: SELECT `id` FROM `sys_document` WHERE `status` = 1 AND `create_time` <= 1527141422 AND `deadline` NOT BETWEEN 1 AND 1527141422 AND `category_id` = 84 ORDER BY update_time desc LIMIT 1   [ RunTime:0.0004s ]
SQL: SHOW COLUMNS FROM `sys_document_article` [ RunTime:0.0092s ]
SQL: SELECT * FROM `sys_document_article` WHERE `id` = null LIMIT 1   [ RunTime:0.0003s ]
INFO: [ view_parse ] --START--
INFO: [ template_filter ] --START--
INFO: Run Behavior\ContentReplaceBehavior [ RunTime:0.000123s ]
INFO: [ template_filter ] --END-- [ RunTime:0.000194s ]
NOTIC: [8] Use of undefined constant index - assumed 'index' D:\phpStudy\PHPTutorial\WWW\UUhuyv\Runtime\Cache\Home\dd9652edf3ac87da8f78c1e26ac38cc8.php 第 11 行.
NOTIC: [8] Use of undefined constant game_list - assumed 'game_list' D:\phpStudy\PHPTutorial\WWW\UUhuyv\Runtime\Cache\Home\dd9652edf3ac87da8f78c1e26ac38cc8.php 第 14 行.
NOTIC: [8] Use of undefined constant detail - assumed 'detail' D:\phpStudy\PHPTutorial\WWW\UUhuyv\Runtime\Cache\Home\dd9652edf3ac87da8f78c1e26ac38cc8.php 第 18 行.
NOTIC: [8] Use of undefined constant more_lists - assumed 'more_lists' D:\phpStudy\PHPTutorial\WWW\UUhuyv\Runtime\Cache\Home\dd9652edf3ac87da8f78c1e26ac38cc8.php 第 22 行.
SQL: SHOW COLUMNS FROM `sys_picture` [ RunTime:0.0096s ]
SQL: SELECT * FROM `sys_picture` WHERE `status` = 1 AND `id` = 61 LIMIT 1   [ RunTime:0.0003s ]
SQL: SHOW COLUMNS FROM `tab_tool` [ RunTime:0.0116s ]
SQL: SELECT * FROM `tab_tool` WHERE `name` = 'oss_storage' LIMIT 1   [ RunTime:0.0004s ]
SQL: SELECT * FROM `tab_tool` WHERE `name` = 'qiniu_storage' LIMIT 1   [ RunTime:0.0003s ]
SQL: SELECT * FROM `sys_picture` WHERE `status` = 1 AND `id` = 377 LIMIT 1   [ RunTime:0.0003s ]
SQL: SELECT * FROM `tab_tool` WHERE `name` = 'oss_storage' LIMIT 1   [ RunTime:0.0003s ]
SQL: SELECT * FROM `tab_tool` WHERE `name` = 'qiniu_storage' LIMIT 1   [ RunTime:0.0003s ]
SQL: SHOW COLUMNS FROM `sys_channel` [ RunTime:0.0104s ]
SQL: SELECT `id`,`pid`,`title`,`url`,`sort`,`create_time`,`update_time`,`status`,`target` FROM `sys_channel` WHERE ( status=1 ) ORDER BY sort asc  [ RunTime:0.0004s ]
INFO: Run Behavior\ParseTemplateBehavior [ RunTime:0.059477s ]
INFO: [ view_parse ] --END-- [ RunTime:0.059514s ]
INFO: [ view_filter ] --START--
INFO: Run Behavior\WriteHtmlCacheBehavior [ RunTime:0.000389s ]
INFO: [ view_filter ] --END-- [ RunTime:0.000419s ]
INFO: [ app_end ] --START--
INFO: Run Behavior\ShowPageTraceBehavior [ RunTime:0.000445s ]
INFO: [ app_end ] --END-- [ RunTime:0.000475s ]

[ 2018-05-24T13:57:02+08:00 ] 127.0.0.1 /index.php?s=/Home/Index/index.html
INFO: [ app_init ] --START--
INFO: Run Behavior\BuildLiteBehavior [ RunTime:0.000012s ]
INFO: Run Common\Behavior\InitHookBehavior [ RunTime:0.001549s ]
INFO: [ app_init ] --END-- [ RunTime:0.001630s ]
SQL: SHOW COLUMNS FROM `sys_config` [ RunTime:0.0078s ]
SQL: SELECT `type`,`name`,`value` FROM `sys_config` WHERE `status` = 1  [ RunTime:0.0005s ]
INFO: [ app_begin ] --START--
INFO: Run Behavior\ReadHtmlCacheBehavior [ RunTime:0.000465s ]
INFO: [ app_begin ] --END-- [ RunTime:0.000518s ]
SQL: SHOW COLUMNS FROM `tab_apply_union` [ RunTime:0.0083s ]
SQL: SELECT `union_id`,`union_account`,`status`,`apply_domain_type`,`domain_url`,`union_set` FROM `tab_apply_union` WHERE `domain_url` IN ('www.local.uuhuyv.com','http://www.local.uuhuyv.com','https://www.local.uuhuyv.com') LIMIT 1   [ RunTime:0.0003s ]
SQL: SELECT `type`,`name`,`value` FROM `sys_config` WHERE `status` = 1  [ RunTime:0.0005s ]
SQL: SHOW COLUMNS FROM `tab_game` [ RunTime:0.0090s ]
SQL: SELECT * FROM `tab_game` WHERE `game_status` = 1 AND `recommend_status` = 1 ORDER BY sort desc,id DESC  [ RunTime:0.0006s ]
SQL: SHOW COLUMNS FROM `sys_category` [ RunTime:0.0081s ]
SQL: SELECT * FROM `sys_category` WHERE `name` IN ('tui_gg') AND `status` = 1  [ RunTime:0.0003s ]
SQL: SHOW COLUMNS FROM `sys_document` [ RunTime:0.0091s ]
SQL: SELECT * FROM `sys_document` WHERE `category_id` IN ('83') AND `status` = 1 AND `create_time` <= 1527141422 AND `deadline` NOT BETWEEN 1 AND 1527141422 ORDER BY update_time desc  [ RunTime:0.0005s ]
SQL: SELECT * FROM `sys_category` WHERE `name` IN ('tui_zx') AND `status` = 1  [ RunTime:0.0003s ]
SQL: SELECT * FROM `sys_document` WHERE `category_id` IN ('82') AND `status` = 1 AND `create_time` <= 1527141422 AND `deadline` NOT BETWEEN 1 AND 1527141422 ORDER BY update_time desc  [ RunTime:0.0004s ]
SQL: SHOW COLUMNS FROM `tab_adv` [ RunTime:0.0089s ]
SQL: SELECT tab_adv.*,tab_adv_pos.name FROM `tab_adv` INNER JOIN tab_adv_pos on tab_adv.pos_id = tab_adv_pos.id  WHERE tab_adv.status = 1 AND tab_adv_pos.name = 'index_gg' AND ( `start_time` < 1527141422 OR `start_time` = 0 ) AND ( `end_time` > 1527141422 OR `end_time` = 0 )  [ RunTime:0.0004s ]
SQL: SELECT tab_adv.*,tab_adv_pos.name FROM `tab_adv` INNER JOIN tab_adv_pos on tab_adv.pos_id = tab_adv_pos.id  WHERE tab_adv.status = 1 AND tab_adv_pos.name = 'index_zx' AND ( `start_time` < 1527141422 OR `start_time` = 0 ) AND ( `end_time` > 1527141422 OR `end_time` = 0 )  [ RunTime:0.0003s ]
INFO: [ view_parse ] --START--
INFO: [ template_filter ] --START--
INFO: Run Behavior\ContentReplaceBehavior [ RunTime:0.000185s ]
INFO: [ template_filter ] --END-- [ RunTime:0.000223s ]
NOTIC: [8] Use of undefined constant index - assumed 'index' D:\phpStudy\PHPTutorial\WWW\UUhuyv\Runtime\Cache\Home\769e70f2e46f34ceb60619bbda5e4691.php 第 11 行.
NOTIC: [8] Use of undefined constant Index - assumed 'Index' D:\phpStudy\PHPTutorial\WWW\UUhuyv\Runtime\Cache\Home\769e70f2e46f34ceb60619bbda5e4691.php 第 11 行.
NOTIC: [2] Illegal string offset 'game_name' D:\phpStudy\PHPTutorial\WWW\UUhuyv\Application\Common\Common\extend.php 第 208 行.
NOTIC: [8] Uninitialized string offset: 0 D:\phpStudy\PHPTutorial\WWW\UUhuyv\Application\Common\Common\extend.php 第 208 行.
NOTIC: [2] Illegal string offset 'title' D:\phpStudy\PHPTutorial\WWW\UUhuyv\Application\Common\Common\extend.php 第 208 行.
NOTIC: [8] Uninitialized string offset: 0 D:\phpStudy\PHPTutorial\WWW\UUhuyv\Application\Common\Common\extend.php 第 208 行.
NOTIC: [2] Illegal string offset 'giftbag_name' D:\phpStudy\PHPTutorial\WWW\UUhuyv\Application\Common\Common\extend.php 第 208 行.
NOTIC: [8] Uninitialized string offset: 0 D:\phpStudy\PHPTutorial\WWW\UUhuyv\Application\Common\Common\extend.php 第 208 行.
NOTIC: [2] Illegal string offset 'game_type_name' D:\phpStudy\PHPTutorial\WWW\UUhuyv\Application\Common\Common\extend.php 第 208 行.
NOTIC: [8] Uninitialized string offset: 0 D:\phpStudy\PHPTutorial\WWW\UUhuyv\Application\Common\Common\extend.php 第 208 行.
NOTIC: [2] Illegal string offset 'good_name' D:\phpStudy\PHPTutorial\WWW\UUhuyv\Application\Common\Common\extend.php 第 208 行.
NOTIC: [8] Uninitialized string offset: 0 D:\phpStudy\PHPTutorial\WWW\UUhuyv\Application\Common\Common\extend.php 第 208 行.
SQL: SHOW COLUMNS FROM `sys_picture` [ RunTime:0.0099s ]
SQL: SELECT * FROM `sys_picture` WHERE `status` = 1 AND `id` = 61 LIMIT 1   [ RunTime:0.0004s ]
SQL: SHOW COLUMNS FROM `tab_tool` [ RunTime:0.0085s ]
SQL: SELECT * FROM `tab_tool` WHERE `name` = 'oss_storage' LIMIT 1   [ RunTime:0.0003s ]
SQL: SELECT * FROM `tab_tool` WHERE `name` = 'qiniu_storage' LIMIT 1   [ RunTime:0.0003s ]
SQL: SELECT * FROM `sys_picture` WHERE `status` = 1 AND `id` = 377 LIMIT 1   [ RunTime:0.0002s ]
SQL: SELECT * FROM `tab_tool` WHERE `name` = 'oss_storage' LIMIT 1   [ RunTime:0.0003s ]
SQL: SELECT * FROM `tab_tool` WHERE `name` = 'qiniu_storage' LIMIT 1   [ RunTime:0.0003s ]
SQL: SHOW COLUMNS FROM `sys_channel` [ RunTime:0.0078s ]
SQL: SELECT `id`,`pid`,`title`,`url`,`sort`,`create_time`,`update_time`,`status`,`target` FROM `sys_channel` WHERE ( status=1 ) ORDER BY sort asc  [ RunTime:0.0004s ]
NOTIC: [8] Undefined index: home_account D:\phpStudy\PHPTutorial\WWW\UUhuyv\Runtime\Cache\Home\769e70f2e46f34ceb60619bbda5e4691.php 第 72 行.
NOTIC: [8] Undefined index: home_pas D:\phpStudy\PHPTutorial\WWW\UUhuyv\Runtime\Cache\Home\769e70f2e46f34ceb60619bbda5e4691.php 第 80 行.
INFO: Run Behavior\ParseTemplateBehavior [ RunTime:0.046270s ]
INFO: [ view_parse ] --END-- [ RunTime:0.046304s ]
INFO: [ view_filter ] --START--
INFO: Run Behavior\WriteHtmlCacheBehavior [ RunTime:0.000375s ]
INFO: [ view_filter ] --END-- [ RunTime:0.000405s ]
INFO: [ app_end ] --START--
INFO: Run Behavior\ShowPageTraceBehavior [ RunTime:0.000569s ]
INFO: [ app_end ] --END-- [ RunTime:0.000607s ]

[ 2018-05-24T13:57:03+08:00 ] 127.0.0.1 /index.php?s=/Home/Index/verify
INFO: [ app_init ] --START--
INFO: Run Behavior\BuildLiteBehavior [ RunTime:0.000011s ]
INFO: Run Common\Behavior\InitHookBehavior [ RunTime:0.001081s ]
INFO: [ app_init ] --END-- [ RunTime:0.001157s ]
SQL: SHOW COLUMNS FROM `sys_config` [ RunTime:0.0238s ]
SQL: SELECT `type`,`name`,`value` FROM `sys_config` WHERE `status` = 1  [ RunTime:0.0006s ]
INFO: [ app_begin ] --START--
INFO: Run Behavior\ReadHtmlCacheBehavior [ RunTime:0.000378s ]
INFO: [ app_begin ] --END-- [ RunTime:0.000430s ]
SQL: SHOW COLUMNS FROM `tab_apply_union` [ RunTime:0.0087s ]
SQL: SELECT `union_id`,`union_account`,`status`,`apply_domain_type`,`domain_url`,`union_set` FROM `tab_apply_union` WHERE `domain_url` IN ('www.local.uuhuyv.com','http://www.local.uuhuyv.com','https://www.local.uuhuyv.com') LIMIT 1   [ RunTime:0.0003s ]
SQL: SELECT `type`,`name`,`value` FROM `sys_config` WHERE `status` = 1  [ RunTime:0.0005s ]
INFO: [ app_end ] --START--
INFO: Run Behavior\ShowPageTraceBehavior [ RunTime:0.000498s ]
INFO: [ app_end ] --END-- [ RunTime:0.000551s ]

[ 2018-05-24T13:57:17+08:00 ] 127.0.0.1 /index.php?s=/Home/Index/verify
INFO: [ app_init ] --START--
INFO: Run Behavior\BuildLiteBehavior [ RunTime:0.000014s ]
INFO: Run Common\Behavior\InitHookBehavior [ RunTime:0.001214s ]
INFO: [ app_init ] --END-- [ RunTime:0.001310s ]
SQL: SHOW COLUMNS FROM `sys_config` [ RunTime:0.0105s ]
SQL: SELECT `type`,`name`,`value` FROM `sys_config` WHERE `status` = 1  [ RunTime:0.0007s ]
INFO: [ app_begin ] --START--
INFO: Run Behavior\ReadHtmlCacheBehavior [ RunTime:0.000339s ]
INFO: [ app_begin ] --END-- [ RunTime:0.000381s ]
SQL: SHOW COLUMNS FROM `tab_apply_union` [ RunTime:0.0094s ]
SQL: SELECT `union_id`,`union_account`,`status`,`apply_domain_type`,`domain_url`,`union_set` FROM `tab_apply_union` WHERE `domain_url` IN ('www.local.uuhuyv.com','http://www.local.uuhuyv.com','https://www.local.uuhuyv.com') LIMIT 1   [ RunTime:0.0003s ]
SQL: SELECT `type`,`name`,`value` FROM `sys_config` WHERE `status` = 1  [ RunTime:0.0005s ]
INFO: [ app_end ] --START--
INFO: Run Behavior\ShowPageTraceBehavior [ RunTime:0.000523s ]
INFO: [ app_end ] --END-- [ RunTime:0.000574s ]

[ 2018-05-24T14:01:30+08:00 ] 127.0.0.1 /
INFO: [ app_init ] --START--
INFO: Run Behavior\BuildLiteBehavior [ RunTime:0.000009s ]
INFO: Run Common\Behavior\InitHookBehavior [ RunTime:0.004445s ]
INFO: [ app_init ] --END-- [ RunTime:0.004513s ]
SQL: SHOW COLUMNS FROM `sys_config` [ RunTime:0.0087s ]
SQL: SELECT `type`,`name`,`value` FROM `sys_config` WHERE `status` = 1  [ RunTime:0.0007s ]
INFO: [ app_begin ] --START--
INFO: Run Behavior\ReadHtmlCacheBehavior [ RunTime:0.000634s ]
INFO: [ app_begin ] --END-- [ RunTime:0.000696s ]
SQL: SHOW COLUMNS FROM `tab_apply_union` [ RunTime:0.0096s ]
SQL: SELECT `union_id`,`union_account`,`status`,`apply_domain_type`,`domain_url`,`union_set` FROM `tab_apply_union` WHERE `domain_url` IN ('www.local.uuhuyv.com','http://www.local.uuhuyv.com','https://www.local.uuhuyv.com') LIMIT 1   [ RunTime:0.0003s ]
SQL: SELECT `type`,`name`,`value` FROM `sys_config` WHERE `status` = 1  [ RunTime:0.0005s ]
SQL: SHOW COLUMNS FROM `tab_game` [ RunTime:0.0089s ]
SQL: SELECT * FROM `tab_game` WHERE `game_status` = 1 AND `recommend_status` = 1 ORDER BY sort desc,id DESC  [ RunTime:0.0007s ]
SQL: SHOW COLUMNS FROM `sys_category` [ RunTime:0.0083s ]
SQL: SELECT * FROM `sys_category` WHERE `name` IN ('tui_gg') AND `status` = 1  [ RunTime:0.0004s ]
SQL: SHOW COLUMNS FROM `sys_document` [ RunTime:0.0094s ]
SQL: SELECT * FROM `sys_document` WHERE `category_id` IN ('83') AND `status` = 1 AND `create_time` <= 1527141690 AND `deadline` NOT BETWEEN 1 AND 1527141690 ORDER BY update_time desc  [ RunTime:0.0005s ]
SQL: SELECT * FROM `sys_category` WHERE `name` IN ('tui_zx') AND `status` = 1  [ RunTime:0.0003s ]
SQL: SELECT * FROM `sys_document` WHERE `category_id` IN ('82') AND `status` = 1 AND `create_time` <= 1527141690 AND `deadline` NOT BETWEEN 1 AND 1527141690 ORDER BY update_time desc  [ RunTime:0.0004s ]
SQL: SHOW COLUMNS FROM `tab_adv` [ RunTime:0.0099s ]
SQL: SELECT tab_adv.*,tab_adv_pos.name FROM `tab_adv` INNER JOIN tab_adv_pos on tab_adv.pos_id = tab_adv_pos.id  WHERE tab_adv.status = 1 AND tab_adv_pos.name = 'index_gg' AND ( `start_time` < 1527141690 OR `start_time` = 0 ) AND ( `end_time` > 1527141690 OR `end_time` = 0 )  [ RunTime:0.0004s ]
SQL: SELECT tab_adv.*,tab_adv_pos.name FROM `tab_adv` INNER JOIN tab_adv_pos on tab_adv.pos_id = tab_adv_pos.id  WHERE tab_adv.status = 1 AND tab_adv_pos.name = 'index_zx' AND ( `start_time` < 1527141690 OR `start_time` = 0 ) AND ( `end_time` > 1527141690 OR `end_time` = 0 )  [ RunTime:0.0003s ]
INFO: [ view_parse ] --START--
INFO: [ template_filter ] --START--
INFO: Run Behavior\ContentReplaceBehavior [ RunTime:0.000191s ]
INFO: [ template_filter ] --END-- [ RunTime:0.000235s ]
NOTIC: [8] Use of undefined constant index - assumed 'index' D:\phpStudy\PHPTutorial\WWW\UUhuyv\Runtime\Cache\Home\769e70f2e46f34ceb60619bbda5e4691.php 第 11 行.
NOTIC: [8] Use of undefined constant Index - assumed 'Index' D:\phpStudy\PHPTutorial\WWW\UUhuyv\Runtime\Cache\Home\769e70f2e46f34ceb60619bbda5e4691.php 第 11 行.
NOTIC: [2] Illegal string offset 'game_name' D:\phpStudy\PHPTutorial\WWW\UUhuyv\Application\Common\Common\extend.php 第 208 行.
NOTIC: [8] Uninitialized string offset: 0 D:\phpStudy\PHPTutorial\WWW\UUhuyv\Application\Common\Common\extend.php 第 208 行.
NOTIC: [2] Illegal string offset 'title' D:\phpStudy\PHPTutorial\WWW\UUhuyv\Application\Common\Common\extend.php 第 208 行.
NOTIC: [8] Uninitialized string offset: 0 D:\phpStudy\PHPTutorial\WWW\UUhuyv\Application\Common\Common\extend.php 第 208 行.
NOTIC: [2] Illegal string offset 'giftbag_name' D:\phpStudy\PHPTutorial\WWW\UUhuyv\Application\Common\Common\extend.php 第 208 行.
NOTIC: [8] Uninitialized string offset: 0 D:\phpStudy\PHPTutorial\WWW\UUhuyv\Application\Common\Common\extend.php 第 208 行.
NOTIC: [2] Illegal string offset 'game_type_name' D:\phpStudy\PHPTutorial\WWW\UUhuyv\Application\Common\Common\extend.php 第 208 行.
NOTIC: [8] Uninitialized string offset: 0 D:\phpStudy\PHPTutorial\WWW\UUhuyv\Application\Common\Common\extend.php 第 208 行.
NOTIC: [2] Illegal string offset 'good_name' D:\phpStudy\PHPTutorial\WWW\UUhuyv\Application\Common\Common\extend.php 第 208 行.
NOTIC: [8] Uninitialized string offset: 0 D:\phpStudy\PHPTutorial\WWW\UUhuyv\Application\Common\Common\extend.php 第 208 行.
SQL: SHOW COLUMNS FROM `sys_picture` [ RunTime:0.0088s ]
SQL: SELECT * FROM `sys_picture` WHERE `status` = 1 AND `id` = 61 LIMIT 1   [ RunTime:0.0003s ]
SQL: SHOW COLUMNS FROM `tab_tool` [ RunTime:0.0097s ]
SQL: SELECT * FROM `tab_tool` WHERE `name` = 'oss_storage' LIMIT 1   [ RunTime:0.0004s ]
SQL: SELECT * FROM `tab_tool` WHERE `name` = 'qiniu_storage' LIMIT 1   [ RunTime:0.0003s ]
SQL: SELECT * FROM `sys_picture` WHERE `status` = 1 AND `id` = 377 LIMIT 1   [ RunTime:0.0002s ]
SQL: SELECT * FROM `tab_tool` WHERE `name` = 'oss_storage' LIMIT 1   [ RunTime:0.0003s ]
SQL: SELECT * FROM `tab_tool` WHERE `name` = 'qiniu_storage' LIMIT 1   [ RunTime:0.0002s ]
SQL: SHOW COLUMNS FROM `sys_channel` [ RunTime:0.0090s ]
SQL: SELECT `id`,`pid`,`title`,`url`,`sort`,`create_time`,`update_time`,`status`,`target` FROM `sys_channel` WHERE ( status=1 ) ORDER BY sort asc  [ RunTime:0.0004s ]
NOTIC: [8] Undefined index: home_account D:\phpStudy\PHPTutorial\WWW\UUhuyv\Runtime\Cache\Home\769e70f2e46f34ceb60619bbda5e4691.php 第 72 行.
NOTIC: [8] Undefined index: home_pas D:\phpStudy\PHPTutorial\WWW\UUhuyv\Runtime\Cache\Home\769e70f2e46f34ceb60619bbda5e4691.php 第 80 行.
INFO: Run Behavior\ParseTemplateBehavior [ RunTime:0.047920s ]
INFO: [ view_parse ] --END-- [ RunTime:0.047969s ]
INFO: [ view_filter ] --START--
INFO: Run Behavior\WriteHtmlCacheBehavior [ RunTime:0.000577s ]
INFO: [ view_filter ] --END-- [ RunTime:0.000614s ]
INFO: [ app_end ] --START--
INFO: Run Behavior\ShowPageTraceBehavior [ RunTime:0.000565s ]
INFO: [ app_end ] --END-- [ RunTime:0.000613s ]

[ 2018-05-24T14:01:31+08:00 ] 127.0.0.1 /
INFO: [ app_init ] --START--
INFO: Run Behavior\BuildLiteBehavior [ RunTime:0.000009s ]
INFO: Run Common\Behavior\InitHookBehavior [ RunTime:0.001050s ]
INFO: [ app_init ] --END-- [ RunTime:0.001116s ]
SQL: SHOW COLUMNS FROM `sys_config` [ RunTime:0.0681s ]
SQL: SELECT `type`,`name`,`value` FROM `sys_config` WHERE `status` = 1  [ RunTime:0.0007s ]
INFO: [ app_begin ] --START--
INFO: Run Behavior\ReadHtmlCacheBehavior [ RunTime:0.000416s ]
INFO: [ app_begin ] --END-- [ RunTime:0.000473s ]
SQL: SHOW COLUMNS FROM `tab_apply_union` [ RunTime:0.0087s ]
SQL: SELECT `union_id`,`union_account`,`status`,`apply_domain_type`,`domain_url`,`union_set` FROM `tab_apply_union` WHERE `domain_url` IN ('www.local.uuhuyv.com','http://www.local.uuhuyv.com','https://www.local.uuhuyv.com') LIMIT 1   [ RunTime:0.0006s ]
SQL: SELECT `type`,`name`,`value` FROM `sys_config` WHERE `status` = 1  [ RunTime:0.0006s ]
SQL: SHOW COLUMNS FROM `tab_game` [ RunTime:0.0435s ]
SQL: SELECT * FROM `tab_game` WHERE `game_status` = 1 AND `recommend_status` = 1 ORDER BY sort desc,id DESC  [ RunTime:0.0007s ]
SQL: SHOW COLUMNS FROM `sys_category` [ RunTime:0.0086s ]
SQL: SELECT * FROM `sys_category` WHERE `name` IN ('tui_gg') AND `status` = 1  [ RunTime:0.0004s ]
SQL: SHOW COLUMNS FROM `sys_document` [ RunTime:0.0092s ]
SQL: SELECT * FROM `sys_document` WHERE `category_id` IN ('83') AND `status` = 1 AND `create_time` <= 1527141691 AND `deadline` NOT BETWEEN 1 AND 1527141691 ORDER BY update_time desc  [ RunTime:0.0005s ]
SQL: SELECT * FROM `sys_category` WHERE `name` IN ('tui_zx') AND `status` = 1  [ RunTime:0.0003s ]
SQL: SELECT * FROM `sys_document` WHERE `category_id` IN ('82') AND `status` = 1 AND `create_time` <= 1527141691 AND `deadline` NOT BETWEEN 1 AND 1527141691 ORDER BY update_time desc  [ RunTime:0.0004s ]
SQL: SHOW COLUMNS FROM `tab_adv` [ RunTime:0.0089s ]
SQL: SELECT tab_adv.*,tab_adv_pos.name FROM `tab_adv` INNER JOIN tab_adv_pos on tab_adv.pos_id = tab_adv_pos.id  WHERE tab_adv.status = 1 AND tab_adv_pos.name = 'index_gg' AND ( `start_time` < 1527141691 OR `start_time` = 0 ) AND ( `end_time` > 1527141691 OR `end_time` = 0 )  [ RunTime:0.0004s ]
SQL: SELECT tab_adv.*,tab_adv_pos.name FROM `tab_adv` INNER JOIN tab_adv_pos on tab_adv.pos_id = tab_adv_pos.id  WHERE tab_adv.status = 1 AND tab_adv_pos.name = 'index_zx' AND ( `start_time` < 1527141691 OR `start_time` = 0 ) AND ( `end_time` > 1527141691 OR `end_time` = 0 )  [ RunTime:0.0003s ]
INFO: [ view_parse ] --START--
INFO: [ template_filter ] --START--
INFO: Run Behavior\ContentReplaceBehavior [ RunTime:0.000188s ]
INFO: [ template_filter ] --END-- [ RunTime:0.000229s ]
NOTIC: [8] Use of undefined constant index - assumed 'index' D:\phpStudy\PHPTutorial\WWW\UUhuyv\Runtime\Cache\Home\769e70f2e46f34ceb60619bbda5e4691.php 第 11 行.
NOTIC: [8] Use of undefined constant Index - assumed 'Index' D:\phpStudy\PHPTutorial\WWW\UUhuyv\Runtime\Cache\Home\769e70f2e46f34ceb60619bbda5e4691.php 第 11 行.
NOTIC: [2] Illegal string offset 'game_name' D:\phpStudy\PHPTutorial\WWW\UUhuyv\Application\Common\Common\extend.php 第 208 行.
NOTIC: [8] Uninitialized string offset: 0 D:\phpStudy\PHPTutorial\WWW\UUhuyv\Application\Common\Common\extend.php 第 208 行.
NOTIC: [2] Illegal string offset 'title' D:\phpStudy\PHPTutorial\WWW\UUhuyv\Application\Common\Common\extend.php 第 208 行.
NOTIC: [8] Uninitialized string offset: 0 D:\phpStudy\PHPTutorial\WWW\UUhuyv\Application\Common\Common\extend.php 第 208 行.
NOTIC: [2] Illegal string offset 'giftbag_name' D:\phpStudy\PHPTutorial\WWW\UUhuyv\Application\Common\Common\extend.php 第 208 行.
NOTIC: [8] Uninitialized string offset: 0 D:\phpStudy\PHPTutorial\WWW\UUhuyv\Application\Common\Common\extend.php 第 208 行.
NOTIC: [2] Illegal string offset 'game_type_name' D:\phpStudy\PHPTutorial\WWW\UUhuyv\Application\Common\Common\extend.php 第 208 行.
NOTIC: [8] Uninitialized string offset: 0 D:\phpStudy\PHPTutorial\WWW\UUhuyv\Application\Common\Common\extend.php 第 208 行.
NOTIC: [2] Illegal string offset 'good_name' D:\phpStudy\PHPTutorial\WWW\UUhuyv\Application\Common\Common\extend.php 第 208 行.
NOTIC: [8] Uninitialized string offset: 0 D:\phpStudy\PHPTutorial\WWW\UUhuyv\Application\Common\Common\extend.php 第 208 行.
SQL: SHOW COLUMNS FROM `sys_picture` [ RunTime:0.0074s ]
SQL: SELECT * FROM `sys_picture` WHERE `status` = 1 AND `id` = 61 LIMIT 1   [ RunTime:0.0004s ]
SQL: SHOW COLUMNS FROM `tab_tool` [ RunTime:0.0088s ]
SQL: SELECT * FROM `tab_tool` WHERE `name` = 'oss_storage' LIMIT 1   [ RunTime:0.0003s ]
SQL: SELECT * FROM `tab_tool` WHERE `name` = 'qiniu_storage' LIMIT 1   [ RunTime:0.0003s ]
SQL: SELECT * FROM `sys_picture` WHERE `status` = 1 AND `id` = 377 LIMIT 1   [ RunTime:0.0002s ]
SQL: SELECT * FROM `tab_tool` WHERE `name` = 'oss_storage' LIMIT 1   [ RunTime:0.0002s ]
SQL: SELECT * FROM `tab_tool` WHERE `name` = 'qiniu_storage' LIMIT 1   [ RunTime:0.0003s ]
SQL: SHOW COLUMNS FROM `sys_channel` [ RunTime:0.0084s ]
SQL: SELECT `id`,`pid`,`title`,`url`,`sort`,`create_time`,`update_time`,`status`,`target` FROM `sys_channel` WHERE ( status=1 ) ORDER BY sort asc  [ RunTime:0.0003s ]
NOTIC: [8] Undefined index: home_account D:\phpStudy\PHPTutorial\WWW\UUhuyv\Runtime\Cache\Home\769e70f2e46f34ceb60619bbda5e4691.php 第 72 行.
NOTIC: [8] Undefined index: home_pas D:\phpStudy\PHPTutorial\WWW\UUhuyv\Runtime\Cache\Home\769e70f2e46f34ceb60619bbda5e4691.php 第 80 行.
INFO: Run Behavior\ParseTemplateBehavior [ RunTime:0.043576s ]
INFO: [ view_parse ] --END-- [ RunTime:0.043611s ]
INFO: [ view_filter ] --START--
INFO: Run Behavior\WriteHtmlCacheBehavior [ RunTime:0.000398s ]
INFO: [ view_filter ] --END-- [ RunTime:0.000428s ]
INFO: [ app_end ] --START--
INFO: Run Behavior\ShowPageTraceBehavior [ RunTime:0.000510s ]
INFO: [ app_end ] --END-- [ RunTime:0.000547s ]

[ 2018-05-24T14:01:32+08:00 ] 127.0.0.1 /
INFO: [ app_init ] --START--
INFO: Run Behavior\BuildLiteBehavior [ RunTime:0.000010s ]
INFO: Run Common\Behavior\InitHookBehavior [ RunTime:0.001193s ]
INFO: [ app_init ] --END-- [ RunTime:0.001275s ]
SQL: SHOW COLUMNS FROM `sys_config` [ RunTime:0.0088s ]
SQL: SELECT `type`,`name`,`value` FROM `sys_config` WHERE `status` = 1  [ RunTime:0.0006s ]
INFO: [ app_begin ] --START--
INFO: Run Behavior\ReadHtmlCacheBehavior [ RunTime:0.000332s ]
INFO: [ app_begin ] --END-- [ RunTime:0.000378s ]
SQL: SHOW COLUMNS FROM `tab_apply_union` [ RunTime:0.0079s ]
SQL: SELECT `union_id`,`union_account`,`status`,`apply_domain_type`,`domain_url`,`union_set` FROM `tab_apply_union` WHERE `domain_url` IN ('www.local.uuhuyv.com','http://www.local.uuhuyv.com','https://www.local.uuhuyv.com') LIMIT 1   [ RunTime:0.0002s ]
SQL: SELECT `type`,`name`,`value` FROM `sys_config` WHERE `status` = 1  [ RunTime:0.0005s ]
SQL: SHOW COLUMNS FROM `tab_game` [ RunTime:0.0085s ]
SQL: SELECT * FROM `tab_game` WHERE `game_status` = 1 AND `recommend_status` = 1 ORDER BY sort desc,id DESC  [ RunTime:0.0006s ]
SQL: SHOW COLUMNS FROM `sys_category` [ RunTime:0.0077s ]
SQL: SELECT * FROM `sys_category` WHERE `name` IN ('tui_gg') AND `status` = 1  [ RunTime:0.0003s ]
SQL: SHOW COLUMNS FROM `sys_document` [ RunTime:0.0079s ]
SQL: SELECT * FROM `sys_document` WHERE `category_id` IN ('83') AND `status` = 1 AND `create_time` <= 1527141692 AND `deadline` NOT BETWEEN 1 AND 1527141692 ORDER BY update_time desc  [ RunTime:0.0005s ]
SQL: SELECT * FROM `sys_category` WHERE `name` IN ('tui_zx') AND `status` = 1  [ RunTime:0.0002s ]
SQL: SELECT * FROM `sys_document` WHERE `category_id` IN ('82') AND `status` = 1 AND `create_time` <= 1527141692 AND `deadline` NOT BETWEEN 1 AND 1527141692 ORDER BY update_time desc  [ RunTime:0.0004s ]
SQL: SHOW COLUMNS FROM `tab_adv` [ RunTime:0.0092s ]
SQL: SELECT tab_adv.*,tab_adv_pos.name FROM `tab_adv` INNER JOIN tab_adv_pos on tab_adv.pos_id = tab_adv_pos.id  WHERE tab_adv.status = 1 AND tab_adv_pos.name = 'index_gg' AND ( `start_time` < 1527141692 OR `start_time` = 0 ) AND ( `end_time` > 1527141692 OR `end_time` = 0 )  [ RunTime:0.0004s ]
SQL: SELECT tab_adv.*,tab_adv_pos.name FROM `tab_adv` INNER JOIN tab_adv_pos on tab_adv.pos_id = tab_adv_pos.id  WHERE tab_adv.status = 1 AND tab_adv_pos.name = 'index_zx' AND ( `start_time` < 1527141692 OR `start_time` = 0 ) AND ( `end_time` > 1527141692 OR `end_time` = 0 )  [ RunTime:0.0003s ]
INFO: [ view_parse ] --START--
INFO: [ template_filter ] --START--
INFO: Run Behavior\ContentReplaceBehavior [ RunTime:0.000299s ]
INFO: [ template_filter ] --END-- [ RunTime:0.000379s ]
NOTIC: [8] Use of undefined constant index - assumed 'index' D:\phpStudy\PHPTutorial\WWW\UUhuyv\Runtime\Cache\Home\769e70f2e46f34ceb60619bbda5e4691.php 第 11 行.
NOTIC: [8] Use of undefined constant Index - assumed 'Index' D:\phpStudy\PHPTutorial\WWW\UUhuyv\Runtime\Cache\Home\769e70f2e46f34ceb60619bbda5e4691.php 第 11 行.
NOTIC: [2] Illegal string offset 'game_name' D:\phpStudy\PHPTutorial\WWW\UUhuyv\Application\Common\Common\extend.php 第 208 行.
NOTIC: [8] Uninitialized string offset: 0 D:\phpStudy\PHPTutorial\WWW\UUhuyv\Application\Common\Common\extend.php 第 208 行.
NOTIC: [2] Illegal string offset 'title' D:\phpStudy\PHPTutorial\WWW\UUhuyv\Application\Common\Common\extend.php 第 208 行.
NOTIC: [8] Uninitialized string offset: 0 D:\phpStudy\PHPTutorial\WWW\UUhuyv\Application\Common\Common\extend.php 第 208 行.
NOTIC: [2] Illegal string offset 'giftbag_name' D:\phpStudy\PHPTutorial\WWW\UUhuyv\Application\Common\Common\extend.php 第 208 行.
NOTIC: [8] Uninitialized string offset: 0 D:\phpStudy\PHPTutorial\WWW\UUhuyv\Application\Common\Common\extend.php 第 208 行.
NOTIC: [2] Illegal string offset 'game_type_name' D:\phpStudy\PHPTutorial\WWW\UUhuyv\Application\Common\Common\extend.php 第 208 行.
NOTIC: [8] Uninitialized string offset: 0 D:\phpStudy\PHPTutorial\WWW\UUhuyv\Application\Common\Common\extend.php 第 208 行.
NOTIC: [2] Illegal string offset 'good_name' D:\phpStudy\PHPTutorial\WWW\UUhuyv\Application\Common\Common\extend.php 第 208 行.
NOTIC: [8] Uninitialized string offset: 0 D:\phpStudy\PHPTutorial\WWW\UUhuyv\Application\Common\Common\extend.php 第 208 行.
SQL: SHOW COLUMNS FROM `sys_picture` [ RunTime:0.0072s ]
SQL: SELECT * FROM `sys_picture` WHERE `status` = 1 AND `id` = 61 LIMIT 1   [ RunTime:0.0003s ]
SQL: SHOW COLUMNS FROM `tab_tool` [ RunTime:0.0078s ]
SQL: SELECT * FROM `tab_tool` WHERE `name` = 'oss_storage' LIMIT 1   [ RunTime:0.0005s ]
SQL: SELECT * FROM `tab_tool` WHERE `name` = 'qiniu_storage' LIMIT 1   [ RunTime:0.0004s ]
SQL: SELECT * FROM `sys_picture` WHERE `status` = 1 AND `id` = 377 LIMIT 1   [ RunTime:0.0002s ]
SQL: SELECT * FROM `tab_tool` WHERE `name` = 'oss_storage' LIMIT 1   [ RunTime:0.0003s ]
SQL: SELECT * FROM `tab_tool` WHERE `name` = 'qiniu_storage' LIMIT 1   [ RunTime:0.0002s ]
SQL: SHOW COLUMNS FROM `sys_channel` [ RunTime:0.0089s ]
SQL: SELECT `id`,`pid`,`title`,`url`,`sort`,`create_time`,`update_time`,`status`,`target` FROM `sys_channel` WHERE ( status=1 ) ORDER BY sort asc  [ RunTime:0.0003s ]
NOTIC: [8] Undefined index: home_account D:\phpStudy\PHPTutorial\WWW\UUhuyv\Runtime\Cache\Home\769e70f2e46f34ceb60619bbda5e4691.php 第 72 行.
NOTIC: [8] Undefined index: home_pas D:\phpStudy\PHPTutorial\WWW\UUhuyv\Runtime\Cache\Home\769e70f2e46f34ceb60619bbda5e4691.php 第 80 行.
INFO: Run Behavior\ParseTemplateBehavior [ RunTime:0.043588s ]
INFO: [ view_parse ] --END-- [ RunTime:0.043622s ]
INFO: [ view_filter ] --START--
INFO: Run Behavior\WriteHtmlCacheBehavior [ RunTime:0.000353s ]
INFO: [ view_filter ] --END-- [ RunTime:0.000382s ]
INFO: [ app_end ] --START--
INFO: Run Behavior\ShowPageTraceBehavior [ RunTime:0.000467s ]
INFO: [ app_end ] --END-- [ RunTime:0.000505s ]

[ 2018-05-24T14:02:22+08:00 ] 127.0.0.1 /
INFO: [ app_init ] --START--
INFO: Run Behavior\BuildLiteBehavior [ RunTime:0.000011s ]
INFO: Run Common\Behavior\InitHookBehavior [ RunTime:0.001701s ]
INFO: [ app_init ] --END-- [ RunTime:0.001894s ]
SQL: SHOW COLUMNS FROM `sys_config` [ RunTime:0.0119s ]
SQL: SELECT `type`,`name`,`value` FROM `sys_config` WHERE `status` = 1  [ RunTime:0.0007s ]
INFO: [ app_begin ] --START--
INFO: Run Behavior\ReadHtmlCacheBehavior [ RunTime:0.000368s ]
INFO: [ app_begin ] --END-- [ RunTime:0.000411s ]
SQL: SHOW COLUMNS FROM `tab_apply_union` [ RunTime:0.0103s ]
SQL: SELECT `union_id`,`union_account`,`status`,`apply_domain_type`,`domain_url`,`union_set` FROM `tab_apply_union` WHERE `domain_url` IN ('www.local.uuhuyv.com','http://www.local.uuhuyv.com','https://www.local.uuhuyv.com') LIMIT 1   [ RunTime:0.0003s ]
SQL: SELECT `type`,`name`,`value` FROM `sys_config` WHERE `status` = 1  [ RunTime:0.0005s ]
SQL: SHOW COLUMNS FROM `tab_game` [ RunTime:0.0102s ]
SQL: SELECT * FROM `tab_game` WHERE `game_status` = 1 AND `recommend_status` = 1 ORDER BY sort desc,id DESC  [ RunTime:0.0006s ]
SQL: SHOW COLUMNS FROM `sys_category` [ RunTime:0.0086s ]
SQL: SELECT * FROM `sys_category` WHERE `name` IN ('tui_gg') AND `status` = 1  [ RunTime:0.0003s ]
SQL: SHOW COLUMNS FROM `sys_document` [ RunTime:0.0086s ]
SQL: SELECT * FROM `sys_document` WHERE `category_id` IN ('83') AND `status` = 1 AND `create_time` <= 1527141742 AND `deadline` NOT BETWEEN 1 AND 1527141742 ORDER BY update_time desc  [ RunTime:0.0007s ]
SQL: SELECT * FROM `sys_category` WHERE `name` IN ('tui_zx') AND `status` = 1  [ RunTime:0.0004s ]
SQL: SELECT * FROM `sys_document` WHERE `category_id` IN ('82') AND `status` = 1 AND `create_time` <= 1527141742 AND `deadline` NOT BETWEEN 1 AND 1527141742 ORDER BY update_time desc  [ RunTime:0.0004s ]
SQL: SHOW COLUMNS FROM `tab_adv` [ RunTime:0.0084s ]
SQL: SELECT tab_adv.*,tab_adv_pos.name FROM `tab_adv` INNER JOIN tab_adv_pos on tab_adv.pos_id = tab_adv_pos.id  WHERE tab_adv.status = 1 AND tab_adv_pos.name = 'index_gg' AND ( `start_time` < 1527141742 OR `start_time` = 0 ) AND ( `end_time` > 1527141742 OR `end_time` = 0 )  [ RunTime:0.0004s ]
SQL: SELECT tab_adv.*,tab_adv_pos.name FROM `tab_adv` INNER JOIN tab_adv_pos on tab_adv.pos_id = tab_adv_pos.id  WHERE tab_adv.status = 1 AND tab_adv_pos.name = 'index_zx' AND ( `start_time` < 1527141742 OR `start_time` = 0 ) AND ( `end_time` > 1527141742 OR `end_time` = 0 )  [ RunTime:0.0004s ]
INFO: [ view_parse ] --START--
INFO: [ template_filter ] --START--
INFO: Run Behavior\ContentReplaceBehavior [ RunTime:0.000209s ]
INFO: [ template_filter ] --END-- [ RunTime:0.000254s ]
NOTIC: [8] Use of undefined constant index - assumed 'index' D:\phpStudy\PHPTutorial\WWW\UUhuyv\Runtime\Cache\Home\769e70f2e46f34ceb60619bbda5e4691.php 第 11 行.
NOTIC: [8] Use of undefined constant Index - assumed 'Index' D:\phpStudy\PHPTutorial\WWW\UUhuyv\Runtime\Cache\Home\769e70f2e46f34ceb60619bbda5e4691.php 第 11 行.
NOTIC: [2] Illegal string offset 'game_name' D:\phpStudy\PHPTutorial\WWW\UUhuyv\Application\Common\Common\extend.php 第 208 行.
NOTIC: [8] Uninitialized string offset: 0 D:\phpStudy\PHPTutorial\WWW\UUhuyv\Application\Common\Common\extend.php 第 208 行.
NOTIC: [2] Illegal string offset 'title' D:\phpStudy\PHPTutorial\WWW\UUhuyv\Application\Common\Common\extend.php 第 208 行.
NOTIC: [8] Uninitialized string offset: 0 D:\phpStudy\PHPTutorial\WWW\UUhuyv\Application\Common\Common\extend.php 第 208 行.
NOTIC: [2] Illegal string offset 'giftbag_name' D:\phpStudy\PHPTutorial\WWW\UUhuyv\Application\Common\Common\extend.php 第 208 行.
NOTIC: [8] Uninitialized string offset: 0 D:\phpStudy\PHPTutorial\WWW\UUhuyv\Application\Common\Common\extend.php 第 208 行.
NOTIC: [2] Illegal string offset 'game_type_name' D:\phpStudy\PHPTutorial\WWW\UUhuyv\Application\Common\Common\extend.php 第 208 行.
NOTIC: [8] Uninitialized string offset: 0 D:\phpStudy\PHPTutorial\WWW\UUhuyv\Application\Common\Common\extend.php 第 208 行.
NOTIC: [2] Illegal string offset 'good_name' D:\phpStudy\PHPTutorial\WWW\UUhuyv\Application\Common\Common\extend.php 第 208 行.
NOTIC: [8] Uninitialized string offset: 0 D:\phpStudy\PHPTutorial\WWW\UUhuyv\Application\Common\Common\extend.php 第 208 行.
SQL: SHOW COLUMNS FROM `sys_picture` [ RunTime:0.0101s ]
SQL: SELECT * FROM `sys_picture` WHERE `status` = 1 AND `id` = 61 LIMIT 1   [ RunTime:0.0004s ]
SQL: SHOW COLUMNS FROM `tab_tool` [ RunTime:0.0118s ]
SQL: SELECT * FROM `tab_tool` WHERE `name` = 'oss_storage' LIMIT 1   [ RunTime:0.0003s ]
SQL: SELECT * FROM `tab_tool` WHERE `name` = 'qiniu_storage' LIMIT 1   [ RunTime:0.0003s ]
SQL: SELECT * FROM `sys_picture` WHERE `status` = 1 AND `id` = 377 LIMIT 1   [ RunTime:0.0002s ]
SQL: SELECT * FROM `tab_tool` WHERE `name` = 'oss_storage' LIMIT 1   [ RunTime:0.0002s ]
SQL: SELECT * FROM `tab_tool` WHERE `name` = 'qiniu_storage' LIMIT 1   [ RunTime:0.0002s ]
SQL: SHOW COLUMNS FROM `sys_channel` [ RunTime:0.0097s ]
SQL: SELECT `id`,`pid`,`title`,`url`,`sort`,`create_time`,`update_time`,`status`,`target` FROM `sys_channel` WHERE ( status=1 ) ORDER BY sort asc  [ RunTime:0.0004s ]
NOTIC: [8] Undefined index: home_account D:\phpStudy\PHPTutorial\WWW\UUhuyv\Runtime\Cache\Home\769e70f2e46f34ceb60619bbda5e4691.php 第 72 行.
NOTIC: [8] Undefined index: home_pas D:\phpStudy\PHPTutorial\WWW\UUhuyv\Runtime\Cache\Home\769e70f2e46f34ceb60619bbda5e4691.php 第 80 行.
INFO: Run Behavior\ParseTemplateBehavior [ RunTime:0.051961s ]
INFO: [ view_parse ] --END-- [ RunTime:0.052011s ]
INFO: [ view_filter ] --START--
INFO: Run Behavior\WriteHtmlCacheBehavior [ RunTime:0.000405s ]
INFO: [ view_filter ] --END-- [ RunTime:0.000439s ]
INFO: [ app_end ] --START--
INFO: Run Behavior\ShowPageTraceBehavior [ RunTime:0.000600s ]
INFO: [ app_end ] --END-- [ RunTime:0.000658s ]

[ 2018-05-24T14:02:22+08:00 ] 127.0.0.1 /index.php?s=/Home/Index/verify
INFO: [ app_init ] --START--
INFO: Run Behavior\BuildLiteBehavior [ RunTime:0.000011s ]
INFO: Run Common\Behavior\InitHookBehavior [ RunTime:0.001609s ]
INFO: [ app_init ] --END-- [ RunTime:0.001721s ]
SQL: SHOW COLUMNS FROM `sys_config` [ RunTime:0.0104s ]
SQL: SELECT `type`,`name`,`value` FROM `sys_config` WHERE `status` = 1  [ RunTime:0.0006s ]
INFO: [ app_begin ] --START--
INFO: Run Behavior\ReadHtmlCacheBehavior [ RunTime:0.000425s ]
INFO: [ app_begin ] --END-- [ RunTime:0.000481s ]
SQL: SHOW COLUMNS FROM `tab_apply_union` [ RunTime:0.0126s ]
SQL: SELECT `union_id`,`union_account`,`status`,`apply_domain_type`,`domain_url`,`union_set` FROM `tab_apply_union` WHERE `domain_url` IN ('www.local.uuhuyv.com','http://www.local.uuhuyv.com','https://www.local.uuhuyv.com') LIMIT 1   [ RunTime:0.0003s ]
SQL: SELECT `type`,`name`,`value` FROM `sys_config` WHERE `status` = 1  [ RunTime:0.0005s ]
INFO: [ app_end ] --START--
INFO: Run Behavior\ShowPageTraceBehavior [ RunTime:0.000576s ]
INFO: [ app_end ] --END-- [ RunTime:0.000645s ]

