[ 2018-06-01T08:56:55+08:00 ] 127.0.0.1 /
INFO: [ app_init ] --START--
INFO: Run Behavior\BuildLiteBehavior [ RunTime:0.000014s ]
INFO: Run Common\Behavior\InitHookBehavior [ RunTime:0.029519s ]
INFO: [ app_init ] --END-- [ RunTime:0.029676s ]
SQL: SHOW COLUMNS FROM `sys_config` [ RunTime:0.0465s ]
SQL: SELECT `type`,`name`,`value` FROM `sys_config` WHERE `status` = 1  [ RunTime:0.0046s ]
INFO: [ app_begin ] --START--
INFO: Run Behavior\ReadHtmlCacheBehavior [ RunTime:0.009645s ]
INFO: [ app_begin ] --END-- [ RunTime:0.009737s ]
SQL: SHOW COLUMNS FROM `tab_apply_union` [ RunTime:0.0230s ]
SQL: SELECT `union_id`,`union_account`,`status`,`apply_domain_type`,`domain_url`,`union_set` FROM `tab_apply_union` WHERE `domain_url` IN ('www.local.uuhuyv.com','http://www.local.uuhuyv.com','https://www.local.uuhuyv.com') LIMIT 1   [ RunTime:0.0006s ]
SQL: SELECT `type`,`name`,`value` FROM `sys_config` WHERE `status` = 1  [ RunTime:0.0008s ]
SQL: SHOW COLUMNS FROM `tab_game` [ RunTime:0.1263s ]
SQL: SELECT * FROM `tab_game` WHERE `game_status` = 1 AND `recommend_status` = 1 ORDER BY sort desc,id DESC  [ RunTime:0.0332s ]
SQL: SHOW COLUMNS FROM `sys_category` [ RunTime:0.0561s ]
SQL: SELECT * FROM `sys_category` WHERE `name` IN ('tui_gg') AND `status` = 1  [ RunTime:0.0089s ]
SQL: SHOW COLUMNS FROM `sys_document` [ RunTime:0.0249s ]
SQL: SELECT * FROM `sys_document` WHERE `category_id` IN ('83') AND `status` = 1 AND `create_time` <= 1527814615 AND `deadline` NOT BETWEEN 1 AND 1527814615 ORDER BY update_time desc  [ RunTime:0.0057s ]
SQL: SELECT * FROM `sys_category` WHERE `name` IN ('tui_zx') AND `status` = 1  [ RunTime:0.0004s ]
SQL: SELECT * FROM `sys_document` WHERE `category_id` IN ('82') AND `status` = 1 AND `create_time` <= 1527814615 AND `deadline` NOT BETWEEN 1 AND 1527814615 ORDER BY update_time desc  [ RunTime:0.0010s ]
SQL: SHOW COLUMNS FROM `tab_adv` [ RunTime:0.0156s ]
SQL: SELECT tab_adv.*,tab_adv_pos.name FROM `tab_adv` INNER JOIN tab_adv_pos on tab_adv.pos_id = tab_adv_pos.id  WHERE tab_adv.status = 1 AND tab_adv_pos.name = 'index_gg' AND ( `start_time` < 1527814615 OR `start_time` = 0 ) AND ( `end_time` > 1527814615 OR `end_time` = 0 )  [ RunTime:0.0066s ]
SQL: SELECT tab_adv.*,tab_adv_pos.name FROM `tab_adv` INNER JOIN tab_adv_pos on tab_adv.pos_id = tab_adv_pos.id  WHERE tab_adv.status = 1 AND tab_adv_pos.name = 'index_zx' AND ( `start_time` < 1527814615 OR `start_time` = 0 ) AND ( `end_time` > 1527814615 OR `end_time` = 0 )  [ RunTime:0.0003s ]
INFO: [ view_parse ] --START--
INFO: [ template_filter ] --START--
INFO: Run Behavior\ContentReplaceBehavior [ RunTime:0.000183s ]
INFO: [ template_filter ] --END-- [ RunTime:0.000222s ]
NOTIC: [8] Use of undefined constant index - assumed 'index' D:\phpStudy\PHPTutorial\WWW\UUhuyv\Runtime\Cache\Home\769e70f2e46f34ceb60619bbda5e4691.php 第 11 行.
NOTIC: [8] Use of undefined constant Index - assumed 'Index' D:\phpStudy\PHPTutorial\WWW\UUhuyv\Runtime\Cache\Home\769e70f2e46f34ceb60619bbda5e4691.php 第 11 行.
NOTIC: [2] Illegal string offset 'game_name' D:\phpStudy\PHPTutorial\WWW\UUhuyv\Application\Common\Common\extend.php 第 208 行.
NOTIC: [8] Uninitialized string offset: 0 D:\phpStudy\PHPTutorial\WWW\UUhuyv\Application\Common\Common\extend.php 第 208 行.
NOTIC: [2] Illegal string offset 'title' D:\phpStudy\PHPTutorial\WWW\UUhuyv\Application\Common\Common\extend.php 第 208 行.
NOTIC: [8] Uninitialized string offset: 0 D:\phpStudy\PHPTutorial\WWW\UUhuyv\Application\Common\Common\extend.php 第 208 行.
NOTIC: [2] Illegal string offset 'giftbag_name' D:\phpStudy\PHPTutorial\WWW\UUhuyv\Application\Common\Common\extend.php 第 208 行.
NOTIC: [8] Uninitialized string offset: 0 D:\phpStudy\PHPTutorial\WWW\UUhuyv\Application\Common\Common\extend.php 第 208 行.
NOTIC: [2] Illegal string offset 'game_type_name' D:\phpStudy\PHPTutorial\WWW\UUhuyv\Application\Common\Common\extend.php 第 208 行.
NOTIC: [8] Uninitialized string offset: 0 D:\phpStudy\PHPTutorial\WWW\UUhuyv\Application\Common\Common\extend.php 第 208 行.
NOTIC: [2] Illegal string offset 'good_name' D:\phpStudy\PHPTutorial\WWW\UUhuyv\Application\Common\Common\extend.php 第 208 行.
NOTIC: [8] Uninitialized string offset: 0 D:\phpStudy\PHPTutorial\WWW\UUhuyv\Application\Common\Common\extend.php 第 208 行.
SQL: SHOW COLUMNS FROM `sys_picture` [ RunTime:0.0807s ]
SQL: SELECT * FROM `sys_picture` WHERE `status` = 1 AND `id` = 61 LIMIT 1   [ RunTime:0.0166s ]
SQL: SHOW COLUMNS FROM `tab_tool` [ RunTime:0.0441s ]
SQL: SELECT * FROM `tab_tool` WHERE `name` = 'oss_storage' LIMIT 1   [ RunTime:0.0188s ]
SQL: SELECT * FROM `tab_tool` WHERE `name` = 'qiniu_storage' LIMIT 1   [ RunTime:0.0003s ]
SQL: SELECT * FROM `sys_picture` WHERE `status` = 1 AND `id` = 377 LIMIT 1   [ RunTime:0.0003s ]
SQL: SELECT * FROM `tab_tool` WHERE `name` = 'oss_storage' LIMIT 1   [ RunTime:0.0002s ]
SQL: SELECT * FROM `tab_tool` WHERE `name` = 'qiniu_storage' LIMIT 1   [ RunTime:0.0003s ]
SQL: SHOW COLUMNS FROM `sys_channel` [ RunTime:0.0650s ]
SQL: SELECT `id`,`pid`,`title`,`url`,`sort`,`create_time`,`update_time`,`status`,`target` FROM `sys_channel` WHERE ( status=1 ) ORDER BY sort asc  [ RunTime:0.0224s ]
NOTIC: [8] Undefined index: home_account D:\phpStudy\PHPTutorial\WWW\UUhuyv\Runtime\Cache\Home\769e70f2e46f34ceb60619bbda5e4691.php 第 72 行.
NOTIC: [8] Undefined index: home_pas D:\phpStudy\PHPTutorial\WWW\UUhuyv\Runtime\Cache\Home\769e70f2e46f34ceb60619bbda5e4691.php 第 80 行.
SQL: SELECT * FROM `sys_picture` WHERE `status` = 1 AND `id` = 359 LIMIT 1   [ RunTime:0.0006s ]
SQL: SELECT * FROM `tab_tool` WHERE `name` = 'oss_storage' LIMIT 1   [ RunTime:0.0003s ]
SQL: SELECT * FROM `tab_tool` WHERE `name` = 'qiniu_storage' LIMIT 1   [ RunTime:0.0002s ]
INFO: Run Behavior\ParseTemplateBehavior [ RunTime:0.318811s ]
INFO: [ view_parse ] --END-- [ RunTime:0.318845s ]
INFO: [ view_filter ] --START--
INFO: Run Behavior\WriteHtmlCacheBehavior [ RunTime:0.016836s ]
INFO: [ view_filter ] --END-- [ RunTime:0.016887s ]
INFO: [ app_end ] --START--
INFO: Run Behavior\ShowPageTraceBehavior [ RunTime:0.028845s ]
INFO: [ app_end ] --END-- [ RunTime:0.028926s ]

[ 2018-06-01T08:56:56+08:00 ] 127.0.0.1 /index.php?s=/Home/Index/verify
INFO: [ app_init ] --START--
INFO: Run Behavior\BuildLiteBehavior [ RunTime:0.000012s ]
INFO: Run Common\Behavior\InitHookBehavior [ RunTime:0.001513s ]
INFO: [ app_init ] --END-- [ RunTime:0.001603s ]
SQL: SHOW COLUMNS FROM `sys_config` [ RunTime:0.0042s ]
SQL: SELECT `type`,`name`,`value` FROM `sys_config` WHERE `status` = 1  [ RunTime:0.0006s ]
INFO: [ app_begin ] --START--
INFO: Run Behavior\ReadHtmlCacheBehavior [ RunTime:0.000561s ]
INFO: [ app_begin ] --END-- [ RunTime:0.000624s ]
SQL: SHOW COLUMNS FROM `tab_apply_union` [ RunTime:0.0064s ]
SQL: SELECT `union_id`,`union_account`,`status`,`apply_domain_type`,`domain_url`,`union_set` FROM `tab_apply_union` WHERE `domain_url` IN ('www.local.uuhuyv.com','http://www.local.uuhuyv.com','https://www.local.uuhuyv.com') LIMIT 1   [ RunTime:0.0004s ]
SQL: SELECT `type`,`name`,`value` FROM `sys_config` WHERE `status` = 1  [ RunTime:0.0008s ]
INFO: [ app_end ] --START--
INFO: Run Behavior\ShowPageTraceBehavior [ RunTime:0.000507s ]
INFO: [ app_end ] --END-- [ RunTime:0.000557s ]

[ 2018-06-01T09:06:05+08:00 ] 127.0.0.1 /
INFO: [ app_init ] --START--
INFO: Run Behavior\BuildLiteBehavior [ RunTime:0.000031s ]
INFO: Run Common\Behavior\InitHookBehavior [ RunTime:0.037389s ]
INFO: [ app_init ] --END-- [ RunTime:0.038601s ]
SQL: SHOW COLUMNS FROM `sys_config` [ RunTime:0.0217s ]
SQL: SELECT `type`,`name`,`value` FROM `sys_config` WHERE `status` = 1  [ RunTime:0.0112s ]
INFO: [ app_begin ] --START--
INFO: Run Behavior\ReadHtmlCacheBehavior [ RunTime:0.010403s ]
INFO: [ app_begin ] --END-- [ RunTime:0.010533s ]
SQL: SHOW COLUMNS FROM `tab_apply_union` [ RunTime:0.0228s ]
SQL: SELECT `union_id`,`union_account`,`status`,`apply_domain_type`,`domain_url`,`union_set` FROM `tab_apply_union` WHERE `domain_url` IN ('www.local.uuhuyv.com','http://www.local.uuhuyv.com','https://www.local.uuhuyv.com') LIMIT 1   [ RunTime:0.0006s ]
SQL: SELECT `type`,`name`,`value` FROM `sys_config` WHERE `status` = 1  [ RunTime:0.0011s ]
SQL: SHOW COLUMNS FROM `tab_game` [ RunTime:0.0303s ]
SQL: SELECT * FROM `tab_game` WHERE `game_status` = 1 AND `recommend_status` = 1 ORDER BY sort desc,id DESC  [ RunTime:0.0099s ]
SQL: SHOW COLUMNS FROM `sys_category` [ RunTime:0.0235s ]
SQL: SELECT * FROM `sys_category` WHERE `name` IN ('tui_gg') AND `status` = 1  [ RunTime:0.0070s ]
SQL: SHOW COLUMNS FROM `sys_document` [ RunTime:0.0265s ]
SQL: SELECT * FROM `sys_document` WHERE `category_id` IN ('83') AND `status` = 1 AND `create_time` <= 1527815165 AND `deadline` NOT BETWEEN 1 AND 1527815165 ORDER BY update_time desc  [ RunTime:0.0121s ]
SQL: SELECT * FROM `sys_category` WHERE `name` IN ('tui_zx') AND `status` = 1  [ RunTime:0.0007s ]
SQL: SELECT * FROM `sys_document` WHERE `category_id` IN ('82') AND `status` = 1 AND `create_time` <= 1527815165 AND `deadline` NOT BETWEEN 1 AND 1527815165 ORDER BY update_time desc  [ RunTime:0.0019s ]
SQL: SHOW COLUMNS FROM `tab_adv` [ RunTime:0.0260s ]
SQL: SELECT tab_adv.*,tab_adv_pos.name FROM `tab_adv` INNER JOIN tab_adv_pos on tab_adv.pos_id = tab_adv_pos.id  WHERE tab_adv.status = 1 AND tab_adv_pos.name = 'index_gg' AND ( `start_time` < 1527815165 OR `start_time` = 0 ) AND ( `end_time` > 1527815165 OR `end_time` = 0 )  [ RunTime:0.0130s ]
SQL: SELECT tab_adv.*,tab_adv_pos.name FROM `tab_adv` INNER JOIN tab_adv_pos on tab_adv.pos_id = tab_adv_pos.id  WHERE tab_adv.status = 1 AND tab_adv_pos.name = 'index_zx' AND ( `start_time` < 1527815165 OR `start_time` = 0 ) AND ( `end_time` > 1527815165 OR `end_time` = 0 )  [ RunTime:0.0007s ]
INFO: [ view_parse ] --START--
INFO: [ template_filter ] --START--
INFO: Run Behavior\ContentReplaceBehavior [ RunTime:0.000743s ]
INFO: [ template_filter ] --END-- [ RunTime:0.000878s ]
NOTIC: [8] Use of undefined constant index - assumed 'index' D:\phpStudy\PHPTutorial\WWW\UUhuyv\Runtime\Cache\Home\769e70f2e46f34ceb60619bbda5e4691.php 第 11 行.
NOTIC: [8] Use of undefined constant Index - assumed 'Index' D:\phpStudy\PHPTutorial\WWW\UUhuyv\Runtime\Cache\Home\769e70f2e46f34ceb60619bbda5e4691.php 第 11 行.
NOTIC: [2] Illegal string offset 'game_name' D:\phpStudy\PHPTutorial\WWW\UUhuyv\Application\Common\Common\extend.php 第 208 行.
NOTIC: [8] Uninitialized string offset: 0 D:\phpStudy\PHPTutorial\WWW\UUhuyv\Application\Common\Common\extend.php 第 208 行.
NOTIC: [2] Illegal string offset 'title' D:\phpStudy\PHPTutorial\WWW\UUhuyv\Application\Common\Common\extend.php 第 208 行.
NOTIC: [8] Uninitialized string offset: 0 D:\phpStudy\PHPTutorial\WWW\UUhuyv\Application\Common\Common\extend.php 第 208 行.
NOTIC: [2] Illegal string offset 'giftbag_name' D:\phpStudy\PHPTutorial\WWW\UUhuyv\Application\Common\Common\extend.php 第 208 行.
NOTIC: [8] Uninitialized string offset: 0 D:\phpStudy\PHPTutorial\WWW\UUhuyv\Application\Common\Common\extend.php 第 208 行.
NOTIC: [2] Illegal string offset 'game_type_name' D:\phpStudy\PHPTutorial\WWW\UUhuyv\Application\Common\Common\extend.php 第 208 行.
NOTIC: [8] Uninitialized string offset: 0 D:\phpStudy\PHPTutorial\WWW\UUhuyv\Application\Common\Common\extend.php 第 208 行.
NOTIC: [2] Illegal string offset 'good_name' D:\phpStudy\PHPTutorial\WWW\UUhuyv\Application\Common\Common\extend.php 第 208 行.
NOTIC: [8] Uninitialized string offset: 0 D:\phpStudy\PHPTutorial\WWW\UUhuyv\Application\Common\Common\extend.php 第 208 行.
SQL: SHOW COLUMNS FROM `sys_picture` [ RunTime:0.0327s ]
SQL: SELECT * FROM `sys_picture` WHERE `status` = 1 AND `id` = 61 LIMIT 1   [ RunTime:0.0055s ]
SQL: SHOW COLUMNS FROM `tab_tool` [ RunTime:0.0312s ]
SQL: SELECT * FROM `tab_tool` WHERE `name` = 'oss_storage' LIMIT 1   [ RunTime:0.0060s ]
SQL: SELECT * FROM `tab_tool` WHERE `name` = 'qiniu_storage' LIMIT 1   [ RunTime:0.0009s ]
SQL: SELECT * FROM `sys_picture` WHERE `status` = 1 AND `id` = 377 LIMIT 1   [ RunTime:0.0007s ]
SQL: SELECT * FROM `tab_tool` WHERE `name` = 'oss_storage' LIMIT 1   [ RunTime:0.0008s ]
SQL: SELECT * FROM `tab_tool` WHERE `name` = 'qiniu_storage' LIMIT 1   [ RunTime:0.0008s ]
SQL: SHOW COLUMNS FROM `sys_channel` [ RunTime:0.0314s ]
SQL: SELECT `id`,`pid`,`title`,`url`,`sort`,`create_time`,`update_time`,`status`,`target` FROM `sys_channel` WHERE ( status=1 ) ORDER BY sort asc  [ RunTime:0.0099s ]
NOTIC: [8] Undefined index: home_account D:\phpStudy\PHPTutorial\WWW\UUhuyv\Runtime\Cache\Home\769e70f2e46f34ceb60619bbda5e4691.php 第 72 行.
NOTIC: [8] Undefined index: home_pas D:\phpStudy\PHPTutorial\WWW\UUhuyv\Runtime\Cache\Home\769e70f2e46f34ceb60619bbda5e4691.php 第 80 行.
SQL: SELECT * FROM `sys_picture` WHERE `status` = 1 AND `id` = 359 LIMIT 1   [ RunTime:0.0013s ]
SQL: SELECT * FROM `tab_tool` WHERE `name` = 'oss_storage' LIMIT 1   [ RunTime:0.0009s ]
SQL: SELECT * FROM `tab_tool` WHERE `name` = 'qiniu_storage' LIMIT 1   [ RunTime:0.0008s ]
INFO: Run Behavior\ParseTemplateBehavior [ RunTime:0.381073s ]
INFO: [ view_parse ] --END-- [ RunTime:0.381197s ]
INFO: [ view_filter ] --START--
INFO: Run Behavior\WriteHtmlCacheBehavior [ RunTime:0.012025s ]
INFO: [ view_filter ] --END-- [ RunTime:0.012159s ]
INFO: [ app_end ] --START--
INFO: Run Behavior\ShowPageTraceBehavior [ RunTime:0.010534s ]
INFO: [ app_end ] --END-- [ RunTime:0.010688s ]

[ 2018-06-01T09:06:06+08:00 ] 127.0.0.1 /index.php?s=/Home/Index/verify
INFO: [ app_init ] --START--
INFO: Run Behavior\BuildLiteBehavior [ RunTime:0.000008s ]
INFO: Run Common\Behavior\InitHookBehavior [ RunTime:0.001401s ]
INFO: [ app_init ] --END-- [ RunTime:0.001463s ]
SQL: SHOW COLUMNS FROM `sys_config` [ RunTime:0.0281s ]
SQL: SELECT `type`,`name`,`value` FROM `sys_config` WHERE `status` = 1  [ RunTime:0.0005s ]
INFO: [ app_begin ] --START--
INFO: Run Behavior\ReadHtmlCacheBehavior [ RunTime:0.000717s ]
INFO: [ app_begin ] --END-- [ RunTime:0.000795s ]
SQL: SHOW COLUMNS FROM `tab_apply_union` [ RunTime:0.0360s ]
SQL: SELECT `union_id`,`union_account`,`status`,`apply_domain_type`,`domain_url`,`union_set` FROM `tab_apply_union` WHERE `domain_url` IN ('www.local.uuhuyv.com','http://www.local.uuhuyv.com','https://www.local.uuhuyv.com') LIMIT 1   [ RunTime:0.0004s ]
SQL: SELECT `type`,`name`,`value` FROM `sys_config` WHERE `status` = 1  [ RunTime:0.0008s ]
INFO: [ app_end ] --START--
INFO: Run Behavior\ShowPageTraceBehavior [ RunTime:0.000591s ]
INFO: [ app_end ] --END-- [ RunTime:0.000652s ]

[ 2018-06-01T14:06:03+08:00 ] 127.0.0.1 /
INFO: [ app_init ] --START--
INFO: Run Behavior\BuildLiteBehavior [ RunTime:0.000009s ]
INFO: Run Common\Behavior\InitHookBehavior [ RunTime:0.021207s ]
INFO: [ app_init ] --END-- [ RunTime:0.024806s ]
SQL: SHOW COLUMNS FROM `sys_config` [ RunTime:0.0160s ]
SQL: SELECT `type`,`name`,`value` FROM `sys_config` WHERE `status` = 1  [ RunTime:0.0049s ]
INFO: [ app_begin ] --START--
INFO: Run Behavior\ReadHtmlCacheBehavior [ RunTime:0.007807s ]
INFO: [ app_begin ] --END-- [ RunTime:0.007868s ]
SQL: SHOW COLUMNS FROM `tab_apply_union` [ RunTime:0.0164s ]
SQL: SELECT `union_id`,`union_account`,`status`,`apply_domain_type`,`domain_url`,`union_set` FROM `tab_apply_union` WHERE `domain_url` IN ('www.local.uuhuyv.com','http://www.local.uuhuyv.com','https://www.local.uuhuyv.com') LIMIT 1   [ RunTime:0.0004s ]
SQL: SELECT `type`,`name`,`value` FROM `sys_config` WHERE `status` = 1  [ RunTime:0.0006s ]
SQL: SHOW COLUMNS FROM `tab_game` [ RunTime:0.0147s ]
SQL: SELECT * FROM `tab_game` WHERE `game_status` = 1 AND `recommend_status` = 1 ORDER BY sort desc,id DESC  [ RunTime:0.0126s ]
SQL: SHOW COLUMNS FROM `sys_category` [ RunTime:0.0227s ]
SQL: SELECT * FROM `sys_category` WHERE `name` IN ('tui_gg') AND `status` = 1  [ RunTime:0.0089s ]
SQL: SHOW COLUMNS FROM `sys_document` [ RunTime:0.0246s ]
SQL: SELECT * FROM `sys_document` WHERE `category_id` IN ('83') AND `status` = 1 AND `create_time` <= 1527833163 AND `deadline` NOT BETWEEN 1 AND 1527833163 ORDER BY update_time desc  [ RunTime:0.0061s ]
SQL: SELECT * FROM `sys_category` WHERE `name` IN ('tui_zx') AND `status` = 1  [ RunTime:0.0004s ]
SQL: SELECT * FROM `sys_document` WHERE `category_id` IN ('82') AND `status` = 1 AND `create_time` <= 1527833163 AND `deadline` NOT BETWEEN 1 AND 1527833163 ORDER BY update_time desc  [ RunTime:0.0009s ]
SQL: SHOW COLUMNS FROM `tab_adv` [ RunTime:0.0158s ]
SQL: SELECT tab_adv.*,tab_adv_pos.name FROM `tab_adv` INNER JOIN tab_adv_pos on tab_adv.pos_id = tab_adv_pos.id  WHERE tab_adv.status = 1 AND tab_adv_pos.name = 'index_gg' AND ( `start_time` < 1527833163 OR `start_time` = 0 ) AND ( `end_time` > 1527833163 OR `end_time` = 0 )  [ RunTime:0.0084s ]
SQL: SELECT tab_adv.*,tab_adv_pos.name FROM `tab_adv` INNER JOIN tab_adv_pos on tab_adv.pos_id = tab_adv_pos.id  WHERE tab_adv.status = 1 AND tab_adv_pos.name = 'index_zx' AND ( `start_time` < 1527833163 OR `start_time` = 0 ) AND ( `end_time` > 1527833163 OR `end_time` = 0 )  [ RunTime:0.0004s ]
INFO: [ view_parse ] --START--
INFO: [ template_filter ] --START--
INFO: Run Behavior\ContentReplaceBehavior [ RunTime:0.000450s ]
INFO: [ template_filter ] --END-- [ RunTime:0.000538s ]
NOTIC: [8] Use of undefined constant index - assumed 'index' D:\phpStudy\PHPTutorial\WWW\UUhuyv\Runtime\Cache\Home\769e70f2e46f34ceb60619bbda5e4691.php 第 11 行.
NOTIC: [8] Use of undefined constant Index - assumed 'Index' D:\phpStudy\PHPTutorial\WWW\UUhuyv\Runtime\Cache\Home\769e70f2e46f34ceb60619bbda5e4691.php 第 11 行.
NOTIC: [2] Illegal string offset 'game_name' D:\phpStudy\PHPTutorial\WWW\UUhuyv\Application\Common\Common\extend.php 第 208 行.
NOTIC: [8] Uninitialized string offset: 0 D:\phpStudy\PHPTutorial\WWW\UUhuyv\Application\Common\Common\extend.php 第 208 行.
NOTIC: [2] Illegal string offset 'title' D:\phpStudy\PHPTutorial\WWW\UUhuyv\Application\Common\Common\extend.php 第 208 行.
NOTIC: [8] Uninitialized string offset: 0 D:\phpStudy\PHPTutorial\WWW\UUhuyv\Application\Common\Common\extend.php 第 208 行.
NOTIC: [2] Illegal string offset 'giftbag_name' D:\phpStudy\PHPTutorial\WWW\UUhuyv\Application\Common\Common\extend.php 第 208 行.
NOTIC: [8] Uninitialized string offset: 0 D:\phpStudy\PHPTutorial\WWW\UUhuyv\Application\Common\Common\extend.php 第 208 行.
NOTIC: [2] Illegal string offset 'game_type_name' D:\phpStudy\PHPTutorial\WWW\UUhuyv\Application\Common\Common\extend.php 第 208 行.
NOTIC: [8] Uninitialized string offset: 0 D:\phpStudy\PHPTutorial\WWW\UUhuyv\Application\Common\Common\extend.php 第 208 行.
NOTIC: [2] Illegal string offset 'good_name' D:\phpStudy\PHPTutorial\WWW\UUhuyv\Application\Common\Common\extend.php 第 208 行.
NOTIC: [8] Uninitialized string offset: 0 D:\phpStudy\PHPTutorial\WWW\UUhuyv\Application\Common\Common\extend.php 第 208 行.
SQL: SHOW COLUMNS FROM `sys_picture` [ RunTime:0.0354s ]
SQL: SELECT * FROM `sys_picture` WHERE `status` = 1 AND `id` = 61 LIMIT 1   [ RunTime:0.0098s ]
SQL: SHOW COLUMNS FROM `tab_tool` [ RunTime:0.0200s ]
SQL: SELECT * FROM `tab_tool` WHERE `name` = 'oss_storage' LIMIT 1   [ RunTime:0.0087s ]
SQL: SELECT * FROM `tab_tool` WHERE `name` = 'qiniu_storage' LIMIT 1   [ RunTime:0.0006s ]
SQL: SELECT * FROM `sys_picture` WHERE `status` = 1 AND `id` = 377 LIMIT 1   [ RunTime:0.0005s ]
SQL: SELECT * FROM `tab_tool` WHERE `name` = 'oss_storage' LIMIT 1   [ RunTime:0.0005s ]
SQL: SELECT * FROM `tab_tool` WHERE `name` = 'qiniu_storage' LIMIT 1   [ RunTime:0.0005s ]
SQL: SHOW COLUMNS FROM `sys_channel` [ RunTime:0.0231s ]
SQL: SELECT `id`,`pid`,`title`,`url`,`sort`,`create_time`,`update_time`,`status`,`target` FROM `sys_channel` WHERE ( status=1 ) ORDER BY sort asc  [ RunTime:0.0037s ]
NOTIC: [8] Undefined index: home_account D:\phpStudy\PHPTutorial\WWW\UUhuyv\Runtime\Cache\Home\769e70f2e46f34ceb60619bbda5e4691.php 第 72 行.
NOTIC: [8] Undefined index: home_pas D:\phpStudy\PHPTutorial\WWW\UUhuyv\Runtime\Cache\Home\769e70f2e46f34ceb60619bbda5e4691.php 第 80 行.
SQL: SELECT * FROM `sys_picture` WHERE `status` = 1 AND `id` = 359 LIMIT 1   [ RunTime:0.0009s ]
SQL: SELECT * FROM `tab_tool` WHERE `name` = 'oss_storage' LIMIT 1   [ RunTime:0.0006s ]
SQL: SELECT * FROM `tab_tool` WHERE `name` = 'qiniu_storage' LIMIT 1   [ RunTime:0.0006s ]
INFO: Run Behavior\ParseTemplateBehavior [ RunTime:0.203954s ]
INFO: [ view_parse ] --END-- [ RunTime:0.204025s ]
INFO: [ view_filter ] --START--
INFO: Run Behavior\WriteHtmlCacheBehavior [ RunTime:0.013147s ]
INFO: [ view_filter ] --END-- [ RunTime:0.013241s ]
INFO: [ app_end ] --START--
INFO: Run Behavior\ShowPageTraceBehavior [ RunTime:0.001626s ]
INFO: [ app_end ] --END-- [ RunTime:0.001730s ]

[ 2018-06-01T14:06:03+08:00 ] 127.0.0.1 /index.php?s=/Home/Index/verify
INFO: [ app_init ] --START--
INFO: Run Behavior\BuildLiteBehavior [ RunTime:0.000022s ]
INFO: Run Common\Behavior\InitHookBehavior [ RunTime:0.002055s ]
INFO: [ app_init ] --END-- [ RunTime:0.002205s ]
SQL: SHOW COLUMNS FROM `sys_config` [ RunTime:0.0048s ]
SQL: SELECT `type`,`name`,`value` FROM `sys_config` WHERE `status` = 1  [ RunTime:0.0006s ]
INFO: [ app_begin ] --START--
INFO: Run Behavior\ReadHtmlCacheBehavior [ RunTime:0.000502s ]
INFO: [ app_begin ] --END-- [ RunTime:0.000559s ]
SQL: SHOW COLUMNS FROM `tab_apply_union` [ RunTime:0.0057s ]
SQL: SELECT `union_id`,`union_account`,`status`,`apply_domain_type`,`domain_url`,`union_set` FROM `tab_apply_union` WHERE `domain_url` IN ('www.local.uuhuyv.com','http://www.local.uuhuyv.com','https://www.local.uuhuyv.com') LIMIT 1   [ RunTime:0.0008s ]
SQL: SELECT `type`,`name`,`value` FROM `sys_config` WHERE `status` = 1  [ RunTime:0.0024s ]
INFO: [ app_end ] --START--
INFO: Run Behavior\ShowPageTraceBehavior [ RunTime:0.000488s ]
INFO: [ app_end ] --END-- [ RunTime:0.000543s ]

