[ 2018-06-21T08:58:45+08:00 ] 127.0.0.1 /mobile.php
INFO: [ app_init ] --START--
INFO: Run Behavior\BuildLiteBehavior [ RunTime:0.000009s ]
SQL: SHOW COLUMNS FROM `sys_hooks` [ RunTime:0.1292s ]
SQL: SELECT `name`,`addons` FROM `sys_hooks`  [ RunTime:0.0011s ]
SQL: SHOW COLUMNS FROM `sys_addons` [ RunTime:0.0551s ]
SQL: SELECT `id`,`name` FROM `sys_addons` WHERE `status` = 1 AND `name` IN ('ReturnTop')  [ RunTime:0.0009s ]
SQL: SELECT `id`,`name` FROM `sys_addons` WHERE `status` = 1 AND `name` IN ('SocialComment')  [ RunTime:0.0004s ]
SQL: SELECT `id`,`name` FROM `sys_addons` WHERE `status` = 1 AND `name` IN ('Editor')  [ RunTime:0.0004s ]
SQL: SELECT `id`,`name` FROM `sys_addons` WHERE `status` = 1 AND `name` IN ('EditorForAdmin')  [ RunTime:0.0004s ]
SQL: SELECT `id`,`name` FROM `sys_addons` WHERE `status` = 1 AND `name` IN ('SiteStat','SystemInfo','DevTeam')  [ RunTime:0.0004s ]
SQL: SELECT `id`,`name` FROM `sys_addons` WHERE `status` = 1 AND `name` IN ('Editor')  [ RunTime:0.0004s ]
SQL: SELECT `id`,`name` FROM `sys_addons` WHERE `status` = 1 AND `name` IN ('UploadImages')  [ RunTime:0.0004s ]
INFO: Run Common\Behavior\InitHookBehavior [ RunTime:0.366204s ]
INFO: [ app_init ] --END-- [ RunTime:0.367535s ]
INFO: [ app_begin ] --START--
INFO: Run Behavior\ReadHtmlCacheBehavior [ RunTime:0.042356s ]
INFO: [ app_begin ] --END-- [ RunTime:0.042474s ]

[ 2018-06-21T08:58:48+08:00 ] 127.0.0.1 /mobile.php
INFO: [ app_init ] --START--
INFO: Run Behavior\BuildLiteBehavior [ RunTime:0.000008s ]
INFO: Run Common\Behavior\InitHookBehavior [ RunTime:0.001348s ]
INFO: [ app_init ] --END-- [ RunTime:0.001415s ]
INFO: [ app_begin ] --START--
INFO: Run Behavior\ReadHtmlCacheBehavior [ RunTime:0.000432s ]
INFO: [ app_begin ] --END-- [ RunTime:0.000480s ]

