[ 2018-06-25T08:49:09+08:00 ] 127.0.0.1 /media.php
INFO: [ app_init ] --START--
INFO: Run Behavior\BuildLiteBehavior [ RunTime:0.000015s ]
INFO: Run Common\Behavior\InitHookBehavior [ RunTime:0.001768s ]
INFO: [ app_init ] --END-- [ RunTime:0.001885s ]
INFO: [ app_begin ] --START--
INFO: Run Behavior\ReadHtmlCacheBehavior [ RunTime:0.000711s ]
INFO: [ app_begin ] --END-- [ RunTime:0.000797s ]
SQL: SHOW COLUMNS FROM `sys_config` [ RunTime:0.1440s ]
SQL: SELECT `type`,`name`,`value` FROM `sys_config` WHERE `status` = 1  [ RunTime:0.0035s ]
SQL: SHOW COLUMNS FROM `tab_apply_union` [ RunTime:0.0790s ]
SQL: SELECT `union_id`,`union_account`,`status`,`apply_domain_type`,`domain_url`,`union_set` FROM `tab_apply_union` WHERE `domain_url` IN ('www.uuyu.l.com','http://www.uuyu.l.com','https://www.uuyu.l.com') LIMIT 1   [ RunTime:0.0016s ]
NOTIC: [8] Use of undefined constant PC_SET_DOMAIM - assumed 'PC_SET_DOMAIM' D:\phpStudy\PHPTutorial\WWW\uuyu-work\Application\Media\Controller\BaseController.class.php 第 31 行.
NOTIC: [8] Use of undefined constant PC_SET_DOMAIM - assumed 'PC_SET_DOMAIM' D:\phpStudy\PHPTutorial\WWW\uuyu-work\Application\Media\Controller\BaseController.class.php 第 34 行.
NOTIC: [8] Use of undefined constant PC_SET_DOMAIM - assumed 'PC_SET_DOMAIM' D:\phpStudy\PHPTutorial\WWW\uuyu-work\Application\Media\Controller\BaseController.class.php 第 41 行.
SQL: SELECT `union_id`,`union_account`,`status`,`apply_domain_type`,`domain_url`,`union_set` FROM `tab_apply_union` WHERE `domain_url` IN ('www.uuyu.l.com','http://www.uuyu.l.com','https://www.uuyu.l.com') LIMIT 1   [ RunTime:0.0004s ]
INFO: [ view_parse ] --START--
INFO: [ template_filter ] --START--
INFO: Run Behavior\ContentReplaceBehavior [ RunTime:0.000141s ]
INFO: [ template_filter ] --END-- [ RunTime:0.000187s ]
INFO: Run Behavior\ParseTemplateBehavior [ RunTime:0.727238s ]
INFO: [ view_parse ] --END-- [ RunTime:0.727315s ]
INFO: [ view_filter ] --START--
INFO: Run Behavior\WriteHtmlCacheBehavior [ RunTime:0.014287s ]
INFO: [ view_filter ] --END-- [ RunTime:0.014327s ]
SQL: SHOW COLUMNS FROM `tab_tips` [ RunTime:0.0486s ]
SQL: SELECT * FROM `tab_tips` WHERE `obj` = 1 AND `status` = 1 LIMIT 1   [ RunTime:0.0004s ]
SQL: SHOW COLUMNS FROM `tab_user` [ RunTime:0.1603s ]
SQL: SELECT `lock_status`,`real_name`,`idcard` FROM `tab_user` WHERE `id` = 0 LIMIT 1   [ RunTime:0.0023s ]
SQL: SHOW COLUMNS FROM `tab_point_type` [ RunTime:0.0427s ]
SQL: SELECT * FROM `tab_point_type` WHERE `key` = 'bind_phone' LIMIT 1   [ RunTime:0.0003s ]
SQL: SHOW COLUMNS FROM `tab_tool` [ RunTime:0.1043s ]
SQL: SELECT `name`,`status` FROM `tab_tool` WHERE `name` IN ('qq_login','wx_login','wb_login','bd_login')  [ RunTime:0.0007s ]
SQL: SHOW COLUMNS FROM `tab_app` [ RunTime:0.2027s ]
SQL: SELECT * FROM `tab_app` WHERE `name` LIKE '%H5联运%' AND `app_version` = 1 LIMIT 1   [ RunTime:0.0008s ]
SQL: SHOW COLUMNS FROM `tab_adv` [ RunTime:0.1001s ]
SQL: SHOW COLUMNS FROM `sys_document` [ RunTime:0.1280s ]
SQL: SHOW COLUMNS FROM `tab_adv` [ RunTime:0.0158s ]
SQL: SELECT a.title,a.data,a.url,`target` FROM tab_adv as a left join tab_adv_pos p on p.id=a.pos_id  WHERE p.name = 'slider_wap' AND a.status = 1 AND a.start_time < 1529887745 AND ( a.end_time > 1529887745 or a.end_time = 0 ) ORDER BY a.sort desc LIMIT 5   [ RunTime:0.0431s ]
SQL: SELECT * FROM `tab_tool` WHERE `name` = 'oss_storage' LIMIT 1   [ RunTime:0.0003s ]
SQL: SHOW COLUMNS FROM `sys_picture` [ RunTime:0.0645s ]
SQL: SELECT * FROM `sys_picture` WHERE `status` = 1 AND `id` = 202 LIMIT 1   [ RunTime:0.0004s ]
SQL: SELECT * FROM `tab_tool` WHERE `name` = 'oss_storage' LIMIT 1   [ RunTime:0.0003s ]
SQL: SELECT * FROM `tab_tool` WHERE `name` = 'qiniu_storage' LIMIT 1   [ RunTime:0.0003s ]
SQL: SELECT * FROM `sys_picture` WHERE `status` = 1 AND `id` = 202 LIMIT 1   [ RunTime:0.0003s ]
SQL: SELECT * FROM `tab_tool` WHERE `name` = 'oss_storage' LIMIT 1   [ RunTime:0.0003s ]
SQL: SELECT * FROM `tab_tool` WHERE `name` = 'qiniu_storage' LIMIT 1   [ RunTime:0.0003s ]
SQL: SELECT * FROM `tab_tool` WHERE `name` = 'oss_storage' LIMIT 1   [ RunTime:0.0003s ]
SQL: SELECT * FROM `sys_picture` WHERE `status` = 1 AND `id` = 201 LIMIT 1   [ RunTime:0.0003s ]
SQL: SELECT * FROM `tab_tool` WHERE `name` = 'oss_storage' LIMIT 1   [ RunTime:0.0003s ]
SQL: SELECT * FROM `tab_tool` WHERE `name` = 'qiniu_storage' LIMIT 1   [ RunTime:0.0004s ]
SQL: SELECT * FROM `sys_picture` WHERE `status` = 1 AND `id` = 201 LIMIT 1   [ RunTime:0.0003s ]
SQL: SELECT * FROM `tab_tool` WHERE `name` = 'oss_storage' LIMIT 1   [ RunTime:0.0003s ]
SQL: SELECT * FROM `tab_tool` WHERE `name` = 'qiniu_storage' LIMIT 1   [ RunTime:0.0003s ]
SQL: SHOW COLUMNS FROM `tab_user` [ RunTime:0.0235s ]
NOTIC: [8] Undefined index: mobile_collect D:\phpStudy\PHPTutorial\WWW\uuyu-work\Application\Media\Controller\IndexController.class.php 第 27 行.
SQL: SHOW COLUMNS FROM `sys_category` [ RunTime:0.0492s ]
SQL: SELECT * FROM `sys_category` WHERE `name` IN ('wap_huodong')  [ RunTime:0.0005s ]
SQL: SELECT d.id,c.name as type,d.category_id,d.title,d.description,d.belong_game,d.update_time as line_time,d.create_time as start_time,d.deadline as end_time,d.cover_id as cover FROM sys_document d INNER JOIN sys_category as c on d.category_id = c.id  WHERE `category_id` IN ('69') AND d.display = 1 AND d.status = 1 ORDER BY d.level desc,d.id desc LIMIT 0,1000   [ RunTime:0.0006s ]
SQL: SELECT * FROM `tab_tool` WHERE `name` = 'oss_storage' LIMIT 1   [ RunTime:0.0003s ]
SQL: SHOW COLUMNS FROM `tab_game` [ RunTime:0.1971s ]
SQL: SELECT * FROM `tab_game` WHERE `id` = 2 LIMIT 1   [ RunTime:0.0006s ]
SQL: SELECT * FROM `tab_tool` WHERE `name` = 'oss_storage' LIMIT 1   [ RunTime:0.0003s ]
SQL: SELECT * FROM `tab_game` WHERE `id` = 16 LIMIT 1   [ RunTime:0.0005s ]
SQL: SELECT * FROM `tab_tool` WHERE `name` = 'oss_storage' LIMIT 1   [ RunTime:0.0003s ]
SQL: SELECT * FROM `tab_game` WHERE `id` = 1 LIMIT 1   [ RunTime:0.0005s ]
SQL: SELECT * FROM `tab_tool` WHERE `name` = 'oss_storage' LIMIT 1   [ RunTime:0.0003s ]
SQL: SELECT * FROM `tab_game` WHERE `id` = 8 LIMIT 1   [ RunTime:0.0005s ]
SQL: SELECT * FROM `tab_tool` WHERE `name` = 'oss_storage' LIMIT 1   [ RunTime:0.0003s ]
SQL: SELECT * FROM `tab_game` WHERE `id` = 1 LIMIT 1   [ RunTime:0.0005s ]
SQL: SELECT * FROM `tab_tool` WHERE `name` = 'oss_storage' LIMIT 1   [ RunTime:0.0003s ]
SQL: SELECT * FROM `tab_game` WHERE `id` = 1 LIMIT 1   [ RunTime:0.0004s ]
SQL: SELECT * FROM `tab_tool` WHERE `name` = 'oss_storage' LIMIT 1   [ RunTime:0.0003s ]
SQL: SELECT * FROM `tab_game` WHERE `id` = 5 LIMIT 1   [ RunTime:0.0004s ]
SQL: SELECT * FROM `tab_tool` WHERE `name` = 'oss_storage' LIMIT 1   [ RunTime:0.0003s ]
SQL: SELECT * FROM `tab_game` WHERE `id` = 2 LIMIT 1   [ RunTime:0.0005s ]
SQL: SELECT * FROM `tab_tool` WHERE `name` = 'oss_storage' LIMIT 1   [ RunTime:0.0003s ]
SQL: SELECT * FROM `tab_game` WHERE `id` = 1 LIMIT 1   [ RunTime:0.0004s ]
SQL: SELECT * FROM `tab_tool` WHERE `name` = 'oss_storage' LIMIT 1   [ RunTime:0.0004s ]
SQL: SELECT * FROM `tab_game` WHERE `id` = 1 LIMIT 1   [ RunTime:0.0005s ]
SQL: SELECT * FROM `tab_tool` WHERE `name` = 'oss_storage' LIMIT 1   [ RunTime:0.0003s ]
SQL: SELECT * FROM `tab_game` WHERE `id` = 1 LIMIT 1   [ RunTime:0.0005s ]
INFO: [ view_parse ] --START--
INFO: [ template_filter ] --START--
INFO: Run Behavior\ContentReplaceBehavior [ RunTime:0.000422s ]
INFO: [ template_filter ] --END-- [ RunTime:-1.664714s ]
NOTIC: [8] Use of undefined constant index - assumed 'index' D:\phpStudy\PHPTutorial\WWW\uuyu-work\Runtime\Cache\Media\139a6c4184ac2b13f42ae781364f6fb9.php 第 5 行.
NOTIC: [8] Use of undefined constant Index - assumed 'Index' D:\phpStudy\PHPTutorial\WWW\uuyu-work\Runtime\Cache\Media\139a6c4184ac2b13f42ae781364f6fb9.php 第 5 行.
NOTIC: [2] Illegal string offset 'game_name' D:\phpStudy\PHPTutorial\WWW\uuyu-work\Application\Common\Common\extend.php 第 208 行.
NOTIC: [8] Uninitialized string offset: 0 D:\phpStudy\PHPTutorial\WWW\uuyu-work\Application\Common\Common\extend.php 第 208 行.
NOTIC: [2] Illegal string offset 'title' D:\phpStudy\PHPTutorial\WWW\uuyu-work\Application\Common\Common\extend.php 第 208 行.
NOTIC: [8] Uninitialized string offset: 0 D:\phpStudy\PHPTutorial\WWW\uuyu-work\Application\Common\Common\extend.php 第 208 行.
NOTIC: [2] Illegal string offset 'giftbag_name' D:\phpStudy\PHPTutorial\WWW\uuyu-work\Application\Common\Common\extend.php 第 208 行.
NOTIC: [8] Uninitialized string offset: 0 D:\phpStudy\PHPTutorial\WWW\uuyu-work\Application\Common\Common\extend.php 第 208 行.
NOTIC: [2] Illegal string offset 'game_type_name' D:\phpStudy\PHPTutorial\WWW\uuyu-work\Application\Common\Common\extend.php 第 208 行.
NOTIC: [8] Uninitialized string offset: 0 D:\phpStudy\PHPTutorial\WWW\uuyu-work\Application\Common\Common\extend.php 第 208 行.
NOTIC: [2] Illegal string offset 'good_name' D:\phpStudy\PHPTutorial\WWW\uuyu-work\Application\Common\Common\extend.php 第 208 行.
NOTIC: [8] Uninitialized string offset: 0 D:\phpStudy\PHPTutorial\WWW\uuyu-work\Application\Common\Common\extend.php 第 208 行.
SQL: SELECT * FROM `sys_picture` WHERE `status` = 1 AND `id` = 61 LIMIT 1   [ RunTime:0.0004s ]
SQL: SELECT * FROM `tab_tool` WHERE `name` = 'oss_storage' LIMIT 1   [ RunTime:0.0003s ]
SQL: SELECT * FROM `tab_tool` WHERE `name` = 'qiniu_storage' LIMIT 1   [ RunTime:0.0002s ]
SQL: SELECT * FROM `sys_picture` WHERE `status` = 1 AND `id` = 414 LIMIT 1   [ RunTime:0.0003s ]
SQL: SELECT * FROM `tab_tool` WHERE `name` = 'oss_storage' LIMIT 1   [ RunTime:0.0002s ]
SQL: SELECT * FROM `tab_tool` WHERE `name` = 'qiniu_storage' LIMIT 1   [ RunTime:0.0002s ]
NOTIC: [8] Undefined variable: newmsg D:\phpStudy\PHPTutorial\WWW\uuyu-work\Runtime\Cache\Media\139a6c4184ac2b13f42ae781364f6fb9.php 第 236 行.
SQL: SELECT * FROM `sys_picture` WHERE `status` = 1 AND `id` = 383 LIMIT 1   [ RunTime:0.0003s ]
SQL: SELECT * FROM `tab_tool` WHERE `name` = 'oss_storage' LIMIT 1   [ RunTime:0.0002s ]
SQL: SELECT * FROM `tab_tool` WHERE `name` = 'qiniu_storage' LIMIT 1   [ RunTime:0.0002s ]
NOTIC: [8] Undefined variable: game_id D:\phpStudy\PHPTutorial\WWW\uuyu-work\Runtime\Cache\Media\139a6c4184ac2b13f42ae781364f6fb9.php 第 937 行.
NOTIC: [8] Undefined variable: promote_id D:\phpStudy\PHPTutorial\WWW\uuyu-work\Runtime\Cache\Media\139a6c4184ac2b13f42ae781364f6fb9.php 第 938 行.
INFO: Run Behavior\ParseTemplateBehavior [ RunTime:0.692221s ]
INFO: [ view_parse ] --END-- [ RunTime:-1.450946s ]
INFO: [ view_filter ] --START--
INFO: Run Behavior\WriteHtmlCacheBehavior [ RunTime:0.000008s ]
INFO: [ view_filter ] --END-- [ RunTime:-2.128895s ]
INFO: [ app_end ] --START--
INFO: Run Behavior\ShowPageTraceBehavior [ RunTime:0.178039s ]
INFO: [ app_end ] --END-- [ RunTime:0.178096s ]

[ 2018-06-25T08:49:10+08:00 ] 127.0.0.1 /media.php/Index/more_game.html
INFO: [ app_init ] --START--
INFO: Run Behavior\BuildLiteBehavior [ RunTime:0.000008s ]
INFO: Run Common\Behavior\InitHookBehavior [ RunTime:0.001357s ]
INFO: [ app_init ] --END-- [ RunTime:0.001422s ]
INFO: [ app_begin ] --START--
INFO: Run Behavior\ReadHtmlCacheBehavior [ RunTime:0.000718s ]
INFO: [ app_begin ] --END-- [ RunTime:0.000778s ]
SQL: SHOW COLUMNS FROM `sys_config` [ RunTime:0.0191s ]
SQL: SELECT `type`,`name`,`value` FROM `sys_config` WHERE `status` = 1  [ RunTime:0.0007s ]
SQL: SHOW COLUMNS FROM `tab_apply_union` [ RunTime:0.0147s ]
SQL: SELECT `union_id`,`union_account`,`status`,`apply_domain_type`,`domain_url`,`union_set` FROM `tab_apply_union` WHERE `domain_url` IN ('www.uuyu.l.com','http://www.uuyu.l.com','https://www.uuyu.l.com') LIMIT 1   [ RunTime:0.0002s ]
NOTIC: [8] Use of undefined constant PC_SET_DOMAIM - assumed 'PC_SET_DOMAIM' D:\phpStudy\PHPTutorial\WWW\uuyu-work\Application\Media\Controller\BaseController.class.php 第 31 行.
NOTIC: [8] Use of undefined constant PC_SET_DOMAIM - assumed 'PC_SET_DOMAIM' D:\phpStudy\PHPTutorial\WWW\uuyu-work\Application\Media\Controller\BaseController.class.php 第 34 行.
NOTIC: [8] Use of undefined constant PC_SET_DOMAIM - assumed 'PC_SET_DOMAIM' D:\phpStudy\PHPTutorial\WWW\uuyu-work\Application\Media\Controller\BaseController.class.php 第 41 行.
SQL: SELECT `union_id`,`union_account`,`status`,`apply_domain_type`,`domain_url`,`union_set` FROM `tab_apply_union` WHERE `domain_url` IN ('www.uuyu.l.com','http://www.uuyu.l.com','https://www.uuyu.l.com') LIMIT 1   [ RunTime:0.0002s ]
INFO: [ view_parse ] --START--
INFO: [ template_filter ] --START--
INFO: Run Behavior\ContentReplaceBehavior [ RunTime:0.000171s ]
INFO: [ template_filter ] --END-- [ RunTime:0.000211s ]
INFO: Run Behavior\ParseTemplateBehavior [ RunTime:0.030235s ]
INFO: [ view_parse ] --END-- [ RunTime:0.030275s ]
INFO: [ view_filter ] --START--
INFO: Run Behavior\WriteHtmlCacheBehavior [ RunTime:0.000273s ]
INFO: [ view_filter ] --END-- [ RunTime:0.000298s ]
SQL: SHOW COLUMNS FROM `tab_tips` [ RunTime:0.0158s ]
SQL: SELECT * FROM `tab_tips` WHERE `obj` = 1 AND `status` = 1 LIMIT 1   [ RunTime:0.0003s ]
SQL: SHOW COLUMNS FROM `tab_user` [ RunTime:0.0156s ]
SQL: SELECT `lock_status`,`real_name`,`idcard` FROM `tab_user` WHERE `id` = 0 LIMIT 1   [ RunTime:0.0003s ]
SQL: SHOW COLUMNS FROM `tab_point_type` [ RunTime:0.0170s ]
SQL: SELECT * FROM `tab_point_type` WHERE `key` = 'bind_phone' LIMIT 1   [ RunTime:0.0003s ]
SQL: SHOW COLUMNS FROM `tab_tool` [ RunTime:0.0142s ]
SQL: SELECT `name`,`status` FROM `tab_tool` WHERE `name` IN ('qq_login','wx_login','wb_login','bd_login')  [ RunTime:0.0003s ]
SQL: SHOW COLUMNS FROM `tab_app` [ RunTime:0.0133s ]
SQL: SELECT * FROM `tab_app` WHERE `name` LIKE '%H5联运%' AND `app_version` = 1 LIMIT 1   [ RunTime:0.0003s ]
NOTIC: [8] Undefined index: game_id D:\phpStudy\PHPTutorial\WWW\uuyu-work\Application\Media\Controller\IndexController.class.php 第 97 行.
SQL: SHOW COLUMNS FROM `tab_game` [ RunTime:0.0269s ]
SQL: SHOW COLUMNS FROM `tab_game` [ RunTime:0.0167s ]
SQL: SELECT g.icon,g.cover,g.showbg,g.game_name,g.id,g.game_type_id,g.features,ifnull(gb.id,0) as gift_id,g.play_count,gb.is_unicode,gb.novice,gb.unicode_num,g.game_score FROM tab_game as g left JOIN tab_giftbag as gb on gb.game_id = g.id and gb.status = 1  WHERE `recommend_status` LIKE '%2%' AND g.game_status = 1 AND g.test_status = 1 GROUP BY g.id ORDER BY g.sort desc, g.id desc LIMIT 0,5   [ RunTime:0.0937s ]
SQL: SELECT * FROM `tab_tool` WHERE `name` = 'oss_storage' LIMIT 1   [ RunTime:0.0003s ]
SQL: SHOW COLUMNS FROM `sys_picture` [ RunTime:0.0146s ]
SQL: SELECT * FROM `sys_picture` WHERE `status` = 1 AND `id` = 359 LIMIT 1   [ RunTime:0.0003s ]
SQL: SELECT * FROM `tab_tool` WHERE `name` = 'oss_storage' LIMIT 1   [ RunTime:0.0003s ]
SQL: SELECT * FROM `tab_tool` WHERE `name` = 'qiniu_storage' LIMIT 1   [ RunTime:0.0002s ]
SQL: SELECT * FROM `sys_picture` WHERE `status` = 1 AND `id` = 359 LIMIT 1   [ RunTime:0.0002s ]
SQL: SELECT * FROM `tab_tool` WHERE `name` = 'oss_storage' LIMIT 1   [ RunTime:0.0002s ]
SQL: SELECT * FROM `tab_tool` WHERE `name` = 'qiniu_storage' LIMIT 1   [ RunTime:0.0003s ]
SQL: SELECT * FROM `tab_tool` WHERE `name` = 'oss_storage' LIMIT 1   [ RunTime:0.0003s ]
SQL: SHOW COLUMNS FROM `tab_game_type` [ RunTime:0.0487s ]
SQL: SELECT * FROM `tab_game_type` WHERE ( status=1 and id=18 ) LIMIT 1   [ RunTime:0.0003s ]
SQL: SELECT * FROM `tab_tool` WHERE `name` = 'oss_storage' LIMIT 1   [ RunTime:0.0002s ]
SQL: SELECT * FROM `sys_picture` WHERE `status` = 1 AND `id` = 366 LIMIT 1   [ RunTime:0.0002s ]
SQL: SELECT * FROM `tab_tool` WHERE `name` = 'oss_storage' LIMIT 1   [ RunTime:0.0002s ]
SQL: SELECT * FROM `tab_tool` WHERE `name` = 'qiniu_storage' LIMIT 1   [ RunTime:0.0002s ]
SQL: SELECT * FROM `sys_picture` WHERE `status` = 1 AND `id` = 366 LIMIT 1   [ RunTime:0.0002s ]
SQL: SELECT * FROM `tab_tool` WHERE `name` = 'oss_storage' LIMIT 1   [ RunTime:0.0003s ]
SQL: SELECT * FROM `tab_tool` WHERE `name` = 'qiniu_storage' LIMIT 1   [ RunTime:0.0002s ]
SQL: SHOW COLUMNS FROM `tab_game` [ RunTime:0.0121s ]
SQL: SELECT * FROM `tab_game` WHERE `id` = 15 LIMIT 1   [ RunTime:0.0003s ]
SQL: SHOW COLUMNS FROM `tab_user_play` [ RunTime:0.0335s ]
SQL: SELECT COUNT(*) AS tp_count FROM `tab_user_play` WHERE `game_id` = 15 AND `play_time` > '1528166723' LIMIT 1   [ RunTime:0.0007s ]
SQL: SHOW COLUMNS FROM `tab_user_behavior` [ RunTime:0.1456s ]
SQL: select count(*) as num from (( SELECT count(*) FROM `tab_user_behavior` WHERE `game_id` = 15 AND `status` = 1 GROUP BY user_id  )) a [ RunTime:0.0027s ]
SQL: SELECT * FROM `tab_tool` WHERE `name` = 'oss_storage' LIMIT 1   [ RunTime:0.0005s ]
SQL: SELECT * FROM `sys_picture` WHERE `status` = 1 AND `id` = 385 LIMIT 1   [ RunTime:0.0004s ]
SQL: SELECT * FROM `tab_tool` WHERE `name` = 'oss_storage' LIMIT 1   [ RunTime:0.0004s ]
SQL: SELECT * FROM `tab_tool` WHERE `name` = 'qiniu_storage' LIMIT 1   [ RunTime:0.0004s ]
SQL: SELECT * FROM `sys_picture` WHERE `status` = 1 AND `id` = 385 LIMIT 1   [ RunTime:0.0004s ]
SQL: SELECT * FROM `tab_tool` WHERE `name` = 'oss_storage' LIMIT 1   [ RunTime:0.0004s ]
SQL: SELECT * FROM `tab_tool` WHERE `name` = 'qiniu_storage' LIMIT 1   [ RunTime:0.0004s ]
SQL: SELECT * FROM `tab_tool` WHERE `name` = 'oss_storage' LIMIT 1   [ RunTime:0.0004s ]
SQL: SELECT * FROM `sys_picture` WHERE `status` = 1 AND `id` = 386 LIMIT 1   [ RunTime:0.0004s ]
SQL: SELECT * FROM `tab_tool` WHERE `name` = 'oss_storage' LIMIT 1   [ RunTime:0.0004s ]
SQL: SELECT * FROM `tab_tool` WHERE `name` = 'qiniu_storage' LIMIT 1   [ RunTime:0.0004s ]
SQL: SELECT * FROM `sys_picture` WHERE `status` = 1 AND `id` = 386 LIMIT 1   [ RunTime:0.0004s ]
SQL: SELECT * FROM `tab_tool` WHERE `name` = 'oss_storage' LIMIT 1   [ RunTime:0.0004s ]
SQL: SELECT * FROM `tab_tool` WHERE `name` = 'qiniu_storage' LIMIT 1   [ RunTime:0.0004s ]
SQL: SELECT * FROM `tab_game_type` WHERE ( status=1 and id=14 ) LIMIT 1   [ RunTime:0.0004s ]
SQL: SELECT * FROM `tab_tool` WHERE `name` = 'oss_storage' LIMIT 1   [ RunTime:0.0004s ]
SQL: SELECT * FROM `tab_game` WHERE `id` = 16 LIMIT 1   [ RunTime:0.0005s ]
SQL: SELECT COUNT(*) AS tp_count FROM `tab_user_play` WHERE `game_id` = 16 AND `play_time` > '0' LIMIT 1   [ RunTime:0.0004s ]
SQL: select count(*) as num from (( SELECT count(*) FROM `tab_user_behavior` WHERE `game_id` = 16 AND `status` = 1 GROUP BY user_id  )) a [ RunTime:0.0009s ]
SQL: SELECT * FROM `tab_tool` WHERE `name` = 'oss_storage' LIMIT 1   [ RunTime:0.0004s ]
SQL: SELECT * FROM `tab_tool` WHERE `name` = 'oss_storage' LIMIT 1   [ RunTime:0.0004s ]
SQL: SELECT * FROM `tab_game_type` WHERE ( status=1 and id=17 ) LIMIT 1   [ RunTime:0.0004s ]
SQL: SELECT * FROM `tab_tool` WHERE `name` = 'oss_storage' LIMIT 1   [ RunTime:0.0004s ]
SQL: SELECT * FROM `tab_game` WHERE `id` = 13 LIMIT 1   [ RunTime:0.0005s ]
SQL: SELECT COUNT(*) AS tp_count FROM `tab_user_play` WHERE `game_id` = 13 AND `play_time` > '0' LIMIT 1   [ RunTime:0.0004s ]
SQL: select count(*) as num from (( SELECT count(*) FROM `tab_user_behavior` WHERE `game_id` = 13 AND `status` = 1 GROUP BY user_id  )) a [ RunTime:0.0006s ]
SQL: SELECT * FROM `tab_tool` WHERE `name` = 'oss_storage' LIMIT 1   [ RunTime:0.0004s ]
SQL: SELECT * FROM `tab_tool` WHERE `name` = 'oss_storage' LIMIT 1   [ RunTime:0.0004s ]
SQL: SELECT * FROM `tab_game_type` WHERE ( status=1 and id=18 ) LIMIT 1   [ RunTime:0.0004s ]
SQL: SELECT * FROM `tab_tool` WHERE `name` = 'oss_storage' LIMIT 1   [ RunTime:0.0004s ]
SQL: SELECT * FROM `tab_game` WHERE `id` = 14 LIMIT 1   [ RunTime:0.0005s ]
SQL: SELECT COUNT(*) AS tp_count FROM `tab_user_play` WHERE `game_id` = 14 AND `play_time` > '0' LIMIT 1   [ RunTime:0.0004s ]
SQL: select count(*) as num from (( SELECT count(*) FROM `tab_user_behavior` WHERE `game_id` = 14 AND `status` = 1 GROUP BY user_id  )) a [ RunTime:0.0007s ]
SQL: SELECT * FROM `tab_tool` WHERE `name` = 'oss_storage' LIMIT 1   [ RunTime:0.0004s ]
SQL: SELECT * FROM `tab_tool` WHERE `name` = 'oss_storage' LIMIT 1   [ RunTime:0.0004s ]
SQL: SELECT * FROM `tab_game_type` WHERE ( status=1 and id=18 ) LIMIT 1   [ RunTime:0.0004s ]
SQL: SELECT * FROM `tab_tool` WHERE `name` = 'oss_storage' LIMIT 1   [ RunTime:0.0004s ]
SQL: SELECT * FROM `tab_game` WHERE `id` = 11 LIMIT 1   [ RunTime:0.0006s ]
SQL: SELECT COUNT(*) AS tp_count FROM `tab_user_play` WHERE `game_id` = 11 AND `play_time` > '0' LIMIT 1   [ RunTime:0.0004s ]
SQL: select count(*) as num from (( SELECT count(*) FROM `tab_user_behavior` WHERE `game_id` = 11 AND `status` = 1 GROUP BY user_id  )) a [ RunTime:0.0006s ]

[ 2018-06-25T08:49:10+08:00 ] 127.0.0.1 /media.php/Index/more_game.html
INFO: [ app_init ] --START--
INFO: Run Behavior\BuildLiteBehavior [ RunTime:0.000008s ]
INFO: Run Common\Behavior\InitHookBehavior [ RunTime:0.000968s ]
INFO: [ app_init ] --END-- [ RunTime:0.002020s ]
INFO: [ app_begin ] --START--
INFO: Run Behavior\ReadHtmlCacheBehavior [ RunTime:0.000295s ]
INFO: [ app_begin ] --END-- [ RunTime:0.000331s ]
SQL: SHOW COLUMNS FROM `sys_config` [ RunTime:0.0150s ]
SQL: SELECT `type`,`name`,`value` FROM `sys_config` WHERE `status` = 1  [ RunTime:0.0005s ]
SQL: SHOW COLUMNS FROM `tab_apply_union` [ RunTime:0.0135s ]
SQL: SELECT `union_id`,`union_account`,`status`,`apply_domain_type`,`domain_url`,`union_set` FROM `tab_apply_union` WHERE `domain_url` IN ('www.uuyu.l.com','http://www.uuyu.l.com','https://www.uuyu.l.com') LIMIT 1   [ RunTime:0.0003s ]
NOTIC: [8] Use of undefined constant PC_SET_DOMAIM - assumed 'PC_SET_DOMAIM' D:\phpStudy\PHPTutorial\WWW\uuyu-work\Application\Media\Controller\BaseController.class.php 第 31 行.
NOTIC: [8] Use of undefined constant PC_SET_DOMAIM - assumed 'PC_SET_DOMAIM' D:\phpStudy\PHPTutorial\WWW\uuyu-work\Application\Media\Controller\BaseController.class.php 第 34 行.
NOTIC: [8] Use of undefined constant PC_SET_DOMAIM - assumed 'PC_SET_DOMAIM' D:\phpStudy\PHPTutorial\WWW\uuyu-work\Application\Media\Controller\BaseController.class.php 第 41 行.
SQL: SELECT `union_id`,`union_account`,`status`,`apply_domain_type`,`domain_url`,`union_set` FROM `tab_apply_union` WHERE `domain_url` IN ('www.uuyu.l.com','http://www.uuyu.l.com','https://www.uuyu.l.com') LIMIT 1   [ RunTime:0.0002s ]
INFO: [ view_parse ] --START--
INFO: [ template_filter ] --START--
INFO: Run Behavior\ContentReplaceBehavior [ RunTime:0.000155s ]
INFO: [ template_filter ] --END-- [ RunTime:0.000196s ]
INFO: Run Behavior\ParseTemplateBehavior [ RunTime:0.030388s ]
INFO: [ view_parse ] --END-- [ RunTime:0.030429s ]
INFO: [ view_filter ] --START--
INFO: Run Behavior\WriteHtmlCacheBehavior [ RunTime:0.000282s ]
INFO: [ view_filter ] --END-- [ RunTime:0.000306s ]
SQL: SHOW COLUMNS FROM `tab_tips` [ RunTime:0.0146s ]
SQL: SELECT * FROM `tab_tips` WHERE `obj` = 1 AND `status` = 1 LIMIT 1   [ RunTime:0.0003s ]
SQL: SHOW COLUMNS FROM `tab_user` [ RunTime:0.0148s ]
SQL: SELECT `lock_status`,`real_name`,`idcard` FROM `tab_user` WHERE `id` = 0 LIMIT 1   [ RunTime:0.0003s ]
SQL: SHOW COLUMNS FROM `tab_point_type` [ RunTime:0.0121s ]
SQL: SELECT * FROM `tab_point_type` WHERE `key` = 'bind_phone' LIMIT 1   [ RunTime:0.0003s ]
SQL: SHOW COLUMNS FROM `tab_tool` [ RunTime:0.0102s ]
SQL: SELECT `name`,`status` FROM `tab_tool` WHERE `name` IN ('qq_login','wx_login','wb_login','bd_login')  [ RunTime:0.0003s ]
SQL: SHOW COLUMNS FROM `tab_app` [ RunTime:0.0113s ]
SQL: SELECT * FROM `tab_app` WHERE `name` LIKE '%H5联运%' AND `app_version` = 1 LIMIT 1   [ RunTime:0.0003s ]
NOTIC: [8] Undefined index: game_id D:\phpStudy\PHPTutorial\WWW\uuyu-work\Application\Media\Controller\IndexController.class.php 第 97 行.
SQL: SHOW COLUMNS FROM `tab_game` [ RunTime:0.0141s ]
SQL: SHOW COLUMNS FROM `tab_game` [ RunTime:0.0110s ]
SQL: SELECT g.icon,g.cover,g.showbg,g.game_name,g.id,g.game_type_id,g.features,ifnull(gb.id,0) as gift_id,g.play_count,gb.is_unicode,gb.novice,gb.unicode_num,g.game_score FROM tab_game as g left JOIN tab_giftbag as gb on gb.game_id = g.id and gb.status = 1  WHERE `recommend_status` LIKE '%2%' AND g.game_status = 1 AND g.test_status = 1 GROUP BY g.id ORDER BY g.sort desc, g.id desc LIMIT 5,5   [ RunTime:0.0139s ]
SQL: SELECT * FROM `tab_tool` WHERE `name` = 'oss_storage' LIMIT 1   [ RunTime:0.0003s ]
SQL: SELECT * FROM `tab_tool` WHERE `name` = 'oss_storage' LIMIT 1   [ RunTime:0.0002s ]
SQL: SHOW COLUMNS FROM `tab_game_type` [ RunTime:0.0110s ]
SQL: SELECT * FROM `tab_game_type` WHERE ( status=1 and id=16 ) LIMIT 1   [ RunTime:0.0003s ]
SQL: SELECT * FROM `tab_tool` WHERE `name` = 'oss_storage' LIMIT 1   [ RunTime:0.0003s ]
SQL: SHOW COLUMNS FROM `tab_game` [ RunTime:0.0128s ]
SQL: SELECT * FROM `tab_game` WHERE `id` = 12 LIMIT 1   [ RunTime:0.0004s ]
SQL: SHOW COLUMNS FROM `tab_user_play` [ RunTime:0.0142s ]
SQL: SELECT COUNT(*) AS tp_count FROM `tab_user_play` WHERE `game_id` = 12 AND `play_time` > '0' LIMIT 1   [ RunTime:0.0005s ]
SQL: SHOW COLUMNS FROM `tab_user_behavior` [ RunTime:0.0147s ]
SQL: select count(*) as num from (( SELECT count(*) FROM `tab_user_behavior` WHERE `game_id` = 12 AND `status` = 1 GROUP BY user_id  )) a [ RunTime:0.0009s ]
SQL: SELECT * FROM `tab_tool` WHERE `name` = 'oss_storage' LIMIT 1   [ RunTime:0.0003s ]
SQL: SELECT * FROM `tab_tool` WHERE `name` = 'oss_storage' LIMIT 1   [ RunTime:0.0002s ]
SQL: SELECT * FROM `tab_game_type` WHERE ( status=1 and id=14 ) LIMIT 1   [ RunTime:0.0002s ]
SQL: SELECT * FROM `tab_tool` WHERE `name` = 'oss_storage' LIMIT 1   [ RunTime:0.0002s ]
SQL: SELECT * FROM `tab_game` WHERE `id` = 1 LIMIT 1   [ RunTime:0.0003s ]
SQL: SELECT COUNT(*) AS tp_count FROM `tab_user_play` WHERE `game_id` = 1 AND `play_time` > '0' LIMIT 1   [ RunTime:0.0002s ]
SQL: select count(*) as num from (( SELECT count(*) FROM `tab_user_behavior` WHERE `game_id` = 1 AND `status` = 1 GROUP BY user_id  )) a [ RunTime:0.0004s ]

