[ 2018-06-22T08:57:22+08:00 ] 127.0.0.1 /media.php
INFO: [ app_init ] --START--
INFO: Run Behavior\BuildLiteBehavior [ RunTime:0.000022s ]
INFO: Run Common\Behavior\InitHookBehavior [ RunTime:0.001536s ]
INFO: [ app_init ] --END-- [ RunTime:0.001634s ]
INFO: [ app_begin ] --START--
INFO: Run Behavior\ReadHtmlCacheBehavior [ RunTime:0.000449s ]
INFO: [ app_begin ] --END-- [ RunTime:0.000496s ]
SQL: SHOW COLUMNS FROM `sys_config` [ RunTime:0.0822s ]
SQL: SELECT `type`,`name`,`value` FROM `sys_config` WHERE `status` = 1  [ RunTime:0.0030s ]
SQL: SHOW COLUMNS FROM `tab_apply_union` [ RunTime:0.0426s ]
SQL: SELECT `union_id`,`union_account`,`status`,`apply_domain_type`,`domain_url`,`union_set` FROM `tab_apply_union` WHERE `domain_url` IN ('www.uuyu.l.com','http://www.uuyu.l.com','https://www.uuyu.l.com') LIMIT 1   [ RunTime:0.0012s ]
NOTIC: [8] Use of undefined constant PC_SET_DOMAIM - assumed 'PC_SET_DOMAIM' D:\phpStudy\PHPTutorial\WWW\uuyu-work\Application\Media\Controller\BaseController.class.php 第 31 行.
NOTIC: [8] Use of undefined constant PC_SET_DOMAIM - assumed 'PC_SET_DOMAIM' D:\phpStudy\PHPTutorial\WWW\uuyu-work\Application\Media\Controller\BaseController.class.php 第 34 行.
NOTIC: [8] Use of undefined constant PC_SET_DOMAIM - assumed 'PC_SET_DOMAIM' D:\phpStudy\PHPTutorial\WWW\uuyu-work\Application\Media\Controller\BaseController.class.php 第 41 行.
SQL: SELECT `union_id`,`union_account`,`status`,`apply_domain_type`,`domain_url`,`union_set` FROM `tab_apply_union` WHERE `domain_url` IN ('www.uuyu.l.com','http://www.uuyu.l.com','https://www.uuyu.l.com') LIMIT 1   [ RunTime:0.0003s ]
INFO: [ view_parse ] --START--
INFO: [ template_filter ] --START--
INFO: Run Behavior\ContentReplaceBehavior [ RunTime:0.000140s ]
INFO: [ template_filter ] --END-- [ RunTime:0.000184s ]
INFO: Run Behavior\ParseTemplateBehavior [ RunTime:0.517741s ]
INFO: [ view_parse ] --END-- [ RunTime:0.517786s ]
INFO: [ view_filter ] --START--
INFO: Run Behavior\WriteHtmlCacheBehavior [ RunTime:0.019767s ]
INFO: [ view_filter ] --END-- [ RunTime:0.019807s ]
SQL: SHOW COLUMNS FROM `tab_tips` [ RunTime:0.0398s ]
SQL: SELECT * FROM `tab_tips` WHERE `obj` = 1 AND `status` = 1 LIMIT 1   [ RunTime:0.0003s ]
SQL: SHOW COLUMNS FROM `tab_user` [ RunTime:0.0754s ]
SQL: SELECT `lock_status`,`real_name`,`idcard` FROM `tab_user` WHERE `id` = 0 LIMIT 1   [ RunTime:0.0303s ]
SQL: SHOW COLUMNS FROM `tab_point_type` [ RunTime:0.0401s ]
SQL: SELECT * FROM `tab_point_type` WHERE `key` = 'bind_phone' LIMIT 1   [ RunTime:0.0003s ]
SQL: SHOW COLUMNS FROM `tab_tool` [ RunTime:0.0346s ]
SQL: SELECT `name`,`status` FROM `tab_tool` WHERE `name` IN ('qq_login','wx_login','wb_login','bd_login')  [ RunTime:0.0003s ]
SQL: SHOW COLUMNS FROM `tab_app` [ RunTime:0.0353s ]
SQL: SELECT * FROM `tab_app` WHERE `name` LIKE '%H5联运%' AND `app_version` = 1 LIMIT 1   [ RunTime:0.0003s ]
SQL: SHOW COLUMNS FROM `tab_adv` [ RunTime:0.0366s ]
SQL: SHOW COLUMNS FROM `sys_document` [ RunTime:0.0552s ]
SQL: SHOW COLUMNS FROM `tab_adv` [ RunTime:0.0071s ]
SQL: SELECT a.title,a.data,a.url,`target` FROM tab_adv as a left join tab_adv_pos p on p.id=a.pos_id  WHERE p.name = 'slider_wap' AND a.status = 1 AND a.start_time < 1529629040 AND ( a.end_time > 1529629040 or a.end_time = 0 ) ORDER BY a.sort desc LIMIT 5   [ RunTime:0.0185s ]
SQL: SELECT * FROM `tab_tool` WHERE `name` = 'oss_storage' LIMIT 1   [ RunTime:0.0003s ]
SQL: SHOW COLUMNS FROM `sys_picture` [ RunTime:0.0550s ]
SQL: SELECT * FROM `sys_picture` WHERE `status` = 1 AND `id` = 202 LIMIT 1   [ RunTime:0.0005s ]
SQL: SELECT * FROM `tab_tool` WHERE `name` = 'oss_storage' LIMIT 1   [ RunTime:0.0003s ]
SQL: SELECT * FROM `tab_tool` WHERE `name` = 'qiniu_storage' LIMIT 1   [ RunTime:0.0002s ]
SQL: SELECT * FROM `sys_picture` WHERE `status` = 1 AND `id` = 202 LIMIT 1   [ RunTime:0.0002s ]
SQL: SELECT * FROM `tab_tool` WHERE `name` = 'oss_storage' LIMIT 1   [ RunTime:0.0003s ]
SQL: SELECT * FROM `tab_tool` WHERE `name` = 'qiniu_storage' LIMIT 1   [ RunTime:0.0002s ]
SQL: SELECT * FROM `tab_tool` WHERE `name` = 'oss_storage' LIMIT 1   [ RunTime:0.0002s ]
SQL: SELECT * FROM `sys_picture` WHERE `status` = 1 AND `id` = 201 LIMIT 1   [ RunTime:0.0002s ]
SQL: SELECT * FROM `tab_tool` WHERE `name` = 'oss_storage' LIMIT 1   [ RunTime:0.0003s ]
SQL: SELECT * FROM `tab_tool` WHERE `name` = 'qiniu_storage' LIMIT 1   [ RunTime:0.0003s ]
SQL: SELECT * FROM `sys_picture` WHERE `status` = 1 AND `id` = 201 LIMIT 1   [ RunTime:0.0002s ]
SQL: SELECT * FROM `tab_tool` WHERE `name` = 'oss_storage' LIMIT 1   [ RunTime:0.0002s ]
SQL: SELECT * FROM `tab_tool` WHERE `name` = 'qiniu_storage' LIMIT 1   [ RunTime:0.0002s ]
SQL: SHOW COLUMNS FROM `tab_user` [ RunTime:0.0100s ]
NOTIC: [8] Undefined index: mobile_collect D:\phpStudy\PHPTutorial\WWW\uuyu-work\Application\Media\Controller\IndexController.class.php 第 27 行.
SQL: SHOW COLUMNS FROM `sys_category` [ RunTime:0.0410s ]
SQL: SELECT * FROM `sys_category` WHERE `name` IN ('wap_huodong')  [ RunTime:0.0004s ]
SQL: SELECT d.id,c.name as type,d.category_id,d.title,d.description,d.belong_game,d.update_time as line_time,d.create_time as start_time,d.deadline as end_time,d.cover_id as cover FROM sys_document d INNER JOIN sys_category as c on d.category_id = c.id  WHERE `category_id` IN ('69') AND d.display = 1 AND d.status = 1 ORDER BY d.level desc,d.id desc LIMIT 0,1000   [ RunTime:0.0004s ]
SQL: SELECT * FROM `tab_tool` WHERE `name` = 'oss_storage' LIMIT 1   [ RunTime:0.0003s ]
SQL: SHOW COLUMNS FROM `tab_game` [ RunTime:0.0328s ]
SQL: SELECT * FROM `tab_game` WHERE `id` = 2 LIMIT 1   [ RunTime:0.0004s ]
SQL: SELECT * FROM `tab_tool` WHERE `name` = 'oss_storage' LIMIT 1   [ RunTime:0.0002s ]
SQL: SELECT * FROM `tab_game` WHERE `id` = 16 LIMIT 1   [ RunTime:0.0003s ]
SQL: SELECT * FROM `tab_tool` WHERE `name` = 'oss_storage' LIMIT 1   [ RunTime:0.0002s ]
SQL: SELECT * FROM `tab_game` WHERE `id` = 1 LIMIT 1   [ RunTime:0.0002s ]
SQL: SELECT * FROM `tab_tool` WHERE `name` = 'oss_storage' LIMIT 1   [ RunTime:0.0002s ]
SQL: SELECT * FROM `tab_game` WHERE `id` = 8 LIMIT 1   [ RunTime:0.0003s ]
SQL: SELECT * FROM `tab_tool` WHERE `name` = 'oss_storage' LIMIT 1   [ RunTime:0.0002s ]
SQL: SELECT * FROM `tab_game` WHERE `id` = 1 LIMIT 1   [ RunTime:0.0002s ]
SQL: SELECT * FROM `tab_tool` WHERE `name` = 'oss_storage' LIMIT 1   [ RunTime:0.0002s ]
SQL: SELECT * FROM `tab_game` WHERE `id` = 1 LIMIT 1   [ RunTime:0.0003s ]
SQL: SELECT * FROM `tab_tool` WHERE `name` = 'oss_storage' LIMIT 1   [ RunTime:0.0002s ]
SQL: SELECT * FROM `tab_game` WHERE `id` = 5 LIMIT 1   [ RunTime:0.0002s ]
SQL: SELECT * FROM `tab_tool` WHERE `name` = 'oss_storage' LIMIT 1   [ RunTime:0.0002s ]
SQL: SELECT * FROM `tab_game` WHERE `id` = 2 LIMIT 1   [ RunTime:0.0002s ]
SQL: SELECT * FROM `tab_tool` WHERE `name` = 'oss_storage' LIMIT 1   [ RunTime:0.0002s ]
SQL: SELECT * FROM `tab_game` WHERE `id` = 1 LIMIT 1   [ RunTime:0.0003s ]
SQL: SELECT * FROM `tab_tool` WHERE `name` = 'oss_storage' LIMIT 1   [ RunTime:0.0002s ]
SQL: SELECT * FROM `tab_game` WHERE `id` = 1 LIMIT 1   [ RunTime:0.0002s ]
SQL: SELECT * FROM `tab_tool` WHERE `name` = 'oss_storage' LIMIT 1   [ RunTime:0.0002s ]
SQL: SELECT * FROM `tab_game` WHERE `id` = 1 LIMIT 1   [ RunTime:0.0002s ]
INFO: [ view_parse ] --START--
INFO: [ template_filter ] --START--
INFO: Run Behavior\ContentReplaceBehavior [ RunTime:0.000441s ]
INFO: [ template_filter ] --END-- [ RunTime:-0.811135s ]
NOTIC: [8] Use of undefined constant index - assumed 'index' D:\phpStudy\PHPTutorial\WWW\uuyu-work\Runtime\Cache\Media\139a6c4184ac2b13f42ae781364f6fb9.php 第 5 行.
NOTIC: [8] Use of undefined constant Index - assumed 'Index' D:\phpStudy\PHPTutorial\WWW\uuyu-work\Runtime\Cache\Media\139a6c4184ac2b13f42ae781364f6fb9.php 第 5 行.
NOTIC: [2] Illegal string offset 'game_name' D:\phpStudy\PHPTutorial\WWW\uuyu-work\Application\Common\Common\extend.php 第 208 行.
NOTIC: [8] Uninitialized string offset: 0 D:\phpStudy\PHPTutorial\WWW\uuyu-work\Application\Common\Common\extend.php 第 208 行.
NOTIC: [2] Illegal string offset 'title' D:\phpStudy\PHPTutorial\WWW\uuyu-work\Application\Common\Common\extend.php 第 208 行.
NOTIC: [8] Uninitialized string offset: 0 D:\phpStudy\PHPTutorial\WWW\uuyu-work\Application\Common\Common\extend.php 第 208 行.
NOTIC: [2] Illegal string offset 'giftbag_name' D:\phpStudy\PHPTutorial\WWW\uuyu-work\Application\Common\Common\extend.php 第 208 行.
NOTIC: [8] Uninitialized string offset: 0 D:\phpStudy\PHPTutorial\WWW\uuyu-work\Application\Common\Common\extend.php 第 208 行.
NOTIC: [2] Illegal string offset 'game_type_name' D:\phpStudy\PHPTutorial\WWW\uuyu-work\Application\Common\Common\extend.php 第 208 行.
NOTIC: [8] Uninitialized string offset: 0 D:\phpStudy\PHPTutorial\WWW\uuyu-work\Application\Common\Common\extend.php 第 208 行.
NOTIC: [2] Illegal string offset 'good_name' D:\phpStudy\PHPTutorial\WWW\uuyu-work\Application\Common\Common\extend.php 第 208 行.
NOTIC: [8] Uninitialized string offset: 0 D:\phpStudy\PHPTutorial\WWW\uuyu-work\Application\Common\Common\extend.php 第 208 行.
SQL: SELECT * FROM `sys_picture` WHERE `status` = 1 AND `id` = 61 LIMIT 1   [ RunTime:0.0003s ]
SQL: SELECT * FROM `tab_tool` WHERE `name` = 'oss_storage' LIMIT 1   [ RunTime:0.0002s ]
SQL: SELECT * FROM `tab_tool` WHERE `name` = 'qiniu_storage' LIMIT 1   [ RunTime:0.0002s ]
SQL: SELECT * FROM `sys_picture` WHERE `status` = 1 AND `id` = 414 LIMIT 1   [ RunTime:0.0002s ]
SQL: SELECT * FROM `tab_tool` WHERE `name` = 'oss_storage' LIMIT 1   [ RunTime:0.0002s ]
SQL: SELECT * FROM `tab_tool` WHERE `name` = 'qiniu_storage' LIMIT 1   [ RunTime:0.0002s ]
NOTIC: [8] Undefined variable: newmsg D:\phpStudy\PHPTutorial\WWW\uuyu-work\Runtime\Cache\Media\139a6c4184ac2b13f42ae781364f6fb9.php 第 236 行.
SQL: SELECT * FROM `sys_picture` WHERE `status` = 1 AND `id` = 383 LIMIT 1   [ RunTime:0.0003s ]
SQL: SELECT * FROM `tab_tool` WHERE `name` = 'oss_storage' LIMIT 1   [ RunTime:0.0002s ]
SQL: SELECT * FROM `tab_tool` WHERE `name` = 'qiniu_storage' LIMIT 1   [ RunTime:0.0002s ]
NOTIC: [8] Undefined variable: game_id D:\phpStudy\PHPTutorial\WWW\uuyu-work\Runtime\Cache\Media\139a6c4184ac2b13f42ae781364f6fb9.php 第 937 行.
NOTIC: [8] Undefined variable: promote_id D:\phpStudy\PHPTutorial\WWW\uuyu-work\Runtime\Cache\Media\139a6c4184ac2b13f42ae781364f6fb9.php 第 938 行.
INFO: Run Behavior\ParseTemplateBehavior [ RunTime:0.326813s ]
INFO: [ view_parse ] --END-- [ RunTime:-0.699992s ]
INFO: [ view_filter ] --START--
INFO: Run Behavior\WriteHtmlCacheBehavior [ RunTime:0.000008s ]
INFO: [ view_filter ] --END-- [ RunTime:-1.007032s ]
INFO: [ app_end ] --START--
INFO: Run Behavior\ShowPageTraceBehavior [ RunTime:0.023659s ]
INFO: [ app_end ] --END-- [ RunTime:0.023740s ]

[ 2018-06-22T08:57:24+08:00 ] 127.0.0.1 /media.php/Index/more_game.html
INFO: [ app_init ] --START--
INFO: Run Behavior\BuildLiteBehavior [ RunTime:0.000007s ]
INFO: Run Common\Behavior\InitHookBehavior [ RunTime:0.001457s ]
INFO: [ app_init ] --END-- [ RunTime:0.001546s ]
INFO: [ app_begin ] --START--
INFO: Run Behavior\ReadHtmlCacheBehavior [ RunTime:0.000367s ]
INFO: [ app_begin ] --END-- [ RunTime:0.000402s ]
SQL: SHOW COLUMNS FROM `sys_config` [ RunTime:0.0105s ]
SQL: SELECT `type`,`name`,`value` FROM `sys_config` WHERE `status` = 1  [ RunTime:0.0006s ]
SQL: SHOW COLUMNS FROM `tab_apply_union` [ RunTime:0.0077s ]
SQL: SELECT `union_id`,`union_account`,`status`,`apply_domain_type`,`domain_url`,`union_set` FROM `tab_apply_union` WHERE `domain_url` IN ('www.uuyu.l.com','http://www.uuyu.l.com','https://www.uuyu.l.com') LIMIT 1   [ RunTime:0.0002s ]
NOTIC: [8] Use of undefined constant PC_SET_DOMAIM - assumed 'PC_SET_DOMAIM' D:\phpStudy\PHPTutorial\WWW\uuyu-work\Application\Media\Controller\BaseController.class.php 第 31 行.
NOTIC: [8] Use of undefined constant PC_SET_DOMAIM - assumed 'PC_SET_DOMAIM' D:\phpStudy\PHPTutorial\WWW\uuyu-work\Application\Media\Controller\BaseController.class.php 第 34 行.
NOTIC: [8] Use of undefined constant PC_SET_DOMAIM - assumed 'PC_SET_DOMAIM' D:\phpStudy\PHPTutorial\WWW\uuyu-work\Application\Media\Controller\BaseController.class.php 第 41 行.
SQL: SELECT `union_id`,`union_account`,`status`,`apply_domain_type`,`domain_url`,`union_set` FROM `tab_apply_union` WHERE `domain_url` IN ('www.uuyu.l.com','http://www.uuyu.l.com','https://www.uuyu.l.com') LIMIT 1   [ RunTime:0.0002s ]
INFO: [ view_parse ] --START--
INFO: [ template_filter ] --START--
INFO: Run Behavior\ContentReplaceBehavior [ RunTime:0.000140s ]
INFO: [ template_filter ] --END-- [ RunTime:0.000179s ]
INFO: Run Behavior\ParseTemplateBehavior [ RunTime:0.027928s ]
INFO: [ view_parse ] --END-- [ RunTime:0.027972s ]
INFO: [ view_filter ] --START--
INFO: Run Behavior\WriteHtmlCacheBehavior [ RunTime:0.000329s ]
INFO: [ view_filter ] --END-- [ RunTime:0.000354s ]
SQL: SHOW COLUMNS FROM `tab_tips` [ RunTime:0.0099s ]
SQL: SELECT * FROM `tab_tips` WHERE `obj` = 1 AND `status` = 1 LIMIT 1   [ RunTime:0.0003s ]
SQL: SHOW COLUMNS FROM `tab_user` [ RunTime:0.0090s ]
SQL: SELECT `lock_status`,`real_name`,`idcard` FROM `tab_user` WHERE `id` = 0 LIMIT 1   [ RunTime:0.0003s ]
SQL: SHOW COLUMNS FROM `tab_point_type` [ RunTime:0.0108s ]
SQL: SELECT * FROM `tab_point_type` WHERE `key` = 'bind_phone' LIMIT 1   [ RunTime:0.0004s ]
SQL: SHOW COLUMNS FROM `tab_tool` [ RunTime:0.0117s ]
SQL: SELECT `name`,`status` FROM `tab_tool` WHERE `name` IN ('qq_login','wx_login','wb_login','bd_login')  [ RunTime:0.0003s ]
SQL: SHOW COLUMNS FROM `tab_app` [ RunTime:0.0099s ]
SQL: SELECT * FROM `tab_app` WHERE `name` LIKE '%H5联运%' AND `app_version` = 1 LIMIT 1   [ RunTime:0.0003s ]
NOTIC: [8] Undefined index: game_id D:\phpStudy\PHPTutorial\WWW\uuyu-work\Application\Media\Controller\IndexController.class.php 第 97 行.
SQL: SHOW COLUMNS FROM `tab_game` [ RunTime:0.0098s ]
SQL: SHOW COLUMNS FROM `tab_game` [ RunTime:0.0063s ]
SQL: SELECT g.icon,g.cover,g.showbg,g.game_name,g.id,g.game_type_id,g.features,ifnull(gb.id,0) as gift_id,g.play_count,gb.is_unicode,gb.novice,gb.unicode_num,g.game_score FROM tab_game as g left JOIN tab_giftbag as gb on gb.game_id = g.id and gb.status = 1  WHERE `recommend_status` LIKE '%2%' AND g.game_status = 1 AND g.test_status = 1 GROUP BY g.id ORDER BY g.sort desc, g.id desc LIMIT 0,5   [ RunTime:0.1009s ]
SQL: SELECT * FROM `tab_tool` WHERE `name` = 'oss_storage' LIMIT 1   [ RunTime:0.0004s ]
SQL: SHOW COLUMNS FROM `sys_picture` [ RunTime:0.0307s ]
SQL: SELECT * FROM `sys_picture` WHERE `status` = 1 AND `id` = 359 LIMIT 1   [ RunTime:0.0004s ]
SQL: SELECT * FROM `tab_tool` WHERE `name` = 'oss_storage' LIMIT 1   [ RunTime:0.0003s ]
SQL: SELECT * FROM `tab_tool` WHERE `name` = 'qiniu_storage' LIMIT 1   [ RunTime:0.0004s ]
SQL: SELECT * FROM `sys_picture` WHERE `status` = 1 AND `id` = 359 LIMIT 1   [ RunTime:0.0003s ]
SQL: SELECT * FROM `tab_tool` WHERE `name` = 'oss_storage' LIMIT 1   [ RunTime:0.0003s ]
SQL: SELECT * FROM `tab_tool` WHERE `name` = 'qiniu_storage' LIMIT 1   [ RunTime:0.0003s ]
SQL: SELECT * FROM `tab_tool` WHERE `name` = 'oss_storage' LIMIT 1   [ RunTime:0.0003s ]
SQL: SHOW COLUMNS FROM `tab_game_type` [ RunTime:0.0410s ]
SQL: SELECT * FROM `tab_game_type` WHERE ( status=1 and id=18 ) LIMIT 1   [ RunTime:0.0004s ]
SQL: SELECT * FROM `tab_tool` WHERE `name` = 'oss_storage' LIMIT 1   [ RunTime:0.0003s ]
SQL: SELECT * FROM `sys_picture` WHERE `status` = 1 AND `id` = 366 LIMIT 1   [ RunTime:0.0003s ]
SQL: SELECT * FROM `tab_tool` WHERE `name` = 'oss_storage' LIMIT 1   [ RunTime:0.0003s ]
SQL: SELECT * FROM `tab_tool` WHERE `name` = 'qiniu_storage' LIMIT 1   [ RunTime:0.0003s ]
SQL: SELECT * FROM `sys_picture` WHERE `status` = 1 AND `id` = 366 LIMIT 1   [ RunTime:0.0003s ]
SQL: SELECT * FROM `tab_tool` WHERE `name` = 'oss_storage' LIMIT 1   [ RunTime:0.0003s ]
SQL: SELECT * FROM `tab_tool` WHERE `name` = 'qiniu_storage' LIMIT 1   [ RunTime:0.0003s ]
SQL: SHOW COLUMNS FROM `tab_game` [ RunTime:0.0118s ]
SQL: SELECT * FROM `tab_game` WHERE `id` = 15 LIMIT 1   [ RunTime:0.0005s ]
SQL: SHOW COLUMNS FROM `tab_user_play` [ RunTime:0.0699s ]
SQL: SELECT COUNT(*) AS tp_count FROM `tab_user_play` WHERE `game_id` = 15 AND `play_time` > '1528166723' LIMIT 1   [ RunTime:0.0008s ]
SQL: SHOW COLUMNS FROM `tab_user_behavior` [ RunTime:0.0439s ]
SQL: select count(*) as num from (( SELECT count(*) FROM `tab_user_behavior` WHERE `game_id` = 15 AND `status` = 1 GROUP BY user_id  )) a [ RunTime:0.0011s ]
SQL: SELECT * FROM `tab_tool` WHERE `name` = 'oss_storage' LIMIT 1   [ RunTime:0.0003s ]
SQL: SELECT * FROM `sys_picture` WHERE `status` = 1 AND `id` = 385 LIMIT 1   [ RunTime:0.0003s ]
SQL: SELECT * FROM `tab_tool` WHERE `name` = 'oss_storage' LIMIT 1   [ RunTime:0.0003s ]
SQL: SELECT * FROM `tab_tool` WHERE `name` = 'qiniu_storage' LIMIT 1   [ RunTime:0.0003s ]
SQL: SELECT * FROM `sys_picture` WHERE `status` = 1 AND `id` = 385 LIMIT 1   [ RunTime:0.0003s ]
SQL: SELECT * FROM `tab_tool` WHERE `name` = 'oss_storage' LIMIT 1   [ RunTime:0.0003s ]
SQL: SELECT * FROM `tab_tool` WHERE `name` = 'qiniu_storage' LIMIT 1   [ RunTime:0.0003s ]
SQL: SELECT * FROM `tab_tool` WHERE `name` = 'oss_storage' LIMIT 1   [ RunTime:0.0003s ]
SQL: SELECT * FROM `sys_picture` WHERE `status` = 1 AND `id` = 386 LIMIT 1   [ RunTime:0.0003s ]
SQL: SELECT * FROM `tab_tool` WHERE `name` = 'oss_storage' LIMIT 1   [ RunTime:0.0002s ]
SQL: SELECT * FROM `tab_tool` WHERE `name` = 'qiniu_storage' LIMIT 1   [ RunTime:0.0003s ]
SQL: SELECT * FROM `sys_picture` WHERE `status` = 1 AND `id` = 386 LIMIT 1   [ RunTime:0.0002s ]
SQL: SELECT * FROM `tab_tool` WHERE `name` = 'oss_storage' LIMIT 1   [ RunTime:0.0003s ]
SQL: SELECT * FROM `tab_tool` WHERE `name` = 'qiniu_storage' LIMIT 1   [ RunTime:0.0003s ]
SQL: SELECT * FROM `tab_game_type` WHERE ( status=1 and id=14 ) LIMIT 1   [ RunTime:0.0002s ]
SQL: SELECT * FROM `tab_tool` WHERE `name` = 'oss_storage' LIMIT 1   [ RunTime:0.0002s ]
SQL: SELECT * FROM `tab_game` WHERE `id` = 16 LIMIT 1   [ RunTime:0.0003s ]
SQL: SELECT COUNT(*) AS tp_count FROM `tab_user_play` WHERE `game_id` = 16 AND `play_time` > '0' LIMIT 1   [ RunTime:0.0002s ]
SQL: select count(*) as num from (( SELECT count(*) FROM `tab_user_behavior` WHERE `game_id` = 16 AND `status` = 1 GROUP BY user_id  )) a [ RunTime:0.0004s ]
SQL: SELECT * FROM `tab_tool` WHERE `name` = 'oss_storage' LIMIT 1   [ RunTime:0.0002s ]
SQL: SELECT * FROM `tab_tool` WHERE `name` = 'oss_storage' LIMIT 1   [ RunTime:0.0002s ]
SQL: SELECT * FROM `tab_game_type` WHERE ( status=1 and id=17 ) LIMIT 1   [ RunTime:0.0002s ]
SQL: SELECT * FROM `tab_tool` WHERE `name` = 'oss_storage' LIMIT 1   [ RunTime:0.0002s ]
SQL: SELECT * FROM `tab_game` WHERE `id` = 13 LIMIT 1   [ RunTime:0.0002s ]
SQL: SELECT COUNT(*) AS tp_count FROM `tab_user_play` WHERE `game_id` = 13 AND `play_time` > '0' LIMIT 1   [ RunTime:0.0002s ]
SQL: select count(*) as num from (( SELECT count(*) FROM `tab_user_behavior` WHERE `game_id` = 13 AND `status` = 1 GROUP BY user_id  )) a [ RunTime:0.0003s ]
SQL: SELECT * FROM `tab_tool` WHERE `name` = 'oss_storage' LIMIT 1   [ RunTime:0.0002s ]
SQL: SELECT * FROM `tab_tool` WHERE `name` = 'oss_storage' LIMIT 1   [ RunTime:0.0002s ]
SQL: SELECT * FROM `tab_game_type` WHERE ( status=1 and id=18 ) LIMIT 1   [ RunTime:0.0002s ]
SQL: SELECT * FROM `tab_tool` WHERE `name` = 'oss_storage' LIMIT 1   [ RunTime:0.0002s ]
SQL: SELECT * FROM `tab_game` WHERE `id` = 14 LIMIT 1   [ RunTime:0.0003s ]
SQL: SELECT COUNT(*) AS tp_count FROM `tab_user_play` WHERE `game_id` = 14 AND `play_time` > '0' LIMIT 1   [ RunTime:0.0002s ]
SQL: select count(*) as num from (( SELECT count(*) FROM `tab_user_behavior` WHERE `game_id` = 14 AND `status` = 1 GROUP BY user_id  )) a [ RunTime:0.0005s ]
SQL: SELECT * FROM `tab_tool` WHERE `name` = 'oss_storage' LIMIT 1   [ RunTime:0.0002s ]
SQL: SELECT * FROM `tab_tool` WHERE `name` = 'oss_storage' LIMIT 1   [ RunTime:0.0003s ]
SQL: SELECT * FROM `tab_game_type` WHERE ( status=1 and id=18 ) LIMIT 1   [ RunTime:0.0003s ]
SQL: SELECT * FROM `tab_tool` WHERE `name` = 'oss_storage' LIMIT 1   [ RunTime:0.0002s ]
SQL: SELECT * FROM `tab_game` WHERE `id` = 11 LIMIT 1   [ RunTime:0.0003s ]
SQL: SELECT COUNT(*) AS tp_count FROM `tab_user_play` WHERE `game_id` = 11 AND `play_time` > '0' LIMIT 1   [ RunTime:0.0002s ]
SQL: select count(*) as num from (( SELECT count(*) FROM `tab_user_behavior` WHERE `game_id` = 11 AND `status` = 1 GROUP BY user_id  )) a [ RunTime:0.0004s ]

[ 2018-06-22T08:57:24+08:00 ] 127.0.0.1 /media.php/Index/more_game.html
INFO: [ app_init ] --START--
INFO: Run Behavior\BuildLiteBehavior [ RunTime:0.000009s ]
INFO: Run Common\Behavior\InitHookBehavior [ RunTime:0.001375s ]
INFO: [ app_init ] --END-- [ RunTime:0.001487s ]
INFO: [ app_begin ] --START--
INFO: Run Behavior\ReadHtmlCacheBehavior [ RunTime:0.000319s ]
INFO: [ app_begin ] --END-- [ RunTime:0.000365s ]
SQL: SHOW COLUMNS FROM `sys_config` [ RunTime:0.0129s ]
SQL: SELECT `type`,`name`,`value` FROM `sys_config` WHERE `status` = 1  [ RunTime:0.0005s ]
SQL: SHOW COLUMNS FROM `tab_apply_union` [ RunTime:0.0084s ]
SQL: SELECT `union_id`,`union_account`,`status`,`apply_domain_type`,`domain_url`,`union_set` FROM `tab_apply_union` WHERE `domain_url` IN ('www.uuyu.l.com','http://www.uuyu.l.com','https://www.uuyu.l.com') LIMIT 1   [ RunTime:0.0002s ]
NOTIC: [8] Use of undefined constant PC_SET_DOMAIM - assumed 'PC_SET_DOMAIM' D:\phpStudy\PHPTutorial\WWW\uuyu-work\Application\Media\Controller\BaseController.class.php 第 31 行.
NOTIC: [8] Use of undefined constant PC_SET_DOMAIM - assumed 'PC_SET_DOMAIM' D:\phpStudy\PHPTutorial\WWW\uuyu-work\Application\Media\Controller\BaseController.class.php 第 34 行.
NOTIC: [8] Use of undefined constant PC_SET_DOMAIM - assumed 'PC_SET_DOMAIM' D:\phpStudy\PHPTutorial\WWW\uuyu-work\Application\Media\Controller\BaseController.class.php 第 41 行.
SQL: SELECT `union_id`,`union_account`,`status`,`apply_domain_type`,`domain_url`,`union_set` FROM `tab_apply_union` WHERE `domain_url` IN ('www.uuyu.l.com','http://www.uuyu.l.com','https://www.uuyu.l.com') LIMIT 1   [ RunTime:0.0001s ]
INFO: [ view_parse ] --START--
INFO: [ template_filter ] --START--
INFO: Run Behavior\ContentReplaceBehavior [ RunTime:0.000146s ]
INFO: [ template_filter ] --END-- [ RunTime:0.000187s ]
INFO: Run Behavior\ParseTemplateBehavior [ RunTime:0.028890s ]
INFO: [ view_parse ] --END-- [ RunTime:0.028931s ]
INFO: [ view_filter ] --START--
INFO: Run Behavior\WriteHtmlCacheBehavior [ RunTime:0.000281s ]
INFO: [ view_filter ] --END-- [ RunTime:0.000307s ]
SQL: SHOW COLUMNS FROM `tab_tips` [ RunTime:0.0085s ]
SQL: SELECT * FROM `tab_tips` WHERE `obj` = 1 AND `status` = 1 LIMIT 1   [ RunTime:0.0003s ]
SQL: SHOW COLUMNS FROM `tab_user` [ RunTime:0.0080s ]
SQL: SELECT `lock_status`,`real_name`,`idcard` FROM `tab_user` WHERE `id` = 0 LIMIT 1   [ RunTime:0.0004s ]
SQL: SHOW COLUMNS FROM `tab_point_type` [ RunTime:0.0088s ]
SQL: SELECT * FROM `tab_point_type` WHERE `key` = 'bind_phone' LIMIT 1   [ RunTime:0.0002s ]
SQL: SHOW COLUMNS FROM `tab_tool` [ RunTime:0.0072s ]
SQL: SELECT `name`,`status` FROM `tab_tool` WHERE `name` IN ('qq_login','wx_login','wb_login','bd_login')  [ RunTime:0.0002s ]
SQL: SHOW COLUMNS FROM `tab_app` [ RunTime:0.0079s ]
SQL: SELECT * FROM `tab_app` WHERE `name` LIKE '%H5联运%' AND `app_version` = 1 LIMIT 1   [ RunTime:0.0003s ]
NOTIC: [8] Undefined index: game_id D:\phpStudy\PHPTutorial\WWW\uuyu-work\Application\Media\Controller\IndexController.class.php 第 97 行.
SQL: SHOW COLUMNS FROM `tab_game` [ RunTime:0.0082s ]
SQL: SHOW COLUMNS FROM `tab_game` [ RunTime:0.0083s ]
SQL: SELECT g.icon,g.cover,g.showbg,g.game_name,g.id,g.game_type_id,g.features,ifnull(gb.id,0) as gift_id,g.play_count,gb.is_unicode,gb.novice,gb.unicode_num,g.game_score FROM tab_game as g left JOIN tab_giftbag as gb on gb.game_id = g.id and gb.status = 1  WHERE `recommend_status` LIKE '%2%' AND g.game_status = 1 AND g.test_status = 1 GROUP BY g.id ORDER BY g.sort desc, g.id desc LIMIT 5,5   [ RunTime:0.0113s ]
SQL: SELECT * FROM `tab_tool` WHERE `name` = 'oss_storage' LIMIT 1   [ RunTime:0.0002s ]
SQL: SELECT * FROM `tab_tool` WHERE `name` = 'oss_storage' LIMIT 1   [ RunTime:0.0001s ]
SQL: SHOW COLUMNS FROM `tab_game_type` [ RunTime:0.0079s ]
SQL: SELECT * FROM `tab_game_type` WHERE ( status=1 and id=16 ) LIMIT 1   [ RunTime:0.0002s ]
SQL: SELECT * FROM `tab_tool` WHERE `name` = 'oss_storage' LIMIT 1   [ RunTime:0.0002s ]
SQL: SHOW COLUMNS FROM `tab_game` [ RunTime:0.0054s ]
SQL: SELECT * FROM `tab_game` WHERE `id` = 12 LIMIT 1   [ RunTime:0.0004s ]
SQL: SHOW COLUMNS FROM `tab_user_play` [ RunTime:0.0076s ]
SQL: SELECT COUNT(*) AS tp_count FROM `tab_user_play` WHERE `game_id` = 12 AND `play_time` > '0' LIMIT 1   [ RunTime:0.0002s ]
SQL: SHOW COLUMNS FROM `tab_user_behavior` [ RunTime:0.0081s ]
SQL: select count(*) as num from (( SELECT count(*) FROM `tab_user_behavior` WHERE `game_id` = 12 AND `status` = 1 GROUP BY user_id  )) a [ RunTime:0.0005s ]
SQL: SELECT * FROM `tab_tool` WHERE `name` = 'oss_storage' LIMIT 1   [ RunTime:0.0003s ]
SQL: SELECT * FROM `tab_tool` WHERE `name` = 'oss_storage' LIMIT 1   [ RunTime:0.0002s ]
SQL: SELECT * FROM `tab_game_type` WHERE ( status=1 and id=14 ) LIMIT 1   [ RunTime:0.0002s ]
SQL: SELECT * FROM `tab_tool` WHERE `name` = 'oss_storage' LIMIT 1   [ RunTime:0.0002s ]
SQL: SELECT * FROM `tab_game` WHERE `id` = 1 LIMIT 1   [ RunTime:0.0003s ]
SQL: SELECT COUNT(*) AS tp_count FROM `tab_user_play` WHERE `game_id` = 1 AND `play_time` > '0' LIMIT 1   [ RunTime:0.0002s ]
SQL: select count(*) as num from (( SELECT count(*) FROM `tab_user_behavior` WHERE `game_id` = 1 AND `status` = 1 GROUP BY user_id  )) a [ RunTime:0.0003s ]

