[ 2018-06-01T17:31:52+08:00 ] 127.0.0.1 /media.php/Index/more_game.html
INFO: [ app_init ] --START--
INFO: Run Behavior\BuildLiteBehavior [ RunTime:0.000009s ]
INFO: Run Common\Behavior\InitHookBehavior [ RunTime:0.001013s ]
INFO: [ app_init ] --END-- [ RunTime:0.001082s ]
INFO: [ app_begin ] --START--
INFO: Run Behavior\ReadHtmlCacheBehavior [ RunTime:0.000336s ]
INFO: [ app_begin ] --END-- [ RunTime:0.000384s ]
SQL: SHOW COLUMNS FROM `sys_config` [ RunTime:0.0049s ]
SQL: SELECT `type`,`name`,`value` FROM `sys_config` WHERE `status` = 1  [ RunTime:0.0005s ]
SQL: SHOW COLUMNS FROM `tab_apply_union` [ RunTime:0.0032s ]
SQL: SELECT `union_id`,`union_account`,`status`,`apply_domain_type`,`domain_url`,`union_set` FROM `tab_apply_union` WHERE `domain_url` IN ('www.local.uuhuyv.com','http://www.local.uuhuyv.com','https://www.local.uuhuyv.com') LIMIT 1   [ RunTime:0.0004s ]
NOTIC: [8] Use of undefined constant PC_SET_DOMAIM - assumed 'PC_SET_DOMAIM' D:\phpStudy\PHPTutorial\WWW\UUhuyv\Application\Media\Controller\BaseController.class.php 第 31 行.
NOTIC: [8] Use of undefined constant PC_SET_DOMAIM - assumed 'PC_SET_DOMAIM' D:\phpStudy\PHPTutorial\WWW\UUhuyv\Application\Media\Controller\BaseController.class.php 第 34 行.
NOTIC: [8] Use of undefined constant PC_SET_DOMAIM - assumed 'PC_SET_DOMAIM' D:\phpStudy\PHPTutorial\WWW\UUhuyv\Application\Media\Controller\BaseController.class.php 第 41 行.
SQL: SELECT `union_id`,`union_account`,`status`,`apply_domain_type`,`domain_url`,`union_set` FROM `tab_apply_union` WHERE `domain_url` IN ('www.local.uuhuyv.com','http://www.local.uuhuyv.com','https://www.local.uuhuyv.com') LIMIT 1   [ RunTime:0.0002s ]
INFO: [ view_parse ] --START--
INFO: [ template_filter ] --START--
INFO: Run Behavior\ContentReplaceBehavior [ RunTime:0.000148s ]
INFO: [ template_filter ] --END-- [ RunTime:0.000191s ]
INFO: Run Behavior\ParseTemplateBehavior [ RunTime:0.012155s ]
INFO: [ view_parse ] --END-- [ RunTime:0.012199s ]
INFO: [ view_filter ] --START--
INFO: Run Behavior\WriteHtmlCacheBehavior [ RunTime:0.000338s ]
INFO: [ view_filter ] --END-- [ RunTime:0.000365s ]
SQL: SHOW COLUMNS FROM `tab_tips` [ RunTime:0.0038s ]
SQL: SELECT * FROM `tab_tips` WHERE `obj` = 1 AND `status` = 1 LIMIT 1   [ RunTime:0.0002s ]
SQL: SHOW COLUMNS FROM `tab_user` [ RunTime:0.0032s ]
SQL: SELECT `lock_status`,`real_name`,`idcard` FROM `tab_user` WHERE `id` = 35 LIMIT 1   [ RunTime:0.0002s ]
SQL: SHOW COLUMNS FROM `tab_point_type` [ RunTime:0.0032s ]
SQL: SHOW COLUMNS FROM `tab_server` [ RunTime:0.0042s ]
SQL: SHOW COLUMNS FROM `tab_server` [ RunTime:0.0035s ]
SQL: SELECT `id`,`server_name`,`game_name`,`game_id`,`start_time`,`open_notice` FROM `tab_server` WHERE `open_notice` LIKE '%35%'  [ RunTime:0.0002s ]
SQL: SHOW COLUMNS FROM `tab_msg` [ RunTime:0.0038s ]
SQL: SELECT * FROM `tab_msg` WHERE `user_id` = 35 AND `status` = 2 LIMIT 1   [ RunTime:0.0002s ]
NOTIC: [8] Undefined variable: lgjoin D:\phpStudy\PHPTutorial\WWW\UUhuyv\Application\Media\Controller\BaseController.class.php 第 95 行.
SQL: SELECT pt.*,pr.user_id,pr.day,pr.create_time as ctime,date_format(FROM_UNIXTIME(pr.create_time),"%Y-%m-%d") as ct FROM tab_point_type pt left JOIN tab_point_record as pr on pr.type_id = pt.id and pr.user_id = 35  WHERE pt.key = 'sign_in' ORDER BY ctime desc LIMIT 0,1   [ RunTime:0.0004s ]
SQL: SELECT * FROM `tab_point_type` WHERE `key` = 'bind_phone' LIMIT 1   [ RunTime:0.0002s ]
SQL: SHOW COLUMNS FROM `tab_tool` [ RunTime:0.0035s ]
SQL: SELECT `name`,`status` FROM `tab_tool` WHERE `name` IN ('qq_login','wx_login','wb_login','bd_login')  [ RunTime:0.0004s ]
SQL: SHOW COLUMNS FROM `tab_app` [ RunTime:0.0035s ]
SQL: SELECT * FROM `tab_app` WHERE `name` LIKE '%H5联运%' AND `app_version` = 1 LIMIT 1   [ RunTime:0.0003s ]
NOTIC: [8] Undefined index: game_id D:\phpStudy\PHPTutorial\WWW\UUhuyv\Application\Media\Controller\IndexController.class.php 第 97 行.
SQL: SHOW COLUMNS FROM `tab_game` [ RunTime:0.0038s ]
SQL: SHOW COLUMNS FROM `tab_game` [ RunTime:0.0038s ]
SQL: SELECT g.icon,g.cover,g.showbg,g.game_name,g.id,g.game_type_id,g.features,ifnull(gb.id,0) as gift_id,g.play_count,gb.is_unicode,gb.novice,gb.unicode_num,g.game_score FROM tab_game as g left JOIN tab_giftbag as gb on gb.game_id = g.id and gb.status = 1  WHERE `recommend_status` LIKE '%2%' AND g.game_status = 1 AND g.test_status = 1 GROUP BY g.id ORDER BY g.sort desc, g.id desc LIMIT 0,5   [ RunTime:0.0042s ]
SQL: SELECT * FROM `tab_tool` WHERE `name` = 'oss_storage' LIMIT 1   [ RunTime:0.0003s ]
SQL: SHOW COLUMNS FROM `sys_picture` [ RunTime:0.0047s ]
SQL: SELECT * FROM `sys_picture` WHERE `status` = 1 AND `id` = 378 LIMIT 1   [ RunTime:0.0003s ]
SQL: SELECT * FROM `tab_tool` WHERE `name` = 'oss_storage' LIMIT 1   [ RunTime:0.0002s ]
SQL: SELECT * FROM `tab_tool` WHERE `name` = 'qiniu_storage' LIMIT 1   [ RunTime:0.0002s ]
SQL: SELECT * FROM `sys_picture` WHERE `status` = 1 AND `id` = 378 LIMIT 1   [ RunTime:0.0002s ]
SQL: SELECT * FROM `tab_tool` WHERE `name` = 'oss_storage' LIMIT 1   [ RunTime:0.0002s ]
SQL: SELECT * FROM `tab_tool` WHERE `name` = 'qiniu_storage' LIMIT 1   [ RunTime:0.0002s ]
SQL: SELECT * FROM `tab_tool` WHERE `name` = 'oss_storage' LIMIT 1   [ RunTime:0.0002s ]
SQL: SELECT * FROM `sys_picture` WHERE `status` = 1 AND `id` = 385 LIMIT 1   [ RunTime:0.0002s ]
SQL: SELECT * FROM `tab_tool` WHERE `name` = 'oss_storage' LIMIT 1   [ RunTime:0.0002s ]
SQL: SELECT * FROM `tab_tool` WHERE `name` = 'qiniu_storage' LIMIT 1   [ RunTime:0.0003s ]
SQL: SELECT * FROM `sys_picture` WHERE `status` = 1 AND `id` = 385 LIMIT 1   [ RunTime:0.0002s ]
SQL: SELECT * FROM `tab_tool` WHERE `name` = 'oss_storage' LIMIT 1   [ RunTime:0.0002s ]
SQL: SELECT * FROM `tab_tool` WHERE `name` = 'qiniu_storage' LIMIT 1   [ RunTime:0.0002s ]
SQL: SHOW COLUMNS FROM `tab_game_type` [ RunTime:0.0045s ]
SQL: SELECT * FROM `tab_game_type` WHERE ( status=1 and id=17 ) LIMIT 1   [ RunTime:0.0003s ]
SQL: SELECT * FROM `tab_tool` WHERE `name` = 'oss_storage' LIMIT 1   [ RunTime:0.0002s ]
SQL: SHOW COLUMNS FROM `tab_game` [ RunTime:0.0036s ]
SQL: SELECT * FROM `tab_game` WHERE `id` = 16 LIMIT 1   [ RunTime:0.0004s ]
SQL: SHOW COLUMNS FROM `tab_user_play` [ RunTime:0.0036s ]
SQL: SELECT COUNT(*) AS tp_count FROM `tab_user_play` WHERE `game_id` = 16 AND `play_time` > '0' LIMIT 1   [ RunTime:0.0004s ]
SQL: SHOW COLUMNS FROM `tab_user_behavior` [ RunTime:0.0037s ]
SQL: select count(*) as num from (( SELECT count(*) FROM `tab_user_behavior` WHERE `game_id` = 16 AND `status` = 1 GROUP BY user_id  )) a [ RunTime:0.0004s ]
SQL: SELECT * FROM `tab_tool` WHERE `name` = 'oss_storage' LIMIT 1   [ RunTime:0.0003s ]
SQL: SELECT * FROM `sys_picture` WHERE `status` = 1 AND `id` = 359 LIMIT 1   [ RunTime:0.0003s ]
SQL: SELECT * FROM `tab_tool` WHERE `name` = 'oss_storage' LIMIT 1   [ RunTime:0.0003s ]
SQL: SELECT * FROM `tab_tool` WHERE `name` = 'qiniu_storage' LIMIT 1   [ RunTime:0.0003s ]
SQL: SELECT * FROM `sys_picture` WHERE `status` = 1 AND `id` = 359 LIMIT 1   [ RunTime:0.0003s ]
SQL: SELECT * FROM `tab_tool` WHERE `name` = 'oss_storage' LIMIT 1   [ RunTime:0.0002s ]
SQL: SELECT * FROM `tab_tool` WHERE `name` = 'qiniu_storage' LIMIT 1   [ RunTime:0.0002s ]
SQL: SELECT * FROM `tab_tool` WHERE `name` = 'oss_storage' LIMIT 1   [ RunTime:0.0002s ]
SQL: SELECT * FROM `sys_picture` WHERE `status` = 1 AND `id` = 377 LIMIT 1   [ RunTime:0.0002s ]
SQL: SELECT * FROM `tab_tool` WHERE `name` = 'oss_storage' LIMIT 1   [ RunTime:0.0002s ]
SQL: SELECT * FROM `tab_tool` WHERE `name` = 'qiniu_storage' LIMIT 1   [ RunTime:0.0002s ]
SQL: SELECT * FROM `sys_picture` WHERE `status` = 1 AND `id` = 377 LIMIT 1   [ RunTime:0.0002s ]
SQL: SELECT * FROM `tab_tool` WHERE `name` = 'oss_storage' LIMIT 1   [ RunTime:0.0002s ]
SQL: SELECT * FROM `tab_tool` WHERE `name` = 'qiniu_storage' LIMIT 1   [ RunTime:0.0002s ]
SQL: SELECT * FROM `tab_game_type` WHERE ( status=1 and id=18 ) LIMIT 1   [ RunTime:0.0002s ]
SQL: SELECT * FROM `tab_tool` WHERE `name` = 'oss_storage' LIMIT 1   [ RunTime:0.0002s ]
SQL: SELECT * FROM `tab_game` WHERE `id` = 15 LIMIT 1   [ RunTime:0.0003s ]
SQL: SELECT COUNT(*) AS tp_count FROM `tab_user_play` WHERE `game_id` = 15 AND `play_time` > '0' LIMIT 1   [ RunTime:0.0002s ]
SQL: select count(*) as num from (( SELECT count(*) FROM `tab_user_behavior` WHERE `game_id` = 15 AND `status` = 1 GROUP BY user_id  )) a [ RunTime:0.0004s ]
SQL: SELECT * FROM `tab_tool` WHERE `name` = 'oss_storage' LIMIT 1   [ RunTime:0.0002s ]
SQL: SELECT * FROM `sys_picture` WHERE `status` = 1 AND `id` = 374 LIMIT 1   [ RunTime:0.0002s ]
SQL: SELECT * FROM `tab_tool` WHERE `name` = 'oss_storage' LIMIT 1   [ RunTime:0.0002s ]
SQL: SELECT * FROM `tab_tool` WHERE `name` = 'qiniu_storage' LIMIT 1   [ RunTime:0.0002s ]
SQL: SELECT * FROM `sys_picture` WHERE `status` = 1 AND `id` = 374 LIMIT 1   [ RunTime:0.0002s ]
SQL: SELECT * FROM `tab_tool` WHERE `name` = 'oss_storage' LIMIT 1   [ RunTime:0.0002s ]
SQL: SELECT * FROM `tab_tool` WHERE `name` = 'qiniu_storage' LIMIT 1   [ RunTime:0.0002s ]
SQL: SELECT * FROM `tab_tool` WHERE `name` = 'oss_storage' LIMIT 1   [ RunTime:0.0002s ]
SQL: SELECT * FROM `sys_picture` WHERE `status` = 1 AND `id` = 375 LIMIT 1   [ RunTime:0.0002s ]
SQL: SELECT * FROM `tab_tool` WHERE `name` = 'oss_storage' LIMIT 1   [ RunTime:0.0002s ]
SQL: SELECT * FROM `tab_tool` WHERE `name` = 'qiniu_storage' LIMIT 1   [ RunTime:0.0002s ]
SQL: SELECT * FROM `sys_picture` WHERE `status` = 1 AND `id` = 375 LIMIT 1   [ RunTime:0.0002s ]
SQL: SELECT * FROM `tab_tool` WHERE `name` = 'oss_storage' LIMIT 1   [ RunTime:0.0002s ]
SQL: SELECT * FROM `tab_tool` WHERE `name` = 'qiniu_storage' LIMIT 1   [ RunTime:0.0002s ]
SQL: SELECT * FROM `tab_game_type` WHERE ( status=1 and id=18 ) LIMIT 1   [ RunTime:0.0002s ]
SQL: SELECT * FROM `tab_tool` WHERE `name` = 'oss_storage' LIMIT 1   [ RunTime:0.0002s ]
SQL: SELECT * FROM `tab_game` WHERE `id` = 14 LIMIT 1   [ RunTime:0.0003s ]
SQL: SELECT COUNT(*) AS tp_count FROM `tab_user_play` WHERE `game_id` = 14 AND `play_time` > '0' LIMIT 1   [ RunTime:0.0002s ]
SQL: select count(*) as num from (( SELECT count(*) FROM `tab_user_behavior` WHERE `game_id` = 14 AND `status` = 1 GROUP BY user_id  )) a [ RunTime:0.0006s ]
SQL: SELECT * FROM `tab_tool` WHERE `name` = 'oss_storage' LIMIT 1   [ RunTime:0.0004s ]
SQL: SELECT * FROM `tab_tool` WHERE `name` = 'oss_storage' LIMIT 1   [ RunTime:0.0002s ]
SQL: SELECT * FROM `tab_game_type` WHERE ( status=1 and id=17 ) LIMIT 1   [ RunTime:0.0002s ]
SQL: SELECT * FROM `tab_tool` WHERE `name` = 'oss_storage' LIMIT 1   [ RunTime:0.0002s ]
SQL: SELECT * FROM `tab_game` WHERE `id` = 13 LIMIT 1   [ RunTime:0.0003s ]
SQL: SELECT COUNT(*) AS tp_count FROM `tab_user_play` WHERE `game_id` = 13 AND `play_time` > '0' LIMIT 1   [ RunTime:0.0002s ]
SQL: select count(*) as num from (( SELECT count(*) FROM `tab_user_behavior` WHERE `game_id` = 13 AND `status` = 1 GROUP BY user_id  )) a [ RunTime:0.0003s ]
SQL: SELECT * FROM `tab_tool` WHERE `name` = 'oss_storage' LIMIT 1   [ RunTime:0.0002s ]
SQL: SELECT * FROM `tab_tool` WHERE `name` = 'oss_storage' LIMIT 1   [ RunTime:0.0003s ]
SQL: SELECT * FROM `tab_game_type` WHERE ( status=1 and id=18 ) LIMIT 1   [ RunTime:0.0004s ]
SQL: SELECT * FROM `tab_tool` WHERE `name` = 'oss_storage' LIMIT 1   [ RunTime:0.0003s ]
SQL: SELECT * FROM `tab_game` WHERE `id` = 11 LIMIT 1   [ RunTime:0.0003s ]
SQL: SELECT COUNT(*) AS tp_count FROM `tab_user_play` WHERE `game_id` = 11 AND `play_time` > '0' LIMIT 1   [ RunTime:0.0002s ]
SQL: select count(*) as num from (( SELECT count(*) FROM `tab_user_behavior` WHERE `game_id` = 11 AND `status` = 1 GROUP BY user_id  )) a [ RunTime:0.0004s ]

[ 2018-06-01T17:31:52+08:00 ] 127.0.0.1 /media.php/Index/more_game.html
INFO: [ app_init ] --START--
INFO: Run Behavior\BuildLiteBehavior [ RunTime:0.000009s ]
INFO: Run Common\Behavior\InitHookBehavior [ RunTime:0.001423s ]
INFO: [ app_init ] --END-- [ RunTime:0.001488s ]
INFO: [ app_begin ] --START--
INFO: Run Behavior\ReadHtmlCacheBehavior [ RunTime:0.000409s ]
INFO: [ app_begin ] --END-- [ RunTime:0.000454s ]
SQL: SHOW COLUMNS FROM `sys_config` [ RunTime:0.0039s ]
SQL: SELECT `type`,`name`,`value` FROM `sys_config` WHERE `status` = 1  [ RunTime:0.0005s ]
SQL: SHOW COLUMNS FROM `tab_apply_union` [ RunTime:0.0035s ]
SQL: SELECT `union_id`,`union_account`,`status`,`apply_domain_type`,`domain_url`,`union_set` FROM `tab_apply_union` WHERE `domain_url` IN ('www.local.uuhuyv.com','http://www.local.uuhuyv.com','https://www.local.uuhuyv.com') LIMIT 1   [ RunTime:0.0003s ]
NOTIC: [8] Use of undefined constant PC_SET_DOMAIM - assumed 'PC_SET_DOMAIM' D:\phpStudy\PHPTutorial\WWW\UUhuyv\Application\Media\Controller\BaseController.class.php 第 31 行.
NOTIC: [8] Use of undefined constant PC_SET_DOMAIM - assumed 'PC_SET_DOMAIM' D:\phpStudy\PHPTutorial\WWW\UUhuyv\Application\Media\Controller\BaseController.class.php 第 34 行.
NOTIC: [8] Use of undefined constant PC_SET_DOMAIM - assumed 'PC_SET_DOMAIM' D:\phpStudy\PHPTutorial\WWW\UUhuyv\Application\Media\Controller\BaseController.class.php 第 41 行.
SQL: SELECT `union_id`,`union_account`,`status`,`apply_domain_type`,`domain_url`,`union_set` FROM `tab_apply_union` WHERE `domain_url` IN ('www.local.uuhuyv.com','http://www.local.uuhuyv.com','https://www.local.uuhuyv.com') LIMIT 1   [ RunTime:0.0003s ]
INFO: [ view_parse ] --START--
INFO: [ template_filter ] --START--
INFO: Run Behavior\ContentReplaceBehavior [ RunTime:0.000141s ]
INFO: [ template_filter ] --END-- [ RunTime:0.000181s ]
INFO: Run Behavior\ParseTemplateBehavior [ RunTime:0.012138s ]
INFO: [ view_parse ] --END-- [ RunTime:0.012178s ]
INFO: [ view_filter ] --START--
INFO: Run Behavior\WriteHtmlCacheBehavior [ RunTime:0.000284s ]
INFO: [ view_filter ] --END-- [ RunTime:0.000310s ]
SQL: SHOW COLUMNS FROM `tab_tips` [ RunTime:0.0045s ]
SQL: SELECT * FROM `tab_tips` WHERE `obj` = 1 AND `status` = 1 LIMIT 1   [ RunTime:0.0003s ]
SQL: SHOW COLUMNS FROM `tab_user` [ RunTime:0.0047s ]
SQL: SELECT `lock_status`,`real_name`,`idcard` FROM `tab_user` WHERE `id` = 35 LIMIT 1   [ RunTime:0.0004s ]
SQL: SHOW COLUMNS FROM `tab_point_type` [ RunTime:0.0034s ]
SQL: SHOW COLUMNS FROM `tab_server` [ RunTime:0.0039s ]
SQL: SHOW COLUMNS FROM `tab_server` [ RunTime:0.0036s ]
SQL: SELECT `id`,`server_name`,`game_name`,`game_id`,`start_time`,`open_notice` FROM `tab_server` WHERE `open_notice` LIKE '%35%'  [ RunTime:0.0003s ]
SQL: SHOW COLUMNS FROM `tab_msg` [ RunTime:0.0048s ]
SQL: SELECT * FROM `tab_msg` WHERE `user_id` = 35 AND `status` = 2 LIMIT 1   [ RunTime:0.0003s ]
NOTIC: [8] Undefined variable: lgjoin D:\phpStudy\PHPTutorial\WWW\UUhuyv\Application\Media\Controller\BaseController.class.php 第 95 行.
SQL: SELECT pt.*,pr.user_id,pr.day,pr.create_time as ctime,date_format(FROM_UNIXTIME(pr.create_time),"%Y-%m-%d") as ct FROM tab_point_type pt left JOIN tab_point_record as pr on pr.type_id = pt.id and pr.user_id = 35  WHERE pt.key = 'sign_in' ORDER BY ctime desc LIMIT 0,1   [ RunTime:0.0006s ]
SQL: SELECT * FROM `tab_point_type` WHERE `key` = 'bind_phone' LIMIT 1   [ RunTime:0.0003s ]
SQL: SHOW COLUMNS FROM `tab_tool` [ RunTime:0.0035s ]
SQL: SELECT `name`,`status` FROM `tab_tool` WHERE `name` IN ('qq_login','wx_login','wb_login','bd_login')  [ RunTime:0.0004s ]
SQL: SHOW COLUMNS FROM `tab_app` [ RunTime:0.0042s ]
SQL: SELECT * FROM `tab_app` WHERE `name` LIKE '%H5联运%' AND `app_version` = 1 LIMIT 1   [ RunTime:0.0003s ]
NOTIC: [8] Undefined index: game_id D:\phpStudy\PHPTutorial\WWW\UUhuyv\Application\Media\Controller\IndexController.class.php 第 97 行.
SQL: SHOW COLUMNS FROM `tab_game` [ RunTime:0.0043s ]
SQL: SHOW COLUMNS FROM `tab_game` [ RunTime:0.0039s ]
SQL: SELECT g.icon,g.cover,g.showbg,g.game_name,g.id,g.game_type_id,g.features,ifnull(gb.id,0) as gift_id,g.play_count,gb.is_unicode,gb.novice,gb.unicode_num,g.game_score FROM tab_game as g left JOIN tab_giftbag as gb on gb.game_id = g.id and gb.status = 1  WHERE `recommend_status` LIKE '%2%' AND g.game_status = 1 AND g.test_status = 1 GROUP BY g.id ORDER BY g.sort desc, g.id desc LIMIT 5,5   [ RunTime:0.0042s ]
SQL: SELECT * FROM `tab_tool` WHERE `name` = 'oss_storage' LIMIT 1   [ RunTime:0.0003s ]
SQL: SELECT * FROM `tab_tool` WHERE `name` = 'oss_storage' LIMIT 1   [ RunTime:0.0003s ]
SQL: SHOW COLUMNS FROM `tab_game_type` [ RunTime:0.0042s ]
SQL: SELECT * FROM `tab_game_type` WHERE ( status=1 and id=16 ) LIMIT 1   [ RunTime:0.0003s ]
SQL: SELECT * FROM `tab_tool` WHERE `name` = 'oss_storage' LIMIT 1   [ RunTime:0.0004s ]
SQL: SHOW COLUMNS FROM `tab_game` [ RunTime:0.0045s ]
SQL: SELECT * FROM `tab_game` WHERE `id` = 12 LIMIT 1   [ RunTime:0.0004s ]
SQL: SHOW COLUMNS FROM `tab_user_play` [ RunTime:0.0040s ]
SQL: SELECT COUNT(*) AS tp_count FROM `tab_user_play` WHERE `game_id` = 12 AND `play_time` > '0' LIMIT 1   [ RunTime:0.0004s ]
SQL: SHOW COLUMNS FROM `tab_user_behavior` [ RunTime:0.0040s ]
SQL: select count(*) as num from (( SELECT count(*) FROM `tab_user_behavior` WHERE `game_id` = 12 AND `status` = 1 GROUP BY user_id  )) a [ RunTime:0.0004s ]
SQL: SELECT * FROM `tab_tool` WHERE `name` = 'oss_storage' LIMIT 1   [ RunTime:0.0003s ]
SQL: SELECT * FROM `tab_tool` WHERE `name` = 'oss_storage' LIMIT 1   [ RunTime:0.0003s ]
SQL: SELECT * FROM `tab_game_type` WHERE ( status=1 and id=14 ) LIMIT 1   [ RunTime:0.0003s ]
SQL: SELECT * FROM `tab_tool` WHERE `name` = 'oss_storage' LIMIT 1   [ RunTime:0.0003s ]
SQL: SELECT * FROM `tab_game` WHERE `id` = 1 LIMIT 1   [ RunTime:0.0004s ]
SQL: SELECT COUNT(*) AS tp_count FROM `tab_user_play` WHERE `game_id` = 1 AND `play_time` > '0' LIMIT 1   [ RunTime:0.0003s ]
SQL: select count(*) as num from (( SELECT count(*) FROM `tab_user_behavior` WHERE `game_id` = 1 AND `status` = 1 GROUP BY user_id  )) a [ RunTime:0.0004s ]

[ 2018-06-01T17:32:00+08:00 ] 127.0.0.1 /
INFO: [ app_init ] --START--
INFO: Run Behavior\BuildLiteBehavior [ RunTime:0.000010s ]
INFO: Run Common\Behavior\InitHookBehavior [ RunTime:0.001330s ]
INFO: [ app_init ] --END-- [ RunTime:0.001414s ]
INFO: [ app_begin ] --START--
INFO: Run Behavior\ReadHtmlCacheBehavior [ RunTime:0.000375s ]
INFO: [ app_begin ] --END-- [ RunTime:0.000435s ]

[ 2018-06-01T17:32:00+08:00 ] 127.0.0.1 /media.php
INFO: [ app_init ] --START--
INFO: Run Behavior\BuildLiteBehavior [ RunTime:0.000011s ]
INFO: Run Common\Behavior\InitHookBehavior [ RunTime:0.001094s ]
INFO: [ app_init ] --END-- [ RunTime:0.001175s ]
INFO: [ app_begin ] --START--
INFO: Run Behavior\ReadHtmlCacheBehavior [ RunTime:0.000414s ]
INFO: [ app_begin ] --END-- [ RunTime:0.000493s ]

