[ 2018-05-17T13:35:58+08:00 ] 127.0.0.1 /media.php/PointShop/mall/short/ABCD.html
INFO: [ app_init ] --START--
INFO: Run Behavior\BuildLiteBehavior [ RunTime:0.000010s ]
INFO: Run Common\Behavior\InitHookBehavior [ RunTime:0.001263s ]
INFO: [ app_init ] --END-- [ RunTime:0.001336s ]
INFO: [ app_begin ] --START--
INFO: Run Behavior\ReadHtmlCacheBehavior [ RunTime:0.000291s ]
INFO: [ app_begin ] --END-- [ RunTime:0.000333s ]
SQL: SHOW COLUMNS FROM `sys_config` [ RunTime:0.0078s ]
SQL: SELECT `type`,`name`,`value` FROM `sys_config` WHERE `status` = 1  [ RunTime:0.0007s ]
SQL: SHOW COLUMNS FROM `tab_apply_union` [ RunTime:0.0083s ]
SQL: SELECT `union_id`,`union_account`,`status`,`apply_domain_type`,`domain_url`,`union_set` FROM `tab_apply_union` WHERE `domain_url` IN ('www.local.uuhuyv.com','http://www.local.uuhuyv.com','https://www.local.uuhuyv.com') LIMIT 1   [ RunTime:0.0003s ]
NOTIC: [8] Use of undefined constant PC_SET_DOMAIM - assumed 'PC_SET_DOMAIM' D:\phpStudy\PHPTutorial\WWW\UUhuyv\Application\Media\Controller\BaseController.class.php 第 31 行.
NOTIC: [8] Use of undefined constant PC_SET_DOMAIM - assumed 'PC_SET_DOMAIM' D:\phpStudy\PHPTutorial\WWW\UUhuyv\Application\Media\Controller\BaseController.class.php 第 34 行.
NOTIC: [8] Use of undefined constant PC_SET_DOMAIM - assumed 'PC_SET_DOMAIM' D:\phpStudy\PHPTutorial\WWW\UUhuyv\Application\Media\Controller\BaseController.class.php 第 41 行.
SQL: SELECT `union_id`,`union_account`,`status`,`apply_domain_type`,`domain_url`,`union_set` FROM `tab_apply_union` WHERE `domain_url` IN ('www.local.uuhuyv.com','http://www.local.uuhuyv.com','https://www.local.uuhuyv.com') LIMIT 1   [ RunTime:0.0002s ]
INFO: [ view_parse ] --START--
INFO: [ template_filter ] --START--
INFO: Run Behavior\ContentReplaceBehavior [ RunTime:0.000146s ]
INFO: [ template_filter ] --END-- [ RunTime:0.000192s ]
INFO: Run Behavior\ParseTemplateBehavior [ RunTime:0.013637s ]
INFO: [ view_parse ] --END-- [ RunTime:0.013686s ]
INFO: [ view_filter ] --START--
INFO: Run Behavior\WriteHtmlCacheBehavior [ RunTime:0.000270s ]
INFO: [ view_filter ] --END-- [ RunTime:0.000297s ]
SQL: SHOW COLUMNS FROM `tab_tips` [ RunTime:0.0086s ]
SQL: SELECT * FROM `tab_tips` WHERE `obj` = 1 AND `status` = 1 LIMIT 1   [ RunTime:0.0004s ]
SQL: SHOW COLUMNS FROM `tab_user` [ RunTime:0.0101s ]
SQL: SELECT `lock_status`,`real_name`,`idcard` FROM `tab_user` WHERE `id` = 8 LIMIT 1   [ RunTime:0.0005s ]
SQL: SHOW COLUMNS FROM `tab_point_type` [ RunTime:0.0089s ]
SQL: SHOW COLUMNS FROM `tab_server` [ RunTime:0.0081s ]
SQL: SHOW COLUMNS FROM `tab_server` [ RunTime:0.0095s ]
SQL: SELECT `id`,`server_name`,`game_name`,`game_id`,`start_time`,`open_notice` FROM `tab_server` WHERE `open_notice` LIKE '%8%'  [ RunTime:0.0003s ]
SQL: SHOW COLUMNS FROM `tab_msg` [ RunTime:0.0087s ]
SQL: SELECT * FROM `tab_msg` WHERE `user_id` = 8 AND `status` = 2 LIMIT 1   [ RunTime:0.0004s ]
NOTIC: [8] Undefined variable: lgjoin D:\phpStudy\PHPTutorial\WWW\UUhuyv\Application\Media\Controller\BaseController.class.php 第 95 行.
SQL: SELECT pt.*,pr.user_id,pr.day,pr.create_time as ctime,date_format(FROM_UNIXTIME(pr.create_time),"%Y-%m-%d") as ct FROM tab_point_type pt left JOIN tab_point_record as pr on pr.type_id = pt.id and pr.user_id = 8  WHERE pt.key = 'sign_in' ORDER BY ctime desc LIMIT 0,1   [ RunTime:0.0010s ]
SQL: SELECT * FROM `tab_point_type` WHERE `key` = 'bind_phone' LIMIT 1   [ RunTime:0.0005s ]
SQL: SHOW COLUMNS FROM `tab_tool` [ RunTime:0.0075s ]
SQL: SELECT `name`,`status` FROM `tab_tool` WHERE `name` IN ('qq_login','wx_login','wb_login','bd_login')  [ RunTime:0.0003s ]
SQL: SHOW COLUMNS FROM `tab_app` [ RunTime:0.0092s ]
SQL: SELECT * FROM `tab_app` WHERE `name` LIKE '%H5联运%' AND `app_version` = 1 LIMIT 1   [ RunTime:0.0003s ]
SQL: SHOW COLUMNS FROM `tab_point_shop` [ RunTime:0.0171s ]
SQL: SHOW COLUMNS FROM `tab_point_shop_record` [ RunTime:0.0076s ]
SQL: SHOW COLUMNS FROM `tab_user` [ RunTime:0.0099s ]
SQL: SHOW COLUMNS FROM `tab_point_type` [ RunTime:0.0091s ]
SQL: SELECT `id`,`good_name`,`price`,`number`,`good_info`,`status`,`create_time`,`cover`,`detail_cover`,`good_type`,`good_usage`,`short_name` FROM `tab_point_shop` WHERE (  short_name like 'A%' or short_name like 'B%' or short_name like 'C%' or short_name like 'D%' ) AND `status` = 1 AND `number` > 0 ORDER BY create_time desc LIMIT 0,10   [ RunTime:0.0004s ]
NOTIC: [2] Invalid argument supplied for foreach() D:\phpStudy\PHPTutorial\WWW\UUhuyv\Application\Admin\Model\PointShopModel.class.php 第 54 行.
SQL: SELECT COUNT(*) AS tp_count FROM `tab_point_shop` WHERE (  short_name like 'A%' or short_name like 'B%' or short_name like 'C%' or short_name like 'D%' ) AND `status` = 1 AND `number` > 0 LIMIT 1   [ RunTime:0.0003s ]
SQL: SHOW COLUMNS FROM `tab_point_shop_record` [ RunTime:0.0079s ]
SQL: SELECT sr.id,sr.user_id,sr.good_name,sr.good_id,sr.number,sr.pay_amount,sr.create_time,sr.good_type,sr.address,sr.user_name,sr.phone,sr.status,sr.good_key,u.nickname,u.account FROM tab_point_shop_record as sr left join tab_user u on u.id = sr.user_id  ORDER BY sr.create_time desc,sr.id desc LIMIT 0,50   [ RunTime:0.0004s ]
SQL: SELECT `shop_point` FROM `tab_user` WHERE `id` = 8 LIMIT 1   [ RunTime:0.0002s ]
NOTIC: [8] Undefined variable: lgjoin D:\phpStudy\PHPTutorial\WWW\UUhuyv\Application\Media\Controller\PointShopController.class.php 第 47 行.
SQL: SELECT pt.*,pr.user_id,pr.day,pr.create_time as ctime,date_format(FROM_UNIXTIME(pr.create_time),"%Y-%m-%d") as ct FROM tab_point_type pt left JOIN tab_point_record as pr on pr.type_id = pt.id and pr.user_id = 8  WHERE pt.key = 'sign_in' ORDER BY ctime desc LIMIT 0,10   [ RunTime:0.0007s ]
INFO: [ view_parse ] --START--
INFO: [ template_filter ] --START--
INFO: Run Behavior\ContentReplaceBehavior [ RunTime:0.000220s ]
INFO: [ template_filter ] --END-- [ RunTime:-0.149986s ]
NOTIC: [8] Use of undefined constant index - assumed 'index' D:\phpStudy\PHPTutorial\WWW\UUhuyv\Runtime\Cache\Media\53a217860b3f0d5e44ffc2b3bf2c5534.php 第 5 行.
NOTIC: [8] Use of undefined constant index - assumed 'index' D:\phpStudy\PHPTutorial\WWW\UUhuyv\Runtime\Cache\Media\53a217860b3f0d5e44ffc2b3bf2c5534.php 第 8 行.
NOTIC: [8] Use of undefined constant detail - assumed 'detail' D:\phpStudy\PHPTutorial\WWW\UUhuyv\Runtime\Cache\Media\53a217860b3f0d5e44ffc2b3bf2c5534.php 第 12 行.
NOTIC: [8] Use of undefined constant index - assumed 'index' D:\phpStudy\PHPTutorial\WWW\UUhuyv\Runtime\Cache\Media\53a217860b3f0d5e44ffc2b3bf2c5534.php 第 16 行.
NOTIC: [8] Use of undefined constant giftdetail - assumed 'giftdetail' D:\phpStudy\PHPTutorial\WWW\UUhuyv\Runtime\Cache\Media\53a217860b3f0d5e44ffc2b3bf2c5534.php 第 20 行.
NOTIC: [8] Use of undefined constant mall - assumed 'mall' D:\phpStudy\PHPTutorial\WWW\UUhuyv\Runtime\Cache\Media\53a217860b3f0d5e44ffc2b3bf2c5534.php 第 24 行.
NOTIC: [8] Use of undefined constant PointShop - assumed 'PointShop' D:\phpStudy\PHPTutorial\WWW\UUhuyv\Runtime\Cache\Media\53a217860b3f0d5e44ffc2b3bf2c5534.php 第 24 行.
NOTIC: [2] Illegal string offset 'game_name' D:\phpStudy\PHPTutorial\WWW\UUhuyv\Application\Common\Common\extend.php 第 208 行.
NOTIC: [8] Uninitialized string offset: 0 D:\phpStudy\PHPTutorial\WWW\UUhuyv\Application\Common\Common\extend.php 第 208 行.
NOTIC: [2] Illegal string offset 'title' D:\phpStudy\PHPTutorial\WWW\UUhuyv\Application\Common\Common\extend.php 第 208 行.
NOTIC: [8] Uninitialized string offset: 0 D:\phpStudy\PHPTutorial\WWW\UUhuyv\Application\Common\Common\extend.php 第 208 行.
NOTIC: [2] Illegal string offset 'giftbag_name' D:\phpStudy\PHPTutorial\WWW\UUhuyv\Application\Common\Common\extend.php 第 208 行.
NOTIC: [8] Uninitialized string offset: 0 D:\phpStudy\PHPTutorial\WWW\UUhuyv\Application\Common\Common\extend.php 第 208 行.
NOTIC: [2] Illegal string offset 'game_type_name' D:\phpStudy\PHPTutorial\WWW\UUhuyv\Application\Common\Common\extend.php 第 208 行.
NOTIC: [8] Uninitialized string offset: 0 D:\phpStudy\PHPTutorial\WWW\UUhuyv\Application\Common\Common\extend.php 第 208 行.
NOTIC: [2] Illegal string offset 'good_name' D:\phpStudy\PHPTutorial\WWW\UUhuyv\Application\Common\Common\extend.php 第 208 行.
NOTIC: [8] Uninitialized string offset: 0 D:\phpStudy\PHPTutorial\WWW\UUhuyv\Application\Common\Common\extend.php 第 208 行.
SQL: SHOW COLUMNS FROM `sys_picture` [ RunTime:0.0081s ]
SQL: SELECT * FROM `sys_picture` WHERE `status` = 1 AND `id` = 61 LIMIT 1   [ RunTime:0.0004s ]
SQL: SELECT * FROM `tab_tool` WHERE `name` = 'oss_storage' LIMIT 1   [ RunTime:0.0004s ]
SQL: SELECT * FROM `tab_tool` WHERE `name` = 'qiniu_storage' LIMIT 1   [ RunTime:0.0003s ]
SQL: SELECT * FROM `sys_picture` WHERE `status` = 1 AND `id` = 414 LIMIT 1   [ RunTime:0.0002s ]
SQL: SELECT * FROM `tab_tool` WHERE `name` = 'oss_storage' LIMIT 1   [ RunTime:0.0002s ]
SQL: SELECT * FROM `tab_tool` WHERE `name` = 'qiniu_storage' LIMIT 1   [ RunTime:0.0002s ]
NOTIC: [8] Undefined variable: newmsg D:\phpStudy\PHPTutorial\WWW\UUhuyv\Runtime\Cache\Media\53a217860b3f0d5e44ffc2b3bf2c5534.php 第 209 行.
SQL: SELECT * FROM `sys_picture` WHERE `status` = 1 AND `id` = 383 LIMIT 1   [ RunTime:0.0002s ]
SQL: SELECT * FROM `tab_tool` WHERE `name` = 'oss_storage' LIMIT 1   [ RunTime:0.0003s ]
SQL: SELECT * FROM `tab_tool` WHERE `name` = 'qiniu_storage' LIMIT 1   [ RunTime:0.0002s ]
NOTIC: [8] Undefined variable: game_id D:\phpStudy\PHPTutorial\WWW\UUhuyv\Runtime\Cache\Media\53a217860b3f0d5e44ffc2b3bf2c5534.php 第 396 行.
NOTIC: [8] Undefined variable: promote_id D:\phpStudy\PHPTutorial\WWW\UUhuyv\Runtime\Cache\Media\53a217860b3f0d5e44ffc2b3bf2c5534.php 第 397 行.
INFO: Run Behavior\ParseTemplateBehavior [ RunTime:0.028013s ]
INFO: [ view_parse ] --END-- [ RunTime:-0.137817s ]
INFO: [ view_filter ] --START--
INFO: Run Behavior\WriteHtmlCacheBehavior [ RunTime:0.000009s ]
INFO: [ view_filter ] --END-- [ RunTime:-0.165564s ]
INFO: [ app_end ] --START--
INFO: Run Behavior\ShowPageTraceBehavior [ RunTime:0.000690s ]
INFO: [ app_end ] --END-- [ RunTime:0.000732s ]

[ 2018-05-17T13:35:58+08:00 ] 127.0.0.1 /media.php/PointShop/mall.html
INFO: [ app_init ] --START--
INFO: Run Behavior\BuildLiteBehavior [ RunTime:0.000008s ]
INFO: Run Common\Behavior\InitHookBehavior [ RunTime:0.001505s ]
INFO: [ app_init ] --END-- [ RunTime:0.001575s ]
INFO: [ app_begin ] --START--
INFO: Run Behavior\ReadHtmlCacheBehavior [ RunTime:0.000429s ]
INFO: [ app_begin ] --END-- [ RunTime:0.000473s ]
SQL: SHOW COLUMNS FROM `sys_config` [ RunTime:0.0075s ]
SQL: SELECT `type`,`name`,`value` FROM `sys_config` WHERE `status` = 1  [ RunTime:0.0007s ]
SQL: SHOW COLUMNS FROM `tab_apply_union` [ RunTime:0.0356s ]
SQL: SELECT `union_id`,`union_account`,`status`,`apply_domain_type`,`domain_url`,`union_set` FROM `tab_apply_union` WHERE `domain_url` IN ('www.local.uuhuyv.com','http://www.local.uuhuyv.com','https://www.local.uuhuyv.com') LIMIT 1   [ RunTime:0.0003s ]
NOTIC: [8] Use of undefined constant PC_SET_DOMAIM - assumed 'PC_SET_DOMAIM' D:\phpStudy\PHPTutorial\WWW\UUhuyv\Application\Media\Controller\BaseController.class.php 第 31 行.
NOTIC: [8] Use of undefined constant PC_SET_DOMAIM - assumed 'PC_SET_DOMAIM' D:\phpStudy\PHPTutorial\WWW\UUhuyv\Application\Media\Controller\BaseController.class.php 第 34 行.
NOTIC: [8] Use of undefined constant PC_SET_DOMAIM - assumed 'PC_SET_DOMAIM' D:\phpStudy\PHPTutorial\WWW\UUhuyv\Application\Media\Controller\BaseController.class.php 第 41 行.
SQL: SELECT `union_id`,`union_account`,`status`,`apply_domain_type`,`domain_url`,`union_set` FROM `tab_apply_union` WHERE `domain_url` IN ('www.local.uuhuyv.com','http://www.local.uuhuyv.com','https://www.local.uuhuyv.com') LIMIT 1   [ RunTime:0.0002s ]
INFO: [ view_parse ] --START--
INFO: [ template_filter ] --START--
INFO: Run Behavior\ContentReplaceBehavior [ RunTime:0.000174s ]
INFO: [ template_filter ] --END-- [ RunTime:0.000223s ]
INFO: Run Behavior\ParseTemplateBehavior [ RunTime:0.013280s ]
INFO: [ view_parse ] --END-- [ RunTime:0.013340s ]
INFO: [ view_filter ] --START--
INFO: Run Behavior\WriteHtmlCacheBehavior [ RunTime:0.000269s ]
INFO: [ view_filter ] --END-- [ RunTime:0.000295s ]
SQL: SHOW COLUMNS FROM `tab_tips` [ RunTime:0.0089s ]
SQL: SELECT * FROM `tab_tips` WHERE `obj` = 1 AND `status` = 1 LIMIT 1   [ RunTime:0.0003s ]
SQL: SHOW COLUMNS FROM `tab_user` [ RunTime:0.0081s ]
SQL: SELECT `lock_status`,`real_name`,`idcard` FROM `tab_user` WHERE `id` = 8 LIMIT 1   [ RunTime:0.0003s ]
SQL: SHOW COLUMNS FROM `tab_point_type` [ RunTime:0.0085s ]
SQL: SHOW COLUMNS FROM `tab_server` [ RunTime:0.0094s ]
SQL: SHOW COLUMNS FROM `tab_server` [ RunTime:0.0076s ]
SQL: SELECT `id`,`server_name`,`game_name`,`game_id`,`start_time`,`open_notice` FROM `tab_server` WHERE `open_notice` LIKE '%8%'  [ RunTime:0.0003s ]
SQL: SHOW COLUMNS FROM `tab_msg` [ RunTime:0.0095s ]
SQL: SELECT * FROM `tab_msg` WHERE `user_id` = 8 AND `status` = 2 LIMIT 1   [ RunTime:0.0003s ]
NOTIC: [8] Undefined variable: lgjoin D:\phpStudy\PHPTutorial\WWW\UUhuyv\Application\Media\Controller\BaseController.class.php 第 95 行.
SQL: SELECT pt.*,pr.user_id,pr.day,pr.create_time as ctime,date_format(FROM_UNIXTIME(pr.create_time),"%Y-%m-%d") as ct FROM tab_point_type pt left JOIN tab_point_record as pr on pr.type_id = pt.id and pr.user_id = 8  WHERE pt.key = 'sign_in' ORDER BY ctime desc LIMIT 0,1   [ RunTime:0.0008s ]
SQL: SELECT * FROM `tab_point_type` WHERE `key` = 'bind_phone' LIMIT 1   [ RunTime:0.0003s ]
SQL: SHOW COLUMNS FROM `tab_tool` [ RunTime:0.0079s ]
SQL: SELECT `name`,`status` FROM `tab_tool` WHERE `name` IN ('qq_login','wx_login','wb_login','bd_login')  [ RunTime:0.0003s ]
SQL: SHOW COLUMNS FROM `tab_app` [ RunTime:0.0089s ]
SQL: SELECT * FROM `tab_app` WHERE `name` LIKE '%H5联运%' AND `app_version` = 1 LIMIT 1   [ RunTime:0.0003s ]
SQL: SHOW COLUMNS FROM `tab_point_shop` [ RunTime:0.0090s ]
SQL: SHOW COLUMNS FROM `tab_point_shop_record` [ RunTime:0.0093s ]
SQL: SHOW COLUMNS FROM `tab_user` [ RunTime:0.0094s ]
SQL: SHOW COLUMNS FROM `tab_point_type` [ RunTime:0.0091s ]
SQL: SELECT `id`,`good_name`,`price`,`number`,`good_info`,`status`,`create_time`,`cover`,`detail_cover`,`good_type`,`good_usage`,`short_name` FROM `tab_point_shop` WHERE (  short_name like 'A%' or short_name like 'B%' or short_name like 'C%' or short_name like 'D%' ) AND `status` = 1 AND `number` > 0 ORDER BY create_time desc LIMIT 10,10   [ RunTime:0.0004s ]
NOTIC: [2] Invalid argument supplied for foreach() D:\phpStudy\PHPTutorial\WWW\UUhuyv\Application\Admin\Model\PointShopModel.class.php 第 54 行.
SQL: SELECT COUNT(*) AS tp_count FROM `tab_point_shop` WHERE (  short_name like 'A%' or short_name like 'B%' or short_name like 'C%' or short_name like 'D%' ) AND `status` = 1 AND `number` > 0 LIMIT 1   [ RunTime:0.0003s ]
SQL: SHOW COLUMNS FROM `tab_point_shop_record` [ RunTime:0.0085s ]
SQL: SELECT sr.id,sr.user_id,sr.good_name,sr.good_id,sr.number,sr.pay_amount,sr.create_time,sr.good_type,sr.address,sr.user_name,sr.phone,sr.status,sr.good_key,u.nickname,u.account FROM tab_point_shop_record as sr left join tab_user u on u.id = sr.user_id  ORDER BY sr.create_time desc,sr.id desc LIMIT 0,50   [ RunTime:0.0004s ]
SQL: SELECT `shop_point` FROM `tab_user` WHERE `id` = 8 LIMIT 1   [ RunTime:0.0002s ]
NOTIC: [8] Undefined variable: lgjoin D:\phpStudy\PHPTutorial\WWW\UUhuyv\Application\Media\Controller\PointShopController.class.php 第 47 行.
SQL: SELECT pt.*,pr.user_id,pr.day,pr.create_time as ctime,date_format(FROM_UNIXTIME(pr.create_time),"%Y-%m-%d") as ct FROM tab_point_type pt left JOIN tab_point_record as pr on pr.type_id = pt.id and pr.user_id = 8  WHERE pt.key = 'sign_in' ORDER BY ctime desc LIMIT 0,10   [ RunTime:0.0007s ]

[ 2018-05-17T13:36:02+08:00 ] 127.0.0.1 /media.php/PointShop/mall.html
INFO: [ app_init ] --START--
INFO: Run Behavior\BuildLiteBehavior [ RunTime:0.000023s ]
INFO: Run Common\Behavior\InitHookBehavior [ RunTime:0.001129s ]
INFO: [ app_init ] --END-- [ RunTime:0.001224s ]
INFO: [ app_begin ] --START--
INFO: Run Behavior\ReadHtmlCacheBehavior [ RunTime:0.000362s ]
INFO: [ app_begin ] --END-- [ RunTime:0.000412s ]
SQL: SHOW COLUMNS FROM `sys_config` [ RunTime:0.0084s ]
SQL: SELECT `type`,`name`,`value` FROM `sys_config` WHERE `status` = 1  [ RunTime:0.0008s ]
SQL: SHOW COLUMNS FROM `tab_apply_union` [ RunTime:0.0080s ]
SQL: SELECT `union_id`,`union_account`,`status`,`apply_domain_type`,`domain_url`,`union_set` FROM `tab_apply_union` WHERE `domain_url` IN ('www.local.uuhuyv.com','http://www.local.uuhuyv.com','https://www.local.uuhuyv.com') LIMIT 1   [ RunTime:0.0003s ]
NOTIC: [8] Use of undefined constant PC_SET_DOMAIM - assumed 'PC_SET_DOMAIM' D:\phpStudy\PHPTutorial\WWW\UUhuyv\Application\Media\Controller\BaseController.class.php 第 31 行.
NOTIC: [8] Use of undefined constant PC_SET_DOMAIM - assumed 'PC_SET_DOMAIM' D:\phpStudy\PHPTutorial\WWW\UUhuyv\Application\Media\Controller\BaseController.class.php 第 34 行.
NOTIC: [8] Use of undefined constant PC_SET_DOMAIM - assumed 'PC_SET_DOMAIM' D:\phpStudy\PHPTutorial\WWW\UUhuyv\Application\Media\Controller\BaseController.class.php 第 41 行.
SQL: SELECT `union_id`,`union_account`,`status`,`apply_domain_type`,`domain_url`,`union_set` FROM `tab_apply_union` WHERE `domain_url` IN ('www.local.uuhuyv.com','http://www.local.uuhuyv.com','https://www.local.uuhuyv.com') LIMIT 1   [ RunTime:0.0002s ]
INFO: [ view_parse ] --START--
INFO: [ template_filter ] --START--
INFO: Run Behavior\ContentReplaceBehavior [ RunTime:0.000157s ]
INFO: [ template_filter ] --END-- [ RunTime:0.000201s ]
INFO: Run Behavior\ParseTemplateBehavior [ RunTime:0.012714s ]
INFO: [ view_parse ] --END-- [ RunTime:0.012765s ]
INFO: [ view_filter ] --START--
INFO: Run Behavior\WriteHtmlCacheBehavior [ RunTime:0.000370s ]
INFO: [ view_filter ] --END-- [ RunTime:0.000398s ]
SQL: SHOW COLUMNS FROM `tab_tips` [ RunTime:0.0082s ]
SQL: SELECT * FROM `tab_tips` WHERE `obj` = 1 AND `status` = 1 LIMIT 1   [ RunTime:0.0003s ]
SQL: SHOW COLUMNS FROM `tab_user` [ RunTime:0.0082s ]
SQL: SELECT `lock_status`,`real_name`,`idcard` FROM `tab_user` WHERE `id` = 8 LIMIT 1   [ RunTime:0.0003s ]
SQL: SHOW COLUMNS FROM `tab_point_type` [ RunTime:0.0088s ]
SQL: SHOW COLUMNS FROM `tab_server` [ RunTime:0.0090s ]
SQL: SHOW COLUMNS FROM `tab_server` [ RunTime:0.0083s ]
SQL: SELECT `id`,`server_name`,`game_name`,`game_id`,`start_time`,`open_notice` FROM `tab_server` WHERE `open_notice` LIKE '%8%'  [ RunTime:0.0002s ]
SQL: SHOW COLUMNS FROM `tab_msg` [ RunTime:0.0079s ]
SQL: SELECT * FROM `tab_msg` WHERE `user_id` = 8 AND `status` = 2 LIMIT 1   [ RunTime:0.0003s ]
NOTIC: [8] Undefined variable: lgjoin D:\phpStudy\PHPTutorial\WWW\UUhuyv\Application\Media\Controller\BaseController.class.php 第 95 行.
SQL: SELECT pt.*,pr.user_id,pr.day,pr.create_time as ctime,date_format(FROM_UNIXTIME(pr.create_time),"%Y-%m-%d") as ct FROM tab_point_type pt left JOIN tab_point_record as pr on pr.type_id = pt.id and pr.user_id = 8  WHERE pt.key = 'sign_in' ORDER BY ctime desc LIMIT 0,1   [ RunTime:0.0010s ]
SQL: SELECT * FROM `tab_point_type` WHERE `key` = 'bind_phone' LIMIT 1   [ RunTime:0.0004s ]
SQL: SHOW COLUMNS FROM `tab_tool` [ RunTime:0.0073s ]
SQL: SELECT `name`,`status` FROM `tab_tool` WHERE `name` IN ('qq_login','wx_login','wb_login','bd_login')  [ RunTime:0.0002s ]
SQL: SHOW COLUMNS FROM `tab_app` [ RunTime:0.0071s ]
SQL: SELECT * FROM `tab_app` WHERE `name` LIKE '%H5联运%' AND `app_version` = 1 LIMIT 1   [ RunTime:0.0003s ]
SQL: SHOW COLUMNS FROM `tab_point_shop` [ RunTime:0.0076s ]
SQL: SHOW COLUMNS FROM `tab_point_shop_record` [ RunTime:0.0096s ]
SQL: SHOW COLUMNS FROM `tab_user` [ RunTime:0.0085s ]
SQL: SHOW COLUMNS FROM `tab_point_type` [ RunTime:0.0086s ]
SQL: SELECT `id`,`good_name`,`price`,`number`,`good_info`,`status`,`create_time`,`cover`,`detail_cover`,`good_type`,`good_usage`,`short_name` FROM `tab_point_shop` WHERE `status` = 1 AND `number` > 0 ORDER BY create_time desc LIMIT 0,10   [ RunTime:0.0005s ]
NOTIC: [2] Invalid argument supplied for foreach() D:\phpStudy\PHPTutorial\WWW\UUhuyv\Application\Admin\Model\PointShopModel.class.php 第 54 行.
SQL: SELECT COUNT(*) AS tp_count FROM `tab_point_shop` WHERE `status` = 1 AND `number` > 0 LIMIT 1   [ RunTime:0.0003s ]
SQL: SHOW COLUMNS FROM `tab_point_shop_record` [ RunTime:0.0083s ]
SQL: SELECT sr.id,sr.user_id,sr.good_name,sr.good_id,sr.number,sr.pay_amount,sr.create_time,sr.good_type,sr.address,sr.user_name,sr.phone,sr.status,sr.good_key,u.nickname,u.account FROM tab_point_shop_record as sr left join tab_user u on u.id = sr.user_id  ORDER BY sr.create_time desc,sr.id desc LIMIT 0,50   [ RunTime:0.0003s ]
SQL: SELECT `shop_point` FROM `tab_user` WHERE `id` = 8 LIMIT 1   [ RunTime:0.0002s ]
NOTIC: [8] Undefined variable: lgjoin D:\phpStudy\PHPTutorial\WWW\UUhuyv\Application\Media\Controller\PointShopController.class.php 第 47 行.
SQL: SELECT pt.*,pr.user_id,pr.day,pr.create_time as ctime,date_format(FROM_UNIXTIME(pr.create_time),"%Y-%m-%d") as ct FROM tab_point_type pt left JOIN tab_point_record as pr on pr.type_id = pt.id and pr.user_id = 8  WHERE pt.key = 'sign_in' ORDER BY ctime desc LIMIT 0,10   [ RunTime:0.0008s ]
INFO: [ view_parse ] --START--
INFO: [ template_filter ] --START--
INFO: Run Behavior\ContentReplaceBehavior [ RunTime:0.000280s ]
INFO: [ template_filter ] --END-- [ RunTime:-0.134667s ]
NOTIC: [8] Use of undefined constant index - assumed 'index' D:\phpStudy\PHPTutorial\WWW\UUhuyv\Runtime\Cache\Media\53a217860b3f0d5e44ffc2b3bf2c5534.php 第 5 行.
NOTIC: [8] Use of undefined constant index - assumed 'index' D:\phpStudy\PHPTutorial\WWW\UUhuyv\Runtime\Cache\Media\53a217860b3f0d5e44ffc2b3bf2c5534.php 第 8 行.
NOTIC: [8] Use of undefined constant detail - assumed 'detail' D:\phpStudy\PHPTutorial\WWW\UUhuyv\Runtime\Cache\Media\53a217860b3f0d5e44ffc2b3bf2c5534.php 第 12 行.
NOTIC: [8] Use of undefined constant index - assumed 'index' D:\phpStudy\PHPTutorial\WWW\UUhuyv\Runtime\Cache\Media\53a217860b3f0d5e44ffc2b3bf2c5534.php 第 16 行.
NOTIC: [8] Use of undefined constant giftdetail - assumed 'giftdetail' D:\phpStudy\PHPTutorial\WWW\UUhuyv\Runtime\Cache\Media\53a217860b3f0d5e44ffc2b3bf2c5534.php 第 20 行.
NOTIC: [8] Use of undefined constant mall - assumed 'mall' D:\phpStudy\PHPTutorial\WWW\UUhuyv\Runtime\Cache\Media\53a217860b3f0d5e44ffc2b3bf2c5534.php 第 24 行.
NOTIC: [8] Use of undefined constant PointShop - assumed 'PointShop' D:\phpStudy\PHPTutorial\WWW\UUhuyv\Runtime\Cache\Media\53a217860b3f0d5e44ffc2b3bf2c5534.php 第 24 行.
NOTIC: [2] Illegal string offset 'game_name' D:\phpStudy\PHPTutorial\WWW\UUhuyv\Application\Common\Common\extend.php 第 208 行.
NOTIC: [8] Uninitialized string offset: 0 D:\phpStudy\PHPTutorial\WWW\UUhuyv\Application\Common\Common\extend.php 第 208 行.
NOTIC: [2] Illegal string offset 'title' D:\phpStudy\PHPTutorial\WWW\UUhuyv\Application\Common\Common\extend.php 第 208 行.
NOTIC: [8] Uninitialized string offset: 0 D:\phpStudy\PHPTutorial\WWW\UUhuyv\Application\Common\Common\extend.php 第 208 行.
NOTIC: [2] Illegal string offset 'giftbag_name' D:\phpStudy\PHPTutorial\WWW\UUhuyv\Application\Common\Common\extend.php 第 208 行.
NOTIC: [8] Uninitialized string offset: 0 D:\phpStudy\PHPTutorial\WWW\UUhuyv\Application\Common\Common\extend.php 第 208 行.
NOTIC: [2] Illegal string offset 'game_type_name' D:\phpStudy\PHPTutorial\WWW\UUhuyv\Application\Common\Common\extend.php 第 208 行.
NOTIC: [8] Uninitialized string offset: 0 D:\phpStudy\PHPTutorial\WWW\UUhuyv\Application\Common\Common\extend.php 第 208 行.
NOTIC: [2] Illegal string offset 'good_name' D:\phpStudy\PHPTutorial\WWW\UUhuyv\Application\Common\Common\extend.php 第 208 行.
NOTIC: [8] Uninitialized string offset: 0 D:\phpStudy\PHPTutorial\WWW\UUhuyv\Application\Common\Common\extend.php 第 208 行.
SQL: SHOW COLUMNS FROM `sys_picture` [ RunTime:0.0076s ]
SQL: SELECT * FROM `sys_picture` WHERE `status` = 1 AND `id` = 61 LIMIT 1   [ RunTime:0.0003s ]
SQL: SELECT * FROM `tab_tool` WHERE `name` = 'oss_storage' LIMIT 1   [ RunTime:0.0002s ]
SQL: SELECT * FROM `tab_tool` WHERE `name` = 'qiniu_storage' LIMIT 1   [ RunTime:0.0002s ]
SQL: SELECT * FROM `sys_picture` WHERE `status` = 1 AND `id` = 414 LIMIT 1   [ RunTime:0.0002s ]
SQL: SELECT * FROM `tab_tool` WHERE `name` = 'oss_storage' LIMIT 1   [ RunTime:0.0002s ]
SQL: SELECT * FROM `tab_tool` WHERE `name` = 'qiniu_storage' LIMIT 1   [ RunTime:0.0002s ]
NOTIC: [8] Undefined variable: newmsg D:\phpStudy\PHPTutorial\WWW\UUhuyv\Runtime\Cache\Media\53a217860b3f0d5e44ffc2b3bf2c5534.php 第 209 行.
SQL: SELECT * FROM `sys_picture` WHERE `status` = 1 AND `id` = 383 LIMIT 1   [ RunTime:0.0002s ]
SQL: SELECT * FROM `tab_tool` WHERE `name` = 'oss_storage' LIMIT 1   [ RunTime:0.0002s ]
SQL: SELECT * FROM `tab_tool` WHERE `name` = 'qiniu_storage' LIMIT 1   [ RunTime:0.0002s ]
NOTIC: [8] Undefined variable: game_id D:\phpStudy\PHPTutorial\WWW\UUhuyv\Runtime\Cache\Media\53a217860b3f0d5e44ffc2b3bf2c5534.php 第 396 行.
NOTIC: [8] Undefined variable: promote_id D:\phpStudy\PHPTutorial\WWW\UUhuyv\Runtime\Cache\Media\53a217860b3f0d5e44ffc2b3bf2c5534.php 第 397 行.
INFO: Run Behavior\ParseTemplateBehavior [ RunTime:0.026105s ]
INFO: [ view_parse ] --END-- [ RunTime:-0.122817s ]
INFO: [ view_filter ] --START--
INFO: Run Behavior\WriteHtmlCacheBehavior [ RunTime:0.000008s ]
INFO: [ view_filter ] --END-- [ RunTime:-0.148554s ]
INFO: [ app_end ] --START--
INFO: Run Behavior\ShowPageTraceBehavior [ RunTime:0.000859s ]
INFO: [ app_end ] --END-- [ RunTime:0.000916s ]

[ 2018-05-17T13:36:02+08:00 ] 127.0.0.1 /media.php/PointShop/mall.html
INFO: [ app_init ] --START--
INFO: Run Behavior\BuildLiteBehavior [ RunTime:0.000009s ]
INFO: Run Common\Behavior\InitHookBehavior [ RunTime:0.001270s ]
INFO: [ app_init ] --END-- [ RunTime:0.001352s ]
INFO: [ app_begin ] --START--
INFO: Run Behavior\ReadHtmlCacheBehavior [ RunTime:0.000394s ]
INFO: [ app_begin ] --END-- [ RunTime:0.000435s ]
SQL: SHOW COLUMNS FROM `sys_config` [ RunTime:0.0075s ]
SQL: SELECT `type`,`name`,`value` FROM `sys_config` WHERE `status` = 1  [ RunTime:0.0005s ]
SQL: SHOW COLUMNS FROM `tab_apply_union` [ RunTime:0.0084s ]
SQL: SELECT `union_id`,`union_account`,`status`,`apply_domain_type`,`domain_url`,`union_set` FROM `tab_apply_union` WHERE `domain_url` IN ('www.local.uuhuyv.com','http://www.local.uuhuyv.com','https://www.local.uuhuyv.com') LIMIT 1   [ RunTime:0.0003s ]
NOTIC: [8] Use of undefined constant PC_SET_DOMAIM - assumed 'PC_SET_DOMAIM' D:\phpStudy\PHPTutorial\WWW\UUhuyv\Application\Media\Controller\BaseController.class.php 第 31 行.
NOTIC: [8] Use of undefined constant PC_SET_DOMAIM - assumed 'PC_SET_DOMAIM' D:\phpStudy\PHPTutorial\WWW\UUhuyv\Application\Media\Controller\BaseController.class.php 第 34 行.
NOTIC: [8] Use of undefined constant PC_SET_DOMAIM - assumed 'PC_SET_DOMAIM' D:\phpStudy\PHPTutorial\WWW\UUhuyv\Application\Media\Controller\BaseController.class.php 第 41 行.
SQL: SELECT `union_id`,`union_account`,`status`,`apply_domain_type`,`domain_url`,`union_set` FROM `tab_apply_union` WHERE `domain_url` IN ('www.local.uuhuyv.com','http://www.local.uuhuyv.com','https://www.local.uuhuyv.com') LIMIT 1   [ RunTime:0.0002s ]
INFO: [ view_parse ] --START--
INFO: [ template_filter ] --START--
INFO: Run Behavior\ContentReplaceBehavior [ RunTime:0.000148s ]
INFO: [ template_filter ] --END-- [ RunTime:0.000188s ]
INFO: Run Behavior\ParseTemplateBehavior [ RunTime:0.012767s ]
INFO: [ view_parse ] --END-- [ RunTime:0.012818s ]
INFO: [ view_filter ] --START--
INFO: Run Behavior\WriteHtmlCacheBehavior [ RunTime:0.000280s ]
INFO: [ view_filter ] --END-- [ RunTime:0.000307s ]
SQL: SHOW COLUMNS FROM `tab_tips` [ RunTime:0.0077s ]
SQL: SELECT * FROM `tab_tips` WHERE `obj` = 1 AND `status` = 1 LIMIT 1   [ RunTime:0.0003s ]
SQL: SHOW COLUMNS FROM `tab_user` [ RunTime:0.0068s ]
SQL: SELECT `lock_status`,`real_name`,`idcard` FROM `tab_user` WHERE `id` = 8 LIMIT 1   [ RunTime:0.0002s ]
SQL: SHOW COLUMNS FROM `tab_point_type` [ RunTime:0.0089s ]
SQL: SHOW COLUMNS FROM `tab_server` [ RunTime:0.0081s ]
SQL: SHOW COLUMNS FROM `tab_server` [ RunTime:0.0081s ]
SQL: SELECT `id`,`server_name`,`game_name`,`game_id`,`start_time`,`open_notice` FROM `tab_server` WHERE `open_notice` LIKE '%8%'  [ RunTime:0.0002s ]
SQL: SHOW COLUMNS FROM `tab_msg` [ RunTime:0.0083s ]
SQL: SELECT * FROM `tab_msg` WHERE `user_id` = 8 AND `status` = 2 LIMIT 1   [ RunTime:0.0002s ]
NOTIC: [8] Undefined variable: lgjoin D:\phpStudy\PHPTutorial\WWW\UUhuyv\Application\Media\Controller\BaseController.class.php 第 95 行.
SQL: SELECT pt.*,pr.user_id,pr.day,pr.create_time as ctime,date_format(FROM_UNIXTIME(pr.create_time),"%Y-%m-%d") as ct FROM tab_point_type pt left JOIN tab_point_record as pr on pr.type_id = pt.id and pr.user_id = 8  WHERE pt.key = 'sign_in' ORDER BY ctime desc LIMIT 0,1   [ RunTime:0.0007s ]
SQL: SELECT * FROM `tab_point_type` WHERE `key` = 'bind_phone' LIMIT 1   [ RunTime:0.0002s ]
SQL: SHOW COLUMNS FROM `tab_tool` [ RunTime:0.0081s ]
SQL: SELECT `name`,`status` FROM `tab_tool` WHERE `name` IN ('qq_login','wx_login','wb_login','bd_login')  [ RunTime:0.0004s ]
SQL: SHOW COLUMNS FROM `tab_app` [ RunTime:0.0083s ]
SQL: SELECT * FROM `tab_app` WHERE `name` LIKE '%H5联运%' AND `app_version` = 1 LIMIT 1   [ RunTime:0.0005s ]
SQL: SHOW COLUMNS FROM `tab_point_shop` [ RunTime:0.0070s ]
SQL: SHOW COLUMNS FROM `tab_point_shop_record` [ RunTime:0.0075s ]
SQL: SHOW COLUMNS FROM `tab_user` [ RunTime:0.0074s ]
SQL: SHOW COLUMNS FROM `tab_point_type` [ RunTime:0.0078s ]
SQL: SELECT `id`,`good_name`,`price`,`number`,`good_info`,`status`,`create_time`,`cover`,`detail_cover`,`good_type`,`good_usage`,`short_name` FROM `tab_point_shop` WHERE `status` = 1 AND `number` > 0 ORDER BY create_time desc LIMIT 10,10   [ RunTime:0.0003s ]
NOTIC: [2] Invalid argument supplied for foreach() D:\phpStudy\PHPTutorial\WWW\UUhuyv\Application\Admin\Model\PointShopModel.class.php 第 54 行.
SQL: SELECT COUNT(*) AS tp_count FROM `tab_point_shop` WHERE `status` = 1 AND `number` > 0 LIMIT 1   [ RunTime:0.0002s ]
SQL: SHOW COLUMNS FROM `tab_point_shop_record` [ RunTime:0.0081s ]
SQL: SELECT sr.id,sr.user_id,sr.good_name,sr.good_id,sr.number,sr.pay_amount,sr.create_time,sr.good_type,sr.address,sr.user_name,sr.phone,sr.status,sr.good_key,u.nickname,u.account FROM tab_point_shop_record as sr left join tab_user u on u.id = sr.user_id  ORDER BY sr.create_time desc,sr.id desc LIMIT 0,50   [ RunTime:0.0003s ]
SQL: SELECT `shop_point` FROM `tab_user` WHERE `id` = 8 LIMIT 1   [ RunTime:0.0002s ]
NOTIC: [8] Undefined variable: lgjoin D:\phpStudy\PHPTutorial\WWW\UUhuyv\Application\Media\Controller\PointShopController.class.php 第 47 行.
SQL: SELECT pt.*,pr.user_id,pr.day,pr.create_time as ctime,date_format(FROM_UNIXTIME(pr.create_time),"%Y-%m-%d") as ct FROM tab_point_type pt left JOIN tab_point_record as pr on pr.type_id = pt.id and pr.user_id = 8  WHERE pt.key = 'sign_in' ORDER BY ctime desc LIMIT 0,10   [ RunTime:0.0007s ]

[ 2018-05-17T14:16:21+08:00 ] 127.0.0.1 /media.php/PointShop/mall_record.html
INFO: [ app_init ] --START--
INFO: Run Behavior\BuildLiteBehavior [ RunTime:0.000009s ]
INFO: Run Common\Behavior\InitHookBehavior [ RunTime:0.001092s ]
INFO: [ app_init ] --END-- [ RunTime:0.001156s ]
INFO: [ app_begin ] --START--
INFO: Run Behavior\ReadHtmlCacheBehavior [ RunTime:0.000314s ]
INFO: [ app_begin ] --END-- [ RunTime:0.000360s ]
SQL: SHOW COLUMNS FROM `sys_config` [ RunTime:0.0086s ]
SQL: SELECT `type`,`name`,`value` FROM `sys_config` WHERE `status` = 1  [ RunTime:0.0007s ]
SQL: SHOW COLUMNS FROM `tab_apply_union` [ RunTime:0.0077s ]
SQL: SELECT `union_id`,`union_account`,`status`,`apply_domain_type`,`domain_url`,`union_set` FROM `tab_apply_union` WHERE `domain_url` IN ('www.local.uuhuyv.com','http://www.local.uuhuyv.com','https://www.local.uuhuyv.com') LIMIT 1   [ RunTime:0.0002s ]
NOTIC: [8] Use of undefined constant PC_SET_DOMAIM - assumed 'PC_SET_DOMAIM' D:\phpStudy\PHPTutorial\WWW\UUhuyv\Application\Media\Controller\BaseController.class.php 第 31 行.
NOTIC: [8] Use of undefined constant PC_SET_DOMAIM - assumed 'PC_SET_DOMAIM' D:\phpStudy\PHPTutorial\WWW\UUhuyv\Application\Media\Controller\BaseController.class.php 第 34 行.
NOTIC: [8] Use of undefined constant PC_SET_DOMAIM - assumed 'PC_SET_DOMAIM' D:\phpStudy\PHPTutorial\WWW\UUhuyv\Application\Media\Controller\BaseController.class.php 第 41 行.
SQL: SELECT `union_id`,`union_account`,`status`,`apply_domain_type`,`domain_url`,`union_set` FROM `tab_apply_union` WHERE `domain_url` IN ('www.local.uuhuyv.com','http://www.local.uuhuyv.com','https://www.local.uuhuyv.com') LIMIT 1   [ RunTime:0.0002s ]
INFO: [ view_parse ] --START--
INFO: [ template_filter ] --START--
INFO: Run Behavior\ContentReplaceBehavior [ RunTime:0.000148s ]
INFO: [ template_filter ] --END-- [ RunTime:0.000193s ]
INFO: Run Behavior\ParseTemplateBehavior [ RunTime:0.014104s ]
INFO: [ view_parse ] --END-- [ RunTime:0.014154s ]
INFO: [ view_filter ] --START--
INFO: Run Behavior\WriteHtmlCacheBehavior [ RunTime:0.000312s ]
INFO: [ view_filter ] --END-- [ RunTime:0.000344s ]
SQL: SHOW COLUMNS FROM `tab_tips` [ RunTime:0.0380s ]
SQL: SELECT * FROM `tab_tips` WHERE `obj` = 1 AND `status` = 1 LIMIT 1   [ RunTime:0.0004s ]
SQL: SHOW COLUMNS FROM `tab_user` [ RunTime:0.0268s ]
SQL: SELECT `lock_status`,`real_name`,`idcard` FROM `tab_user` WHERE `id` = 8 LIMIT 1   [ RunTime:0.0004s ]
SQL: SHOW COLUMNS FROM `tab_point_type` [ RunTime:0.0272s ]
SQL: SHOW COLUMNS FROM `tab_server` [ RunTime:0.0340s ]
SQL: SHOW COLUMNS FROM `tab_server` [ RunTime:0.0296s ]
SQL: SELECT `id`,`server_name`,`game_name`,`game_id`,`start_time`,`open_notice` FROM `tab_server` WHERE `open_notice` LIKE '%8%'  [ RunTime:0.0002s ]
SQL: SHOW COLUMNS FROM `tab_msg` [ RunTime:0.0305s ]
SQL: SELECT * FROM `tab_msg` WHERE `user_id` = 8 AND `status` = 2 LIMIT 1   [ RunTime:0.0003s ]
NOTIC: [8] Undefined variable: lgjoin D:\phpStudy\PHPTutorial\WWW\UUhuyv\Application\Media\Controller\BaseController.class.php 第 95 行.
SQL: SELECT pt.*,pr.user_id,pr.day,pr.create_time as ctime,date_format(FROM_UNIXTIME(pr.create_time),"%Y-%m-%d") as ct FROM tab_point_type pt left JOIN tab_point_record as pr on pr.type_id = pt.id and pr.user_id = 8  WHERE pt.key = 'sign_in' ORDER BY ctime desc LIMIT 0,1   [ RunTime:0.0011s ]
SQL: SELECT * FROM `tab_point_type` WHERE `key` = 'bind_phone' LIMIT 1   [ RunTime:0.0003s ]
SQL: SHOW COLUMNS FROM `tab_tool` [ RunTime:0.0295s ]
SQL: SELECT `name`,`status` FROM `tab_tool` WHERE `name` IN ('qq_login','wx_login','wb_login','bd_login')  [ RunTime:0.0005s ]
SQL: SHOW COLUMNS FROM `tab_app` [ RunTime:0.0423s ]
SQL: SELECT * FROM `tab_app` WHERE `name` LIKE '%H5联运%' AND `app_version` = 1 LIMIT 1   [ RunTime:0.0006s ]
SQL: SHOW COLUMNS FROM `tab_point_record` [ RunTime:0.0401s ]
SQL: SHOW COLUMNS FROM `tab_point_record` [ RunTime:0.0358s ]
SQL: SELECT pr.*,date_format(FROM_UNIXTIME(pr.create_time),'%Y-%m-%d') as ct,u.account,pt.name,pt.key FROM tab_point_record as pr INNER JOIN tab_user u on u.id=pr.user_id INNER JOIN tab_point_type pt on pr.type_id = pt.id  WHERE `user_id` = '8' ORDER BY pr.create_time desc,pr.id desc LIMIT 0,1000   [ RunTime:0.0012s ]
SQL: SHOW COLUMNS FROM `tab_point_shop_record` [ RunTime:0.1483s ]
SQL: SHOW COLUMNS FROM `tab_point_shop_record` [ RunTime:0.0454s ]
SQL: SELECT sr.user_id,sr.good_name,sr.good_id,sr.number,sr.pay_amount,sr.create_time,sr.good_type,sr.good_key,sr.address,sr.user_name as real_name,sr.phone,u.nickname,p.cover,p.detail_cover FROM tab_point_shop_record as sr left join tab_user u on u.id = sr.user_id left join tab_point_shop p on p.id = sr.good_id  WHERE `user_id` = '8' ORDER BY sr.create_time desc,sr.id desc LIMIT 0,1000   [ RunTime:0.0003s ]
NOTIC: [2] Invalid argument supplied for foreach() D:\phpStudy\PHPTutorial\WWW\UUhuyv\Application\Admin\Model\PointRecordModel.class.php 第 57 行.
INFO: [ view_parse ] --START--
INFO: [ template_filter ] --START--
INFO: Run Behavior\ContentReplaceBehavior [ RunTime:0.000285s ]
INFO: [ template_filter ] --END-- [ RunTime:-0.646398s ]
NOTIC: [8] Use of undefined constant index - assumed 'index' D:\phpStudy\PHPTutorial\WWW\UUhuyv\Runtime\Cache\Media\c94b077741260770e106094241e2fc77.php 第 5 行.
NOTIC: [8] Use of undefined constant index - assumed 'index' D:\phpStudy\PHPTutorial\WWW\UUhuyv\Runtime\Cache\Media\c94b077741260770e106094241e2fc77.php 第 8 行.
NOTIC: [8] Use of undefined constant detail - assumed 'detail' D:\phpStudy\PHPTutorial\WWW\UUhuyv\Runtime\Cache\Media\c94b077741260770e106094241e2fc77.php 第 12 行.
NOTIC: [8] Use of undefined constant index - assumed 'index' D:\phpStudy\PHPTutorial\WWW\UUhuyv\Runtime\Cache\Media\c94b077741260770e106094241e2fc77.php 第 16 行.
NOTIC: [8] Use of undefined constant giftdetail - assumed 'giftdetail' D:\phpStudy\PHPTutorial\WWW\UUhuyv\Runtime\Cache\Media\c94b077741260770e106094241e2fc77.php 第 20 行.
NOTIC: [8] Use of undefined constant mall - assumed 'mall' D:\phpStudy\PHPTutorial\WWW\UUhuyv\Runtime\Cache\Media\c94b077741260770e106094241e2fc77.php 第 24 行.
NOTIC: [8] Use of undefined constant mall_detail - assumed 'mall_detail' D:\phpStudy\PHPTutorial\WWW\UUhuyv\Runtime\Cache\Media\c94b077741260770e106094241e2fc77.php 第 28 行.
NOTIC: [8] Use of undefined constant detail - assumed 'detail' D:\phpStudy\PHPTutorial\WWW\UUhuyv\Runtime\Cache\Media\c94b077741260770e106094241e2fc77.php 第 32 行.
NOTIC: [8] Use of undefined constant user_recharge - assumed 'user_recharge' D:\phpStudy\PHPTutorial\WWW\UUhuyv\Runtime\Cache\Media\c94b077741260770e106094241e2fc77.php 第 36 行.
NOTIC: [8] Use of undefined constant Service - assumed 'Service' D:\phpStudy\PHPTutorial\WWW\UUhuyv\Runtime\Cache\Media\c94b077741260770e106094241e2fc77.php 第 40 行.
NOTIC: [2] Illegal string offset 'game_name' D:\phpStudy\PHPTutorial\WWW\UUhuyv\Application\Common\Common\extend.php 第 208 行.
NOTIC: [8] Uninitialized string offset: 0 D:\phpStudy\PHPTutorial\WWW\UUhuyv\Application\Common\Common\extend.php 第 208 行.
NOTIC: [2] Illegal string offset 'title' D:\phpStudy\PHPTutorial\WWW\UUhuyv\Application\Common\Common\extend.php 第 208 行.
NOTIC: [8] Uninitialized string offset: 0 D:\phpStudy\PHPTutorial\WWW\UUhuyv\Application\Common\Common\extend.php 第 208 行.
NOTIC: [2] Illegal string offset 'giftbag_name' D:\phpStudy\PHPTutorial\WWW\UUhuyv\Application\Common\Common\extend.php 第 208 行.
NOTIC: [8] Uninitialized string offset: 0 D:\phpStudy\PHPTutorial\WWW\UUhuyv\Application\Common\Common\extend.php 第 208 行.
NOTIC: [2] Illegal string offset 'game_type_name' D:\phpStudy\PHPTutorial\WWW\UUhuyv\Application\Common\Common\extend.php 第 208 行.
NOTIC: [8] Uninitialized string offset: 0 D:\phpStudy\PHPTutorial\WWW\UUhuyv\Application\Common\Common\extend.php 第 208 行.
NOTIC: [2] Illegal string offset 'good_name' D:\phpStudy\PHPTutorial\WWW\UUhuyv\Application\Common\Common\extend.php 第 208 行.
NOTIC: [8] Uninitialized string offset: 0 D:\phpStudy\PHPTutorial\WWW\UUhuyv\Application\Common\Common\extend.php 第 208 行.
SQL: SHOW COLUMNS FROM `sys_picture` [ RunTime:0.0215s ]
SQL: SELECT * FROM `sys_picture` WHERE `status` = 1 AND `id` = 61 LIMIT 1   [ RunTime:0.0004s ]
SQL: SELECT * FROM `tab_tool` WHERE `name` = 'oss_storage' LIMIT 1   [ RunTime:0.0004s ]
SQL: SELECT * FROM `tab_tool` WHERE `name` = 'qiniu_storage' LIMIT 1   [ RunTime:0.0003s ]
SQL: SELECT * FROM `sys_picture` WHERE `status` = 1 AND `id` = 414 LIMIT 1   [ RunTime:0.0003s ]
SQL: SELECT * FROM `tab_tool` WHERE `name` = 'oss_storage' LIMIT 1   [ RunTime:0.0003s ]
SQL: SELECT * FROM `tab_tool` WHERE `name` = 'qiniu_storage' LIMIT 1   [ RunTime:0.0003s ]
SQL: SELECT * FROM `sys_picture` WHERE `status` = 1 AND `id` = 383 LIMIT 1   [ RunTime:0.0003s ]
SQL: SELECT * FROM `tab_tool` WHERE `name` = 'oss_storage' LIMIT 1   [ RunTime:0.0003s ]
SQL: SELECT * FROM `tab_tool` WHERE `name` = 'qiniu_storage' LIMIT 1   [ RunTime:0.0003s ]
NOTIC: [8] Undefined variable: game_id D:\phpStudy\PHPTutorial\WWW\UUhuyv\Runtime\Cache\Media\c94b077741260770e106094241e2fc77.php 第 328 行.
NOTIC: [8] Undefined variable: promote_id D:\phpStudy\PHPTutorial\WWW\UUhuyv\Runtime\Cache\Media\c94b077741260770e106094241e2fc77.php 第 329 行.
INFO: Run Behavior\ParseTemplateBehavior [ RunTime:0.135276s ]
INFO: [ view_parse ] --END-- [ RunTime:-0.542704s ]
INFO: [ view_filter ] --START--
INFO: Run Behavior\WriteHtmlCacheBehavior [ RunTime:0.000008s ]
INFO: [ view_filter ] --END-- [ RunTime:-0.677667s ]
INFO: [ app_end ] --START--
INFO: Run Behavior\ShowPageTraceBehavior [ RunTime:0.000764s ]
INFO: [ app_end ] --END-- [ RunTime:0.000814s ]

[ 2018-05-17T14:24:40+08:00 ] 127.0.0.1 /media.php/PointShop/www.douyu.com
INFO: [ app_init ] --START--
INFO: Run Behavior\BuildLiteBehavior [ RunTime:0.000009s ]
INFO: Run Common\Behavior\InitHookBehavior [ RunTime:0.001082s ]
INFO: [ app_init ] --END-- [ RunTime:0.001151s ]
INFO: [ app_begin ] --START--
INFO: Run Behavior\ReadHtmlCacheBehavior [ RunTime:0.000321s ]
INFO: [ app_begin ] --END-- [ RunTime:0.000378s ]
SQL: SHOW COLUMNS FROM `sys_config` [ RunTime:0.0089s ]
SQL: SELECT `type`,`name`,`value` FROM `sys_config` WHERE `status` = 1  [ RunTime:0.0006s ]
SQL: SHOW COLUMNS FROM `tab_apply_union` [ RunTime:0.0069s ]
SQL: SELECT `union_id`,`union_account`,`status`,`apply_domain_type`,`domain_url`,`union_set` FROM `tab_apply_union` WHERE `domain_url` IN ('www.local.uuhuyv.com','http://www.local.uuhuyv.com','https://www.local.uuhuyv.com') LIMIT 1   [ RunTime:0.0003s ]
NOTIC: [8] Use of undefined constant PC_SET_DOMAIM - assumed 'PC_SET_DOMAIM' D:\phpStudy\PHPTutorial\WWW\UUhuyv\Application\Media\Controller\BaseController.class.php 第 31 行.
NOTIC: [8] Use of undefined constant PC_SET_DOMAIM - assumed 'PC_SET_DOMAIM' D:\phpStudy\PHPTutorial\WWW\UUhuyv\Application\Media\Controller\BaseController.class.php 第 34 行.
NOTIC: [8] Use of undefined constant PC_SET_DOMAIM - assumed 'PC_SET_DOMAIM' D:\phpStudy\PHPTutorial\WWW\UUhuyv\Application\Media\Controller\BaseController.class.php 第 41 行.
SQL: SELECT `union_id`,`union_account`,`status`,`apply_domain_type`,`domain_url`,`union_set` FROM `tab_apply_union` WHERE `domain_url` IN ('www.local.uuhuyv.com','http://www.local.uuhuyv.com','https://www.local.uuhuyv.com') LIMIT 1   [ RunTime:0.0002s ]
INFO: [ view_parse ] --START--
INFO: [ template_filter ] --START--
INFO: Run Behavior\ContentReplaceBehavior [ RunTime:0.000157s ]
INFO: [ template_filter ] --END-- [ RunTime:0.000208s ]
INFO: Run Behavior\ParseTemplateBehavior [ RunTime:0.014790s ]
INFO: [ view_parse ] --END-- [ RunTime:0.014853s ]
INFO: [ view_filter ] --START--
INFO: Run Behavior\WriteHtmlCacheBehavior [ RunTime:0.000274s ]
INFO: [ view_filter ] --END-- [ RunTime:0.000304s ]
SQL: SHOW COLUMNS FROM `tab_tips` [ RunTime:0.0082s ]
SQL: SELECT * FROM `tab_tips` WHERE `obj` = 1 AND `status` = 1 LIMIT 1   [ RunTime:0.0003s ]
SQL: SHOW COLUMNS FROM `tab_user` [ RunTime:0.0065s ]
SQL: SELECT `lock_status`,`real_name`,`idcard` FROM `tab_user` WHERE `id` = 9 LIMIT 1   [ RunTime:0.0002s ]
SQL: SHOW COLUMNS FROM `tab_point_type` [ RunTime:0.0104s ]
SQL: SHOW COLUMNS FROM `tab_server` [ RunTime:0.0079s ]
SQL: SHOW COLUMNS FROM `tab_server` [ RunTime:0.0075s ]
SQL: SELECT `id`,`server_name`,`game_name`,`game_id`,`start_time`,`open_notice` FROM `tab_server` WHERE `open_notice` LIKE '%9%'  [ RunTime:0.0002s ]
SQL: SHOW COLUMNS FROM `tab_msg` [ RunTime:0.0096s ]
SQL: SELECT * FROM `tab_msg` WHERE `user_id` = 9 AND `status` = 2 LIMIT 1   [ RunTime:0.0002s ]
NOTIC: [8] Undefined variable: lgjoin D:\phpStudy\PHPTutorial\WWW\UUhuyv\Application\Media\Controller\BaseController.class.php 第 95 行.
SQL: SELECT pt.*,pr.user_id,pr.day,pr.create_time as ctime,date_format(FROM_UNIXTIME(pr.create_time),"%Y-%m-%d") as ct FROM tab_point_type pt left JOIN tab_point_record as pr on pr.type_id = pt.id and pr.user_id = 9  WHERE pt.key = 'sign_in' ORDER BY ctime desc LIMIT 0,1   [ RunTime:0.0007s ]
SQL: SELECT * FROM `tab_point_type` WHERE `key` = 'bind_phone' LIMIT 1   [ RunTime:0.0002s ]
SQL: SHOW COLUMNS FROM `tab_tool` [ RunTime:0.0062s ]
SQL: SELECT `name`,`status` FROM `tab_tool` WHERE `name` IN ('qq_login','wx_login','wb_login','bd_login')  [ RunTime:0.0002s ]
SQL: SHOW COLUMNS FROM `tab_app` [ RunTime:0.0074s ]
SQL: SELECT * FROM `tab_app` WHERE `name` LIKE '%H5联运%' AND `app_version` = 1 LIMIT 1   [ RunTime:0.0004s ]
ERR: 非法操作:www.douyu.com

[ 2018-05-17T14:26:42+08:00 ] 127.0.0.1 /media.php/PointShop/mall_rule.html
INFO: [ app_init ] --START--
INFO: Run Behavior\BuildLiteBehavior [ RunTime:0.000012s ]
INFO: Run Common\Behavior\InitHookBehavior [ RunTime:0.001254s ]
INFO: [ app_init ] --END-- [ RunTime:0.001346s ]
INFO: [ app_begin ] --START--
INFO: Run Behavior\ReadHtmlCacheBehavior [ RunTime:0.000327s ]
INFO: [ app_begin ] --END-- [ RunTime:0.000378s ]
SQL: SHOW COLUMNS FROM `sys_config` [ RunTime:0.0266s ]
SQL: SELECT `type`,`name`,`value` FROM `sys_config` WHERE `status` = 1  [ RunTime:0.0006s ]
SQL: SHOW COLUMNS FROM `tab_apply_union` [ RunTime:0.0254s ]
SQL: SELECT `union_id`,`union_account`,`status`,`apply_domain_type`,`domain_url`,`union_set` FROM `tab_apply_union` WHERE `domain_url` IN ('www.local.uuhuyv.com','http://www.local.uuhuyv.com','https://www.local.uuhuyv.com') LIMIT 1   [ RunTime:0.0007s ]
NOTIC: [8] Use of undefined constant PC_SET_DOMAIM - assumed 'PC_SET_DOMAIM' D:\phpStudy\PHPTutorial\WWW\UUhuyv\Application\Media\Controller\BaseController.class.php 第 31 行.
NOTIC: [8] Use of undefined constant PC_SET_DOMAIM - assumed 'PC_SET_DOMAIM' D:\phpStudy\PHPTutorial\WWW\UUhuyv\Application\Media\Controller\BaseController.class.php 第 34 行.
NOTIC: [8] Use of undefined constant PC_SET_DOMAIM - assumed 'PC_SET_DOMAIM' D:\phpStudy\PHPTutorial\WWW\UUhuyv\Application\Media\Controller\BaseController.class.php 第 41 行.
SQL: SELECT `union_id`,`union_account`,`status`,`apply_domain_type`,`domain_url`,`union_set` FROM `tab_apply_union` WHERE `domain_url` IN ('www.local.uuhuyv.com','http://www.local.uuhuyv.com','https://www.local.uuhuyv.com') LIMIT 1   [ RunTime:0.0004s ]
INFO: [ view_parse ] --START--
INFO: [ template_filter ] --START--
INFO: Run Behavior\ContentReplaceBehavior [ RunTime:0.000161s ]
INFO: [ template_filter ] --END-- [ RunTime:0.000214s ]
INFO: Run Behavior\ParseTemplateBehavior [ RunTime:0.015653s ]
INFO: [ view_parse ] --END-- [ RunTime:0.015773s ]
INFO: [ view_filter ] --START--
INFO: Run Behavior\WriteHtmlCacheBehavior [ RunTime:0.000305s ]
INFO: [ view_filter ] --END-- [ RunTime:0.000336s ]
SQL: SHOW COLUMNS FROM `tab_tips` [ RunTime:0.0194s ]
SQL: SELECT * FROM `tab_tips` WHERE `obj` = 1 AND `status` = 1 LIMIT 1   [ RunTime:0.0004s ]
SQL: SHOW COLUMNS FROM `tab_user` [ RunTime:0.0202s ]
SQL: SELECT `lock_status`,`real_name`,`idcard` FROM `tab_user` WHERE `id` = 9 LIMIT 1   [ RunTime:0.0004s ]
SQL: SHOW COLUMNS FROM `tab_point_type` [ RunTime:0.0278s ]
SQL: SHOW COLUMNS FROM `tab_server` [ RunTime:0.0289s ]
SQL: SHOW COLUMNS FROM `tab_server` [ RunTime:0.0241s ]
SQL: SELECT `id`,`server_name`,`game_name`,`game_id`,`start_time`,`open_notice` FROM `tab_server` WHERE `open_notice` LIKE '%9%'  [ RunTime:0.0003s ]
SQL: SHOW COLUMNS FROM `tab_msg` [ RunTime:0.0056s ]
SQL: SELECT * FROM `tab_msg` WHERE `user_id` = 9 AND `status` = 2 LIMIT 1   [ RunTime:0.0004s ]
NOTIC: [8] Undefined variable: lgjoin D:\phpStudy\PHPTutorial\WWW\UUhuyv\Application\Media\Controller\BaseController.class.php 第 95 行.
SQL: SELECT pt.*,pr.user_id,pr.day,pr.create_time as ctime,date_format(FROM_UNIXTIME(pr.create_time),"%Y-%m-%d") as ct FROM tab_point_type pt left JOIN tab_point_record as pr on pr.type_id = pt.id and pr.user_id = 9  WHERE pt.key = 'sign_in' ORDER BY ctime desc LIMIT 0,1   [ RunTime:0.0018s ]
SQL: SELECT * FROM `tab_point_type` WHERE `key` = 'bind_phone' LIMIT 1   [ RunTime:0.0003s ]
SQL: SHOW COLUMNS FROM `tab_tool` [ RunTime:0.0216s ]
SQL: SELECT `name`,`status` FROM `tab_tool` WHERE `name` IN ('qq_login','wx_login','wb_login','bd_login')  [ RunTime:0.0003s ]
SQL: SHOW COLUMNS FROM `tab_app` [ RunTime:0.0278s ]
SQL: SELECT * FROM `tab_app` WHERE `name` LIKE '%H5联运%' AND `app_version` = 1 LIMIT 1   [ RunTime:0.0004s ]
SQL: SHOW COLUMNS FROM `tab_point_rule` [ RunTime:0.0173s ]
SQL: SELECT * FROM `tab_point_rule` WHERE `status` = 1 ORDER BY sort desc  [ RunTime:0.0004s ]
INFO: [ view_parse ] --START--
INFO: [ template_filter ] --START--
INFO: Run Behavior\ContentReplaceBehavior [ RunTime:0.000185s ]
INFO: [ template_filter ] --END-- [ RunTime:-0.246108s ]
NOTIC: [8] Use of undefined constant index - assumed 'index' D:\phpStudy\PHPTutorial\WWW\UUhuyv\Runtime\Cache\Media\b07a434ceb142f435f84bcde4f35618b.php 第 5 行.
NOTIC: [8] Use of undefined constant index - assumed 'index' D:\phpStudy\PHPTutorial\WWW\UUhuyv\Runtime\Cache\Media\b07a434ceb142f435f84bcde4f35618b.php 第 8 行.
NOTIC: [8] Use of undefined constant detail - assumed 'detail' D:\phpStudy\PHPTutorial\WWW\UUhuyv\Runtime\Cache\Media\b07a434ceb142f435f84bcde4f35618b.php 第 12 行.
NOTIC: [8] Use of undefined constant index - assumed 'index' D:\phpStudy\PHPTutorial\WWW\UUhuyv\Runtime\Cache\Media\b07a434ceb142f435f84bcde4f35618b.php 第 16 行.
NOTIC: [8] Use of undefined constant giftdetail - assumed 'giftdetail' D:\phpStudy\PHPTutorial\WWW\UUhuyv\Runtime\Cache\Media\b07a434ceb142f435f84bcde4f35618b.php 第 20 行.
NOTIC: [8] Use of undefined constant mall - assumed 'mall' D:\phpStudy\PHPTutorial\WWW\UUhuyv\Runtime\Cache\Media\b07a434ceb142f435f84bcde4f35618b.php 第 24 行.
NOTIC: [8] Use of undefined constant mall_detail - assumed 'mall_detail' D:\phpStudy\PHPTutorial\WWW\UUhuyv\Runtime\Cache\Media\b07a434ceb142f435f84bcde4f35618b.php 第 28 行.
NOTIC: [8] Use of undefined constant detail - assumed 'detail' D:\phpStudy\PHPTutorial\WWW\UUhuyv\Runtime\Cache\Media\b07a434ceb142f435f84bcde4f35618b.php 第 32 行.
NOTIC: [8] Use of undefined constant user_recharge - assumed 'user_recharge' D:\phpStudy\PHPTutorial\WWW\UUhuyv\Runtime\Cache\Media\b07a434ceb142f435f84bcde4f35618b.php 第 36 行.
NOTIC: [8] Use of undefined constant Service - assumed 'Service' D:\phpStudy\PHPTutorial\WWW\UUhuyv\Runtime\Cache\Media\b07a434ceb142f435f84bcde4f35618b.php 第 40 行.
NOTIC: [2] Illegal string offset 'game_name' D:\phpStudy\PHPTutorial\WWW\UUhuyv\Application\Common\Common\extend.php 第 208 行.
NOTIC: [8] Uninitialized string offset: 0 D:\phpStudy\PHPTutorial\WWW\UUhuyv\Application\Common\Common\extend.php 第 208 行.
NOTIC: [2] Illegal string offset 'title' D:\phpStudy\PHPTutorial\WWW\UUhuyv\Application\Common\Common\extend.php 第 208 行.
NOTIC: [8] Uninitialized string offset: 0 D:\phpStudy\PHPTutorial\WWW\UUhuyv\Application\Common\Common\extend.php 第 208 行.
NOTIC: [2] Illegal string offset 'giftbag_name' D:\phpStudy\PHPTutorial\WWW\UUhuyv\Application\Common\Common\extend.php 第 208 行.
NOTIC: [8] Uninitialized string offset: 0 D:\phpStudy\PHPTutorial\WWW\UUhuyv\Application\Common\Common\extend.php 第 208 行.
NOTIC: [2] Illegal string offset 'game_type_name' D:\phpStudy\PHPTutorial\WWW\UUhuyv\Application\Common\Common\extend.php 第 208 行.
NOTIC: [8] Uninitialized string offset: 0 D:\phpStudy\PHPTutorial\WWW\UUhuyv\Application\Common\Common\extend.php 第 208 行.
NOTIC: [2] Illegal string offset 'good_name' D:\phpStudy\PHPTutorial\WWW\UUhuyv\Application\Common\Common\extend.php 第 208 行.
NOTIC: [8] Uninitialized string offset: 0 D:\phpStudy\PHPTutorial\WWW\UUhuyv\Application\Common\Common\extend.php 第 208 行.
SQL: SHOW COLUMNS FROM `sys_picture` [ RunTime:0.0084s ]
SQL: SELECT * FROM `sys_picture` WHERE `status` = 1 AND `id` = 61 LIMIT 1   [ RunTime:0.0003s ]
SQL: SELECT * FROM `tab_tool` WHERE `name` = 'oss_storage' LIMIT 1   [ RunTime:0.0003s ]
SQL: SELECT * FROM `tab_tool` WHERE `name` = 'qiniu_storage' LIMIT 1   [ RunTime:0.0002s ]
SQL: SELECT * FROM `sys_picture` WHERE `status` = 1 AND `id` = 414 LIMIT 1   [ RunTime:0.0004s ]
SQL: SELECT * FROM `tab_tool` WHERE `name` = 'oss_storage' LIMIT 1   [ RunTime:0.0003s ]
SQL: SELECT * FROM `tab_tool` WHERE `name` = 'qiniu_storage' LIMIT 1   [ RunTime:0.0003s ]
NOTIC: [8] Undefined variable: union_set D:\phpStudy\PHPTutorial\WWW\UUhuyv\Runtime\Cache\Media\b07a434ceb142f435f84bcde4f35618b.php 第 88 行.
NOTIC: [8] Use of undefined constant PC_SET_SERVER_QQ - assumed 'PC_SET_SERVER_QQ' D:\phpStudy\PHPTutorial\WWW\UUhuyv\Runtime\Cache\Media\b07a434ceb142f435f84bcde4f35618b.php 第 88 行.
SQL: SELECT * FROM `sys_picture` WHERE `status` = 1 AND `id` = 383 LIMIT 1   [ RunTime:0.0002s ]
SQL: SELECT * FROM `tab_tool` WHERE `name` = 'oss_storage' LIMIT 1   [ RunTime:0.0002s ]
SQL: SELECT * FROM `tab_tool` WHERE `name` = 'qiniu_storage' LIMIT 1   [ RunTime:0.0002s ]
NOTIC: [8] Undefined variable: game_id D:\phpStudy\PHPTutorial\WWW\UUhuyv\Runtime\Cache\Media\b07a434ceb142f435f84bcde4f35618b.php 第 208 行.
NOTIC: [8] Undefined variable: promote_id D:\phpStudy\PHPTutorial\WWW\UUhuyv\Runtime\Cache\Media\b07a434ceb142f435f84bcde4f35618b.php 第 209 行.
INFO: Run Behavior\ParseTemplateBehavior [ RunTime:0.055452s ]
INFO: [ view_parse ] --END-- [ RunTime:-0.204848s ]
INFO: [ view_filter ] --START--
INFO: Run Behavior\WriteHtmlCacheBehavior [ RunTime:0.000009s ]
INFO: [ view_filter ] --END-- [ RunTime:-0.259996s ]
INFO: [ app_end ] --START--
INFO: Run Behavior\ShowPageTraceBehavior [ RunTime:0.000907s ]
INFO: [ app_end ] --END-- [ RunTime:0.000968s ]

[ 2018-05-17T16:26:04+08:00 ] 127.0.0.1 /media.php/PointShop/mall/type/1.html
INFO: [ app_init ] --START--
INFO: Run Behavior\BuildLiteBehavior [ RunTime:0.000021s ]
INFO: Run Common\Behavior\InitHookBehavior [ RunTime:0.001571s ]
INFO: [ app_init ] --END-- [ RunTime:0.001695s ]
INFO: [ app_begin ] --START--
INFO: Run Behavior\ReadHtmlCacheBehavior [ RunTime:0.000451s ]
INFO: [ app_begin ] --END-- [ RunTime:0.000504s ]
SQL: SHOW COLUMNS FROM `sys_config` [ RunTime:0.0097s ]
SQL: SELECT `type`,`name`,`value` FROM `sys_config` WHERE `status` = 1  [ RunTime:0.0067s ]
SQL: SHOW COLUMNS FROM `tab_apply_union` [ RunTime:0.0090s ]
SQL: SELECT `union_id`,`union_account`,`status`,`apply_domain_type`,`domain_url`,`union_set` FROM `tab_apply_union` WHERE `domain_url` IN ('www.local.uuhuyv.com','http://www.local.uuhuyv.com','https://www.local.uuhuyv.com') LIMIT 1   [ RunTime:0.0003s ]
NOTIC: [8] Use of undefined constant PC_SET_DOMAIM - assumed 'PC_SET_DOMAIM' D:\phpStudy\PHPTutorial\WWW\UUhuyv\Application\Media\Controller\BaseController.class.php 第 31 行.
NOTIC: [8] Use of undefined constant PC_SET_DOMAIM - assumed 'PC_SET_DOMAIM' D:\phpStudy\PHPTutorial\WWW\UUhuyv\Application\Media\Controller\BaseController.class.php 第 34 行.
NOTIC: [8] Use of undefined constant PC_SET_DOMAIM - assumed 'PC_SET_DOMAIM' D:\phpStudy\PHPTutorial\WWW\UUhuyv\Application\Media\Controller\BaseController.class.php 第 41 行.
SQL: SELECT `union_id`,`union_account`,`status`,`apply_domain_type`,`domain_url`,`union_set` FROM `tab_apply_union` WHERE `domain_url` IN ('www.local.uuhuyv.com','http://www.local.uuhuyv.com','https://www.local.uuhuyv.com') LIMIT 1   [ RunTime:0.0003s ]
INFO: [ view_parse ] --START--
INFO: [ template_filter ] --START--
INFO: Run Behavior\ContentReplaceBehavior [ RunTime:0.000158s ]
INFO: [ template_filter ] --END-- [ RunTime:0.000206s ]
INFO: Run Behavior\ParseTemplateBehavior [ RunTime:0.018269s ]
INFO: [ view_parse ] --END-- [ RunTime:0.018312s ]
INFO: [ view_filter ] --START--
INFO: Run Behavior\WriteHtmlCacheBehavior [ RunTime:0.000336s ]
INFO: [ view_filter ] --END-- [ RunTime:0.000396s ]
SQL: SHOW COLUMNS FROM `tab_tips` [ RunTime:0.0123s ]
SQL: SELECT * FROM `tab_tips` WHERE `obj` = 1 AND `status` = 1 LIMIT 1   [ RunTime:0.0004s ]
SQL: SHOW COLUMNS FROM `tab_user` [ RunTime:0.0086s ]
SQL: SELECT `lock_status`,`real_name`,`idcard` FROM `tab_user` WHERE `id` = 9 LIMIT 1   [ RunTime:0.0007s ]
SQL: SHOW COLUMNS FROM `tab_point_type` [ RunTime:0.0279s ]
SQL: SHOW COLUMNS FROM `tab_server` [ RunTime:0.1027s ]
SQL: SHOW COLUMNS FROM `tab_server` [ RunTime:0.0357s ]
SQL: SELECT `id`,`server_name`,`game_name`,`game_id`,`start_time`,`open_notice` FROM `tab_server` WHERE `open_notice` LIKE '%9%'  [ RunTime:0.0005s ]
SQL: SHOW COLUMNS FROM `tab_msg` [ RunTime:0.0387s ]
SQL: SELECT * FROM `tab_msg` WHERE `user_id` = 9 AND `status` = 2 LIMIT 1   [ RunTime:0.0006s ]
NOTIC: [8] Undefined variable: lgjoin D:\phpStudy\PHPTutorial\WWW\UUhuyv\Application\Media\Controller\BaseController.class.php 第 95 行.
SQL: SELECT pt.*,pr.user_id,pr.day,pr.create_time as ctime,date_format(FROM_UNIXTIME(pr.create_time),"%Y-%m-%d") as ct FROM tab_point_type pt left JOIN tab_point_record as pr on pr.type_id = pt.id and pr.user_id = 9  WHERE pt.key = 'sign_in' ORDER BY ctime desc LIMIT 0,1   [ RunTime:0.0021s ]
SQL: SELECT * FROM `tab_point_type` WHERE `key` = 'bind_phone' LIMIT 1   [ RunTime:0.0007s ]
SQL: SHOW COLUMNS FROM `tab_tool` [ RunTime:0.0359s ]
SQL: SELECT `name`,`status` FROM `tab_tool` WHERE `name` IN ('qq_login','wx_login','wb_login','bd_login')  [ RunTime:0.0006s ]
SQL: SHOW COLUMNS FROM `tab_app` [ RunTime:0.0378s ]
SQL: SELECT * FROM `tab_app` WHERE `name` LIKE '%H5联运%' AND `app_version` = 1 LIMIT 1   [ RunTime:0.0005s ]
SQL: SHOW COLUMNS FROM `tab_point_shop` [ RunTime:0.0272s ]
SQL: SHOW COLUMNS FROM `tab_point_shop_record` [ RunTime:0.0294s ]
SQL: SHOW COLUMNS FROM `tab_user` [ RunTime:0.0247s ]
SQL: SHOW COLUMNS FROM `tab_point_type` [ RunTime:0.0107s ]
SQL: SELECT `id`,`good_name`,`price`,`number`,`good_info`,`status`,`create_time`,`cover`,`detail_cover`,`good_type`,`good_usage`,`short_name` FROM `tab_point_shop` WHERE `good_type` = 1 AND `status` = 1 AND `number` > 0 ORDER BY create_time desc LIMIT 0,10   [ RunTime:0.0004s ]
SQL: SELECT * FROM `tab_tool` WHERE `name` = 'oss_storage' LIMIT 1   [ RunTime:0.0003s ]
SQL: SELECT COUNT(*) AS tp_count FROM `tab_point_shop` WHERE `good_type` = 1 AND `status` = 1 AND `number` > 0 LIMIT 1   [ RunTime:0.0003s ]
SQL: SHOW COLUMNS FROM `tab_point_shop_record` [ RunTime:0.0104s ]
SQL: SELECT sr.id,sr.user_id,sr.good_name,sr.good_id,sr.number,sr.pay_amount,sr.create_time,sr.good_type,sr.address,sr.user_name,sr.phone,sr.status,sr.good_key,u.nickname,u.account FROM tab_point_shop_record as sr left join tab_user u on u.id = sr.user_id  ORDER BY sr.create_time desc,sr.id desc LIMIT 0,50   [ RunTime:0.0005s ]
SQL: SELECT `shop_point` FROM `tab_user` WHERE `id` = 9 LIMIT 1   [ RunTime:0.0004s ]
NOTIC: [8] Undefined variable: lgjoin D:\phpStudy\PHPTutorial\WWW\UUhuyv\Application\Media\Controller\PointShopController.class.php 第 47 行.
SQL: SELECT pt.*,pr.user_id,pr.day,pr.create_time as ctime,date_format(FROM_UNIXTIME(pr.create_time),"%Y-%m-%d") as ct FROM tab_point_type pt left JOIN tab_point_record as pr on pr.type_id = pt.id and pr.user_id = 9  WHERE pt.key = 'sign_in' ORDER BY ctime desc LIMIT 0,10   [ RunTime:0.0010s ]
INFO: [ view_parse ] --START--
INFO: [ template_filter ] --START--
INFO: Run Behavior\ContentReplaceBehavior [ RunTime:0.000223s ]
INFO: [ template_filter ] --END-- [ RunTime:-0.439934s ]
NOTIC: [8] Use of undefined constant index - assumed 'index' D:\phpStudy\PHPTutorial\WWW\UUhuyv\Runtime\Cache\Media\53a217860b3f0d5e44ffc2b3bf2c5534.php 第 5 行.
NOTIC: [8] Use of undefined constant index - assumed 'index' D:\phpStudy\PHPTutorial\WWW\UUhuyv\Runtime\Cache\Media\53a217860b3f0d5e44ffc2b3bf2c5534.php 第 8 行.
NOTIC: [8] Use of undefined constant detail - assumed 'detail' D:\phpStudy\PHPTutorial\WWW\UUhuyv\Runtime\Cache\Media\53a217860b3f0d5e44ffc2b3bf2c5534.php 第 12 行.
NOTIC: [8] Use of undefined constant index - assumed 'index' D:\phpStudy\PHPTutorial\WWW\UUhuyv\Runtime\Cache\Media\53a217860b3f0d5e44ffc2b3bf2c5534.php 第 16 行.
NOTIC: [8] Use of undefined constant giftdetail - assumed 'giftdetail' D:\phpStudy\PHPTutorial\WWW\UUhuyv\Runtime\Cache\Media\53a217860b3f0d5e44ffc2b3bf2c5534.php 第 20 行.
NOTIC: [8] Use of undefined constant mall - assumed 'mall' D:\phpStudy\PHPTutorial\WWW\UUhuyv\Runtime\Cache\Media\53a217860b3f0d5e44ffc2b3bf2c5534.php 第 24 行.
NOTIC: [8] Use of undefined constant PointShop - assumed 'PointShop' D:\phpStudy\PHPTutorial\WWW\UUhuyv\Runtime\Cache\Media\53a217860b3f0d5e44ffc2b3bf2c5534.php 第 24 行.
NOTIC: [2] Illegal string offset 'game_name' D:\phpStudy\PHPTutorial\WWW\UUhuyv\Application\Common\Common\extend.php 第 208 行.
NOTIC: [8] Uninitialized string offset: 0 D:\phpStudy\PHPTutorial\WWW\UUhuyv\Application\Common\Common\extend.php 第 208 行.
NOTIC: [2] Illegal string offset 'title' D:\phpStudy\PHPTutorial\WWW\UUhuyv\Application\Common\Common\extend.php 第 208 行.
NOTIC: [8] Uninitialized string offset: 0 D:\phpStudy\PHPTutorial\WWW\UUhuyv\Application\Common\Common\extend.php 第 208 行.
NOTIC: [2] Illegal string offset 'giftbag_name' D:\phpStudy\PHPTutorial\WWW\UUhuyv\Application\Common\Common\extend.php 第 208 行.
NOTIC: [8] Uninitialized string offset: 0 D:\phpStudy\PHPTutorial\WWW\UUhuyv\Application\Common\Common\extend.php 第 208 行.
NOTIC: [2] Illegal string offset 'game_type_name' D:\phpStudy\PHPTutorial\WWW\UUhuyv\Application\Common\Common\extend.php 第 208 行.
NOTIC: [8] Uninitialized string offset: 0 D:\phpStudy\PHPTutorial\WWW\UUhuyv\Application\Common\Common\extend.php 第 208 行.
NOTIC: [2] Illegal string offset 'good_name' D:\phpStudy\PHPTutorial\WWW\UUhuyv\Application\Common\Common\extend.php 第 208 行.
NOTIC: [8] Uninitialized string offset: 0 D:\phpStudy\PHPTutorial\WWW\UUhuyv\Application\Common\Common\extend.php 第 208 行.
SQL: SHOW COLUMNS FROM `sys_picture` [ RunTime:0.0108s ]
SQL: SELECT * FROM `sys_picture` WHERE `status` = 1 AND `id` = 61 LIMIT 1   [ RunTime:0.0003s ]
SQL: SELECT * FROM `tab_tool` WHERE `name` = 'oss_storage' LIMIT 1   [ RunTime:0.0003s ]
SQL: SELECT * FROM `tab_tool` WHERE `name` = 'qiniu_storage' LIMIT 1   [ RunTime:0.0003s ]
SQL: SELECT * FROM `sys_picture` WHERE `status` = 1 AND `id` = 414 LIMIT 1   [ RunTime:0.0002s ]
SQL: SELECT * FROM `tab_tool` WHERE `name` = 'oss_storage' LIMIT 1   [ RunTime:0.0002s ]
SQL: SELECT * FROM `tab_tool` WHERE `name` = 'qiniu_storage' LIMIT 1   [ RunTime:0.0003s ]
NOTIC: [8] Undefined variable: newmsg D:\phpStudy\PHPTutorial\WWW\UUhuyv\Runtime\Cache\Media\53a217860b3f0d5e44ffc2b3bf2c5534.php 第 209 行.
SQL: SELECT * FROM `sys_picture` WHERE `status` = 1 AND `id` = 383 LIMIT 1   [ RunTime:0.0002s ]
SQL: SELECT * FROM `tab_tool` WHERE `name` = 'oss_storage' LIMIT 1   [ RunTime:0.0002s ]
SQL: SELECT * FROM `tab_tool` WHERE `name` = 'qiniu_storage' LIMIT 1   [ RunTime:0.0003s ]
NOTIC: [8] Undefined variable: game_id D:\phpStudy\PHPTutorial\WWW\UUhuyv\Runtime\Cache\Media\53a217860b3f0d5e44ffc2b3bf2c5534.php 第 396 行.
NOTIC: [8] Undefined variable: promote_id D:\phpStudy\PHPTutorial\WWW\UUhuyv\Runtime\Cache\Media\53a217860b3f0d5e44ffc2b3bf2c5534.php 第 397 行.
INFO: Run Behavior\ParseTemplateBehavior [ RunTime:0.031560s ]
INFO: [ view_parse ] --END-- [ RunTime:-0.427319s ]
INFO: [ view_filter ] --START--
INFO: Run Behavior\WriteHtmlCacheBehavior [ RunTime:0.000008s ]
INFO: [ view_filter ] --END-- [ RunTime:-0.458525s ]
INFO: [ app_end ] --START--
INFO: Run Behavior\ShowPageTraceBehavior [ RunTime:0.000643s ]
INFO: [ app_end ] --END-- [ RunTime:0.000698s ]

[ 2018-05-17T16:26:04+08:00 ] 127.0.0.1 /media.php/PointShop/mall.html
INFO: [ app_init ] --START--
INFO: Run Behavior\BuildLiteBehavior [ RunTime:0.000025s ]
INFO: Run Common\Behavior\InitHookBehavior [ RunTime:0.001018s ]
INFO: [ app_init ] --END-- [ RunTime:0.001131s ]
INFO: [ app_begin ] --START--
INFO: Run Behavior\ReadHtmlCacheBehavior [ RunTime:0.000366s ]
INFO: [ app_begin ] --END-- [ RunTime:0.000404s ]
SQL: SHOW COLUMNS FROM `sys_config` [ RunTime:0.0091s ]
SQL: SELECT `type`,`name`,`value` FROM `sys_config` WHERE `status` = 1  [ RunTime:0.0009s ]
SQL: SHOW COLUMNS FROM `tab_apply_union` [ RunTime:0.0088s ]
SQL: SELECT `union_id`,`union_account`,`status`,`apply_domain_type`,`domain_url`,`union_set` FROM `tab_apply_union` WHERE `domain_url` IN ('www.local.uuhuyv.com','http://www.local.uuhuyv.com','https://www.local.uuhuyv.com') LIMIT 1   [ RunTime:0.0003s ]
NOTIC: [8] Use of undefined constant PC_SET_DOMAIM - assumed 'PC_SET_DOMAIM' D:\phpStudy\PHPTutorial\WWW\UUhuyv\Application\Media\Controller\BaseController.class.php 第 31 行.
NOTIC: [8] Use of undefined constant PC_SET_DOMAIM - assumed 'PC_SET_DOMAIM' D:\phpStudy\PHPTutorial\WWW\UUhuyv\Application\Media\Controller\BaseController.class.php 第 34 行.
NOTIC: [8] Use of undefined constant PC_SET_DOMAIM - assumed 'PC_SET_DOMAIM' D:\phpStudy\PHPTutorial\WWW\UUhuyv\Application\Media\Controller\BaseController.class.php 第 41 行.
SQL: SELECT `union_id`,`union_account`,`status`,`apply_domain_type`,`domain_url`,`union_set` FROM `tab_apply_union` WHERE `domain_url` IN ('www.local.uuhuyv.com','http://www.local.uuhuyv.com','https://www.local.uuhuyv.com') LIMIT 1   [ RunTime:0.0003s ]
INFO: [ view_parse ] --START--
INFO: [ template_filter ] --START--
INFO: Run Behavior\ContentReplaceBehavior [ RunTime:0.000145s ]
INFO: [ template_filter ] --END-- [ RunTime:0.000183s ]
INFO: Run Behavior\ParseTemplateBehavior [ RunTime:0.013190s ]
INFO: [ view_parse ] --END-- [ RunTime:0.013237s ]
INFO: [ view_filter ] --START--
INFO: Run Behavior\WriteHtmlCacheBehavior [ RunTime:0.000474s ]
INFO: [ view_filter ] --END-- [ RunTime:0.000512s ]
SQL: SHOW COLUMNS FROM `tab_tips` [ RunTime:0.0233s ]
SQL: SELECT * FROM `tab_tips` WHERE `obj` = 1 AND `status` = 1 LIMIT 1   [ RunTime:0.0004s ]
SQL: SHOW COLUMNS FROM `tab_user` [ RunTime:0.0103s ]
SQL: SELECT `lock_status`,`real_name`,`idcard` FROM `tab_user` WHERE `id` = 9 LIMIT 1   [ RunTime:0.0003s ]
SQL: SHOW COLUMNS FROM `tab_point_type` [ RunTime:0.0089s ]
SQL: SHOW COLUMNS FROM `tab_server` [ RunTime:0.0094s ]
SQL: SHOW COLUMNS FROM `tab_server` [ RunTime:0.0092s ]
SQL: SELECT `id`,`server_name`,`game_name`,`game_id`,`start_time`,`open_notice` FROM `tab_server` WHERE `open_notice` LIKE '%9%'  [ RunTime:0.0003s ]
SQL: SHOW COLUMNS FROM `tab_msg` [ RunTime:0.0093s ]
SQL: SELECT * FROM `tab_msg` WHERE `user_id` = 9 AND `status` = 2 LIMIT 1   [ RunTime:0.0003s ]
NOTIC: [8] Undefined variable: lgjoin D:\phpStudy\PHPTutorial\WWW\UUhuyv\Application\Media\Controller\BaseController.class.php 第 95 行.
SQL: SELECT pt.*,pr.user_id,pr.day,pr.create_time as ctime,date_format(FROM_UNIXTIME(pr.create_time),"%Y-%m-%d") as ct FROM tab_point_type pt left JOIN tab_point_record as pr on pr.type_id = pt.id and pr.user_id = 9  WHERE pt.key = 'sign_in' ORDER BY ctime desc LIMIT 0,1   [ RunTime:0.0009s ]
SQL: SELECT * FROM `tab_point_type` WHERE `key` = 'bind_phone' LIMIT 1   [ RunTime:0.0002s ]
SQL: SHOW COLUMNS FROM `tab_tool` [ RunTime:0.0084s ]
SQL: SELECT `name`,`status` FROM `tab_tool` WHERE `name` IN ('qq_login','wx_login','wb_login','bd_login')  [ RunTime:0.0003s ]
SQL: SHOW COLUMNS FROM `tab_app` [ RunTime:0.0084s ]
SQL: SELECT * FROM `tab_app` WHERE `name` LIKE '%H5联运%' AND `app_version` = 1 LIMIT 1   [ RunTime:0.0003s ]
SQL: SHOW COLUMNS FROM `tab_point_shop` [ RunTime:0.0090s ]
SQL: SHOW COLUMNS FROM `tab_point_shop_record` [ RunTime:0.0089s ]
SQL: SHOW COLUMNS FROM `tab_user` [ RunTime:0.0087s ]
SQL: SHOW COLUMNS FROM `tab_point_type` [ RunTime:0.0082s ]
SQL: SELECT `id`,`good_name`,`price`,`number`,`good_info`,`status`,`create_time`,`cover`,`detail_cover`,`good_type`,`good_usage`,`short_name` FROM `tab_point_shop` WHERE `good_type` = 1 AND `status` = 1 AND `number` > 0 ORDER BY create_time desc LIMIT 10,10   [ RunTime:0.0004s ]
NOTIC: [2] Invalid argument supplied for foreach() D:\phpStudy\PHPTutorial\WWW\UUhuyv\Application\Admin\Model\PointShopModel.class.php 第 54 行.
SQL: SELECT COUNT(*) AS tp_count FROM `tab_point_shop` WHERE `good_type` = 1 AND `status` = 1 AND `number` > 0 LIMIT 1   [ RunTime:0.0002s ]
SQL: SHOW COLUMNS FROM `tab_point_shop_record` [ RunTime:0.0088s ]
SQL: SELECT sr.id,sr.user_id,sr.good_name,sr.good_id,sr.number,sr.pay_amount,sr.create_time,sr.good_type,sr.address,sr.user_name,sr.phone,sr.status,sr.good_key,u.nickname,u.account FROM tab_point_shop_record as sr left join tab_user u on u.id = sr.user_id  ORDER BY sr.create_time desc,sr.id desc LIMIT 0,50   [ RunTime:0.0003s ]
SQL: SELECT `shop_point` FROM `tab_user` WHERE `id` = 9 LIMIT 1   [ RunTime:0.0002s ]
NOTIC: [8] Undefined variable: lgjoin D:\phpStudy\PHPTutorial\WWW\UUhuyv\Application\Media\Controller\PointShopController.class.php 第 47 行.
SQL: SELECT pt.*,pr.user_id,pr.day,pr.create_time as ctime,date_format(FROM_UNIXTIME(pr.create_time),"%Y-%m-%d") as ct FROM tab_point_type pt left JOIN tab_point_record as pr on pr.type_id = pt.id and pr.user_id = 9  WHERE pt.key = 'sign_in' ORDER BY ctime desc LIMIT 0,10   [ RunTime:0.0007s ]

[ 2018-05-17T16:26:09+08:00 ] 127.0.0.1 /media.php/PointShop/mall/type/1.html
INFO: [ app_init ] --START--
INFO: Run Behavior\BuildLiteBehavior [ RunTime:0.000008s ]
INFO: Run Common\Behavior\InitHookBehavior [ RunTime:0.000962s ]
INFO: [ app_init ] --END-- [ RunTime:0.001025s ]
INFO: [ app_begin ] --START--
INFO: Run Behavior\ReadHtmlCacheBehavior [ RunTime:0.000308s ]
INFO: [ app_begin ] --END-- [ RunTime:0.000352s ]

