[ 2018-05-25T09:00:48+08:00 ] 127.0.0.1 /media.php
INFO: [ app_init ] --START--
INFO: Run Behavior\BuildLiteBehavior [ RunTime:0.000008s ]
INFO: Run Common\Behavior\InitHookBehavior [ RunTime:0.000915s ]
INFO: [ app_init ] --END-- [ RunTime:0.000980s ]
INFO: [ app_begin ] --START--
INFO: Run Behavior\ReadHtmlCacheBehavior [ RunTime:0.000310s ]
INFO: [ app_begin ] --END-- [ RunTime:0.000356s ]
SQL: SHOW COLUMNS FROM `sys_config` [ RunTime:0.0038s ]
SQL: SELECT `type`,`name`,`value` FROM `sys_config` WHERE `status` = 1  [ RunTime:0.0006s ]
SQL: SHOW COLUMNS FROM `tab_apply_union` [ RunTime:0.0044s ]
SQL: SELECT `union_id`,`union_account`,`status`,`apply_domain_type`,`domain_url`,`union_set` FROM `tab_apply_union` WHERE `domain_url` IN ('www.local.uuhuyv.com','http://www.local.uuhuyv.com','https://www.local.uuhuyv.com') LIMIT 1   [ RunTime:0.0004s ]
NOTIC: [8] Use of undefined constant PC_SET_DOMAIM - assumed 'PC_SET_DOMAIM' D:\phpStudy\PHPTutorial\WWW\UUhuyv\Application\Media\Controller\BaseController.class.php 第 31 行.
NOTIC: [8] Use of undefined constant PC_SET_DOMAIM - assumed 'PC_SET_DOMAIM' D:\phpStudy\PHPTutorial\WWW\UUhuyv\Application\Media\Controller\BaseController.class.php 第 34 行.
NOTIC: [8] Use of undefined constant PC_SET_DOMAIM - assumed 'PC_SET_DOMAIM' D:\phpStudy\PHPTutorial\WWW\UUhuyv\Application\Media\Controller\BaseController.class.php 第 41 行.
SQL: SELECT `union_id`,`union_account`,`status`,`apply_domain_type`,`domain_url`,`union_set` FROM `tab_apply_union` WHERE `domain_url` IN ('www.local.uuhuyv.com','http://www.local.uuhuyv.com','https://www.local.uuhuyv.com') LIMIT 1   [ RunTime:0.0003s ]
INFO: [ view_parse ] --START--
INFO: [ template_filter ] --START--
INFO: Run Behavior\ContentReplaceBehavior [ RunTime:0.000144s ]
INFO: [ template_filter ] --END-- [ RunTime:0.000184s ]
INFO: Run Behavior\ParseTemplateBehavior [ RunTime:0.011780s ]
INFO: [ view_parse ] --END-- [ RunTime:0.011820s ]
INFO: [ view_filter ] --START--
INFO: Run Behavior\WriteHtmlCacheBehavior [ RunTime:0.000283s ]
INFO: [ view_filter ] --END-- [ RunTime:0.000312s ]
SQL: SHOW COLUMNS FROM `tab_tips` [ RunTime:0.0292s ]
SQL: SELECT * FROM `tab_tips` WHERE `obj` = 1 AND `status` = 1 LIMIT 1   [ RunTime:0.0004s ]
SQL: SHOW COLUMNS FROM `tab_user` [ RunTime:0.0273s ]
SQL: SELECT `lock_status`,`real_name`,`idcard` FROM `tab_user` WHERE `id` = 0 LIMIT 1   [ RunTime:0.0003s ]
SQL: SHOW COLUMNS FROM `tab_point_type` [ RunTime:0.0576s ]
SQL: SELECT * FROM `tab_point_type` WHERE `key` = 'bind_phone' LIMIT 1   [ RunTime:0.0003s ]
SQL: SHOW COLUMNS FROM `tab_tool` [ RunTime:0.0034s ]
SQL: SELECT `name`,`status` FROM `tab_tool` WHERE `name` IN ('qq_login','wx_login','wb_login','bd_login')  [ RunTime:0.0003s ]
SQL: SHOW COLUMNS FROM `tab_app` [ RunTime:0.0124s ]
SQL: SELECT * FROM `tab_app` WHERE `name` LIKE '%H5联运%' AND `app_version` = 1 LIMIT 1   [ RunTime:0.0003s ]
SQL: SHOW COLUMNS FROM `tab_adv` [ RunTime:0.0040s ]
SQL: SHOW COLUMNS FROM `sys_document` [ RunTime:0.0042s ]
SQL: SHOW COLUMNS FROM `tab_adv` [ RunTime:0.0034s ]
SQL: SELECT a.title,a.data,a.url,`target` FROM tab_adv as a left join tab_adv_pos p on p.id=a.pos_id  WHERE p.name = 'slider_wap' AND a.status = 1 AND a.start_time < 1527210047 AND ( a.end_time > 1527210047 or a.end_time = 0 ) ORDER BY a.sort desc LIMIT 5   [ RunTime:0.0004s ]
SQL: SELECT * FROM `tab_tool` WHERE `name` = 'oss_storage' LIMIT 1   [ RunTime:0.0003s ]
SQL: SHOW COLUMNS FROM `sys_picture` [ RunTime:0.0039s ]
SQL: SELECT * FROM `sys_picture` WHERE `status` = 1 AND `id` = 202 LIMIT 1   [ RunTime:0.0003s ]
SQL: SELECT * FROM `tab_tool` WHERE `name` = 'oss_storage' LIMIT 1   [ RunTime:0.0003s ]
SQL: SELECT * FROM `tab_tool` WHERE `name` = 'qiniu_storage' LIMIT 1   [ RunTime:0.0003s ]
SQL: SELECT * FROM `sys_picture` WHERE `status` = 1 AND `id` = 202 LIMIT 1   [ RunTime:0.0003s ]
SQL: SELECT * FROM `tab_tool` WHERE `name` = 'oss_storage' LIMIT 1   [ RunTime:0.0003s ]
SQL: SELECT * FROM `tab_tool` WHERE `name` = 'qiniu_storage' LIMIT 1   [ RunTime:0.0003s ]
SQL: SELECT * FROM `tab_tool` WHERE `name` = 'oss_storage' LIMIT 1   [ RunTime:0.0003s ]
SQL: SELECT * FROM `sys_picture` WHERE `status` = 1 AND `id` = 201 LIMIT 1   [ RunTime:0.0003s ]
SQL: SELECT * FROM `tab_tool` WHERE `name` = 'oss_storage' LIMIT 1   [ RunTime:0.0003s ]
SQL: SELECT * FROM `tab_tool` WHERE `name` = 'qiniu_storage' LIMIT 1   [ RunTime:0.0003s ]
SQL: SELECT * FROM `sys_picture` WHERE `status` = 1 AND `id` = 201 LIMIT 1   [ RunTime:0.0003s ]
SQL: SELECT * FROM `tab_tool` WHERE `name` = 'oss_storage' LIMIT 1   [ RunTime:0.0003s ]
SQL: SELECT * FROM `tab_tool` WHERE `name` = 'qiniu_storage' LIMIT 1   [ RunTime:0.0003s ]
SQL: SHOW COLUMNS FROM `tab_user` [ RunTime:0.0040s ]
NOTIC: [8] Undefined index: mobile_collect D:\phpStudy\PHPTutorial\WWW\UUhuyv\Application\Media\Controller\IndexController.class.php 第 27 行.
SQL: SHOW COLUMNS FROM `sys_category` [ RunTime:0.0043s ]
SQL: SELECT * FROM `sys_category` WHERE `name` IN ('wap_huodong')  [ RunTime:0.0004s ]
SQL: SELECT d.id,c.name as type,d.category_id,d.title,d.description,d.belong_game,d.update_time as line_time,d.create_time as start_time,d.deadline as end_time,d.cover_id as cover FROM sys_document d INNER JOIN sys_category as c on d.category_id = c.id  WHERE `category_id` IN ('69') AND d.display = 1 AND d.status = 1 ORDER BY d.level desc,d.id desc LIMIT 0,1000   [ RunTime:0.0005s ]
SQL: SELECT * FROM `tab_tool` WHERE `name` = 'oss_storage' LIMIT 1   [ RunTime:0.0003s ]
SQL: SHOW COLUMNS FROM `tab_game` [ RunTime:0.0052s ]
SQL: SELECT * FROM `tab_game` WHERE `id` = 2 LIMIT 1   [ RunTime:0.0005s ]
SQL: SELECT * FROM `tab_tool` WHERE `name` = 'oss_storage' LIMIT 1   [ RunTime:0.0003s ]
SQL: SELECT * FROM `tab_game` WHERE `id` = 16 LIMIT 1   [ RunTime:0.0004s ]
SQL: SELECT * FROM `tab_tool` WHERE `name` = 'oss_storage' LIMIT 1   [ RunTime:0.0003s ]
SQL: SELECT * FROM `tab_game` WHERE `id` = 1 LIMIT 1   [ RunTime:0.0004s ]
SQL: SELECT * FROM `tab_tool` WHERE `name` = 'oss_storage' LIMIT 1   [ RunTime:0.0003s ]
SQL: SELECT * FROM `tab_game` WHERE `id` = 8 LIMIT 1   [ RunTime:0.0003s ]
SQL: SELECT * FROM `tab_tool` WHERE `name` = 'oss_storage' LIMIT 1   [ RunTime:0.0003s ]
SQL: SELECT * FROM `tab_game` WHERE `id` = 1 LIMIT 1   [ RunTime:0.0004s ]
SQL: SELECT * FROM `tab_tool` WHERE `name` = 'oss_storage' LIMIT 1   [ RunTime:0.0003s ]
SQL: SELECT * FROM `tab_game` WHERE `id` = 1 LIMIT 1   [ RunTime:0.0003s ]
SQL: SELECT * FROM `tab_tool` WHERE `name` = 'oss_storage' LIMIT 1   [ RunTime:0.0003s ]
SQL: SELECT * FROM `tab_game` WHERE `id` = 5 LIMIT 1   [ RunTime:0.0003s ]
SQL: SELECT * FROM `tab_tool` WHERE `name` = 'oss_storage' LIMIT 1   [ RunTime:0.0002s ]
SQL: SELECT * FROM `tab_game` WHERE `id` = 2 LIMIT 1   [ RunTime:0.0003s ]
SQL: SELECT * FROM `tab_tool` WHERE `name` = 'oss_storage' LIMIT 1   [ RunTime:0.0003s ]
SQL: SELECT * FROM `tab_game` WHERE `id` = 1 LIMIT 1   [ RunTime:0.0003s ]
SQL: SELECT * FROM `tab_tool` WHERE `name` = 'oss_storage' LIMIT 1   [ RunTime:0.0003s ]
SQL: SELECT * FROM `tab_game` WHERE `id` = 1 LIMIT 1   [ RunTime:0.0003s ]
SQL: SELECT * FROM `tab_tool` WHERE `name` = 'oss_storage' LIMIT 1   [ RunTime:0.0003s ]
SQL: SELECT * FROM `tab_game` WHERE `id` = 1 LIMIT 1   [ RunTime:0.0003s ]
INFO: [ view_parse ] --START--
INFO: [ template_filter ] --START--
INFO: Run Behavior\ContentReplaceBehavior [ RunTime:0.000503s ]
INFO: [ template_filter ] --END-- [ RunTime:-0.232023s ]
NOTIC: [8] Use of undefined constant index - assumed 'index' D:\phpStudy\PHPTutorial\WWW\UUhuyv\Runtime\Cache\Media\139a6c4184ac2b13f42ae781364f6fb9.php 第 5 行.
NOTIC: [8] Use of undefined constant Index - assumed 'Index' D:\phpStudy\PHPTutorial\WWW\UUhuyv\Runtime\Cache\Media\139a6c4184ac2b13f42ae781364f6fb9.php 第 5 行.
NOTIC: [2] Illegal string offset 'game_name' D:\phpStudy\PHPTutorial\WWW\UUhuyv\Application\Common\Common\extend.php 第 208 行.
NOTIC: [8] Uninitialized string offset: 0 D:\phpStudy\PHPTutorial\WWW\UUhuyv\Application\Common\Common\extend.php 第 208 行.
NOTIC: [2] Illegal string offset 'title' D:\phpStudy\PHPTutorial\WWW\UUhuyv\Application\Common\Common\extend.php 第 208 行.
NOTIC: [8] Uninitialized string offset: 0 D:\phpStudy\PHPTutorial\WWW\UUhuyv\Application\Common\Common\extend.php 第 208 行.
NOTIC: [2] Illegal string offset 'giftbag_name' D:\phpStudy\PHPTutorial\WWW\UUhuyv\Application\Common\Common\extend.php 第 208 行.
NOTIC: [8] Uninitialized string offset: 0 D:\phpStudy\PHPTutorial\WWW\UUhuyv\Application\Common\Common\extend.php 第 208 行.
NOTIC: [2] Illegal string offset 'game_type_name' D:\phpStudy\PHPTutorial\WWW\UUhuyv\Application\Common\Common\extend.php 第 208 行.
NOTIC: [8] Uninitialized string offset: 0 D:\phpStudy\PHPTutorial\WWW\UUhuyv\Application\Common\Common\extend.php 第 208 行.
NOTIC: [2] Illegal string offset 'good_name' D:\phpStudy\PHPTutorial\WWW\UUhuyv\Application\Common\Common\extend.php 第 208 行.
NOTIC: [8] Uninitialized string offset: 0 D:\phpStudy\PHPTutorial\WWW\UUhuyv\Application\Common\Common\extend.php 第 208 行.
SQL: SELECT * FROM `sys_picture` WHERE `status` = 1 AND `id` = 61 LIMIT 1   [ RunTime:0.0004s ]
SQL: SELECT * FROM `tab_tool` WHERE `name` = 'oss_storage' LIMIT 1   [ RunTime:0.0003s ]
SQL: SELECT * FROM `tab_tool` WHERE `name` = 'qiniu_storage' LIMIT 1   [ RunTime:0.0003s ]
SQL: SELECT * FROM `sys_picture` WHERE `status` = 1 AND `id` = 414 LIMIT 1   [ RunTime:0.0003s ]
SQL: SELECT * FROM `tab_tool` WHERE `name` = 'oss_storage' LIMIT 1   [ RunTime:0.0003s ]
SQL: SELECT * FROM `tab_tool` WHERE `name` = 'qiniu_storage' LIMIT 1   [ RunTime:0.0003s ]
NOTIC: [8] Undefined variable: newmsg D:\phpStudy\PHPTutorial\WWW\UUhuyv\Runtime\Cache\Media\139a6c4184ac2b13f42ae781364f6fb9.php 第 236 行.
SQL: SELECT * FROM `sys_picture` WHERE `status` = 1 AND `id` = 383 LIMIT 1   [ RunTime:0.0003s ]
SQL: SELECT * FROM `tab_tool` WHERE `name` = 'oss_storage' LIMIT 1   [ RunTime:0.0003s ]
SQL: SELECT * FROM `tab_tool` WHERE `name` = 'qiniu_storage' LIMIT 1   [ RunTime:0.0003s ]
NOTIC: [8] Undefined variable: game_id D:\phpStudy\PHPTutorial\WWW\UUhuyv\Runtime\Cache\Media\139a6c4184ac2b13f42ae781364f6fb9.php 第 937 行.
NOTIC: [8] Undefined variable: promote_id D:\phpStudy\PHPTutorial\WWW\UUhuyv\Runtime\Cache\Media\139a6c4184ac2b13f42ae781364f6fb9.php 第 938 行.
INFO: Run Behavior\ParseTemplateBehavior [ RunTime:0.071771s ]
INFO: [ view_parse ] --END-- [ RunTime:-0.186849s ]
INFO: [ view_filter ] --START--
INFO: Run Behavior\WriteHtmlCacheBehavior [ RunTime:0.000010s ]
INFO: [ view_filter ] --END-- [ RunTime:-0.258348s ]
INFO: [ app_end ] --START--
INFO: Run Behavior\ShowPageTraceBehavior [ RunTime:0.005236s ]
INFO: [ app_end ] --END-- [ RunTime:0.005346s ]

[ 2018-05-25T09:00:48+08:00 ] 127.0.0.1 /media.php/Index/more_game.html
INFO: [ app_init ] --START--
INFO: Run Behavior\BuildLiteBehavior [ RunTime:0.000010s ]
INFO: Run Common\Behavior\InitHookBehavior [ RunTime:0.001309s ]
INFO: [ app_init ] --END-- [ RunTime:0.001384s ]
INFO: [ app_begin ] --START--
INFO: Run Behavior\ReadHtmlCacheBehavior [ RunTime:0.000324s ]
INFO: [ app_begin ] --END-- [ RunTime:0.000369s ]
SQL: SHOW COLUMNS FROM `sys_config` [ RunTime:0.0034s ]
SQL: SELECT `type`,`name`,`value` FROM `sys_config` WHERE `status` = 1  [ RunTime:0.0005s ]
SQL: SHOW COLUMNS FROM `tab_apply_union` [ RunTime:0.0037s ]
SQL: SELECT `union_id`,`union_account`,`status`,`apply_domain_type`,`domain_url`,`union_set` FROM `tab_apply_union` WHERE `domain_url` IN ('www.local.uuhuyv.com','http://www.local.uuhuyv.com','https://www.local.uuhuyv.com') LIMIT 1   [ RunTime:0.0002s ]
NOTIC: [8] Use of undefined constant PC_SET_DOMAIM - assumed 'PC_SET_DOMAIM' D:\phpStudy\PHPTutorial\WWW\UUhuyv\Application\Media\Controller\BaseController.class.php 第 31 行.
NOTIC: [8] Use of undefined constant PC_SET_DOMAIM - assumed 'PC_SET_DOMAIM' D:\phpStudy\PHPTutorial\WWW\UUhuyv\Application\Media\Controller\BaseController.class.php 第 34 行.
NOTIC: [8] Use of undefined constant PC_SET_DOMAIM - assumed 'PC_SET_DOMAIM' D:\phpStudy\PHPTutorial\WWW\UUhuyv\Application\Media\Controller\BaseController.class.php 第 41 行.
SQL: SELECT `union_id`,`union_account`,`status`,`apply_domain_type`,`domain_url`,`union_set` FROM `tab_apply_union` WHERE `domain_url` IN ('www.local.uuhuyv.com','http://www.local.uuhuyv.com','https://www.local.uuhuyv.com') LIMIT 1   [ RunTime:0.0002s ]
INFO: [ view_parse ] --START--
INFO: [ template_filter ] --START--
INFO: Run Behavior\ContentReplaceBehavior [ RunTime:0.000173s ]
INFO: [ template_filter ] --END-- [ RunTime:0.000210s ]
INFO: Run Behavior\ParseTemplateBehavior [ RunTime:0.011149s ]
INFO: [ view_parse ] --END-- [ RunTime:0.011185s ]
INFO: [ view_filter ] --START--
INFO: Run Behavior\WriteHtmlCacheBehavior [ RunTime:0.000260s ]
INFO: [ view_filter ] --END-- [ RunTime:0.000285s ]
SQL: SHOW COLUMNS FROM `tab_tips` [ RunTime:0.0038s ]
SQL: SELECT * FROM `tab_tips` WHERE `obj` = 1 AND `status` = 1 LIMIT 1   [ RunTime:0.0002s ]
SQL: SHOW COLUMNS FROM `tab_user` [ RunTime:0.0039s ]
SQL: SELECT `lock_status`,`real_name`,`idcard` FROM `tab_user` WHERE `id` = 0 LIMIT 1   [ RunTime:0.0002s ]
SQL: SHOW COLUMNS FROM `tab_point_type` [ RunTime:0.0033s ]
SQL: SELECT * FROM `tab_point_type` WHERE `key` = 'bind_phone' LIMIT 1   [ RunTime:0.0002s ]
SQL: SHOW COLUMNS FROM `tab_tool` [ RunTime:0.0030s ]
SQL: SELECT `name`,`status` FROM `tab_tool` WHERE `name` IN ('qq_login','wx_login','wb_login','bd_login')  [ RunTime:0.0002s ]
SQL: SHOW COLUMNS FROM `tab_app` [ RunTime:0.0036s ]
SQL: SELECT * FROM `tab_app` WHERE `name` LIKE '%H5联运%' AND `app_version` = 1 LIMIT 1   [ RunTime:0.0003s ]
NOTIC: [8] Undefined index: game_id D:\phpStudy\PHPTutorial\WWW\UUhuyv\Application\Media\Controller\IndexController.class.php 第 97 行.
SQL: SHOW COLUMNS FROM `tab_game` [ RunTime:0.0044s ]
SQL: SHOW COLUMNS FROM `tab_game` [ RunTime:0.0048s ]
SQL: SELECT g.icon,g.cover,g.game_name,g.id,g.game_type_id,g.features,ifnull(gb.id,0) as gift_id,g.play_count,gb.is_unicode,gb.novice,gb.unicode_num,g.game_score FROM tab_game as g left JOIN tab_giftbag as gb on gb.game_id = g.id and gb.status = 1  WHERE `recommend_status` LIKE '%2%' AND g.game_status = 1 AND g.test_status = 1 GROUP BY g.id ORDER BY g.sort desc, g.id desc LIMIT 0,5   [ RunTime:0.0541s ]
SQL: SELECT * FROM `tab_tool` WHERE `name` = 'oss_storage' LIMIT 1   [ RunTime:0.0003s ]
SQL: SHOW COLUMNS FROM `tab_game_type` [ RunTime:0.0085s ]
SQL: SELECT * FROM `tab_game_type` WHERE ( status=1 and id=17 ) LIMIT 1   [ RunTime:0.0004s ]
SQL: SELECT * FROM `tab_tool` WHERE `name` = 'oss_storage' LIMIT 1   [ RunTime:0.0003s ]
SQL: SHOW COLUMNS FROM `tab_game` [ RunTime:0.0041s ]
SQL: SELECT * FROM `tab_game` WHERE `id` = 13 LIMIT 1   [ RunTime:0.0004s ]
SQL: SHOW COLUMNS FROM `tab_user_play` [ RunTime:0.0117s ]
SQL: SELECT COUNT(*) AS tp_count FROM `tab_user_play` WHERE `game_id` = 13 AND `play_time` > '0' LIMIT 1   [ RunTime:0.0004s ]
SQL: SHOW COLUMNS FROM `tab_user_behavior` [ RunTime:0.0105s ]
SQL: select count(*) as num from (( SELECT count(*) FROM `tab_user_behavior` WHERE `game_id` = 13 AND `status` = 1 GROUP BY user_id  )) a [ RunTime:0.0004s ]
SQL: SELECT * FROM `tab_tool` WHERE `name` = 'oss_storage' LIMIT 1   [ RunTime:0.0003s ]
SQL: SELECT * FROM `tab_game_type` WHERE ( status=1 and id=17 ) LIMIT 1   [ RunTime:0.0003s ]
SQL: SELECT * FROM `tab_tool` WHERE `name` = 'oss_storage' LIMIT 1   [ RunTime:0.0003s ]
SQL: SELECT * FROM `tab_game` WHERE `id` = 14 LIMIT 1   [ RunTime:0.0004s ]
SQL: SELECT COUNT(*) AS tp_count FROM `tab_user_play` WHERE `game_id` = 14 AND `play_time` > '0' LIMIT 1   [ RunTime:0.0004s ]
SQL: select count(*) as num from (( SELECT count(*) FROM `tab_user_behavior` WHERE `game_id` = 14 AND `status` = 1 GROUP BY user_id  )) a [ RunTime:0.0004s ]
SQL: SELECT * FROM `tab_tool` WHERE `name` = 'oss_storage' LIMIT 1   [ RunTime:0.0004s ]
SQL: SELECT * FROM `tab_game_type` WHERE ( status=1 and id=18 ) LIMIT 1   [ RunTime:0.0003s ]
SQL: SELECT * FROM `tab_tool` WHERE `name` = 'oss_storage' LIMIT 1   [ RunTime:0.0003s ]
SQL: SELECT * FROM `tab_game` WHERE `id` = 11 LIMIT 1   [ RunTime:0.0004s ]
SQL: SELECT COUNT(*) AS tp_count FROM `tab_user_play` WHERE `game_id` = 11 AND `play_time` > '0' LIMIT 1   [ RunTime:0.0003s ]
SQL: select count(*) as num from (( SELECT count(*) FROM `tab_user_behavior` WHERE `game_id` = 11 AND `status` = 1 GROUP BY user_id  )) a [ RunTime:0.0004s ]
SQL: SELECT * FROM `tab_tool` WHERE `name` = 'oss_storage' LIMIT 1   [ RunTime:0.0003s ]
SQL: SELECT * FROM `tab_game_type` WHERE ( status=1 and id=15 ) LIMIT 1   [ RunTime:0.0003s ]
SQL: SELECT * FROM `tab_tool` WHERE `name` = 'oss_storage' LIMIT 1   [ RunTime:0.0003s ]
SQL: SELECT * FROM `tab_game` WHERE `id` = 12 LIMIT 1   [ RunTime:0.0004s ]
SQL: SELECT COUNT(*) AS tp_count FROM `tab_user_play` WHERE `game_id` = 12 AND `play_time` > '0' LIMIT 1   [ RunTime:0.0003s ]
SQL: select count(*) as num from (( SELECT count(*) FROM `tab_user_behavior` WHERE `game_id` = 12 AND `status` = 1 GROUP BY user_id  )) a [ RunTime:0.0004s ]
SQL: SELECT * FROM `tab_tool` WHERE `name` = 'oss_storage' LIMIT 1   [ RunTime:0.0003s ]
SQL: SELECT * FROM `tab_game_type` WHERE ( status=1 and id=14 ) LIMIT 1   [ RunTime:0.0003s ]
SQL: SELECT * FROM `tab_tool` WHERE `name` = 'oss_storage' LIMIT 1   [ RunTime:0.0003s ]
SQL: SELECT * FROM `tab_game` WHERE `id` = 1 LIMIT 1   [ RunTime:0.0004s ]
SQL: SELECT COUNT(*) AS tp_count FROM `tab_user_play` WHERE `game_id` = 1 AND `play_time` > '0' LIMIT 1   [ RunTime:0.0003s ]
SQL: select count(*) as num from (( SELECT count(*) FROM `tab_user_behavior` WHERE `game_id` = 1 AND `status` = 1 GROUP BY user_id  )) a [ RunTime:0.0004s ]

[ 2018-05-25T09:00:48+08:00 ] 127.0.0.1 /media.php/Index/more_game.html
INFO: [ app_init ] --START--
INFO: Run Behavior\BuildLiteBehavior [ RunTime:0.000008s ]
INFO: Run Common\Behavior\InitHookBehavior [ RunTime:0.000969s ]
INFO: [ app_init ] --END-- [ RunTime:0.001036s ]
INFO: [ app_begin ] --START--
INFO: Run Behavior\ReadHtmlCacheBehavior [ RunTime:0.000296s ]
INFO: [ app_begin ] --END-- [ RunTime:0.000351s ]
SQL: SHOW COLUMNS FROM `sys_config` [ RunTime:0.0044s ]
SQL: SELECT `type`,`name`,`value` FROM `sys_config` WHERE `status` = 1  [ RunTime:0.0006s ]
SQL: SHOW COLUMNS FROM `tab_apply_union` [ RunTime:0.0031s ]
SQL: SELECT `union_id`,`union_account`,`status`,`apply_domain_type`,`domain_url`,`union_set` FROM `tab_apply_union` WHERE `domain_url` IN ('www.local.uuhuyv.com','http://www.local.uuhuyv.com','https://www.local.uuhuyv.com') LIMIT 1   [ RunTime:0.0002s ]
NOTIC: [8] Use of undefined constant PC_SET_DOMAIM - assumed 'PC_SET_DOMAIM' D:\phpStudy\PHPTutorial\WWW\UUhuyv\Application\Media\Controller\BaseController.class.php 第 31 行.
NOTIC: [8] Use of undefined constant PC_SET_DOMAIM - assumed 'PC_SET_DOMAIM' D:\phpStudy\PHPTutorial\WWW\UUhuyv\Application\Media\Controller\BaseController.class.php 第 34 行.
NOTIC: [8] Use of undefined constant PC_SET_DOMAIM - assumed 'PC_SET_DOMAIM' D:\phpStudy\PHPTutorial\WWW\UUhuyv\Application\Media\Controller\BaseController.class.php 第 41 行.
SQL: SELECT `union_id`,`union_account`,`status`,`apply_domain_type`,`domain_url`,`union_set` FROM `tab_apply_union` WHERE `domain_url` IN ('www.local.uuhuyv.com','http://www.local.uuhuyv.com','https://www.local.uuhuyv.com') LIMIT 1   [ RunTime:0.0002s ]
INFO: [ view_parse ] --START--
INFO: [ template_filter ] --START--
INFO: Run Behavior\ContentReplaceBehavior [ RunTime:0.000283s ]
INFO: [ template_filter ] --END-- [ RunTime:0.000351s ]
INFO: Run Behavior\ParseTemplateBehavior [ RunTime:0.012191s ]
INFO: [ view_parse ] --END-- [ RunTime:0.012226s ]
INFO: [ view_filter ] --START--
INFO: Run Behavior\WriteHtmlCacheBehavior [ RunTime:0.000279s ]
INFO: [ view_filter ] --END-- [ RunTime:0.000304s ]
SQL: SHOW COLUMNS FROM `tab_tips` [ RunTime:0.0042s ]
SQL: SELECT * FROM `tab_tips` WHERE `obj` = 1 AND `status` = 1 LIMIT 1   [ RunTime:0.0003s ]
SQL: SHOW COLUMNS FROM `tab_user` [ RunTime:0.0038s ]
SQL: SELECT `lock_status`,`real_name`,`idcard` FROM `tab_user` WHERE `id` = 0 LIMIT 1   [ RunTime:0.0003s ]
SQL: SHOW COLUMNS FROM `tab_point_type` [ RunTime:0.0039s ]
SQL: SELECT * FROM `tab_point_type` WHERE `key` = 'bind_phone' LIMIT 1   [ RunTime:0.0003s ]
SQL: SHOW COLUMNS FROM `tab_tool` [ RunTime:0.0042s ]
SQL: SELECT `name`,`status` FROM `tab_tool` WHERE `name` IN ('qq_login','wx_login','wb_login','bd_login')  [ RunTime:0.0002s ]
SQL: SHOW COLUMNS FROM `tab_app` [ RunTime:0.0032s ]
SQL: SELECT * FROM `tab_app` WHERE `name` LIKE '%H5联运%' AND `app_version` = 1 LIMIT 1   [ RunTime:0.0002s ]
NOTIC: [8] Undefined index: game_id D:\phpStudy\PHPTutorial\WWW\UUhuyv\Application\Media\Controller\IndexController.class.php 第 97 行.
SQL: SHOW COLUMNS FROM `tab_game` [ RunTime:0.0044s ]
SQL: SHOW COLUMNS FROM `tab_game` [ RunTime:0.0044s ]
SQL: SELECT g.icon,g.cover,g.game_name,g.id,g.game_type_id,g.features,ifnull(gb.id,0) as gift_id,g.play_count,gb.is_unicode,gb.novice,gb.unicode_num,g.game_score FROM tab_game as g left JOIN tab_giftbag as gb on gb.game_id = g.id and gb.status = 1  WHERE `recommend_status` LIKE '%2%' AND g.game_status = 1 AND g.test_status = 1 GROUP BY g.id ORDER BY g.sort desc, g.id desc LIMIT 5,5   [ RunTime:0.0033s ]
NOTIC: [2] Invalid argument supplied for foreach() D:\phpStudy\PHPTutorial\WWW\UUhuyv\Application\Common\Model\GameModel.class.php 第 37 行.

[ 2018-05-25T09:00:52+08:00 ] 127.0.0.1 /media.php
INFO: [ app_init ] --START--
INFO: Run Behavior\BuildLiteBehavior [ RunTime:0.000018s ]
INFO: Run Common\Behavior\InitHookBehavior [ RunTime:0.001926s ]
INFO: [ app_init ] --END-- [ RunTime:0.002063s ]
INFO: [ app_begin ] --START--
INFO: Run Behavior\ReadHtmlCacheBehavior [ RunTime:0.000350s ]
INFO: [ app_begin ] --END-- [ RunTime:0.000394s ]

