[ 2018-06-09T10:14:17+08:00 ] 127.0.0.1 /media.php
INFO: [ app_init ] --START--
INFO: Run Behavior\BuildLiteBehavior [ RunTime:0.000008s ]
INFO: Run Common\Behavior\InitHookBehavior [ RunTime:0.001230s ]
INFO: [ app_init ] --END-- [ RunTime:0.001291s ]
INFO: [ app_begin ] --START--
INFO: Run Behavior\ReadHtmlCacheBehavior [ RunTime:0.000496s ]
INFO: [ app_begin ] --END-- [ RunTime:0.000583s ]
SQL: SHOW COLUMNS FROM `sys_config` [ RunTime:0.0303s ]
SQL: SELECT `type`,`name`,`value` FROM `sys_config` WHERE `status` = 1  [ RunTime:0.0004s ]
SQL: SHOW COLUMNS FROM `tab_apply_union` [ RunTime:0.0140s ]
SQL: SELECT `union_id`,`union_account`,`status`,`apply_domain_type`,`domain_url`,`union_set` FROM `tab_apply_union` WHERE `domain_url` IN ('www.uuyu.l.com','http://www.uuyu.l.com','https://www.uuyu.l.com') LIMIT 1   [ RunTime:0.0002s ]
NOTIC: [8] Use of undefined constant PC_SET_DOMAIM - assumed 'PC_SET_DOMAIM' D:\PHPStudy\PHPTutorial\WWW\uuyu-work\Application\Media\Controller\BaseController.class.php 第 31 行.
NOTIC: [8] Use of undefined constant PC_SET_DOMAIM - assumed 'PC_SET_DOMAIM' D:\PHPStudy\PHPTutorial\WWW\uuyu-work\Application\Media\Controller\BaseController.class.php 第 34 行.
NOTIC: [8] Use of undefined constant PC_SET_DOMAIM - assumed 'PC_SET_DOMAIM' D:\PHPStudy\PHPTutorial\WWW\uuyu-work\Application\Media\Controller\BaseController.class.php 第 41 行.
SQL: SELECT `union_id`,`union_account`,`status`,`apply_domain_type`,`domain_url`,`union_set` FROM `tab_apply_union` WHERE `domain_url` IN ('www.uuyu.l.com','http://www.uuyu.l.com','https://www.uuyu.l.com') LIMIT 1   [ RunTime:0.0002s ]
INFO: [ view_parse ] --START--
INFO: [ template_filter ] --START--
INFO: Run Behavior\ContentReplaceBehavior [ RunTime:0.000138s ]
INFO: [ template_filter ] --END-- [ RunTime:0.000180s ]
INFO: Run Behavior\ParseTemplateBehavior [ RunTime:0.062561s ]
INFO: [ view_parse ] --END-- [ RunTime:0.062606s ]
INFO: [ view_filter ] --START--
INFO: Run Behavior\WriteHtmlCacheBehavior [ RunTime:0.000461s ]
INFO: [ view_filter ] --END-- [ RunTime:0.000489s ]
SQL: SHOW COLUMNS FROM `tab_tips` [ RunTime:0.0135s ]
SQL: SELECT * FROM `tab_tips` WHERE `obj` = 1 AND `status` = 1 LIMIT 1   [ RunTime:0.0002s ]
SQL: SHOW COLUMNS FROM `tab_user` [ RunTime:0.0148s ]
SQL: SELECT `lock_status`,`real_name`,`idcard` FROM `tab_user` WHERE `id` = 0 LIMIT 1   [ RunTime:0.0002s ]
SQL: SHOW COLUMNS FROM `tab_point_type` [ RunTime:0.0139s ]
SQL: SELECT * FROM `tab_point_type` WHERE `key` = 'bind_phone' LIMIT 1   [ RunTime:0.0003s ]
SQL: SHOW COLUMNS FROM `tab_tool` [ RunTime:0.0133s ]
SQL: SELECT `name`,`status` FROM `tab_tool` WHERE `name` IN ('qq_login','wx_login','wb_login','bd_login')  [ RunTime:0.0002s ]
SQL: SHOW COLUMNS FROM `tab_app` [ RunTime:0.0502s ]
SQL: SELECT * FROM `tab_app` WHERE `name` LIKE '%H5联运%' AND `app_version` = 1 LIMIT 1   [ RunTime:0.0003s ]
SQL: SHOW COLUMNS FROM `tab_adv` [ RunTime:0.0178s ]
SQL: SHOW COLUMNS FROM `sys_document` [ RunTime:0.0149s ]
SQL: SHOW COLUMNS FROM `tab_adv` [ RunTime:0.0131s ]
SQL: SELECT a.title,a.data,a.url,`target` FROM tab_adv as a left join tab_adv_pos p on p.id=a.pos_id  WHERE p.name = 'slider_wap' AND a.status = 1 AND a.start_time < 1528510456 AND ( a.end_time > 1528510456 or a.end_time = 0 ) ORDER BY a.sort desc LIMIT 5   [ RunTime:0.0003s ]
SQL: SELECT * FROM `tab_tool` WHERE `name` = 'oss_storage' LIMIT 1   [ RunTime:0.0002s ]
SQL: SHOW COLUMNS FROM `sys_picture` [ RunTime:0.0140s ]
SQL: SELECT * FROM `sys_picture` WHERE `status` = 1 AND `id` = 448 LIMIT 1   [ RunTime:0.0002s ]
SQL: SELECT * FROM `tab_tool` WHERE `name` = 'oss_storage' LIMIT 1   [ RunTime:0.0002s ]
SQL: SELECT * FROM `tab_tool` WHERE `name` = 'qiniu_storage' LIMIT 1   [ RunTime:0.0002s ]
SQL: SELECT * FROM `sys_picture` WHERE `status` = 1 AND `id` = 448 LIMIT 1   [ RunTime:0.0001s ]
SQL: SELECT * FROM `tab_tool` WHERE `name` = 'oss_storage' LIMIT 1   [ RunTime:0.0002s ]
SQL: SELECT * FROM `tab_tool` WHERE `name` = 'qiniu_storage' LIMIT 1   [ RunTime:0.0002s ]
SQL: SELECT * FROM `tab_tool` WHERE `name` = 'oss_storage' LIMIT 1   [ RunTime:0.0001s ]
SQL: SELECT * FROM `sys_picture` WHERE `status` = 1 AND `id` = 490 LIMIT 1   [ RunTime:0.0001s ]
SQL: SELECT * FROM `tab_tool` WHERE `name` = 'oss_storage' LIMIT 1   [ RunTime:0.0002s ]
SQL: SELECT * FROM `tab_tool` WHERE `name` = 'qiniu_storage' LIMIT 1   [ RunTime:0.0002s ]
SQL: SELECT * FROM `sys_picture` WHERE `status` = 1 AND `id` = 490 LIMIT 1   [ RunTime:0.0002s ]
SQL: SELECT * FROM `tab_tool` WHERE `name` = 'oss_storage' LIMIT 1   [ RunTime:0.0002s ]
SQL: SELECT * FROM `tab_tool` WHERE `name` = 'qiniu_storage' LIMIT 1   [ RunTime:0.0001s ]
SQL: SELECT * FROM `tab_tool` WHERE `name` = 'oss_storage' LIMIT 1   [ RunTime:0.0001s ]
SQL: SELECT * FROM `sys_picture` WHERE `status` = 1 AND `id` = 449 LIMIT 1   [ RunTime:0.0001s ]
SQL: SELECT * FROM `tab_tool` WHERE `name` = 'oss_storage' LIMIT 1   [ RunTime:0.0001s ]
SQL: SELECT * FROM `tab_tool` WHERE `name` = 'qiniu_storage' LIMIT 1   [ RunTime:0.0002s ]
SQL: SELECT * FROM `sys_picture` WHERE `status` = 1 AND `id` = 449 LIMIT 1   [ RunTime:0.0002s ]
SQL: SELECT * FROM `tab_tool` WHERE `name` = 'oss_storage' LIMIT 1   [ RunTime:0.0002s ]
SQL: SELECT * FROM `tab_tool` WHERE `name` = 'qiniu_storage' LIMIT 1   [ RunTime:0.0001s ]
SQL: SELECT * FROM `tab_tool` WHERE `name` = 'oss_storage' LIMIT 1   [ RunTime:0.0001s ]
SQL: SELECT * FROM `sys_picture` WHERE `status` = 1 AND `id` = 489 LIMIT 1   [ RunTime:0.0002s ]
SQL: SELECT * FROM `tab_tool` WHERE `name` = 'oss_storage' LIMIT 1   [ RunTime:0.0002s ]
SQL: SELECT * FROM `tab_tool` WHERE `name` = 'qiniu_storage' LIMIT 1   [ RunTime:0.0001s ]
SQL: SELECT * FROM `sys_picture` WHERE `status` = 1 AND `id` = 489 LIMIT 1   [ RunTime:0.0001s ]
SQL: SELECT * FROM `tab_tool` WHERE `name` = 'oss_storage' LIMIT 1   [ RunTime:0.0001s ]
SQL: SELECT * FROM `tab_tool` WHERE `name` = 'qiniu_storage' LIMIT 1   [ RunTime:0.0001s ]
SQL: SHOW COLUMNS FROM `tab_user` [ RunTime:0.0146s ]
SQL: SHOW COLUMNS FROM `sys_category` [ RunTime:0.0154s ]
SQL: SELECT * FROM `sys_category` WHERE `name` IN ('wap_huodong')  [ RunTime:0.0003s ]
SQL: SELECT d.id,c.name as type,d.category_id,d.title,d.description,d.belong_game,d.update_time as line_time,d.create_time as start_time,d.deadline as end_time,d.cover_id as cover FROM sys_document d INNER JOIN sys_category as c on d.category_id = c.id  WHERE `category_id` IN ('69') AND d.display = 1 AND d.status = 1 ORDER BY d.level desc,d.id desc LIMIT 0,1000   [ RunTime:0.0002s ]
SQL: SELECT * FROM `tab_tool` WHERE `name` = 'oss_storage' LIMIT 1   [ RunTime:0.0001s ]
SQL: SHOW COLUMNS FROM `tab_game` [ RunTime:0.0143s ]
SQL: SELECT * FROM `tab_game` WHERE `id` = 54 LIMIT 1   [ RunTime:0.0003s ]
SQL: SELECT * FROM `tab_tool` WHERE `name` = 'oss_storage' LIMIT 1   [ RunTime:0.0001s ]
SQL: SELECT * FROM `sys_picture` WHERE `status` = 1 AND `id` = 534 LIMIT 1   [ RunTime:0.0001s ]
SQL: SELECT * FROM `tab_tool` WHERE `name` = 'oss_storage' LIMIT 1   [ RunTime:0.0001s ]
SQL: SELECT * FROM `tab_tool` WHERE `name` = 'qiniu_storage' LIMIT 1   [ RunTime:0.0001s ]
SQL: SELECT * FROM `sys_picture` WHERE `status` = 1 AND `id` = 534 LIMIT 1   [ RunTime:0.0001s ]
SQL: SELECT * FROM `tab_tool` WHERE `name` = 'oss_storage' LIMIT 1   [ RunTime:0.0001s ]
SQL: SELECT * FROM `tab_tool` WHERE `name` = 'qiniu_storage' LIMIT 1   [ RunTime:0.0002s ]
SQL: SELECT * FROM `tab_game` WHERE `id` = 14 LIMIT 1   [ RunTime:0.0002s ]
INFO: [ view_parse ] --START--
INFO: [ template_filter ] --START--
INFO: Run Behavior\ContentReplaceBehavior [ RunTime:0.000397s ]
INFO: [ template_filter ] --END-- [ RunTime:-0.340167s ]
NOTIC: [8] Use of undefined constant index - assumed 'index' D:\PHPStudy\PHPTutorial\WWW\uuyu-work\Runtime\Cache\Media\139a6c4184ac2b13f42ae781364f6fb9.php 第 5 行.
NOTIC: [8] Use of undefined constant Index - assumed 'Index' D:\PHPStudy\PHPTutorial\WWW\uuyu-work\Runtime\Cache\Media\139a6c4184ac2b13f42ae781364f6fb9.php 第 5 行.
NOTIC: [2] Illegal string offset 'game_name' D:\PHPStudy\PHPTutorial\WWW\uuyu-work\Application\Common\Common\extend.php 第 208 行.
NOTIC: [8] Uninitialized string offset: 0 D:\PHPStudy\PHPTutorial\WWW\uuyu-work\Application\Common\Common\extend.php 第 208 行.
NOTIC: [2] Illegal string offset 'title' D:\PHPStudy\PHPTutorial\WWW\uuyu-work\Application\Common\Common\extend.php 第 208 行.
NOTIC: [8] Uninitialized string offset: 0 D:\PHPStudy\PHPTutorial\WWW\uuyu-work\Application\Common\Common\extend.php 第 208 行.
NOTIC: [2] Illegal string offset 'giftbag_name' D:\PHPStudy\PHPTutorial\WWW\uuyu-work\Application\Common\Common\extend.php 第 208 行.
NOTIC: [8] Uninitialized string offset: 0 D:\PHPStudy\PHPTutorial\WWW\uuyu-work\Application\Common\Common\extend.php 第 208 行.
NOTIC: [2] Illegal string offset 'game_type_name' D:\PHPStudy\PHPTutorial\WWW\uuyu-work\Application\Common\Common\extend.php 第 208 行.
NOTIC: [8] Uninitialized string offset: 0 D:\PHPStudy\PHPTutorial\WWW\uuyu-work\Application\Common\Common\extend.php 第 208 行.
NOTIC: [2] Illegal string offset 'good_name' D:\PHPStudy\PHPTutorial\WWW\uuyu-work\Application\Common\Common\extend.php 第 208 行.
NOTIC: [8] Uninitialized string offset: 0 D:\PHPStudy\PHPTutorial\WWW\uuyu-work\Application\Common\Common\extend.php 第 208 行.
SQL: SELECT * FROM `sys_picture` WHERE `status` = 1 AND `id` = 361 LIMIT 1   [ RunTime:0.0003s ]
SQL: SELECT * FROM `tab_tool` WHERE `name` = 'oss_storage' LIMIT 1   [ RunTime:0.0003s ]
SQL: SELECT * FROM `tab_tool` WHERE `name` = 'qiniu_storage' LIMIT 1   [ RunTime:0.0002s ]
SQL: SELECT * FROM `sys_picture` WHERE `status` = 1 AND `id` = 365 LIMIT 1   [ RunTime:0.0002s ]
SQL: SELECT * FROM `tab_tool` WHERE `name` = 'oss_storage' LIMIT 1   [ RunTime:0.0002s ]
SQL: SELECT * FROM `tab_tool` WHERE `name` = 'qiniu_storage' LIMIT 1   [ RunTime:0.0002s ]
NOTIC: [8] Undefined variable: newmsg D:\PHPStudy\PHPTutorial\WWW\uuyu-work\Runtime\Cache\Media\139a6c4184ac2b13f42ae781364f6fb9.php 第 236 行.
SQL: SELECT * FROM `sys_picture` WHERE `status` = 1 AND `id` = 359 LIMIT 1   [ RunTime:0.0003s ]
SQL: SELECT * FROM `tab_tool` WHERE `name` = 'oss_storage' LIMIT 1   [ RunTime:0.0002s ]
SQL: SELECT * FROM `tab_tool` WHERE `name` = 'qiniu_storage' LIMIT 1   [ RunTime:0.0003s ]
NOTIC: [8] Undefined variable: game_id D:\PHPStudy\PHPTutorial\WWW\uuyu-work\Runtime\Cache\Media\139a6c4184ac2b13f42ae781364f6fb9.php 第 937 行.
NOTIC: [8] Undefined variable: promote_id D:\PHPStudy\PHPTutorial\WWW\uuyu-work\Runtime\Cache\Media\139a6c4184ac2b13f42ae781364f6fb9.php 第 938 行.
INFO: Run Behavior\ParseTemplateBehavior [ RunTime:0.275958s ]
INFO: [ view_parse ] --END-- [ RunTime:-0.232325s ]
INFO: [ view_filter ] --START--
INFO: Run Behavior\WriteHtmlCacheBehavior [ RunTime:0.000008s ]
INFO: [ view_filter ] --END-- [ RunTime:-0.507824s ]
INFO: [ app_end ] --START--
INFO: Run Behavior\ShowPageTraceBehavior [ RunTime:0.001012s ]
INFO: [ app_end ] --END-- [ RunTime:0.001060s ]

[ 2018-06-09T10:14:17+08:00 ] 127.0.0.1 /media.php/Index/more_game.html
INFO: [ app_init ] --START--
INFO: Run Behavior\BuildLiteBehavior [ RunTime:0.000009s ]
INFO: Run Common\Behavior\InitHookBehavior [ RunTime:0.001428s ]
INFO: [ app_init ] --END-- [ RunTime:0.001501s ]
INFO: [ app_begin ] --START--
INFO: Run Behavior\ReadHtmlCacheBehavior [ RunTime:0.000353s ]
INFO: [ app_begin ] --END-- [ RunTime:0.000395s ]
SQL: SHOW COLUMNS FROM `sys_config` [ RunTime:0.0126s ]
SQL: SELECT `type`,`name`,`value` FROM `sys_config` WHERE `status` = 1  [ RunTime:0.0004s ]
SQL: SHOW COLUMNS FROM `tab_apply_union` [ RunTime:0.0127s ]
SQL: SELECT `union_id`,`union_account`,`status`,`apply_domain_type`,`domain_url`,`union_set` FROM `tab_apply_union` WHERE `domain_url` IN ('www.uuyu.l.com','http://www.uuyu.l.com','https://www.uuyu.l.com') LIMIT 1   [ RunTime:0.0002s ]
NOTIC: [8] Use of undefined constant PC_SET_DOMAIM - assumed 'PC_SET_DOMAIM' D:\PHPStudy\PHPTutorial\WWW\uuyu-work\Application\Media\Controller\BaseController.class.php 第 31 行.
NOTIC: [8] Use of undefined constant PC_SET_DOMAIM - assumed 'PC_SET_DOMAIM' D:\PHPStudy\PHPTutorial\WWW\uuyu-work\Application\Media\Controller\BaseController.class.php 第 34 行.
NOTIC: [8] Use of undefined constant PC_SET_DOMAIM - assumed 'PC_SET_DOMAIM' D:\PHPStudy\PHPTutorial\WWW\uuyu-work\Application\Media\Controller\BaseController.class.php 第 41 行.
SQL: SELECT `union_id`,`union_account`,`status`,`apply_domain_type`,`domain_url`,`union_set` FROM `tab_apply_union` WHERE `domain_url` IN ('www.uuyu.l.com','http://www.uuyu.l.com','https://www.uuyu.l.com') LIMIT 1   [ RunTime:0.0001s ]
INFO: [ view_parse ] --START--
INFO: [ template_filter ] --START--
INFO: Run Behavior\ContentReplaceBehavior [ RunTime:0.000136s ]
INFO: [ template_filter ] --END-- [ RunTime:0.000174s ]
INFO: Run Behavior\ParseTemplateBehavior [ RunTime:0.035175s ]
INFO: [ view_parse ] --END-- [ RunTime:0.035251s ]
INFO: [ view_filter ] --START--
INFO: Run Behavior\WriteHtmlCacheBehavior [ RunTime:0.000491s ]
INFO: [ view_filter ] --END-- [ RunTime:0.000518s ]
SQL: SHOW COLUMNS FROM `tab_tips` [ RunTime:0.0124s ]
SQL: SELECT * FROM `tab_tips` WHERE `obj` = 1 AND `status` = 1 LIMIT 1   [ RunTime:0.0002s ]
SQL: SHOW COLUMNS FROM `tab_user` [ RunTime:0.0106s ]
SQL: SELECT `lock_status`,`real_name`,`idcard` FROM `tab_user` WHERE `id` = 0 LIMIT 1   [ RunTime:0.0002s ]
SQL: SHOW COLUMNS FROM `tab_point_type` [ RunTime:0.0138s ]
SQL: SELECT * FROM `tab_point_type` WHERE `key` = 'bind_phone' LIMIT 1   [ RunTime:0.0002s ]
SQL: SHOW COLUMNS FROM `tab_tool` [ RunTime:0.0125s ]
SQL: SELECT `name`,`status` FROM `tab_tool` WHERE `name` IN ('qq_login','wx_login','wb_login','bd_login')  [ RunTime:0.0002s ]
SQL: SHOW COLUMNS FROM `tab_app` [ RunTime:0.0128s ]
SQL: SELECT * FROM `tab_app` WHERE `name` LIKE '%H5联运%' AND `app_version` = 1 LIMIT 1   [ RunTime:0.0002s ]
NOTIC: [8] Undefined index: game_id D:\PHPStudy\PHPTutorial\WWW\uuyu-work\Application\Media\Controller\IndexController.class.php 第 97 行.
SQL: SHOW COLUMNS FROM `tab_game` [ RunTime:0.0100s ]
SQL: SHOW COLUMNS FROM `tab_game` [ RunTime:0.0107s ]
SQL: SELECT g.icon,g.cover,g.showbg,g.game_name,g.id,g.game_type_id,g.features,ifnull(gb.id,0) as gift_id,g.play_count,gb.is_unicode,gb.novice,gb.unicode_num,g.game_score FROM tab_game as g left JOIN tab_giftbag as gb on gb.game_id = g.id and gb.status = 1  WHERE `recommend_status` LIKE '%2%' AND g.game_status = 1 AND g.test_status = 1 GROUP BY g.id ORDER BY g.sort desc, g.id desc LIMIT 0,5   [ RunTime:0.0219s ]
SQL: SELECT * FROM `tab_tool` WHERE `name` = 'oss_storage' LIMIT 1   [ RunTime:0.0002s ]
SQL: SHOW COLUMNS FROM `sys_picture` [ RunTime:0.0104s ]
SQL: SELECT * FROM `sys_picture` WHERE `status` = 1 AND `id` = 387 LIMIT 1   [ RunTime:0.0002s ]
SQL: SELECT * FROM `tab_tool` WHERE `name` = 'oss_storage' LIMIT 1   [ RunTime:0.0001s ]
SQL: SELECT * FROM `tab_tool` WHERE `name` = 'qiniu_storage' LIMIT 1   [ RunTime:0.0001s ]
SQL: SELECT * FROM `sys_picture` WHERE `status` = 1 AND `id` = 387 LIMIT 1   [ RunTime:0.0001s ]
SQL: SELECT * FROM `tab_tool` WHERE `name` = 'oss_storage' LIMIT 1   [ RunTime:0.0001s ]
SQL: SELECT * FROM `tab_tool` WHERE `name` = 'qiniu_storage' LIMIT 1   [ RunTime:0.0001s ]
SQL: SELECT * FROM `tab_tool` WHERE `name` = 'oss_storage' LIMIT 1   [ RunTime:0.0001s ]
SQL: SHOW COLUMNS FROM `tab_game_type` [ RunTime:0.0148s ]
SQL: SELECT * FROM `tab_game_type` WHERE ( status=1 and id=13 ) LIMIT 1   [ RunTime:0.0002s ]
SQL: SELECT * FROM `tab_tool` WHERE `name` = 'oss_storage' LIMIT 1   [ RunTime:0.0002s ]
SQL: SHOW COLUMNS FROM `tab_game` [ RunTime:0.0135s ]
SQL: SELECT * FROM `tab_game` WHERE `id` = 1 LIMIT 1   [ RunTime:0.0003s ]
SQL: SHOW COLUMNS FROM `tab_user_play` [ RunTime:0.0124s ]
SQL: SELECT COUNT(*) AS tp_count FROM `tab_user_play` WHERE `game_id` = 1 AND `play_time` > '1526463521' LIMIT 1   [ RunTime:0.0009s ]
SQL: SHOW COLUMNS FROM `tab_user_behavior` [ RunTime:0.0127s ]
SQL: select count(*) as num from (( SELECT count(*) FROM `tab_user_behavior` WHERE `game_id` = 1 AND `status` = 1 GROUP BY user_id  )) a [ RunTime:0.0010s ]
SQL: SELECT * FROM `tab_tool` WHERE `name` = 'oss_storage' LIMIT 1   [ RunTime:0.0002s ]
SQL: SELECT * FROM `sys_picture` WHERE `status` = 1 AND `id` = 386 LIMIT 1   [ RunTime:0.0002s ]
SQL: SELECT * FROM `tab_tool` WHERE `name` = 'oss_storage' LIMIT 1   [ RunTime:0.0002s ]
SQL: SELECT * FROM `tab_tool` WHERE `name` = 'qiniu_storage' LIMIT 1   [ RunTime:0.0001s ]
SQL: SELECT * FROM `sys_picture` WHERE `status` = 1 AND `id` = 386 LIMIT 1   [ RunTime:0.0001s ]
SQL: SELECT * FROM `tab_tool` WHERE `name` = 'oss_storage' LIMIT 1   [ RunTime:0.0001s ]
SQL: SELECT * FROM `tab_tool` WHERE `name` = 'qiniu_storage' LIMIT 1   [ RunTime:0.0002s ]
SQL: SELECT * FROM `tab_tool` WHERE `name` = 'oss_storage' LIMIT 1   [ RunTime:0.0001s ]
SQL: SELECT * FROM `sys_picture` WHERE `status` = 1 AND `id` = 814 LIMIT 1   [ RunTime:0.0001s ]
SQL: SELECT * FROM `tab_tool` WHERE `name` = 'oss_storage' LIMIT 1   [ RunTime:0.0002s ]
SQL: SELECT * FROM `tab_tool` WHERE `name` = 'qiniu_storage' LIMIT 1   [ RunTime:0.0001s ]
SQL: SELECT * FROM `sys_picture` WHERE `status` = 1 AND `id` = 814 LIMIT 1   [ RunTime:0.0002s ]
SQL: SELECT * FROM `tab_tool` WHERE `name` = 'oss_storage' LIMIT 1   [ RunTime:0.0002s ]
SQL: SELECT * FROM `tab_tool` WHERE `name` = 'qiniu_storage' LIMIT 1   [ RunTime:0.0002s ]
SQL: SELECT * FROM `tab_game_type` WHERE ( status=1 and id=13 ) LIMIT 1   [ RunTime:0.0002s ]
SQL: SELECT * FROM `tab_tool` WHERE `name` = 'oss_storage' LIMIT 1   [ RunTime:0.0001s ]
SQL: SELECT * FROM `sys_picture` WHERE `status` = 1 AND `id` = 447 LIMIT 1   [ RunTime:0.0002s ]
SQL: SELECT * FROM `tab_tool` WHERE `name` = 'oss_storage' LIMIT 1   [ RunTime:0.0001s ]
SQL: SELECT * FROM `tab_tool` WHERE `name` = 'qiniu_storage' LIMIT 1   [ RunTime:0.0001s ]
SQL: SELECT * FROM `sys_picture` WHERE `status` = 1 AND `id` = 447 LIMIT 1   [ RunTime:0.0001s ]
SQL: SELECT * FROM `tab_tool` WHERE `name` = 'oss_storage' LIMIT 1   [ RunTime:0.0002s ]
SQL: SELECT * FROM `tab_tool` WHERE `name` = 'qiniu_storage' LIMIT 1   [ RunTime:0.0001s ]
SQL: SELECT * FROM `tab_game` WHERE `id` = 2 LIMIT 1   [ RunTime:0.0003s ]
SQL: SELECT COUNT(*) AS tp_count FROM `tab_user_play` WHERE `game_id` = 2 AND `play_time` > '1527044594' LIMIT 1   [ RunTime:0.0009s ]
SQL: select count(*) as num from (( SELECT count(*) FROM `tab_user_behavior` WHERE `game_id` = 2 AND `status` = 1 GROUP BY user_id  )) a [ RunTime:0.0007s ]
SQL: SELECT * FROM `tab_tool` WHERE `name` = 'oss_storage' LIMIT 1   [ RunTime:0.0002s ]
SQL: SELECT * FROM `sys_picture` WHERE `status` = 1 AND `id` = 441 LIMIT 1   [ RunTime:0.0002s ]
SQL: SELECT * FROM `tab_tool` WHERE `name` = 'oss_storage' LIMIT 1   [ RunTime:0.0002s ]
SQL: SELECT * FROM `tab_tool` WHERE `name` = 'qiniu_storage' LIMIT 1   [ RunTime:0.0001s ]
SQL: SELECT * FROM `sys_picture` WHERE `status` = 1 AND `id` = 441 LIMIT 1   [ RunTime:0.0001s ]
SQL: SELECT * FROM `tab_tool` WHERE `name` = 'oss_storage' LIMIT 1   [ RunTime:0.0001s ]
SQL: SELECT * FROM `tab_tool` WHERE `name` = 'qiniu_storage' LIMIT 1   [ RunTime:0.0001s ]
SQL: SELECT * FROM `tab_tool` WHERE `name` = 'oss_storage' LIMIT 1   [ RunTime:0.0001s ]
SQL: SELECT * FROM `sys_picture` WHERE `status` = 1 AND `id` = 809 LIMIT 1   [ RunTime:0.0002s ]
SQL: SELECT * FROM `tab_tool` WHERE `name` = 'oss_storage' LIMIT 1   [ RunTime:0.0002s ]
SQL: SELECT * FROM `tab_tool` WHERE `name` = 'qiniu_storage' LIMIT 1   [ RunTime:0.0001s ]
SQL: SELECT * FROM `sys_picture` WHERE `status` = 1 AND `id` = 809 LIMIT 1   [ RunTime:0.0002s ]
SQL: SELECT * FROM `tab_tool` WHERE `name` = 'oss_storage' LIMIT 1   [ RunTime:0.0001s ]
SQL: SELECT * FROM `tab_tool` WHERE `name` = 'qiniu_storage' LIMIT 1   [ RunTime:0.0001s ]
SQL: SELECT * FROM `tab_game_type` WHERE ( status=1 and id=12 ) LIMIT 1   [ RunTime:0.0002s ]
SQL: SELECT * FROM `tab_tool` WHERE `name` = 'oss_storage' LIMIT 1   [ RunTime:0.0001s ]
SQL: SELECT * FROM `tab_game` WHERE `id` = 17 LIMIT 1   [ RunTime:0.0002s ]
SQL: SELECT COUNT(*) AS tp_count FROM `tab_user_play` WHERE `game_id` = 17 AND `play_time` > '1526829785' LIMIT 1   [ RunTime:0.0008s ]
SQL: select count(*) as num from (( SELECT count(*) FROM `tab_user_behavior` WHERE `game_id` = 17 AND `status` = 1 GROUP BY user_id  )) a [ RunTime:0.0004s ]
SQL: SELECT * FROM `tab_tool` WHERE `name` = 'oss_storage' LIMIT 1   [ RunTime:0.0001s ]
SQL: SELECT * FROM `sys_picture` WHERE `status` = 1 AND `id` = 748 LIMIT 1   [ RunTime:0.0002s ]
SQL: SELECT * FROM `tab_tool` WHERE `name` = 'oss_storage' LIMIT 1   [ RunTime:0.0002s ]
SQL: SELECT * FROM `tab_tool` WHERE `name` = 'qiniu_storage' LIMIT 1   [ RunTime:0.0001s ]
SQL: SELECT * FROM `sys_picture` WHERE `status` = 1 AND `id` = 748 LIMIT 1   [ RunTime:0.0003s ]
SQL: SELECT * FROM `tab_tool` WHERE `name` = 'oss_storage' LIMIT 1   [ RunTime:0.0001s ]
SQL: SELECT * FROM `tab_tool` WHERE `name` = 'qiniu_storage' LIMIT 1   [ RunTime:0.0001s ]
SQL: SELECT * FROM `tab_tool` WHERE `name` = 'oss_storage' LIMIT 1   [ RunTime:0.0001s ]
SQL: SELECT * FROM `tab_game_type` WHERE ( status=1 and id=12 ) LIMIT 1   [ RunTime:0.0001s ]
SQL: SELECT * FROM `tab_tool` WHERE `name` = 'oss_storage' LIMIT 1   [ RunTime:0.0001s ]
SQL: SELECT * FROM `sys_picture` WHERE `status` = 1 AND `id` = 754 LIMIT 1   [ RunTime:0.0001s ]
SQL: SELECT * FROM `tab_tool` WHERE `name` = 'oss_storage' LIMIT 1   [ RunTime:0.0001s ]
SQL: SELECT * FROM `tab_tool` WHERE `name` = 'qiniu_storage' LIMIT 1   [ RunTime:0.0001s ]
SQL: SELECT * FROM `sys_picture` WHERE `status` = 1 AND `id` = 754 LIMIT 1   [ RunTime:0.0001s ]
SQL: SELECT * FROM `tab_tool` WHERE `name` = 'oss_storage' LIMIT 1   [ RunTime:0.0001s ]
SQL: SELECT * FROM `tab_tool` WHERE `name` = 'qiniu_storage' LIMIT 1   [ RunTime:0.0002s ]
SQL: SELECT * FROM `tab_game` WHERE `id` = 56 LIMIT 1   [ RunTime:0.0002s ]
SQL: SELECT COUNT(*) AS tp_count FROM `tab_user_play` WHERE `game_id` = 56 AND `play_time` > '0' LIMIT 1   [ RunTime:0.0008s ]
SQL: select count(*) as num from (( SELECT count(*) FROM `tab_user_behavior` WHERE `game_id` = 56 AND `status` = 1 GROUP BY user_id  )) a [ RunTime:0.0007s ]
SQL: SELECT * FROM `tab_tool` WHERE `name` = 'oss_storage' LIMIT 1   [ RunTime:0.0002s ]
SQL: SELECT * FROM `sys_picture` WHERE `status` = 1 AND `id` = 755 LIMIT 1   [ RunTime:0.0002s ]
SQL: SELECT * FROM `tab_tool` WHERE `name` = 'oss_storage' LIMIT 1   [ RunTime:0.0001s ]
SQL: SELECT * FROM `tab_tool` WHERE `name` = 'qiniu_storage' LIMIT 1   [ RunTime:0.0001s ]
SQL: SELECT * FROM `sys_picture` WHERE `status` = 1 AND `id` = 755 LIMIT 1   [ RunTime:0.0001s ]
SQL: SELECT * FROM `tab_tool` WHERE `name` = 'oss_storage' LIMIT 1   [ RunTime:0.0003s ]
SQL: SELECT * FROM `tab_tool` WHERE `name` = 'qiniu_storage' LIMIT 1   [ RunTime:0.0002s ]
SQL: SELECT * FROM `tab_tool` WHERE `name` = 'oss_storage' LIMIT 1   [ RunTime:0.0002s ]
SQL: SELECT * FROM `tab_game_type` WHERE ( status=1 and id=8 ) LIMIT 1   [ RunTime:0.0001s ]
SQL: SELECT * FROM `tab_tool` WHERE `name` = 'oss_storage' LIMIT 1   [ RunTime:0.0001s ]
SQL: SELECT * FROM `sys_picture` WHERE `status` = 1 AND `id` = 761 LIMIT 1   [ RunTime:0.0001s ]
SQL: SELECT * FROM `tab_tool` WHERE `name` = 'oss_storage' LIMIT 1   [ RunTime:0.0001s ]
SQL: SELECT * FROM `tab_tool` WHERE `name` = 'qiniu_storage' LIMIT 1   [ RunTime:0.0001s ]
SQL: SELECT * FROM `sys_picture` WHERE `status` = 1 AND `id` = 761 LIMIT 1   [ RunTime:0.0001s ]
SQL: SELECT * FROM `tab_tool` WHERE `name` = 'oss_storage' LIMIT 1   [ RunTime:0.0002s ]
SQL: SELECT * FROM `tab_tool` WHERE `name` = 'qiniu_storage' LIMIT 1   [ RunTime:0.0001s ]
SQL: SELECT * FROM `tab_game` WHERE `id` = 55 LIMIT 1   [ RunTime:0.0002s ]
SQL: SELECT COUNT(*) AS tp_count FROM `tab_user_play` WHERE `game_id` = 55 AND `play_time` > '0' LIMIT 1   [ RunTime:0.0008s ]
SQL: select count(*) as num from (( SELECT count(*) FROM `tab_user_behavior` WHERE `game_id` = 55 AND `status` = 1 GROUP BY user_id  )) a [ RunTime:0.0004s ]

[ 2018-06-09T10:14:18+08:00 ] 127.0.0.1 /media.php/Index/more_game.html
INFO: [ app_init ] --START--
INFO: Run Behavior\BuildLiteBehavior [ RunTime:0.000010s ]
INFO: Run Common\Behavior\InitHookBehavior [ RunTime:0.001347s ]
INFO: [ app_init ] --END-- [ RunTime:0.001416s ]
INFO: [ app_begin ] --START--
INFO: Run Behavior\ReadHtmlCacheBehavior [ RunTime:0.000348s ]
INFO: [ app_begin ] --END-- [ RunTime:0.000390s ]
SQL: SHOW COLUMNS FROM `sys_config` [ RunTime:0.0166s ]
SQL: SELECT `type`,`name`,`value` FROM `sys_config` WHERE `status` = 1  [ RunTime:0.0005s ]
SQL: SHOW COLUMNS FROM `tab_apply_union` [ RunTime:0.0141s ]
SQL: SELECT `union_id`,`union_account`,`status`,`apply_domain_type`,`domain_url`,`union_set` FROM `tab_apply_union` WHERE `domain_url` IN ('www.uuyu.l.com','http://www.uuyu.l.com','https://www.uuyu.l.com') LIMIT 1   [ RunTime:0.0002s ]
NOTIC: [8] Use of undefined constant PC_SET_DOMAIM - assumed 'PC_SET_DOMAIM' D:\PHPStudy\PHPTutorial\WWW\uuyu-work\Application\Media\Controller\BaseController.class.php 第 31 行.
NOTIC: [8] Use of undefined constant PC_SET_DOMAIM - assumed 'PC_SET_DOMAIM' D:\PHPStudy\PHPTutorial\WWW\uuyu-work\Application\Media\Controller\BaseController.class.php 第 34 行.
NOTIC: [8] Use of undefined constant PC_SET_DOMAIM - assumed 'PC_SET_DOMAIM' D:\PHPStudy\PHPTutorial\WWW\uuyu-work\Application\Media\Controller\BaseController.class.php 第 41 行.
SQL: SELECT `union_id`,`union_account`,`status`,`apply_domain_type`,`domain_url`,`union_set` FROM `tab_apply_union` WHERE `domain_url` IN ('www.uuyu.l.com','http://www.uuyu.l.com','https://www.uuyu.l.com') LIMIT 1   [ RunTime:0.0001s ]
INFO: [ view_parse ] --START--
INFO: [ template_filter ] --START--
INFO: Run Behavior\ContentReplaceBehavior [ RunTime:0.000136s ]
INFO: [ template_filter ] --END-- [ RunTime:0.000177s ]
INFO: Run Behavior\ParseTemplateBehavior [ RunTime:0.035412s ]
INFO: [ view_parse ] --END-- [ RunTime:0.035452s ]
INFO: [ view_filter ] --START--
INFO: Run Behavior\WriteHtmlCacheBehavior [ RunTime:0.000468s ]
INFO: [ view_filter ] --END-- [ RunTime:0.000493s ]
SQL: SHOW COLUMNS FROM `tab_tips` [ RunTime:0.0146s ]
SQL: SELECT * FROM `tab_tips` WHERE `obj` = 1 AND `status` = 1 LIMIT 1   [ RunTime:0.0002s ]
SQL: SHOW COLUMNS FROM `tab_user` [ RunTime:0.0142s ]
SQL: SELECT `lock_status`,`real_name`,`idcard` FROM `tab_user` WHERE `id` = 0 LIMIT 1   [ RunTime:0.0004s ]
SQL: SHOW COLUMNS FROM `tab_point_type` [ RunTime:0.0139s ]
SQL: SELECT * FROM `tab_point_type` WHERE `key` = 'bind_phone' LIMIT 1   [ RunTime:0.0002s ]
SQL: SHOW COLUMNS FROM `tab_tool` [ RunTime:0.0136s ]
SQL: SELECT `name`,`status` FROM `tab_tool` WHERE `name` IN ('qq_login','wx_login','wb_login','bd_login')  [ RunTime:0.0002s ]
SQL: SHOW COLUMNS FROM `tab_app` [ RunTime:0.0143s ]
SQL: SELECT * FROM `tab_app` WHERE `name` LIKE '%H5联运%' AND `app_version` = 1 LIMIT 1   [ RunTime:0.0002s ]
NOTIC: [8] Undefined index: game_id D:\PHPStudy\PHPTutorial\WWW\uuyu-work\Application\Media\Controller\IndexController.class.php 第 97 行.
SQL: SHOW COLUMNS FROM `tab_game` [ RunTime:0.0137s ]
SQL: SHOW COLUMNS FROM `tab_game` [ RunTime:0.0120s ]
SQL: SELECT g.icon,g.cover,g.showbg,g.game_name,g.id,g.game_type_id,g.features,ifnull(gb.id,0) as gift_id,g.play_count,gb.is_unicode,gb.novice,gb.unicode_num,g.game_score FROM tab_game as g left JOIN tab_giftbag as gb on gb.game_id = g.id and gb.status = 1  WHERE `recommend_status` LIKE '%2%' AND g.game_status = 1 AND g.test_status = 1 GROUP BY g.id ORDER BY g.sort desc, g.id desc LIMIT 5,5   [ RunTime:0.0209s ]
SQL: SELECT * FROM `tab_tool` WHERE `name` = 'oss_storage' LIMIT 1   [ RunTime:0.0002s ]
SQL: SHOW COLUMNS FROM `sys_picture` [ RunTime:0.0144s ]
SQL: SELECT * FROM `sys_picture` WHERE `status` = 1 AND `id` = 783 LIMIT 1   [ RunTime:0.0003s ]
SQL: SELECT * FROM `tab_tool` WHERE `name` = 'oss_storage' LIMIT 1   [ RunTime:0.0002s ]
SQL: SELECT * FROM `tab_tool` WHERE `name` = 'qiniu_storage' LIMIT 1   [ RunTime:0.0002s ]
SQL: SELECT * FROM `sys_picture` WHERE `status` = 1 AND `id` = 783 LIMIT 1   [ RunTime:0.0002s ]
SQL: SELECT * FROM `tab_tool` WHERE `name` = 'oss_storage' LIMIT 1   [ RunTime:0.0001s ]
SQL: SELECT * FROM `tab_tool` WHERE `name` = 'qiniu_storage' LIMIT 1   [ RunTime:0.0001s ]
SQL: SELECT * FROM `tab_tool` WHERE `name` = 'oss_storage' LIMIT 1   [ RunTime:0.0002s ]
SQL: SHOW COLUMNS FROM `tab_game_type` [ RunTime:0.0156s ]
SQL: SELECT * FROM `tab_game_type` WHERE ( status=1 and id=13 ) LIMIT 1   [ RunTime:0.0002s ]
SQL: SELECT * FROM `tab_tool` WHERE `name` = 'oss_storage' LIMIT 1   [ RunTime:0.0002s ]
SQL: SELECT * FROM `sys_picture` WHERE `status` = 1 AND `id` = 784 LIMIT 1   [ RunTime:0.0002s ]
SQL: SELECT * FROM `tab_tool` WHERE `name` = 'oss_storage' LIMIT 1   [ RunTime:0.0001s ]
SQL: SELECT * FROM `tab_tool` WHERE `name` = 'qiniu_storage' LIMIT 1   [ RunTime:0.0001s ]
SQL: SELECT * FROM `sys_picture` WHERE `status` = 1 AND `id` = 784 LIMIT 1   [ RunTime:0.0001s ]
SQL: SELECT * FROM `tab_tool` WHERE `name` = 'oss_storage' LIMIT 1   [ RunTime:0.0001s ]
SQL: SELECT * FROM `tab_tool` WHERE `name` = 'qiniu_storage' LIMIT 1   [ RunTime:0.0002s ]
SQL: SHOW COLUMNS FROM `tab_game` [ RunTime:0.0118s ]
SQL: SELECT * FROM `tab_game` WHERE `id` = 54 LIMIT 1   [ RunTime:0.0003s ]
SQL: SHOW COLUMNS FROM `tab_user_play` [ RunTime:0.0138s ]
SQL: SELECT COUNT(*) AS tp_count FROM `tab_user_play` WHERE `game_id` = 54 AND `play_time` > '0' LIMIT 1   [ RunTime:0.0009s ]
SQL: SHOW COLUMNS FROM `tab_user_behavior` [ RunTime:0.0143s ]
SQL: select count(*) as num from (( SELECT count(*) FROM `tab_user_behavior` WHERE `game_id` = 54 AND `status` = 1 GROUP BY user_id  )) a [ RunTime:0.0011s ]
SQL: SELECT * FROM `tab_tool` WHERE `name` = 'oss_storage' LIMIT 1   [ RunTime:0.0002s ]
SQL: SELECT * FROM `sys_picture` WHERE `status` = 1 AND `id` = 734 LIMIT 1   [ RunTime:0.0002s ]
SQL: SELECT * FROM `tab_tool` WHERE `name` = 'oss_storage' LIMIT 1   [ RunTime:0.0001s ]
SQL: SELECT * FROM `tab_tool` WHERE `name` = 'qiniu_storage' LIMIT 1   [ RunTime:0.0001s ]
SQL: SELECT * FROM `sys_picture` WHERE `status` = 1 AND `id` = 734 LIMIT 1   [ RunTime:0.0002s ]
SQL: SELECT * FROM `tab_tool` WHERE `name` = 'oss_storage' LIMIT 1   [ RunTime:0.0001s ]
SQL: SELECT * FROM `tab_tool` WHERE `name` = 'qiniu_storage' LIMIT 1   [ RunTime:0.0003s ]
SQL: SELECT * FROM `tab_tool` WHERE `name` = 'oss_storage' LIMIT 1   [ RunTime:0.0002s ]
SQL: SELECT * FROM `tab_game_type` WHERE ( status=1 and id=10 ) LIMIT 1   [ RunTime:0.0001s ]
SQL: SELECT * FROM `tab_tool` WHERE `name` = 'oss_storage' LIMIT 1   [ RunTime:0.0002s ]
SQL: SELECT * FROM `sys_picture` WHERE `status` = 1 AND `id` = 735 LIMIT 1   [ RunTime:0.0003s ]
SQL: SELECT * FROM `tab_tool` WHERE `name` = 'oss_storage' LIMIT 1   [ RunTime:0.0002s ]
SQL: SELECT * FROM `tab_tool` WHERE `name` = 'qiniu_storage' LIMIT 1   [ RunTime:0.0002s ]
SQL: SELECT * FROM `sys_picture` WHERE `status` = 1 AND `id` = 735 LIMIT 1   [ RunTime:0.0002s ]
SQL: SELECT * FROM `tab_tool` WHERE `name` = 'oss_storage' LIMIT 1   [ RunTime:0.0002s ]
SQL: SELECT * FROM `tab_tool` WHERE `name` = 'qiniu_storage' LIMIT 1   [ RunTime:0.0002s ]
SQL: SELECT * FROM `tab_game` WHERE `id` = 50 LIMIT 1   [ RunTime:0.0002s ]
SQL: SELECT COUNT(*) AS tp_count FROM `tab_user_play` WHERE `game_id` = 50 AND `play_time` > '0' LIMIT 1   [ RunTime:0.0009s ]
SQL: select count(*) as num from (( SELECT count(*) FROM `tab_user_behavior` WHERE `game_id` = 50 AND `status` = 1 GROUP BY user_id  )) a [ RunTime:0.0004s ]

